DEBUG [2023-12-07 22:06:33] successful result of read.model()
DEBUG [2023-12-07 22:06:50] successful result of init.var.parameters.and.matrices()
INFO  [2023-12-07 22:10:52]  ntimesteps = 6958 in 00:04:02 elapsed (00:03:53 cpu)
DEBUG [2023-12-07 22:10:55] successful result of run.deSolve()
WARN  [2023-12-07 22:10:56]  at t = 1981.5 115 state variables < 0 and >  -1e-04  reset to 0 after simulation run and before processing output
ERROR [2023-12-07 22:10:56]  at t = 1981.5 state variables < min.value.for.state.var : state = never-low-risk1-HIVu2-Ds ; age group = 16; value = -0.000227796
ERROR [2023-12-07 22:10:56]  at t = 1981.5 state variables < min.value.for.state.var : state = never-high-risk1-HIVu2-Ds ; age group = 16; value = -0.000124177
ERROR [2023-12-07 22:10:56]  at t = 1981.5 state variables < min.value.for.state.var : state = never-low-risk1-HIVu2-Ds ; age group = 17; value = -0.000196794
ERROR [2023-12-07 22:10:56]  at t = 1981.5 state variables < min.value.for.state.var : state = never-high-risk1-HIVu2-Ds ; age group = 17; value = -0.000105523
ERROR [2023-12-07 22:10:56]  at t = 1981.5 state variables < min.value.for.state.var : state = never-low-risk1-HIVu2-Ds ; age group = 18; value = -0.000165763
ERROR [2023-12-07 22:10:56]  at t = 1981.5 state variables < min.value.for.state.var : state = never-low-risk1-HIVu2-Ds ; age group = 19; value = -0.000139886
ERROR [2023-12-07 22:10:56]  at t = 1981.5 state variables < min.value.for.state.var : state = never-low-risk1-HIVu2-Ds ; age group = 20; value = -0.000126591
ERROR [2023-12-07 22:10:56]  at t = 1981.5 state variables < min.value.for.state.var : state = never-low-risk1-HIVu2-Ds ; age group = 21; value = -0.000133034
DEBUG [2023-12-07 22:11:05] successful generation of stocks output from generate.prevalence.output()
DEBUG [2023-12-07 22:11:06] at t=1987.5 1 age groups with HIV TB deaths exceeding all cause mortality (WHO deathrates) ; capping background deaths to ensure background deaths >= 0
DEBUG [2023-12-07 22:11:06] at t=1988 2 age groups with HIV TB deaths exceeding all cause mortality (WHO deathrates) ; capping background deaths to ensure background deaths >= 0
DEBUG [2023-12-07 22:11:06] at t=1988.5 2 age groups with HIV TB deaths exceeding all cause mortality (WHO deathrates) ; capping background deaths to ensure background deaths >= 0
DEBUG [2023-12-07 22:11:06] at t=1989 2 age groups with HIV TB deaths exceeding all cause mortality (WHO deathrates) ; capping background deaths to ensure background deaths >= 0
DEBUG [2023-12-07 22:11:06] at t=1989.5 7 age groups with HIV TB deaths exceeding all cause mortality (WHO deathrates) ; capping background deaths to ensure background deaths >= 0
DEBUG [2023-12-07 22:11:06] at t=1990 8 age groups with HIV TB deaths exceeding all cause mortality (WHO deathrates) ; capping background deaths to ensure background deaths >= 0
DEBUG [2023-12-07 22:11:06] at t=1990.5 7 age groups with HIV TB deaths exceeding all cause mortality (WHO deathrates) ; capping background deaths to ensure background deaths >= 0
DEBUG [2023-12-07 22:11:06] at t=1991 9 age groups with HIV TB deaths exceeding all cause mortality (WHO deathrates) ; capping background deaths to ensure background deaths >= 0
DEBUG [2023-12-07 22:11:06] at t=1991.5 11 age groups with HIV TB deaths exceeding all cause mortality (WHO deathrates) ; capping background deaths to ensure background deaths >= 0
DEBUG [2023-12-07 22:11:06] at t=1992 13 age groups with HIV TB deaths exceeding all cause mortality (WHO deathrates) ; capping background deaths to ensure background deaths >= 0
DEBUG [2023-12-07 22:11:06] at t=1992.5 13 age groups with HIV TB deaths exceeding all cause mortality (WHO deathrates) ; capping background deaths to ensure background deaths >= 0
DEBUG [2023-12-07 22:11:06] at t=1993 13 age groups with HIV TB deaths exceeding all cause mortality (WHO deathrates) ; capping background deaths to ensure background deaths >= 0
DEBUG [2023-12-07 22:11:06] at t=1993.5 14 age groups with HIV TB deaths exceeding all cause mortality (WHO deathrates) ; capping background deaths to ensure background deaths >= 0
DEBUG [2023-12-07 22:11:06] at t=1994 15 age groups with HIV TB deaths exceeding all cause mortality (WHO deathrates) ; capping background deaths to ensure background deaths >= 0
DEBUG [2023-12-07 22:11:06] at t=1994.5 14 age groups with HIV TB deaths exceeding all cause mortality (WHO deathrates) ; capping background deaths to ensure background deaths >= 0
DEBUG [2023-12-07 22:11:06] at t=1995 15 age groups with HIV TB deaths exceeding all cause mortality (WHO deathrates) ; capping background deaths to ensure background deaths >= 0
DEBUG [2023-12-07 22:11:06] at t=1995.5 14 age groups with HIV TB deaths exceeding all cause mortality (WHO deathrates) ; capping background deaths to ensure background deaths >= 0
DEBUG [2023-12-07 22:11:06] at t=1996 15 age groups with HIV TB deaths exceeding all cause mortality (WHO deathrates) ; capping background deaths to ensure background deaths >= 0
DEBUG [2023-12-07 22:11:06] at t=1996.5 15 age groups with HIV TB deaths exceeding all cause mortality (WHO deathrates) ; capping background deaths to ensure background deaths >= 0
DEBUG [2023-12-07 22:11:06] at t=1997 15 age groups with HIV TB deaths exceeding all cause mortality (WHO deathrates) ; capping background deaths to ensure background deaths >= 0
DEBUG [2023-12-07 22:11:06] at t=1997.5 15 age groups with HIV TB deaths exceeding all cause mortality (WHO deathrates) ; capping background deaths to ensure background deaths >= 0
DEBUG [2023-12-07 22:11:06] at t=1998 16 age groups with HIV TB deaths exceeding all cause mortality (WHO deathrates) ; capping background deaths to ensure background deaths >= 0
DEBUG [2023-12-07 22:11:06] at t=1998.5 15 age groups with HIV TB deaths exceeding all cause mortality (WHO deathrates) ; capping background deaths to ensure background deaths >= 0
DEBUG [2023-12-07 22:11:06] at t=1999 16 age groups with HIV TB deaths exceeding all cause mortality (WHO deathrates) ; capping background deaths to ensure background deaths >= 0
DEBUG [2023-12-07 22:11:06] at t=1999.5 12 age groups with HIV TB deaths exceeding all cause mortality (WHO deathrates) ; capping background deaths to ensure background deaths >= 0
DEBUG [2023-12-07 22:11:06] at t=2000 13 age groups with HIV TB deaths exceeding all cause mortality (WHO deathrates) ; capping background deaths to ensure background deaths >= 0
DEBUG [2023-12-07 22:11:06] at t=2000.5 12 age groups with HIV TB deaths exceeding all cause mortality (WHO deathrates) ; capping background deaths to ensure background deaths >= 0
DEBUG [2023-12-07 22:11:06] at t=2001 13 age groups with HIV TB deaths exceeding all cause mortality (WHO deathrates) ; capping background deaths to ensure background deaths >= 0
DEBUG [2023-12-07 22:11:06] at t=2001.5 11 age groups with HIV TB deaths exceeding all cause mortality (WHO deathrates) ; capping background deaths to ensure background deaths >= 0
DEBUG [2023-12-07 22:11:06] at t=2002 13 age groups with HIV TB deaths exceeding all cause mortality (WHO deathrates) ; capping background deaths to ensure background deaths >= 0
DEBUG [2023-12-07 22:11:06] at t=2002.5 10 age groups with HIV TB deaths exceeding all cause mortality (WHO deathrates) ; capping background deaths to ensure background deaths >= 0
DEBUG [2023-12-07 22:11:06] at t=2003 12 age groups with HIV TB deaths exceeding all cause mortality (WHO deathrates) ; capping background deaths to ensure background deaths >= 0
DEBUG [2023-12-07 22:11:06] at t=2003.5 8 age groups with HIV TB deaths exceeding all cause mortality (WHO deathrates) ; capping background deaths to ensure background deaths >= 0
DEBUG [2023-12-07 22:11:06] at t=2004 11 age groups with HIV TB deaths exceeding all cause mortality (WHO deathrates) ; capping background deaths to ensure background deaths >= 0
DEBUG [2023-12-07 22:11:06] at t=2004.5 8 age groups with HIV TB deaths exceeding all cause mortality (WHO deathrates) ; capping background deaths to ensure background deaths >= 0
DEBUG [2023-12-07 22:11:06] at t=2005 11 age groups with HIV TB deaths exceeding all cause mortality (WHO deathrates) ; capping background deaths to ensure background deaths >= 0
DEBUG [2023-12-07 22:11:06] at t=2005.5 8 age groups with HIV TB deaths exceeding all cause mortality (WHO deathrates) ; capping background deaths to ensure background deaths >= 0
DEBUG [2023-12-07 22:11:06] at t=2006 11 age groups with HIV TB deaths exceeding all cause mortality (WHO deathrates) ; capping background deaths to ensure background deaths >= 0
DEBUG [2023-12-07 22:11:06] at t=2006.5 8 age groups with HIV TB deaths exceeding all cause mortality (WHO deathrates) ; capping background deaths to ensure background deaths >= 0
DEBUG [2023-12-07 22:11:06] at t=2007 11 age groups with HIV TB deaths exceeding all cause mortality (WHO deathrates) ; capping background deaths to ensure background deaths >= 0
DEBUG [2023-12-07 22:11:06] at t=2007.5 11 age groups with HIV TB deaths exceeding all cause mortality (WHO deathrates) ; capping background deaths to ensure background deaths >= 0
DEBUG [2023-12-07 22:11:06] at t=2008 11 age groups with HIV TB deaths exceeding all cause mortality (WHO deathrates) ; capping background deaths to ensure background deaths >= 0
DEBUG [2023-12-07 22:11:06] at t=2008.5 11 age groups with HIV TB deaths exceeding all cause mortality (WHO deathrates) ; capping background deaths to ensure background deaths >= 0
DEBUG [2023-12-07 22:11:06] at t=2009 11 age groups with HIV TB deaths exceeding all cause mortality (WHO deathrates) ; capping background deaths to ensure background deaths >= 0
DEBUG [2023-12-07 22:11:06] at t=2009.5 13 age groups with HIV TB deaths exceeding all cause mortality (WHO deathrates) ; capping background deaths to ensure background deaths >= 0
DEBUG [2023-12-07 22:11:06] at t=2010 12 age groups with HIV TB deaths exceeding all cause mortality (WHO deathrates) ; capping background deaths to ensure background deaths >= 0
DEBUG [2023-12-07 22:11:06] at t=2010.5 18 age groups with HIV TB deaths exceeding all cause mortality (WHO deathrates) ; capping background deaths to ensure background deaths >= 0
DEBUG [2023-12-07 22:11:06] at t=2011 18 age groups with HIV TB deaths exceeding all cause mortality (WHO deathrates) ; capping background deaths to ensure background deaths >= 0
DEBUG [2023-12-07 22:11:06] at t=2011.5 19 age groups with HIV TB deaths exceeding all cause mortality (WHO deathrates) ; capping background deaths to ensure background deaths >= 0
DEBUG [2023-12-07 22:11:06] at t=2012 20 age groups with HIV TB deaths exceeding all cause mortality (WHO deathrates) ; capping background deaths to ensure background deaths >= 0
DEBUG [2023-12-07 22:11:06] at t=2012.5 20 age groups with HIV TB deaths exceeding all cause mortality (WHO deathrates) ; capping background deaths to ensure background deaths >= 0
DEBUG [2023-12-07 22:11:06] at t=2013 20 age groups with HIV TB deaths exceeding all cause mortality (WHO deathrates) ; capping background deaths to ensure background deaths >= 0
DEBUG [2023-12-07 22:11:06] at t=2013.5 20 age groups with HIV TB deaths exceeding all cause mortality (WHO deathrates) ; capping background deaths to ensure background deaths >= 0
DEBUG [2023-12-07 22:11:06] at t=2014 20 age groups with HIV TB deaths exceeding all cause mortality (WHO deathrates) ; capping background deaths to ensure background deaths >= 0
DEBUG [2023-12-07 22:11:06] at t=2014.5 18 age groups with HIV TB deaths exceeding all cause mortality (WHO deathrates) ; capping background deaths to ensure background deaths >= 0
DEBUG [2023-12-07 22:11:06] at t=2015 18 age groups with HIV TB deaths exceeding all cause mortality (WHO deathrates) ; capping background deaths to ensure background deaths >= 0
DEBUG [2023-12-07 22:11:06] at t=2015.5 17 age groups with HIV TB deaths exceeding all cause mortality (WHO deathrates) ; capping background deaths to ensure background deaths >= 0
DEBUG [2023-12-07 22:11:06] at t=2016 16 age groups with HIV TB deaths exceeding all cause mortality (WHO deathrates) ; capping background deaths to ensure background deaths >= 0
DEBUG [2023-12-07 22:11:06] at t=2016.5 13 age groups with HIV TB deaths exceeding all cause mortality (WHO deathrates) ; capping background deaths to ensure background deaths >= 0
DEBUG [2023-12-07 22:11:06] at t=2017 14 age groups with HIV TB deaths exceeding all cause mortality (WHO deathrates) ; capping background deaths to ensure background deaths >= 0
DEBUG [2023-12-07 22:11:06] at t=2017.5 11 age groups with HIV TB deaths exceeding all cause mortality (WHO deathrates) ; capping background deaths to ensure background deaths >= 0
DEBUG [2023-12-07 22:11:06] at t=2018 12 age groups with HIV TB deaths exceeding all cause mortality (WHO deathrates) ; capping background deaths to ensure background deaths >= 0
DEBUG [2023-12-07 22:11:06] at t=2018.5 9 age groups with HIV TB deaths exceeding all cause mortality (WHO deathrates) ; capping background deaths to ensure background deaths >= 0
DEBUG [2023-12-07 22:11:06] at t=2019 8 age groups with HIV TB deaths exceeding all cause mortality (WHO deathrates) ; capping background deaths to ensure background deaths >= 0
DEBUG [2023-12-07 22:11:06] at t=2019.5 8 age groups with HIV TB deaths exceeding all cause mortality (WHO deathrates) ; capping background deaths to ensure background deaths >= 0
DEBUG [2023-12-07 22:11:06] at t=2020 8 age groups with HIV TB deaths exceeding all cause mortality (WHO deathrates) ; capping background deaths to ensure background deaths >= 0
DEBUG [2023-12-07 22:11:06] at t=2020.5 7 age groups with HIV TB deaths exceeding all cause mortality (WHO deathrates) ; capping background deaths to ensure background deaths >= 0
DEBUG [2023-12-07 22:11:06] at t=2021 8 age groups with HIV TB deaths exceeding all cause mortality (WHO deathrates) ; capping background deaths to ensure background deaths >= 0
DEBUG [2023-12-07 22:11:06] at t=2021.5 6 age groups with HIV TB deaths exceeding all cause mortality (WHO deathrates) ; capping background deaths to ensure background deaths >= 0
DEBUG [2023-12-07 22:11:06] at t=2022 7 age groups with HIV TB deaths exceeding all cause mortality (WHO deathrates) ; capping background deaths to ensure background deaths >= 0
DEBUG [2023-12-07 22:11:06] at t=2022.5 5 age groups with HIV TB deaths exceeding all cause mortality (WHO deathrates) ; capping background deaths to ensure background deaths >= 0
DEBUG [2023-12-07 22:11:06] at t=2023 5 age groups with HIV TB deaths exceeding all cause mortality (WHO deathrates) ; capping background deaths to ensure background deaths >= 0
DEBUG [2023-12-07 22:11:06] at t=2023.5 4 age groups with HIV TB deaths exceeding all cause mortality (WHO deathrates) ; capping background deaths to ensure background deaths >= 0
DEBUG [2023-12-07 22:11:06] at t=2024 4 age groups with HIV TB deaths exceeding all cause mortality (WHO deathrates) ; capping background deaths to ensure background deaths >= 0
DEBUG [2023-12-07 22:11:06] at t=2024.5 3 age groups with HIV TB deaths exceeding all cause mortality (WHO deathrates) ; capping background deaths to ensure background deaths >= 0
DEBUG [2023-12-07 22:11:06] at t=2025 3 age groups with HIV TB deaths exceeding all cause mortality (WHO deathrates) ; capping background deaths to ensure background deaths >= 0
DEBUG [2023-12-07 22:11:06] at t=2025.5 2 age groups with HIV TB deaths exceeding all cause mortality (WHO deathrates) ; capping background deaths to ensure background deaths >= 0
DEBUG [2023-12-07 22:11:06] at t=2026 3 age groups with HIV TB deaths exceeding all cause mortality (WHO deathrates) ; capping background deaths to ensure background deaths >= 0
DEBUG [2023-12-07 22:11:06] at t=2026.5 2 age groups with HIV TB deaths exceeding all cause mortality (WHO deathrates) ; capping background deaths to ensure background deaths >= 0
DEBUG [2023-12-07 22:11:06] at t=2027 2 age groups with HIV TB deaths exceeding all cause mortality (WHO deathrates) ; capping background deaths to ensure background deaths >= 0
DEBUG [2023-12-07 22:11:06] at t=2027.5 1 age groups with HIV TB deaths exceeding all cause mortality (WHO deathrates) ; capping background deaths to ensure background deaths >= 0
DEBUG [2023-12-07 22:11:06] at t=2028 2 age groups with HIV TB deaths exceeding all cause mortality (WHO deathrates) ; capping background deaths to ensure background deaths >= 0
DEBUG [2023-12-07 22:11:06] at t=2028.5 1 age groups with HIV TB deaths exceeding all cause mortality (WHO deathrates) ; capping background deaths to ensure background deaths >= 0
DEBUG [2023-12-07 22:11:06] at t=2029 1 age groups with HIV TB deaths exceeding all cause mortality (WHO deathrates) ; capping background deaths to ensure background deaths >= 0
DEBUG [2023-12-07 22:11:06] at t=2029.5 1 age groups with HIV TB deaths exceeding all cause mortality (WHO deathrates) ; capping background deaths to ensure background deaths >= 0
DEBUG [2023-12-07 22:11:06] at t=2030 1 age groups with HIV TB deaths exceeding all cause mortality (WHO deathrates) ; capping background deaths to ensure background deaths >= 0
DEBUG [2023-12-07 22:11:06] successful call of demography.from.model.run()
DEBUG [2023-12-07 22:11:24] successful result of read.model()
DEBUG [2023-12-07 22:11:38] successful result of init.var.parameters.and.matrices()
INFO  [2023-12-07 22:18:46]  ntimesteps = 7368 in 00:07:08 elapsed (00:07:03 cpu)
DEBUG [2023-12-07 22:18:49] successful result of run.deSolve()
WARN  [2023-12-07 22:18:50]  at t = 1981.5 115 state variables < 0 and >  -1e-04  reset to 0 after simulation run and before processing output
ERROR [2023-12-07 22:18:50]  at t = 1981.5 state variables < min.value.for.state.var : state = never-low-risk1-HIVu2-Ds ; age group = 16; value = -0.000227796
ERROR [2023-12-07 22:18:50]  at t = 1981.5 state variables < min.value.for.state.var : state = never-high-risk1-HIVu2-Ds ; age group = 16; value = -0.000124177
ERROR [2023-12-07 22:18:50]  at t = 1981.5 state variables < min.value.for.state.var : state = never-low-risk1-HIVu2-Ds ; age group = 17; value = -0.000196794
ERROR [2023-12-07 22:18:50]  at t = 1981.5 state variables < min.value.for.state.var : state = never-high-risk1-HIVu2-Ds ; age group = 17; value = -0.000105523
ERROR [2023-12-07 22:18:50]  at t = 1981.5 state variables < min.value.for.state.var : state = never-low-risk1-HIVu2-Ds ; age group = 18; value = -0.000165763
ERROR [2023-12-07 22:18:50]  at t = 1981.5 state variables < min.value.for.state.var : state = never-low-risk1-HIVu2-Ds ; age group = 19; value = -0.000139886
ERROR [2023-12-07 22:18:50]  at t = 1981.5 state variables < min.value.for.state.var : state = never-low-risk1-HIVu2-Ds ; age group = 20; value = -0.000126591
ERROR [2023-12-07 22:18:50]  at t = 1981.5 state variables < min.value.for.state.var : state = never-low-risk1-HIVu2-Ds ; age group = 21; value = -0.000133034
DEBUG [2023-12-07 22:18:58] successful generation of stocks output from generate.prevalence.output()
DEBUG [2023-12-07 22:18:58] successful call of demography.from.model.run()
DEBUG [2023-12-07 22:21:06] successful result of read.model()
DEBUG [2023-12-07 22:21:15] successful result of init.var.parameters.and.matrices()
WARN  [2023-12-07 22:26:08]  ntimesteps = 7681 in 00:04:53 elapsed (00:04:46 cpu) which may be excessive ; please reconsider parameter values
DEBUG [2023-12-07 22:26:10] successful result of run.deSolve()
DEBUG [2023-12-07 22:26:16] successful generation of stocks output from generate.prevalence.output()
DEBUG [2023-12-07 22:26:16] successful call of demography.from.model.run()
DEBUG [2023-12-07 22:27:25] successful result of read.model()
DEBUG [2023-12-07 22:27:37] successful result of init.var.parameters.and.matrices()
INFO  [2023-12-07 22:31:20]  ntimesteps = 6887 in 00:03:43 elapsed (00:03:42 cpu)
DEBUG [2023-12-07 22:31:23] successful result of run.deSolve()
WARN  [2023-12-07 22:31:24]  at t = 1981.5 29 state variables < 0 and >  -1e-04  reset to 0 after simulation run and before processing output
DEBUG [2023-12-07 22:31:31] successful generation of stocks output from generate.prevalence.output()
DEBUG [2023-12-07 22:31:31] at t=1988 2 age groups with HIV TB deaths exceeding all cause mortality (WHO deathrates) ; capping background deaths to ensure background deaths >= 0
DEBUG [2023-12-07 22:31:31] at t=1988.5 2 age groups with HIV TB deaths exceeding all cause mortality (WHO deathrates) ; capping background deaths to ensure background deaths >= 0
DEBUG [2023-12-07 22:31:31] at t=1989 2 age groups with HIV TB deaths exceeding all cause mortality (WHO deathrates) ; capping background deaths to ensure background deaths >= 0
DEBUG [2023-12-07 22:31:31] at t=1989.5 7 age groups with HIV TB deaths exceeding all cause mortality (WHO deathrates) ; capping background deaths to ensure background deaths >= 0
DEBUG [2023-12-07 22:31:31] at t=1990 8 age groups with HIV TB deaths exceeding all cause mortality (WHO deathrates) ; capping background deaths to ensure background deaths >= 0
DEBUG [2023-12-07 22:31:31] at t=1990.5 7 age groups with HIV TB deaths exceeding all cause mortality (WHO deathrates) ; capping background deaths to ensure background deaths >= 0
DEBUG [2023-12-07 22:31:31] at t=1991 9 age groups with HIV TB deaths exceeding all cause mortality (WHO deathrates) ; capping background deaths to ensure background deaths >= 0
DEBUG [2023-12-07 22:31:31] at t=1991.5 11 age groups with HIV TB deaths exceeding all cause mortality (WHO deathrates) ; capping background deaths to ensure background deaths >= 0
DEBUG [2023-12-07 22:31:31] at t=1992 13 age groups with HIV TB deaths exceeding all cause mortality (WHO deathrates) ; capping background deaths to ensure background deaths >= 0
DEBUG [2023-12-07 22:31:31] at t=1992.5 12 age groups with HIV TB deaths exceeding all cause mortality (WHO deathrates) ; capping background deaths to ensure background deaths >= 0
DEBUG [2023-12-07 22:31:31] at t=1993 13 age groups with HIV TB deaths exceeding all cause mortality (WHO deathrates) ; capping background deaths to ensure background deaths >= 0
DEBUG [2023-12-07 22:31:31] at t=1993.5 14 age groups with HIV TB deaths exceeding all cause mortality (WHO deathrates) ; capping background deaths to ensure background deaths >= 0
DEBUG [2023-12-07 22:31:31] at t=1994 15 age groups with HIV TB deaths exceeding all cause mortality (WHO deathrates) ; capping background deaths to ensure background deaths >= 0
DEBUG [2023-12-07 22:31:31] at t=1994.5 14 age groups with HIV TB deaths exceeding all cause mortality (WHO deathrates) ; capping background deaths to ensure background deaths >= 0
DEBUG [2023-12-07 22:31:31] at t=1995 15 age groups with HIV TB deaths exceeding all cause mortality (WHO deathrates) ; capping background deaths to ensure background deaths >= 0
DEBUG [2023-12-07 22:31:31] at t=1995.5 14 age groups with HIV TB deaths exceeding all cause mortality (WHO deathrates) ; capping background deaths to ensure background deaths >= 0
DEBUG [2023-12-07 22:31:31] at t=1996 15 age groups with HIV TB deaths exceeding all cause mortality (WHO deathrates) ; capping background deaths to ensure background deaths >= 0
DEBUG [2023-12-07 22:31:31] at t=1996.5 14 age groups with HIV TB deaths exceeding all cause mortality (WHO deathrates) ; capping background deaths to ensure background deaths >= 0
DEBUG [2023-12-07 22:31:31] at t=1997 15 age groups with HIV TB deaths exceeding all cause mortality (WHO deathrates) ; capping background deaths to ensure background deaths >= 0
DEBUG [2023-12-07 22:31:31] at t=1997.5 15 age groups with HIV TB deaths exceeding all cause mortality (WHO deathrates) ; capping background deaths to ensure background deaths >= 0
DEBUG [2023-12-07 22:31:31] at t=1998 15 age groups with HIV TB deaths exceeding all cause mortality (WHO deathrates) ; capping background deaths to ensure background deaths >= 0
DEBUG [2023-12-07 22:31:31] at t=1998.5 14 age groups with HIV TB deaths exceeding all cause mortality (WHO deathrates) ; capping background deaths to ensure background deaths >= 0
DEBUG [2023-12-07 22:31:31] at t=1999 15 age groups with HIV TB deaths exceeding all cause mortality (WHO deathrates) ; capping background deaths to ensure background deaths >= 0
DEBUG [2023-12-07 22:31:31] at t=1999.5 12 age groups with HIV TB deaths exceeding all cause mortality (WHO deathrates) ; capping background deaths to ensure background deaths >= 0
DEBUG [2023-12-07 22:31:31] at t=2000 13 age groups with HIV TB deaths exceeding all cause mortality (WHO deathrates) ; capping background deaths to ensure background deaths >= 0
DEBUG [2023-12-07 22:31:31] at t=2000.5 12 age groups with HIV TB deaths exceeding all cause mortality (WHO deathrates) ; capping background deaths to ensure background deaths >= 0
DEBUG [2023-12-07 22:31:31] at t=2001 13 age groups with HIV TB deaths exceeding all cause mortality (WHO deathrates) ; capping background deaths to ensure background deaths >= 0
DEBUG [2023-12-07 22:31:31] at t=2001.5 11 age groups with HIV TB deaths exceeding all cause mortality (WHO deathrates) ; capping background deaths to ensure background deaths >= 0
DEBUG [2023-12-07 22:31:31] at t=2002 13 age groups with HIV TB deaths exceeding all cause mortality (WHO deathrates) ; capping background deaths to ensure background deaths >= 0
DEBUG [2023-12-07 22:31:31] at t=2002.5 10 age groups with HIV TB deaths exceeding all cause mortality (WHO deathrates) ; capping background deaths to ensure background deaths >= 0
DEBUG [2023-12-07 22:31:31] at t=2003 11 age groups with HIV TB deaths exceeding all cause mortality (WHO deathrates) ; capping background deaths to ensure background deaths >= 0
DEBUG [2023-12-07 22:31:31] at t=2003.5 8 age groups with HIV TB deaths exceeding all cause mortality (WHO deathrates) ; capping background deaths to ensure background deaths >= 0
DEBUG [2023-12-07 22:31:31] at t=2004 10 age groups with HIV TB deaths exceeding all cause mortality (WHO deathrates) ; capping background deaths to ensure background deaths >= 0
DEBUG [2023-12-07 22:31:31] at t=2004.5 8 age groups with HIV TB deaths exceeding all cause mortality (WHO deathrates) ; capping background deaths to ensure background deaths >= 0
DEBUG [2023-12-07 22:31:31] at t=2005 11 age groups with HIV TB deaths exceeding all cause mortality (WHO deathrates) ; capping background deaths to ensure background deaths >= 0
DEBUG [2023-12-07 22:31:31] at t=2005.5 8 age groups with HIV TB deaths exceeding all cause mortality (WHO deathrates) ; capping background deaths to ensure background deaths >= 0
DEBUG [2023-12-07 22:31:31] at t=2006 11 age groups with HIV TB deaths exceeding all cause mortality (WHO deathrates) ; capping background deaths to ensure background deaths >= 0
DEBUG [2023-12-07 22:31:31] at t=2006.5 8 age groups with HIV TB deaths exceeding all cause mortality (WHO deathrates) ; capping background deaths to ensure background deaths >= 0
DEBUG [2023-12-07 22:31:31] at t=2007 11 age groups with HIV TB deaths exceeding all cause mortality (WHO deathrates) ; capping background deaths to ensure background deaths >= 0
DEBUG [2023-12-07 22:31:31] at t=2007.5 11 age groups with HIV TB deaths exceeding all cause mortality (WHO deathrates) ; capping background deaths to ensure background deaths >= 0
DEBUG [2023-12-07 22:31:31] at t=2008 11 age groups with HIV TB deaths exceeding all cause mortality (WHO deathrates) ; capping background deaths to ensure background deaths >= 0
DEBUG [2023-12-07 22:31:31] at t=2008.5 11 age groups with HIV TB deaths exceeding all cause mortality (WHO deathrates) ; capping background deaths to ensure background deaths >= 0
DEBUG [2023-12-07 22:31:31] at t=2009 11 age groups with HIV TB deaths exceeding all cause mortality (WHO deathrates) ; capping background deaths to ensure background deaths >= 0
DEBUG [2023-12-07 22:31:31] at t=2009.5 12 age groups with HIV TB deaths exceeding all cause mortality (WHO deathrates) ; capping background deaths to ensure background deaths >= 0
DEBUG [2023-12-07 22:31:31] at t=2010 12 age groups with HIV TB deaths exceeding all cause mortality (WHO deathrates) ; capping background deaths to ensure background deaths >= 0
DEBUG [2023-12-07 22:31:31] at t=2010.5 18 age groups with HIV TB deaths exceeding all cause mortality (WHO deathrates) ; capping background deaths to ensure background deaths >= 0
DEBUG [2023-12-07 22:31:31] at t=2011 16 age groups with HIV TB deaths exceeding all cause mortality (WHO deathrates) ; capping background deaths to ensure background deaths >= 0
DEBUG [2023-12-07 22:31:31] at t=2011.5 19 age groups with HIV TB deaths exceeding all cause mortality (WHO deathrates) ; capping background deaths to ensure background deaths >= 0
DEBUG [2023-12-07 22:31:31] at t=2012 20 age groups with HIV TB deaths exceeding all cause mortality (WHO deathrates) ; capping background deaths to ensure background deaths >= 0
DEBUG [2023-12-07 22:31:31] at t=2012.5 20 age groups with HIV TB deaths exceeding all cause mortality (WHO deathrates) ; capping background deaths to ensure background deaths >= 0
DEBUG [2023-12-07 22:31:31] at t=2013 20 age groups with HIV TB deaths exceeding all cause mortality (WHO deathrates) ; capping background deaths to ensure background deaths >= 0
DEBUG [2023-12-07 22:31:31] at t=2013.5 20 age groups with HIV TB deaths exceeding all cause mortality (WHO deathrates) ; capping background deaths to ensure background deaths >= 0
DEBUG [2023-12-07 22:31:31] at t=2014 20 age groups with HIV TB deaths exceeding all cause mortality (WHO deathrates) ; capping background deaths to ensure background deaths >= 0
DEBUG [2023-12-07 22:31:31] at t=2014.5 18 age groups with HIV TB deaths exceeding all cause mortality (WHO deathrates) ; capping background deaths to ensure background deaths >= 0
DEBUG [2023-12-07 22:31:31] at t=2015 18 age groups with HIV TB deaths exceeding all cause mortality (WHO deathrates) ; capping background deaths to ensure background deaths >= 0
DEBUG [2023-12-07 22:31:31] at t=2015.5 15 age groups with HIV TB deaths exceeding all cause mortality (WHO deathrates) ; capping background deaths to ensure background deaths >= 0
DEBUG [2023-12-07 22:31:31] at t=2016 16 age groups with HIV TB deaths exceeding all cause mortality (WHO deathrates) ; capping background deaths to ensure background deaths >= 0
DEBUG [2023-12-07 22:31:31] at t=2016.5 13 age groups with HIV TB deaths exceeding all cause mortality (WHO deathrates) ; capping background deaths to ensure background deaths >= 0
DEBUG [2023-12-07 22:31:31] at t=2017 14 age groups with HIV TB deaths exceeding all cause mortality (WHO deathrates) ; capping background deaths to ensure background deaths >= 0
DEBUG [2023-12-07 22:31:31] at t=2017.5 11 age groups with HIV TB deaths exceeding all cause mortality (WHO deathrates) ; capping background deaths to ensure background deaths >= 0
DEBUG [2023-12-07 22:31:31] at t=2018 12 age groups with HIV TB deaths exceeding all cause mortality (WHO deathrates) ; capping background deaths to ensure background deaths >= 0
DEBUG [2023-12-07 22:31:31] at t=2018.5 9 age groups with HIV TB deaths exceeding all cause mortality (WHO deathrates) ; capping background deaths to ensure background deaths >= 0
DEBUG [2023-12-07 22:31:31] at t=2019 8 age groups with HIV TB deaths exceeding all cause mortality (WHO deathrates) ; capping background deaths to ensure background deaths >= 0
DEBUG [2023-12-07 22:31:31] at t=2019.5 8 age groups with HIV TB deaths exceeding all cause mortality (WHO deathrates) ; capping background deaths to ensure background deaths >= 0
DEBUG [2023-12-07 22:31:31] at t=2020 8 age groups with HIV TB deaths exceeding all cause mortality (WHO deathrates) ; capping background deaths to ensure background deaths >= 0
DEBUG [2023-12-07 22:31:31] at t=2020.5 7 age groups with HIV TB deaths exceeding all cause mortality (WHO deathrates) ; capping background deaths to ensure background deaths >= 0
DEBUG [2023-12-07 22:31:31] at t=2021 8 age groups with HIV TB deaths exceeding all cause mortality (WHO deathrates) ; capping background deaths to ensure background deaths >= 0
DEBUG [2023-12-07 22:31:31] at t=2021.5 6 age groups with HIV TB deaths exceeding all cause mortality (WHO deathrates) ; capping background deaths to ensure background deaths >= 0
DEBUG [2023-12-07 22:31:31] at t=2022 7 age groups with HIV TB deaths exceeding all cause mortality (WHO deathrates) ; capping background deaths to ensure background deaths >= 0
DEBUG [2023-12-07 22:31:31] at t=2022.5 5 age groups with HIV TB deaths exceeding all cause mortality (WHO deathrates) ; capping background deaths to ensure background deaths >= 0
DEBUG [2023-12-07 22:31:31] at t=2023 5 age groups with HIV TB deaths exceeding all cause mortality (WHO deathrates) ; capping background deaths to ensure background deaths >= 0
DEBUG [2023-12-07 22:31:31] at t=2023.5 4 age groups with HIV TB deaths exceeding all cause mortality (WHO deathrates) ; capping background deaths to ensure background deaths >= 0
DEBUG [2023-12-07 22:31:31] at t=2024 4 age groups with HIV TB deaths exceeding all cause mortality (WHO deathrates) ; capping background deaths to ensure background deaths >= 0
DEBUG [2023-12-07 22:31:31] at t=2024.5 3 age groups with HIV TB deaths exceeding all cause mortality (WHO deathrates) ; capping background deaths to ensure background deaths >= 0
DEBUG [2023-12-07 22:31:31] at t=2025 3 age groups with HIV TB deaths exceeding all cause mortality (WHO deathrates) ; capping background deaths to ensure background deaths >= 0
DEBUG [2023-12-07 22:31:31] at t=2025.5 2 age groups with HIV TB deaths exceeding all cause mortality (WHO deathrates) ; capping background deaths to ensure background deaths >= 0
DEBUG [2023-12-07 22:31:31] at t=2026 3 age groups with HIV TB deaths exceeding all cause mortality (WHO deathrates) ; capping background deaths to ensure background deaths >= 0
DEBUG [2023-12-07 22:31:31] at t=2026.5 2 age groups with HIV TB deaths exceeding all cause mortality (WHO deathrates) ; capping background deaths to ensure background deaths >= 0
DEBUG [2023-12-07 22:31:31] at t=2027 2 age groups with HIV TB deaths exceeding all cause mortality (WHO deathrates) ; capping background deaths to ensure background deaths >= 0
DEBUG [2023-12-07 22:31:31] at t=2027.5 1 age groups with HIV TB deaths exceeding all cause mortality (WHO deathrates) ; capping background deaths to ensure background deaths >= 0
DEBUG [2023-12-07 22:31:31] at t=2028 2 age groups with HIV TB deaths exceeding all cause mortality (WHO deathrates) ; capping background deaths to ensure background deaths >= 0
DEBUG [2023-12-07 22:31:31] at t=2028.5 1 age groups with HIV TB deaths exceeding all cause mortality (WHO deathrates) ; capping background deaths to ensure background deaths >= 0
DEBUG [2023-12-07 22:31:31] at t=2029 1 age groups with HIV TB deaths exceeding all cause mortality (WHO deathrates) ; capping background deaths to ensure background deaths >= 0
DEBUG [2023-12-07 22:31:31] at t=2029.5 1 age groups with HIV TB deaths exceeding all cause mortality (WHO deathrates) ; capping background deaths to ensure background deaths >= 0
DEBUG [2023-12-07 22:31:31] at t=2030 1 age groups with HIV TB deaths exceeding all cause mortality (WHO deathrates) ; capping background deaths to ensure background deaths >= 0
DEBUG [2023-12-07 22:31:31] successful call of demography.from.model.run()
DEBUG [2023-12-07 22:31:47] successful result of read.model()
DEBUG [2023-12-07 22:31:59] successful result of init.var.parameters.and.matrices()
INFO  [2023-12-07 22:39:07]  ntimesteps = 7330 in 00:07:07 elapsed (00:07:05 cpu)
DEBUG [2023-12-07 22:39:09] successful result of run.deSolve()
WARN  [2023-12-07 22:39:10]  at t = 1981.5 29 state variables < 0 and >  -1e-04  reset to 0 after simulation run and before processing output
DEBUG [2023-12-07 22:39:17] successful generation of stocks output from generate.prevalence.output()
DEBUG [2023-12-07 22:39:18] successful call of demography.from.model.run()
DEBUG [2023-12-07 22:41:14] successful result of read.model()
DEBUG [2023-12-07 22:41:22] successful result of init.var.parameters.and.matrices()
WARN  [2023-12-07 22:46:05]  ntimesteps = 7636 in 00:04:43 elapsed (00:04:41 cpu) which may be excessive ; please reconsider parameter values
DEBUG [2023-12-07 22:46:07] successful result of run.deSolve()
DEBUG [2023-12-07 22:46:14] successful generation of stocks output from generate.prevalence.output()
DEBUG [2023-12-07 22:46:14] successful call of demography.from.model.run()
DEBUG [2023-12-07 22:47:13] successful result of read.model()
DEBUG [2023-12-07 22:47:25] successful result of init.var.parameters.and.matrices()
INFO  [2023-12-07 22:51:09]  ntimesteps = 6929 in 00:03:44 elapsed (00:03:43 cpu)
DEBUG [2023-12-07 22:51:12] successful result of run.deSolve()
WARN  [2023-12-07 22:51:12]  at t = 1981.5 31 state variables < 0 and >  -1e-04  reset to 0 after simulation run and before processing output
DEBUG [2023-12-07 22:51:20] successful generation of stocks output from generate.prevalence.output()
DEBUG [2023-12-07 22:51:20] at t=1988 2 age groups with HIV TB deaths exceeding all cause mortality (WHO deathrates) ; capping background deaths to ensure background deaths >= 0
DEBUG [2023-12-07 22:51:20] at t=1988.5 2 age groups with HIV TB deaths exceeding all cause mortality (WHO deathrates) ; capping background deaths to ensure background deaths >= 0
DEBUG [2023-12-07 22:51:20] at t=1989 2 age groups with HIV TB deaths exceeding all cause mortality (WHO deathrates) ; capping background deaths to ensure background deaths >= 0
DEBUG [2023-12-07 22:51:20] at t=1989.5 7 age groups with HIV TB deaths exceeding all cause mortality (WHO deathrates) ; capping background deaths to ensure background deaths >= 0
DEBUG [2023-12-07 22:51:20] at t=1990 8 age groups with HIV TB deaths exceeding all cause mortality (WHO deathrates) ; capping background deaths to ensure background deaths >= 0
DEBUG [2023-12-07 22:51:20] at t=1990.5 7 age groups with HIV TB deaths exceeding all cause mortality (WHO deathrates) ; capping background deaths to ensure background deaths >= 0
DEBUG [2023-12-07 22:51:20] at t=1991 9 age groups with HIV TB deaths exceeding all cause mortality (WHO deathrates) ; capping background deaths to ensure background deaths >= 0
DEBUG [2023-12-07 22:51:20] at t=1991.5 11 age groups with HIV TB deaths exceeding all cause mortality (WHO deathrates) ; capping background deaths to ensure background deaths >= 0
DEBUG [2023-12-07 22:51:20] at t=1992 13 age groups with HIV TB deaths exceeding all cause mortality (WHO deathrates) ; capping background deaths to ensure background deaths >= 0
DEBUG [2023-12-07 22:51:20] at t=1992.5 13 age groups with HIV TB deaths exceeding all cause mortality (WHO deathrates) ; capping background deaths to ensure background deaths >= 0
DEBUG [2023-12-07 22:51:20] at t=1993 13 age groups with HIV TB deaths exceeding all cause mortality (WHO deathrates) ; capping background deaths to ensure background deaths >= 0
DEBUG [2023-12-07 22:51:20] at t=1993.5 14 age groups with HIV TB deaths exceeding all cause mortality (WHO deathrates) ; capping background deaths to ensure background deaths >= 0
DEBUG [2023-12-07 22:51:20] at t=1994 15 age groups with HIV TB deaths exceeding all cause mortality (WHO deathrates) ; capping background deaths to ensure background deaths >= 0
DEBUG [2023-12-07 22:51:20] at t=1994.5 14 age groups with HIV TB deaths exceeding all cause mortality (WHO deathrates) ; capping background deaths to ensure background deaths >= 0
DEBUG [2023-12-07 22:51:20] at t=1995 15 age groups with HIV TB deaths exceeding all cause mortality (WHO deathrates) ; capping background deaths to ensure background deaths >= 0
DEBUG [2023-12-07 22:51:20] at t=1995.5 15 age groups with HIV TB deaths exceeding all cause mortality (WHO deathrates) ; capping background deaths to ensure background deaths >= 0
DEBUG [2023-12-07 22:51:20] at t=1996 15 age groups with HIV TB deaths exceeding all cause mortality (WHO deathrates) ; capping background deaths to ensure background deaths >= 0
DEBUG [2023-12-07 22:51:20] at t=1996.5 15 age groups with HIV TB deaths exceeding all cause mortality (WHO deathrates) ; capping background deaths to ensure background deaths >= 0
DEBUG [2023-12-07 22:51:20] at t=1997 15 age groups with HIV TB deaths exceeding all cause mortality (WHO deathrates) ; capping background deaths to ensure background deaths >= 0
DEBUG [2023-12-07 22:51:20] at t=1997.5 15 age groups with HIV TB deaths exceeding all cause mortality (WHO deathrates) ; capping background deaths to ensure background deaths >= 0
DEBUG [2023-12-07 22:51:20] at t=1998 16 age groups with HIV TB deaths exceeding all cause mortality (WHO deathrates) ; capping background deaths to ensure background deaths >= 0
DEBUG [2023-12-07 22:51:20] at t=1998.5 15 age groups with HIV TB deaths exceeding all cause mortality (WHO deathrates) ; capping background deaths to ensure background deaths >= 0
DEBUG [2023-12-07 22:51:20] at t=1999 16 age groups with HIV TB deaths exceeding all cause mortality (WHO deathrates) ; capping background deaths to ensure background deaths >= 0
DEBUG [2023-12-07 22:51:20] at t=1999.5 12 age groups with HIV TB deaths exceeding all cause mortality (WHO deathrates) ; capping background deaths to ensure background deaths >= 0
DEBUG [2023-12-07 22:51:20] at t=2000 13 age groups with HIV TB deaths exceeding all cause mortality (WHO deathrates) ; capping background deaths to ensure background deaths >= 0
DEBUG [2023-12-07 22:51:20] at t=2000.5 12 age groups with HIV TB deaths exceeding all cause mortality (WHO deathrates) ; capping background deaths to ensure background deaths >= 0
DEBUG [2023-12-07 22:51:20] at t=2001 13 age groups with HIV TB deaths exceeding all cause mortality (WHO deathrates) ; capping background deaths to ensure background deaths >= 0
DEBUG [2023-12-07 22:51:20] at t=2001.5 11 age groups with HIV TB deaths exceeding all cause mortality (WHO deathrates) ; capping background deaths to ensure background deaths >= 0
DEBUG [2023-12-07 22:51:20] at t=2002 13 age groups with HIV TB deaths exceeding all cause mortality (WHO deathrates) ; capping background deaths to ensure background deaths >= 0
DEBUG [2023-12-07 22:51:20] at t=2002.5 10 age groups with HIV TB deaths exceeding all cause mortality (WHO deathrates) ; capping background deaths to ensure background deaths >= 0
DEBUG [2023-12-07 22:51:20] at t=2003 12 age groups with HIV TB deaths exceeding all cause mortality (WHO deathrates) ; capping background deaths to ensure background deaths >= 0
DEBUG [2023-12-07 22:51:20] at t=2003.5 8 age groups with HIV TB deaths exceeding all cause mortality (WHO deathrates) ; capping background deaths to ensure background deaths >= 0
DEBUG [2023-12-07 22:51:20] at t=2004 11 age groups with HIV TB deaths exceeding all cause mortality (WHO deathrates) ; capping background deaths to ensure background deaths >= 0
DEBUG [2023-12-07 22:51:20] at t=2004.5 8 age groups with HIV TB deaths exceeding all cause mortality (WHO deathrates) ; capping background deaths to ensure background deaths >= 0
DEBUG [2023-12-07 22:51:20] at t=2005 11 age groups with HIV TB deaths exceeding all cause mortality (WHO deathrates) ; capping background deaths to ensure background deaths >= 0
DEBUG [2023-12-07 22:51:20] at t=2005.5 8 age groups with HIV TB deaths exceeding all cause mortality (WHO deathrates) ; capping background deaths to ensure background deaths >= 0
DEBUG [2023-12-07 22:51:20] at t=2006 11 age groups with HIV TB deaths exceeding all cause mortality (WHO deathrates) ; capping background deaths to ensure background deaths >= 0
DEBUG [2023-12-07 22:51:20] at t=2006.5 8 age groups with HIV TB deaths exceeding all cause mortality (WHO deathrates) ; capping background deaths to ensure background deaths >= 0
DEBUG [2023-12-07 22:51:20] at t=2007 11 age groups with HIV TB deaths exceeding all cause mortality (WHO deathrates) ; capping background deaths to ensure background deaths >= 0
DEBUG [2023-12-07 22:51:20] at t=2007.5 11 age groups with HIV TB deaths exceeding all cause mortality (WHO deathrates) ; capping background deaths to ensure background deaths >= 0
DEBUG [2023-12-07 22:51:20] at t=2008 11 age groups with HIV TB deaths exceeding all cause mortality (WHO deathrates) ; capping background deaths to ensure background deaths >= 0
DEBUG [2023-12-07 22:51:20] at t=2008.5 12 age groups with HIV TB deaths exceeding all cause mortality (WHO deathrates) ; capping background deaths to ensure background deaths >= 0
DEBUG [2023-12-07 22:51:20] at t=2009 12 age groups with HIV TB deaths exceeding all cause mortality (WHO deathrates) ; capping background deaths to ensure background deaths >= 0
DEBUG [2023-12-07 22:51:20] at t=2009.5 13 age groups with HIV TB deaths exceeding all cause mortality (WHO deathrates) ; capping background deaths to ensure background deaths >= 0
DEBUG [2023-12-07 22:51:20] at t=2010 12 age groups with HIV TB deaths exceeding all cause mortality (WHO deathrates) ; capping background deaths to ensure background deaths >= 0
DEBUG [2023-12-07 22:51:20] at t=2010.5 19 age groups with HIV TB deaths exceeding all cause mortality (WHO deathrates) ; capping background deaths to ensure background deaths >= 0
DEBUG [2023-12-07 22:51:20] at t=2011 17 age groups with HIV TB deaths exceeding all cause mortality (WHO deathrates) ; capping background deaths to ensure background deaths >= 0
DEBUG [2023-12-07 22:51:20] at t=2011.5 19 age groups with HIV TB deaths exceeding all cause mortality (WHO deathrates) ; capping background deaths to ensure background deaths >= 0
DEBUG [2023-12-07 22:51:20] at t=2012 20 age groups with HIV TB deaths exceeding all cause mortality (WHO deathrates) ; capping background deaths to ensure background deaths >= 0
DEBUG [2023-12-07 22:51:20] at t=2012.5 20 age groups with HIV TB deaths exceeding all cause mortality (WHO deathrates) ; capping background deaths to ensure background deaths >= 0
DEBUG [2023-12-07 22:51:20] at t=2013 20 age groups with HIV TB deaths exceeding all cause mortality (WHO deathrates) ; capping background deaths to ensure background deaths >= 0
DEBUG [2023-12-07 22:51:20] at t=2013.5 20 age groups with HIV TB deaths exceeding all cause mortality (WHO deathrates) ; capping background deaths to ensure background deaths >= 0
DEBUG [2023-12-07 22:51:20] at t=2014 20 age groups with HIV TB deaths exceeding all cause mortality (WHO deathrates) ; capping background deaths to ensure background deaths >= 0
DEBUG [2023-12-07 22:51:20] at t=2014.5 18 age groups with HIV TB deaths exceeding all cause mortality (WHO deathrates) ; capping background deaths to ensure background deaths >= 0
DEBUG [2023-12-07 22:51:20] at t=2015 18 age groups with HIV TB deaths exceeding all cause mortality (WHO deathrates) ; capping background deaths to ensure background deaths >= 0
DEBUG [2023-12-07 22:51:20] at t=2015.5 16 age groups with HIV TB deaths exceeding all cause mortality (WHO deathrates) ; capping background deaths to ensure background deaths >= 0
DEBUG [2023-12-07 22:51:20] at t=2016 17 age groups with HIV TB deaths exceeding all cause mortality (WHO deathrates) ; capping background deaths to ensure background deaths >= 0
DEBUG [2023-12-07 22:51:20] at t=2016.5 13 age groups with HIV TB deaths exceeding all cause mortality (WHO deathrates) ; capping background deaths to ensure background deaths >= 0
DEBUG [2023-12-07 22:51:20] at t=2017 14 age groups with HIV TB deaths exceeding all cause mortality (WHO deathrates) ; capping background deaths to ensure background deaths >= 0
DEBUG [2023-12-07 22:51:20] at t=2017.5 11 age groups with HIV TB deaths exceeding all cause mortality (WHO deathrates) ; capping background deaths to ensure background deaths >= 0
DEBUG [2023-12-07 22:51:20] at t=2018 12 age groups with HIV TB deaths exceeding all cause mortality (WHO deathrates) ; capping background deaths to ensure background deaths >= 0
DEBUG [2023-12-07 22:51:20] at t=2018.5 9 age groups with HIV TB deaths exceeding all cause mortality (WHO deathrates) ; capping background deaths to ensure background deaths >= 0
DEBUG [2023-12-07 22:51:20] at t=2019 8 age groups with HIV TB deaths exceeding all cause mortality (WHO deathrates) ; capping background deaths to ensure background deaths >= 0
DEBUG [2023-12-07 22:51:20] at t=2019.5 8 age groups with HIV TB deaths exceeding all cause mortality (WHO deathrates) ; capping background deaths to ensure background deaths >= 0
DEBUG [2023-12-07 22:51:20] at t=2020 8 age groups with HIV TB deaths exceeding all cause mortality (WHO deathrates) ; capping background deaths to ensure background deaths >= 0
DEBUG [2023-12-07 22:51:20] at t=2020.5 7 age groups with HIV TB deaths exceeding all cause mortality (WHO deathrates) ; capping background deaths to ensure background deaths >= 0
DEBUG [2023-12-07 22:51:20] at t=2021 8 age groups with HIV TB deaths exceeding all cause mortality (WHO deathrates) ; capping background deaths to ensure background deaths >= 0
DEBUG [2023-12-07 22:51:20] at t=2021.5 6 age groups with HIV TB deaths exceeding all cause mortality (WHO deathrates) ; capping background deaths to ensure background deaths >= 0
DEBUG [2023-12-07 22:51:20] at t=2022 7 age groups with HIV TB deaths exceeding all cause mortality (WHO deathrates) ; capping background deaths to ensure background deaths >= 0
DEBUG [2023-12-07 22:51:20] at t=2022.5 5 age groups with HIV TB deaths exceeding all cause mortality (WHO deathrates) ; capping background deaths to ensure background deaths >= 0
DEBUG [2023-12-07 22:51:20] at t=2023 5 age groups with HIV TB deaths exceeding all cause mortality (WHO deathrates) ; capping background deaths to ensure background deaths >= 0
DEBUG [2023-12-07 22:51:20] at t=2023.5 4 age groups with HIV TB deaths exceeding all cause mortality (WHO deathrates) ; capping background deaths to ensure background deaths >= 0
DEBUG [2023-12-07 22:51:20] at t=2024 4 age groups with HIV TB deaths exceeding all cause mortality (WHO deathrates) ; capping background deaths to ensure background deaths >= 0
DEBUG [2023-12-07 22:51:20] at t=2024.5 3 age groups with HIV TB deaths exceeding all cause mortality (WHO deathrates) ; capping background deaths to ensure background deaths >= 0
DEBUG [2023-12-07 22:51:20] at t=2025 3 age groups with HIV TB deaths exceeding all cause mortality (WHO deathrates) ; capping background deaths to ensure background deaths >= 0
DEBUG [2023-12-07 22:51:20] at t=2025.5 2 age groups with HIV TB deaths exceeding all cause mortality (WHO deathrates) ; capping background deaths to ensure background deaths >= 0
DEBUG [2023-12-07 22:51:20] at t=2026 3 age groups with HIV TB deaths exceeding all cause mortality (WHO deathrates) ; capping background deaths to ensure background deaths >= 0
DEBUG [2023-12-07 22:51:20] at t=2026.5 2 age groups with HIV TB deaths exceeding all cause mortality (WHO deathrates) ; capping background deaths to ensure background deaths >= 0
DEBUG [2023-12-07 22:51:20] at t=2027 2 age groups with HIV TB deaths exceeding all cause mortality (WHO deathrates) ; capping background deaths to ensure background deaths >= 0
DEBUG [2023-12-07 22:51:20] at t=2027.5 1 age groups with HIV TB deaths exceeding all cause mortality (WHO deathrates) ; capping background deaths to ensure background deaths >= 0
DEBUG [2023-12-07 22:51:20] at t=2028 2 age groups with HIV TB deaths exceeding all cause mortality (WHO deathrates) ; capping background deaths to ensure background deaths >= 0
DEBUG [2023-12-07 22:51:20] at t=2028.5 1 age groups with HIV TB deaths exceeding all cause mortality (WHO deathrates) ; capping background deaths to ensure background deaths >= 0
DEBUG [2023-12-07 22:51:20] at t=2029 1 age groups with HIV TB deaths exceeding all cause mortality (WHO deathrates) ; capping background deaths to ensure background deaths >= 0
DEBUG [2023-12-07 22:51:20] at t=2029.5 1 age groups with HIV TB deaths exceeding all cause mortality (WHO deathrates) ; capping background deaths to ensure background deaths >= 0
DEBUG [2023-12-07 22:51:20] at t=2030 1 age groups with HIV TB deaths exceeding all cause mortality (WHO deathrates) ; capping background deaths to ensure background deaths >= 0
DEBUG [2023-12-07 22:51:20] successful call of demography.from.model.run()
DEBUG [2023-12-07 22:51:35] successful result of read.model()
DEBUG [2023-12-07 22:51:48] successful result of init.var.parameters.and.matrices()
INFO  [2023-12-07 22:58:54]  ntimesteps = 7325 in 00:07:05 elapsed (00:07:04 cpu)
DEBUG [2023-12-07 22:58:57] successful result of run.deSolve()
WARN  [2023-12-07 22:58:58]  at t = 1981.5 31 state variables < 0 and >  -1e-04  reset to 0 after simulation run and before processing output
DEBUG [2023-12-07 22:59:05] successful generation of stocks output from generate.prevalence.output()
DEBUG [2023-12-07 22:59:05] successful call of demography.from.model.run()
DEBUG [2023-12-07 23:01:02] successful result of read.model()
DEBUG [2023-12-07 23:01:10] successful result of init.var.parameters.and.matrices()
WARN  [2023-12-07 23:05:54]  ntimesteps = 7671 in 00:04:43 elapsed (00:04:42 cpu) which may be excessive ; please reconsider parameter values
DEBUG [2023-12-07 23:05:56] successful result of run.deSolve()
DEBUG [2023-12-07 23:06:02] successful generation of stocks output from generate.prevalence.output()
DEBUG [2023-12-07 23:06:02] successful call of demography.from.model.run()
DEBUG [2023-12-07 23:07:07] successful result of read.model()
DEBUG [2023-12-07 23:07:19] successful result of init.var.parameters.and.matrices()
INFO  [2023-12-07 23:11:01]  ntimesteps = 6872 in 00:03:42 elapsed (00:03:41 cpu)
DEBUG [2023-12-07 23:11:04] successful result of run.deSolve()
WARN  [2023-12-07 23:11:04]  at t = 1981.5 8 state variables < 0 and >  -1e-04  reset to 0 after simulation run and before processing output
DEBUG [2023-12-07 23:11:11] successful generation of stocks output from generate.prevalence.output()
DEBUG [2023-12-07 23:11:12] at t=1988 2 age groups with HIV TB deaths exceeding all cause mortality (WHO deathrates) ; capping background deaths to ensure background deaths >= 0
DEBUG [2023-12-07 23:11:12] at t=1988.5 2 age groups with HIV TB deaths exceeding all cause mortality (WHO deathrates) ; capping background deaths to ensure background deaths >= 0
DEBUG [2023-12-07 23:11:12] at t=1989 2 age groups with HIV TB deaths exceeding all cause mortality (WHO deathrates) ; capping background deaths to ensure background deaths >= 0
DEBUG [2023-12-07 23:11:12] at t=1989.5 6 age groups with HIV TB deaths exceeding all cause mortality (WHO deathrates) ; capping background deaths to ensure background deaths >= 0
DEBUG [2023-12-07 23:11:12] at t=1990 8 age groups with HIV TB deaths exceeding all cause mortality (WHO deathrates) ; capping background deaths to ensure background deaths >= 0
DEBUG [2023-12-07 23:11:12] at t=1990.5 7 age groups with HIV TB deaths exceeding all cause mortality (WHO deathrates) ; capping background deaths to ensure background deaths >= 0
DEBUG [2023-12-07 23:11:12] at t=1991 9 age groups with HIV TB deaths exceeding all cause mortality (WHO deathrates) ; capping background deaths to ensure background deaths >= 0
DEBUG [2023-12-07 23:11:12] at t=1991.5 11 age groups with HIV TB deaths exceeding all cause mortality (WHO deathrates) ; capping background deaths to ensure background deaths >= 0
DEBUG [2023-12-07 23:11:12] at t=1992 13 age groups with HIV TB deaths exceeding all cause mortality (WHO deathrates) ; capping background deaths to ensure background deaths >= 0
DEBUG [2023-12-07 23:11:12] at t=1992.5 12 age groups with HIV TB deaths exceeding all cause mortality (WHO deathrates) ; capping background deaths to ensure background deaths >= 0
DEBUG [2023-12-07 23:11:12] at t=1993 13 age groups with HIV TB deaths exceeding all cause mortality (WHO deathrates) ; capping background deaths to ensure background deaths >= 0
DEBUG [2023-12-07 23:11:12] at t=1993.5 14 age groups with HIV TB deaths exceeding all cause mortality (WHO deathrates) ; capping background deaths to ensure background deaths >= 0
DEBUG [2023-12-07 23:11:12] at t=1994 15 age groups with HIV TB deaths exceeding all cause mortality (WHO deathrates) ; capping background deaths to ensure background deaths >= 0
DEBUG [2023-12-07 23:11:12] at t=1994.5 14 age groups with HIV TB deaths exceeding all cause mortality (WHO deathrates) ; capping background deaths to ensure background deaths >= 0
DEBUG [2023-12-07 23:11:12] at t=1995 15 age groups with HIV TB deaths exceeding all cause mortality (WHO deathrates) ; capping background deaths to ensure background deaths >= 0
DEBUG [2023-12-07 23:11:12] at t=1995.5 14 age groups with HIV TB deaths exceeding all cause mortality (WHO deathrates) ; capping background deaths to ensure background deaths >= 0
DEBUG [2023-12-07 23:11:12] at t=1996 15 age groups with HIV TB deaths exceeding all cause mortality (WHO deathrates) ; capping background deaths to ensure background deaths >= 0
DEBUG [2023-12-07 23:11:12] at t=1996.5 14 age groups with HIV TB deaths exceeding all cause mortality (WHO deathrates) ; capping background deaths to ensure background deaths >= 0
DEBUG [2023-12-07 23:11:12] at t=1997 15 age groups with HIV TB deaths exceeding all cause mortality (WHO deathrates) ; capping background deaths to ensure background deaths >= 0
DEBUG [2023-12-07 23:11:12] at t=1997.5 13 age groups with HIV TB deaths exceeding all cause mortality (WHO deathrates) ; capping background deaths to ensure background deaths >= 0
DEBUG [2023-12-07 23:11:12] at t=1998 15 age groups with HIV TB deaths exceeding all cause mortality (WHO deathrates) ; capping background deaths to ensure background deaths >= 0
DEBUG [2023-12-07 23:11:12] at t=1998.5 13 age groups with HIV TB deaths exceeding all cause mortality (WHO deathrates) ; capping background deaths to ensure background deaths >= 0
DEBUG [2023-12-07 23:11:12] at t=1999 15 age groups with HIV TB deaths exceeding all cause mortality (WHO deathrates) ; capping background deaths to ensure background deaths >= 0
DEBUG [2023-12-07 23:11:12] at t=1999.5 12 age groups with HIV TB deaths exceeding all cause mortality (WHO deathrates) ; capping background deaths to ensure background deaths >= 0
DEBUG [2023-12-07 23:11:12] at t=2000 13 age groups with HIV TB deaths exceeding all cause mortality (WHO deathrates) ; capping background deaths to ensure background deaths >= 0
DEBUG [2023-12-07 23:11:12] at t=2000.5 12 age groups with HIV TB deaths exceeding all cause mortality (WHO deathrates) ; capping background deaths to ensure background deaths >= 0
DEBUG [2023-12-07 23:11:12] at t=2001 13 age groups with HIV TB deaths exceeding all cause mortality (WHO deathrates) ; capping background deaths to ensure background deaths >= 0
DEBUG [2023-12-07 23:11:12] at t=2001.5 11 age groups with HIV TB deaths exceeding all cause mortality (WHO deathrates) ; capping background deaths to ensure background deaths >= 0
DEBUG [2023-12-07 23:11:12] at t=2002 13 age groups with HIV TB deaths exceeding all cause mortality (WHO deathrates) ; capping background deaths to ensure background deaths >= 0
DEBUG [2023-12-07 23:11:12] at t=2002.5 10 age groups with HIV TB deaths exceeding all cause mortality (WHO deathrates) ; capping background deaths to ensure background deaths >= 0
DEBUG [2023-12-07 23:11:12] at t=2003 11 age groups with HIV TB deaths exceeding all cause mortality (WHO deathrates) ; capping background deaths to ensure background deaths >= 0
DEBUG [2023-12-07 23:11:12] at t=2003.5 8 age groups with HIV TB deaths exceeding all cause mortality (WHO deathrates) ; capping background deaths to ensure background deaths >= 0
DEBUG [2023-12-07 23:11:12] at t=2004 10 age groups with HIV TB deaths exceeding all cause mortality (WHO deathrates) ; capping background deaths to ensure background deaths >= 0
DEBUG [2023-12-07 23:11:12] at t=2004.5 8 age groups with HIV TB deaths exceeding all cause mortality (WHO deathrates) ; capping background deaths to ensure background deaths >= 0
DEBUG [2023-12-07 23:11:12] at t=2005 11 age groups with HIV TB deaths exceeding all cause mortality (WHO deathrates) ; capping background deaths to ensure background deaths >= 0
DEBUG [2023-12-07 23:11:12] at t=2005.5 8 age groups with HIV TB deaths exceeding all cause mortality (WHO deathrates) ; capping background deaths to ensure background deaths >= 0
DEBUG [2023-12-07 23:11:12] at t=2006 11 age groups with HIV TB deaths exceeding all cause mortality (WHO deathrates) ; capping background deaths to ensure background deaths >= 0
DEBUG [2023-12-07 23:11:12] at t=2006.5 8 age groups with HIV TB deaths exceeding all cause mortality (WHO deathrates) ; capping background deaths to ensure background deaths >= 0
DEBUG [2023-12-07 23:11:12] at t=2007 10 age groups with HIV TB deaths exceeding all cause mortality (WHO deathrates) ; capping background deaths to ensure background deaths >= 0
DEBUG [2023-12-07 23:11:12] at t=2007.5 11 age groups with HIV TB deaths exceeding all cause mortality (WHO deathrates) ; capping background deaths to ensure background deaths >= 0
DEBUG [2023-12-07 23:11:12] at t=2008 10 age groups with HIV TB deaths exceeding all cause mortality (WHO deathrates) ; capping background deaths to ensure background deaths >= 0
DEBUG [2023-12-07 23:11:12] at t=2008.5 11 age groups with HIV TB deaths exceeding all cause mortality (WHO deathrates) ; capping background deaths to ensure background deaths >= 0
DEBUG [2023-12-07 23:11:12] at t=2009 10 age groups with HIV TB deaths exceeding all cause mortality (WHO deathrates) ; capping background deaths to ensure background deaths >= 0
DEBUG [2023-12-07 23:11:12] at t=2009.5 12 age groups with HIV TB deaths exceeding all cause mortality (WHO deathrates) ; capping background deaths to ensure background deaths >= 0
DEBUG [2023-12-07 23:11:12] at t=2010 12 age groups with HIV TB deaths exceeding all cause mortality (WHO deathrates) ; capping background deaths to ensure background deaths >= 0
DEBUG [2023-12-07 23:11:12] at t=2010.5 17 age groups with HIV TB deaths exceeding all cause mortality (WHO deathrates) ; capping background deaths to ensure background deaths >= 0
DEBUG [2023-12-07 23:11:12] at t=2011 16 age groups with HIV TB deaths exceeding all cause mortality (WHO deathrates) ; capping background deaths to ensure background deaths >= 0
DEBUG [2023-12-07 23:11:12] at t=2011.5 19 age groups with HIV TB deaths exceeding all cause mortality (WHO deathrates) ; capping background deaths to ensure background deaths >= 0
DEBUG [2023-12-07 23:11:12] at t=2012 20 age groups with HIV TB deaths exceeding all cause mortality (WHO deathrates) ; capping background deaths to ensure background deaths >= 0
DEBUG [2023-12-07 23:11:12] at t=2012.5 19 age groups with HIV TB deaths exceeding all cause mortality (WHO deathrates) ; capping background deaths to ensure background deaths >= 0
DEBUG [2023-12-07 23:11:12] at t=2013 20 age groups with HIV TB deaths exceeding all cause mortality (WHO deathrates) ; capping background deaths to ensure background deaths >= 0
DEBUG [2023-12-07 23:11:12] at t=2013.5 20 age groups with HIV TB deaths exceeding all cause mortality (WHO deathrates) ; capping background deaths to ensure background deaths >= 0
DEBUG [2023-12-07 23:11:12] at t=2014 20 age groups with HIV TB deaths exceeding all cause mortality (WHO deathrates) ; capping background deaths to ensure background deaths >= 0
DEBUG [2023-12-07 23:11:12] at t=2014.5 18 age groups with HIV TB deaths exceeding all cause mortality (WHO deathrates) ; capping background deaths to ensure background deaths >= 0
DEBUG [2023-12-07 23:11:12] at t=2015 18 age groups with HIV TB deaths exceeding all cause mortality (WHO deathrates) ; capping background deaths to ensure background deaths >= 0
DEBUG [2023-12-07 23:11:12] at t=2015.5 15 age groups with HIV TB deaths exceeding all cause mortality (WHO deathrates) ; capping background deaths to ensure background deaths >= 0
DEBUG [2023-12-07 23:11:12] at t=2016 16 age groups with HIV TB deaths exceeding all cause mortality (WHO deathrates) ; capping background deaths to ensure background deaths >= 0
DEBUG [2023-12-07 23:11:12] at t=2016.5 13 age groups with HIV TB deaths exceeding all cause mortality (WHO deathrates) ; capping background deaths to ensure background deaths >= 0
DEBUG [2023-12-07 23:11:12] at t=2017 14 age groups with HIV TB deaths exceeding all cause mortality (WHO deathrates) ; capping background deaths to ensure background deaths >= 0
DEBUG [2023-12-07 23:11:12] at t=2017.5 11 age groups with HIV TB deaths exceeding all cause mortality (WHO deathrates) ; capping background deaths to ensure background deaths >= 0
DEBUG [2023-12-07 23:11:12] at t=2018 11 age groups with HIV TB deaths exceeding all cause mortality (WHO deathrates) ; capping background deaths to ensure background deaths >= 0
DEBUG [2023-12-07 23:11:12] at t=2018.5 9 age groups with HIV TB deaths exceeding all cause mortality (WHO deathrates) ; capping background deaths to ensure background deaths >= 0
DEBUG [2023-12-07 23:11:12] at t=2019 8 age groups with HIV TB deaths exceeding all cause mortality (WHO deathrates) ; capping background deaths to ensure background deaths >= 0
DEBUG [2023-12-07 23:11:12] at t=2019.5 8 age groups with HIV TB deaths exceeding all cause mortality (WHO deathrates) ; capping background deaths to ensure background deaths >= 0
DEBUG [2023-12-07 23:11:12] at t=2020 8 age groups with HIV TB deaths exceeding all cause mortality (WHO deathrates) ; capping background deaths to ensure background deaths >= 0
DEBUG [2023-12-07 23:11:12] at t=2020.5 7 age groups with HIV TB deaths exceeding all cause mortality (WHO deathrates) ; capping background deaths to ensure background deaths >= 0
DEBUG [2023-12-07 23:11:12] at t=2021 8 age groups with HIV TB deaths exceeding all cause mortality (WHO deathrates) ; capping background deaths to ensure background deaths >= 0
DEBUG [2023-12-07 23:11:12] at t=2021.5 6 age groups with HIV TB deaths exceeding all cause mortality (WHO deathrates) ; capping background deaths to ensure background deaths >= 0
DEBUG [2023-12-07 23:11:12] at t=2022 6 age groups with HIV TB deaths exceeding all cause mortality (WHO deathrates) ; capping background deaths to ensure background deaths >= 0
DEBUG [2023-12-07 23:11:12] at t=2022.5 5 age groups with HIV TB deaths exceeding all cause mortality (WHO deathrates) ; capping background deaths to ensure background deaths >= 0
DEBUG [2023-12-07 23:11:12] at t=2023 5 age groups with HIV TB deaths exceeding all cause mortality (WHO deathrates) ; capping background deaths to ensure background deaths >= 0
DEBUG [2023-12-07 23:11:12] at t=2023.5 4 age groups with HIV TB deaths exceeding all cause mortality (WHO deathrates) ; capping background deaths to ensure background deaths >= 0
DEBUG [2023-12-07 23:11:12] at t=2024 4 age groups with HIV TB deaths exceeding all cause mortality (WHO deathrates) ; capping background deaths to ensure background deaths >= 0
DEBUG [2023-12-07 23:11:12] at t=2024.5 3 age groups with HIV TB deaths exceeding all cause mortality (WHO deathrates) ; capping background deaths to ensure background deaths >= 0
DEBUG [2023-12-07 23:11:12] at t=2025 3 age groups with HIV TB deaths exceeding all cause mortality (WHO deathrates) ; capping background deaths to ensure background deaths >= 0
DEBUG [2023-12-07 23:11:12] at t=2025.5 2 age groups with HIV TB deaths exceeding all cause mortality (WHO deathrates) ; capping background deaths to ensure background deaths >= 0
DEBUG [2023-12-07 23:11:12] at t=2026 2 age groups with HIV TB deaths exceeding all cause mortality (WHO deathrates) ; capping background deaths to ensure background deaths >= 0
DEBUG [2023-12-07 23:11:12] at t=2026.5 2 age groups with HIV TB deaths exceeding all cause mortality (WHO deathrates) ; capping background deaths to ensure background deaths >= 0
DEBUG [2023-12-07 23:11:12] at t=2027 2 age groups with HIV TB deaths exceeding all cause mortality (WHO deathrates) ; capping background deaths to ensure background deaths >= 0
DEBUG [2023-12-07 23:11:12] at t=2027.5 1 age groups with HIV TB deaths exceeding all cause mortality (WHO deathrates) ; capping background deaths to ensure background deaths >= 0
DEBUG [2023-12-07 23:11:12] at t=2028 2 age groups with HIV TB deaths exceeding all cause mortality (WHO deathrates) ; capping background deaths to ensure background deaths >= 0
DEBUG [2023-12-07 23:11:12] at t=2028.5 1 age groups with HIV TB deaths exceeding all cause mortality (WHO deathrates) ; capping background deaths to ensure background deaths >= 0
DEBUG [2023-12-07 23:11:12] at t=2029 1 age groups with HIV TB deaths exceeding all cause mortality (WHO deathrates) ; capping background deaths to ensure background deaths >= 0
DEBUG [2023-12-07 23:11:12] at t=2030 1 age groups with HIV TB deaths exceeding all cause mortality (WHO deathrates) ; capping background deaths to ensure background deaths >= 0
DEBUG [2023-12-07 23:11:12] successful call of demography.from.model.run()
DEBUG [2023-12-07 23:11:27] successful result of read.model()
DEBUG [2023-12-07 23:11:40] successful result of init.var.parameters.and.matrices()
INFO  [2023-12-07 23:18:46]  ntimesteps = 7288 in 00:07:06 elapsed (00:07:04 cpu)
DEBUG [2023-12-07 23:18:49] successful result of run.deSolve()
WARN  [2023-12-07 23:18:50]  at t = 1981.5 8 state variables < 0 and >  -1e-04  reset to 0 after simulation run and before processing output
DEBUG [2023-12-07 23:18:57] successful generation of stocks output from generate.prevalence.output()
DEBUG [2023-12-07 23:18:57] successful call of demography.from.model.run()
DEBUG [2023-12-07 23:20:54] successful result of read.model()
DEBUG [2023-12-07 23:21:02] successful result of init.var.parameters.and.matrices()
WARN  [2023-12-07 23:25:44]  ntimesteps = 7627 in 00:04:42 elapsed (00:04:41 cpu) which may be excessive ; please reconsider parameter values
DEBUG [2023-12-07 23:25:46] successful result of run.deSolve()
DEBUG [2023-12-07 23:25:53] successful generation of stocks output from generate.prevalence.output()
DEBUG [2023-12-07 23:25:53] successful call of demography.from.model.run()
DEBUG [2023-12-07 23:26:55] successful result of read.model()
DEBUG [2023-12-07 23:27:08] successful result of init.var.parameters.and.matrices()
INFO  [2023-12-07 23:30:48]  ntimesteps = 6836 in 00:03:40 elapsed (00:03:39 cpu)
DEBUG [2023-12-07 23:30:51] successful result of run.deSolve()
WARN  [2023-12-07 23:30:51]  at t = 1982 4 state variables < 0 and >  -1e-04  reset to 0 after simulation run and before processing output
DEBUG [2023-12-07 23:30:58] successful generation of stocks output from generate.prevalence.output()
DEBUG [2023-12-07 23:30:59] at t=1988 2 age groups with HIV TB deaths exceeding all cause mortality (WHO deathrates) ; capping background deaths to ensure background deaths >= 0
DEBUG [2023-12-07 23:30:59] at t=1988.5 2 age groups with HIV TB deaths exceeding all cause mortality (WHO deathrates) ; capping background deaths to ensure background deaths >= 0
DEBUG [2023-12-07 23:30:59] at t=1989 2 age groups with HIV TB deaths exceeding all cause mortality (WHO deathrates) ; capping background deaths to ensure background deaths >= 0
DEBUG [2023-12-07 23:30:59] at t=1989.5 6 age groups with HIV TB deaths exceeding all cause mortality (WHO deathrates) ; capping background deaths to ensure background deaths >= 0
DEBUG [2023-12-07 23:30:59] at t=1990 8 age groups with HIV TB deaths exceeding all cause mortality (WHO deathrates) ; capping background deaths to ensure background deaths >= 0
DEBUG [2023-12-07 23:30:59] at t=1990.5 7 age groups with HIV TB deaths exceeding all cause mortality (WHO deathrates) ; capping background deaths to ensure background deaths >= 0
DEBUG [2023-12-07 23:30:59] at t=1991 8 age groups with HIV TB deaths exceeding all cause mortality (WHO deathrates) ; capping background deaths to ensure background deaths >= 0
DEBUG [2023-12-07 23:30:59] at t=1991.5 10 age groups with HIV TB deaths exceeding all cause mortality (WHO deathrates) ; capping background deaths to ensure background deaths >= 0
DEBUG [2023-12-07 23:30:59] at t=1992 13 age groups with HIV TB deaths exceeding all cause mortality (WHO deathrates) ; capping background deaths to ensure background deaths >= 0
DEBUG [2023-12-07 23:30:59] at t=1992.5 12 age groups with HIV TB deaths exceeding all cause mortality (WHO deathrates) ; capping background deaths to ensure background deaths >= 0
DEBUG [2023-12-07 23:30:59] at t=1993 13 age groups with HIV TB deaths exceeding all cause mortality (WHO deathrates) ; capping background deaths to ensure background deaths >= 0
DEBUG [2023-12-07 23:30:59] at t=1993.5 14 age groups with HIV TB deaths exceeding all cause mortality (WHO deathrates) ; capping background deaths to ensure background deaths >= 0
DEBUG [2023-12-07 23:30:59] at t=1994 15 age groups with HIV TB deaths exceeding all cause mortality (WHO deathrates) ; capping background deaths to ensure background deaths >= 0
DEBUG [2023-12-07 23:30:59] at t=1994.5 14 age groups with HIV TB deaths exceeding all cause mortality (WHO deathrates) ; capping background deaths to ensure background deaths >= 0
DEBUG [2023-12-07 23:30:59] at t=1995 15 age groups with HIV TB deaths exceeding all cause mortality (WHO deathrates) ; capping background deaths to ensure background deaths >= 0
DEBUG [2023-12-07 23:30:59] at t=1995.5 14 age groups with HIV TB deaths exceeding all cause mortality (WHO deathrates) ; capping background deaths to ensure background deaths >= 0
DEBUG [2023-12-07 23:30:59] at t=1996 15 age groups with HIV TB deaths exceeding all cause mortality (WHO deathrates) ; capping background deaths to ensure background deaths >= 0
DEBUG [2023-12-07 23:30:59] at t=1996.5 14 age groups with HIV TB deaths exceeding all cause mortality (WHO deathrates) ; capping background deaths to ensure background deaths >= 0
DEBUG [2023-12-07 23:30:59] at t=1997 15 age groups with HIV TB deaths exceeding all cause mortality (WHO deathrates) ; capping background deaths to ensure background deaths >= 0
DEBUG [2023-12-07 23:30:59] at t=1997.5 13 age groups with HIV TB deaths exceeding all cause mortality (WHO deathrates) ; capping background deaths to ensure background deaths >= 0
DEBUG [2023-12-07 23:30:59] at t=1998 15 age groups with HIV TB deaths exceeding all cause mortality (WHO deathrates) ; capping background deaths to ensure background deaths >= 0
DEBUG [2023-12-07 23:30:59] at t=1998.5 13 age groups with HIV TB deaths exceeding all cause mortality (WHO deathrates) ; capping background deaths to ensure background deaths >= 0
DEBUG [2023-12-07 23:30:59] at t=1999 15 age groups with HIV TB deaths exceeding all cause mortality (WHO deathrates) ; capping background deaths to ensure background deaths >= 0
DEBUG [2023-12-07 23:30:59] at t=1999.5 12 age groups with HIV TB deaths exceeding all cause mortality (WHO deathrates) ; capping background deaths to ensure background deaths >= 0
DEBUG [2023-12-07 23:30:59] at t=2000 13 age groups with HIV TB deaths exceeding all cause mortality (WHO deathrates) ; capping background deaths to ensure background deaths >= 0
DEBUG [2023-12-07 23:30:59] at t=2000.5 12 age groups with HIV TB deaths exceeding all cause mortality (WHO deathrates) ; capping background deaths to ensure background deaths >= 0
DEBUG [2023-12-07 23:30:59] at t=2001 13 age groups with HIV TB deaths exceeding all cause mortality (WHO deathrates) ; capping background deaths to ensure background deaths >= 0
DEBUG [2023-12-07 23:30:59] at t=2001.5 11 age groups with HIV TB deaths exceeding all cause mortality (WHO deathrates) ; capping background deaths to ensure background deaths >= 0
DEBUG [2023-12-07 23:30:59] at t=2002 13 age groups with HIV TB deaths exceeding all cause mortality (WHO deathrates) ; capping background deaths to ensure background deaths >= 0
DEBUG [2023-12-07 23:30:59] at t=2002.5 10 age groups with HIV TB deaths exceeding all cause mortality (WHO deathrates) ; capping background deaths to ensure background deaths >= 0
DEBUG [2023-12-07 23:30:59] at t=2003 11 age groups with HIV TB deaths exceeding all cause mortality (WHO deathrates) ; capping background deaths to ensure background deaths >= 0
DEBUG [2023-12-07 23:30:59] at t=2003.5 8 age groups with HIV TB deaths exceeding all cause mortality (WHO deathrates) ; capping background deaths to ensure background deaths >= 0
DEBUG [2023-12-07 23:30:59] at t=2004 9 age groups with HIV TB deaths exceeding all cause mortality (WHO deathrates) ; capping background deaths to ensure background deaths >= 0
DEBUG [2023-12-07 23:30:59] at t=2004.5 8 age groups with HIV TB deaths exceeding all cause mortality (WHO deathrates) ; capping background deaths to ensure background deaths >= 0
DEBUG [2023-12-07 23:30:59] at t=2005 11 age groups with HIV TB deaths exceeding all cause mortality (WHO deathrates) ; capping background deaths to ensure background deaths >= 0
DEBUG [2023-12-07 23:30:59] at t=2005.5 8 age groups with HIV TB deaths exceeding all cause mortality (WHO deathrates) ; capping background deaths to ensure background deaths >= 0
DEBUG [2023-12-07 23:30:59] at t=2006 11 age groups with HIV TB deaths exceeding all cause mortality (WHO deathrates) ; capping background deaths to ensure background deaths >= 0
DEBUG [2023-12-07 23:30:59] at t=2006.5 8 age groups with HIV TB deaths exceeding all cause mortality (WHO deathrates) ; capping background deaths to ensure background deaths >= 0
DEBUG [2023-12-07 23:30:59] at t=2007 10 age groups with HIV TB deaths exceeding all cause mortality (WHO deathrates) ; capping background deaths to ensure background deaths >= 0
DEBUG [2023-12-07 23:30:59] at t=2007.5 11 age groups with HIV TB deaths exceeding all cause mortality (WHO deathrates) ; capping background deaths to ensure background deaths >= 0
DEBUG [2023-12-07 23:30:59] at t=2008 10 age groups with HIV TB deaths exceeding all cause mortality (WHO deathrates) ; capping background deaths to ensure background deaths >= 0
DEBUG [2023-12-07 23:30:59] at t=2008.5 11 age groups with HIV TB deaths exceeding all cause mortality (WHO deathrates) ; capping background deaths to ensure background deaths >= 0
DEBUG [2023-12-07 23:30:59] at t=2009 10 age groups with HIV TB deaths exceeding all cause mortality (WHO deathrates) ; capping background deaths to ensure background deaths >= 0
DEBUG [2023-12-07 23:30:59] at t=2009.5 13 age groups with HIV TB deaths exceeding all cause mortality (WHO deathrates) ; capping background deaths to ensure background deaths >= 0
DEBUG [2023-12-07 23:30:59] at t=2010 12 age groups with HIV TB deaths exceeding all cause mortality (WHO deathrates) ; capping background deaths to ensure background deaths >= 0
DEBUG [2023-12-07 23:30:59] at t=2010.5 18 age groups with HIV TB deaths exceeding all cause mortality (WHO deathrates) ; capping background deaths to ensure background deaths >= 0
DEBUG [2023-12-07 23:30:59] at t=2011 17 age groups with HIV TB deaths exceeding all cause mortality (WHO deathrates) ; capping background deaths to ensure background deaths >= 0
DEBUG [2023-12-07 23:30:59] at t=2011.5 19 age groups with HIV TB deaths exceeding all cause mortality (WHO deathrates) ; capping background deaths to ensure background deaths >= 0
DEBUG [2023-12-07 23:30:59] at t=2012 20 age groups with HIV TB deaths exceeding all cause mortality (WHO deathrates) ; capping background deaths to ensure background deaths >= 0
DEBUG [2023-12-07 23:30:59] at t=2012.5 19 age groups with HIV TB deaths exceeding all cause mortality (WHO deathrates) ; capping background deaths to ensure background deaths >= 0
DEBUG [2023-12-07 23:30:59] at t=2013 20 age groups with HIV TB deaths exceeding all cause mortality (WHO deathrates) ; capping background deaths to ensure background deaths >= 0
DEBUG [2023-12-07 23:30:59] at t=2013.5 20 age groups with HIV TB deaths exceeding all cause mortality (WHO deathrates) ; capping background deaths to ensure background deaths >= 0
DEBUG [2023-12-07 23:30:59] at t=2014 20 age groups with HIV TB deaths exceeding all cause mortality (WHO deathrates) ; capping background deaths to ensure background deaths >= 0
DEBUG [2023-12-07 23:30:59] at t=2014.5 18 age groups with HIV TB deaths exceeding all cause mortality (WHO deathrates) ; capping background deaths to ensure background deaths >= 0
DEBUG [2023-12-07 23:30:59] at t=2015 18 age groups with HIV TB deaths exceeding all cause mortality (WHO deathrates) ; capping background deaths to ensure background deaths >= 0
DEBUG [2023-12-07 23:30:59] at t=2015.5 16 age groups with HIV TB deaths exceeding all cause mortality (WHO deathrates) ; capping background deaths to ensure background deaths >= 0
DEBUG [2023-12-07 23:30:59] at t=2016 16 age groups with HIV TB deaths exceeding all cause mortality (WHO deathrates) ; capping background deaths to ensure background deaths >= 0
DEBUG [2023-12-07 23:30:59] at t=2016.5 13 age groups with HIV TB deaths exceeding all cause mortality (WHO deathrates) ; capping background deaths to ensure background deaths >= 0
DEBUG [2023-12-07 23:30:59] at t=2017 14 age groups with HIV TB deaths exceeding all cause mortality (WHO deathrates) ; capping background deaths to ensure background deaths >= 0
DEBUG [2023-12-07 23:30:59] at t=2017.5 11 age groups with HIV TB deaths exceeding all cause mortality (WHO deathrates) ; capping background deaths to ensure background deaths >= 0
DEBUG [2023-12-07 23:30:59] at t=2018 12 age groups with HIV TB deaths exceeding all cause mortality (WHO deathrates) ; capping background deaths to ensure background deaths >= 0
DEBUG [2023-12-07 23:30:59] at t=2018.5 9 age groups with HIV TB deaths exceeding all cause mortality (WHO deathrates) ; capping background deaths to ensure background deaths >= 0
DEBUG [2023-12-07 23:30:59] at t=2019 8 age groups with HIV TB deaths exceeding all cause mortality (WHO deathrates) ; capping background deaths to ensure background deaths >= 0
DEBUG [2023-12-07 23:30:59] at t=2019.5 8 age groups with HIV TB deaths exceeding all cause mortality (WHO deathrates) ; capping background deaths to ensure background deaths >= 0
DEBUG [2023-12-07 23:30:59] at t=2020 8 age groups with HIV TB deaths exceeding all cause mortality (WHO deathrates) ; capping background deaths to ensure background deaths >= 0
DEBUG [2023-12-07 23:30:59] at t=2020.5 7 age groups with HIV TB deaths exceeding all cause mortality (WHO deathrates) ; capping background deaths to ensure background deaths >= 0
DEBUG [2023-12-07 23:30:59] at t=2021 8 age groups with HIV TB deaths exceeding all cause mortality (WHO deathrates) ; capping background deaths to ensure background deaths >= 0
DEBUG [2023-12-07 23:30:59] at t=2021.5 6 age groups with HIV TB deaths exceeding all cause mortality (WHO deathrates) ; capping background deaths to ensure background deaths >= 0
DEBUG [2023-12-07 23:30:59] at t=2022 7 age groups with HIV TB deaths exceeding all cause mortality (WHO deathrates) ; capping background deaths to ensure background deaths >= 0
DEBUG [2023-12-07 23:30:59] at t=2022.5 5 age groups with HIV TB deaths exceeding all cause mortality (WHO deathrates) ; capping background deaths to ensure background deaths >= 0
DEBUG [2023-12-07 23:30:59] at t=2023 5 age groups with HIV TB deaths exceeding all cause mortality (WHO deathrates) ; capping background deaths to ensure background deaths >= 0
DEBUG [2023-12-07 23:30:59] at t=2023.5 4 age groups with HIV TB deaths exceeding all cause mortality (WHO deathrates) ; capping background deaths to ensure background deaths >= 0
DEBUG [2023-12-07 23:30:59] at t=2024 4 age groups with HIV TB deaths exceeding all cause mortality (WHO deathrates) ; capping background deaths to ensure background deaths >= 0
DEBUG [2023-12-07 23:30:59] at t=2024.5 3 age groups with HIV TB deaths exceeding all cause mortality (WHO deathrates) ; capping background deaths to ensure background deaths >= 0
DEBUG [2023-12-07 23:30:59] at t=2025 3 age groups with HIV TB deaths exceeding all cause mortality (WHO deathrates) ; capping background deaths to ensure background deaths >= 0
DEBUG [2023-12-07 23:30:59] at t=2025.5 2 age groups with HIV TB deaths exceeding all cause mortality (WHO deathrates) ; capping background deaths to ensure background deaths >= 0
DEBUG [2023-12-07 23:30:59] at t=2026 3 age groups with HIV TB deaths exceeding all cause mortality (WHO deathrates) ; capping background deaths to ensure background deaths >= 0
DEBUG [2023-12-07 23:30:59] at t=2026.5 2 age groups with HIV TB deaths exceeding all cause mortality (WHO deathrates) ; capping background deaths to ensure background deaths >= 0
DEBUG [2023-12-07 23:30:59] at t=2027 2 age groups with HIV TB deaths exceeding all cause mortality (WHO deathrates) ; capping background deaths to ensure background deaths >= 0
DEBUG [2023-12-07 23:30:59] at t=2027.5 1 age groups with HIV TB deaths exceeding all cause mortality (WHO deathrates) ; capping background deaths to ensure background deaths >= 0
DEBUG [2023-12-07 23:30:59] at t=2028 2 age groups with HIV TB deaths exceeding all cause mortality (WHO deathrates) ; capping background deaths to ensure background deaths >= 0
DEBUG [2023-12-07 23:30:59] at t=2028.5 1 age groups with HIV TB deaths exceeding all cause mortality (WHO deathrates) ; capping background deaths to ensure background deaths >= 0
DEBUG [2023-12-07 23:30:59] at t=2029 1 age groups with HIV TB deaths exceeding all cause mortality (WHO deathrates) ; capping background deaths to ensure background deaths >= 0
DEBUG [2023-12-07 23:30:59] at t=2029.5 1 age groups with HIV TB deaths exceeding all cause mortality (WHO deathrates) ; capping background deaths to ensure background deaths >= 0
DEBUG [2023-12-07 23:30:59] at t=2030 1 age groups with HIV TB deaths exceeding all cause mortality (WHO deathrates) ; capping background deaths to ensure background deaths >= 0
DEBUG [2023-12-07 23:30:59] successful call of demography.from.model.run()
DEBUG [2023-12-07 23:31:14] successful result of read.model()
DEBUG [2023-12-07 23:31:28] successful result of init.var.parameters.and.matrices()
INFO  [2023-12-07 23:38:43]  ntimesteps = 7266 in 00:07:14 elapsed (00:07:13 cpu)
DEBUG [2023-12-07 23:38:45] successful result of run.deSolve()
WARN  [2023-12-07 23:38:46]  at t = 1982 4 state variables < 0 and >  -1e-04  reset to 0 after simulation run and before processing output
DEBUG [2023-12-07 23:38:53] successful generation of stocks output from generate.prevalence.output()
DEBUG [2023-12-07 23:38:54] successful call of demography.from.model.run()
DEBUG [2023-12-07 23:40:48] successful result of read.model()
DEBUG [2023-12-07 23:40:56] successful result of init.var.parameters.and.matrices()
WARN  [2023-12-07 23:45:43]  ntimesteps = 7612 in 00:04:46 elapsed (00:04:45 cpu) which may be excessive ; please reconsider parameter values
DEBUG [2023-12-07 23:45:45] successful result of run.deSolve()
DEBUG [2023-12-07 23:45:53] successful generation of stocks output from generate.prevalence.output()
DEBUG [2023-12-07 23:45:53] successful call of demography.from.model.run()
