DEBUG [2023-12-07 22:05:00] successful result of read.model()
DEBUG [2023-12-07 22:05:16] successful result of init.var.parameters.and.matrices()
INFO  [2023-12-07 22:08:57]  ntimesteps = 6935 in 00:03:41 elapsed (00:03:35 cpu)
DEBUG [2023-12-07 22:09:00] successful result of run.deSolve()
WARN  [2023-12-07 22:09:01]  at t = 1981.5 21 state variables < 0 and >  -1e-04  reset to 0 after simulation run and before processing output
DEBUG [2023-12-07 22:09:10] successful generation of stocks output from generate.prevalence.output()
DEBUG [2023-12-07 22:09:10] at t=1987.5 1 age groups with HIV TB deaths exceeding all cause mortality (WHO deathrates) ; capping background deaths to ensure background deaths >= 0
DEBUG [2023-12-07 22:09:10] at t=1988 2 age groups with HIV TB deaths exceeding all cause mortality (WHO deathrates) ; capping background deaths to ensure background deaths >= 0
DEBUG [2023-12-07 22:09:10] at t=1988.5 2 age groups with HIV TB deaths exceeding all cause mortality (WHO deathrates) ; capping background deaths to ensure background deaths >= 0
DEBUG [2023-12-07 22:09:10] at t=1989 3 age groups with HIV TB deaths exceeding all cause mortality (WHO deathrates) ; capping background deaths to ensure background deaths >= 0
DEBUG [2023-12-07 22:09:10] at t=1989.5 7 age groups with HIV TB deaths exceeding all cause mortality (WHO deathrates) ; capping background deaths to ensure background deaths >= 0
DEBUG [2023-12-07 22:09:10] at t=1990 8 age groups with HIV TB deaths exceeding all cause mortality (WHO deathrates) ; capping background deaths to ensure background deaths >= 0
DEBUG [2023-12-07 22:09:10] at t=1990.5 7 age groups with HIV TB deaths exceeding all cause mortality (WHO deathrates) ; capping background deaths to ensure background deaths >= 0
DEBUG [2023-12-07 22:09:10] at t=1991 9 age groups with HIV TB deaths exceeding all cause mortality (WHO deathrates) ; capping background deaths to ensure background deaths >= 0
DEBUG [2023-12-07 22:09:10] at t=1991.5 11 age groups with HIV TB deaths exceeding all cause mortality (WHO deathrates) ; capping background deaths to ensure background deaths >= 0
DEBUG [2023-12-07 22:09:10] at t=1992 13 age groups with HIV TB deaths exceeding all cause mortality (WHO deathrates) ; capping background deaths to ensure background deaths >= 0
DEBUG [2023-12-07 22:09:10] at t=1992.5 13 age groups with HIV TB deaths exceeding all cause mortality (WHO deathrates) ; capping background deaths to ensure background deaths >= 0
DEBUG [2023-12-07 22:09:10] at t=1993 13 age groups with HIV TB deaths exceeding all cause mortality (WHO deathrates) ; capping background deaths to ensure background deaths >= 0
DEBUG [2023-12-07 22:09:10] at t=1993.5 14 age groups with HIV TB deaths exceeding all cause mortality (WHO deathrates) ; capping background deaths to ensure background deaths >= 0
DEBUG [2023-12-07 22:09:10] at t=1994 15 age groups with HIV TB deaths exceeding all cause mortality (WHO deathrates) ; capping background deaths to ensure background deaths >= 0
DEBUG [2023-12-07 22:09:10] at t=1994.5 14 age groups with HIV TB deaths exceeding all cause mortality (WHO deathrates) ; capping background deaths to ensure background deaths >= 0
DEBUG [2023-12-07 22:09:10] at t=1995 15 age groups with HIV TB deaths exceeding all cause mortality (WHO deathrates) ; capping background deaths to ensure background deaths >= 0
DEBUG [2023-12-07 22:09:10] at t=1995.5 14 age groups with HIV TB deaths exceeding all cause mortality (WHO deathrates) ; capping background deaths to ensure background deaths >= 0
DEBUG [2023-12-07 22:09:10] at t=1996 15 age groups with HIV TB deaths exceeding all cause mortality (WHO deathrates) ; capping background deaths to ensure background deaths >= 0
DEBUG [2023-12-07 22:09:10] at t=1996.5 15 age groups with HIV TB deaths exceeding all cause mortality (WHO deathrates) ; capping background deaths to ensure background deaths >= 0
DEBUG [2023-12-07 22:09:10] at t=1997 15 age groups with HIV TB deaths exceeding all cause mortality (WHO deathrates) ; capping background deaths to ensure background deaths >= 0
DEBUG [2023-12-07 22:09:10] at t=1997.5 15 age groups with HIV TB deaths exceeding all cause mortality (WHO deathrates) ; capping background deaths to ensure background deaths >= 0
DEBUG [2023-12-07 22:09:10] at t=1998 15 age groups with HIV TB deaths exceeding all cause mortality (WHO deathrates) ; capping background deaths to ensure background deaths >= 0
DEBUG [2023-12-07 22:09:10] at t=1998.5 15 age groups with HIV TB deaths exceeding all cause mortality (WHO deathrates) ; capping background deaths to ensure background deaths >= 0
DEBUG [2023-12-07 22:09:10] at t=1999 16 age groups with HIV TB deaths exceeding all cause mortality (WHO deathrates) ; capping background deaths to ensure background deaths >= 0
DEBUG [2023-12-07 22:09:10] at t=1999.5 12 age groups with HIV TB deaths exceeding all cause mortality (WHO deathrates) ; capping background deaths to ensure background deaths >= 0
DEBUG [2023-12-07 22:09:10] at t=2000 13 age groups with HIV TB deaths exceeding all cause mortality (WHO deathrates) ; capping background deaths to ensure background deaths >= 0
DEBUG [2023-12-07 22:09:10] at t=2000.5 12 age groups with HIV TB deaths exceeding all cause mortality (WHO deathrates) ; capping background deaths to ensure background deaths >= 0
DEBUG [2023-12-07 22:09:10] at t=2001 13 age groups with HIV TB deaths exceeding all cause mortality (WHO deathrates) ; capping background deaths to ensure background deaths >= 0
DEBUG [2023-12-07 22:09:10] at t=2001.5 11 age groups with HIV TB deaths exceeding all cause mortality (WHO deathrates) ; capping background deaths to ensure background deaths >= 0
DEBUG [2023-12-07 22:09:10] at t=2002 13 age groups with HIV TB deaths exceeding all cause mortality (WHO deathrates) ; capping background deaths to ensure background deaths >= 0
DEBUG [2023-12-07 22:09:10] at t=2002.5 10 age groups with HIV TB deaths exceeding all cause mortality (WHO deathrates) ; capping background deaths to ensure background deaths >= 0
DEBUG [2023-12-07 22:09:10] at t=2003 12 age groups with HIV TB deaths exceeding all cause mortality (WHO deathrates) ; capping background deaths to ensure background deaths >= 0
DEBUG [2023-12-07 22:09:10] at t=2003.5 8 age groups with HIV TB deaths exceeding all cause mortality (WHO deathrates) ; capping background deaths to ensure background deaths >= 0
DEBUG [2023-12-07 22:09:10] at t=2004 10 age groups with HIV TB deaths exceeding all cause mortality (WHO deathrates) ; capping background deaths to ensure background deaths >= 0
DEBUG [2023-12-07 22:09:10] at t=2004.5 8 age groups with HIV TB deaths exceeding all cause mortality (WHO deathrates) ; capping background deaths to ensure background deaths >= 0
DEBUG [2023-12-07 22:09:10] at t=2005 11 age groups with HIV TB deaths exceeding all cause mortality (WHO deathrates) ; capping background deaths to ensure background deaths >= 0
DEBUG [2023-12-07 22:09:10] at t=2005.5 8 age groups with HIV TB deaths exceeding all cause mortality (WHO deathrates) ; capping background deaths to ensure background deaths >= 0
DEBUG [2023-12-07 22:09:10] at t=2006 11 age groups with HIV TB deaths exceeding all cause mortality (WHO deathrates) ; capping background deaths to ensure background deaths >= 0
DEBUG [2023-12-07 22:09:10] at t=2006.5 9 age groups with HIV TB deaths exceeding all cause mortality (WHO deathrates) ; capping background deaths to ensure background deaths >= 0
DEBUG [2023-12-07 22:09:10] at t=2007 11 age groups with HIV TB deaths exceeding all cause mortality (WHO deathrates) ; capping background deaths to ensure background deaths >= 0
DEBUG [2023-12-07 22:09:10] at t=2007.5 11 age groups with HIV TB deaths exceeding all cause mortality (WHO deathrates) ; capping background deaths to ensure background deaths >= 0
DEBUG [2023-12-07 22:09:10] at t=2008 11 age groups with HIV TB deaths exceeding all cause mortality (WHO deathrates) ; capping background deaths to ensure background deaths >= 0
DEBUG [2023-12-07 22:09:10] at t=2008.5 11 age groups with HIV TB deaths exceeding all cause mortality (WHO deathrates) ; capping background deaths to ensure background deaths >= 0
DEBUG [2023-12-07 22:09:10] at t=2009 11 age groups with HIV TB deaths exceeding all cause mortality (WHO deathrates) ; capping background deaths to ensure background deaths >= 0
DEBUG [2023-12-07 22:09:10] at t=2009.5 13 age groups with HIV TB deaths exceeding all cause mortality (WHO deathrates) ; capping background deaths to ensure background deaths >= 0
DEBUG [2023-12-07 22:09:10] at t=2010 12 age groups with HIV TB deaths exceeding all cause mortality (WHO deathrates) ; capping background deaths to ensure background deaths >= 0
DEBUG [2023-12-07 22:09:10] at t=2010.5 17 age groups with HIV TB deaths exceeding all cause mortality (WHO deathrates) ; capping background deaths to ensure background deaths >= 0
DEBUG [2023-12-07 22:09:10] at t=2011 17 age groups with HIV TB deaths exceeding all cause mortality (WHO deathrates) ; capping background deaths to ensure background deaths >= 0
DEBUG [2023-12-07 22:09:10] at t=2011.5 19 age groups with HIV TB deaths exceeding all cause mortality (WHO deathrates) ; capping background deaths to ensure background deaths >= 0
DEBUG [2023-12-07 22:09:10] at t=2012 19 age groups with HIV TB deaths exceeding all cause mortality (WHO deathrates) ; capping background deaths to ensure background deaths >= 0
DEBUG [2023-12-07 22:09:10] at t=2012.5 20 age groups with HIV TB deaths exceeding all cause mortality (WHO deathrates) ; capping background deaths to ensure background deaths >= 0
DEBUG [2023-12-07 22:09:10] at t=2013 19 age groups with HIV TB deaths exceeding all cause mortality (WHO deathrates) ; capping background deaths to ensure background deaths >= 0
DEBUG [2023-12-07 22:09:10] at t=2013.5 20 age groups with HIV TB deaths exceeding all cause mortality (WHO deathrates) ; capping background deaths to ensure background deaths >= 0
DEBUG [2023-12-07 22:09:10] at t=2014 19 age groups with HIV TB deaths exceeding all cause mortality (WHO deathrates) ; capping background deaths to ensure background deaths >= 0
DEBUG [2023-12-07 22:09:10] at t=2014.5 18 age groups with HIV TB deaths exceeding all cause mortality (WHO deathrates) ; capping background deaths to ensure background deaths >= 0
DEBUG [2023-12-07 22:09:10] at t=2015 18 age groups with HIV TB deaths exceeding all cause mortality (WHO deathrates) ; capping background deaths to ensure background deaths >= 0
DEBUG [2023-12-07 22:09:10] at t=2015.5 16 age groups with HIV TB deaths exceeding all cause mortality (WHO deathrates) ; capping background deaths to ensure background deaths >= 0
DEBUG [2023-12-07 22:09:10] at t=2016 16 age groups with HIV TB deaths exceeding all cause mortality (WHO deathrates) ; capping background deaths to ensure background deaths >= 0
DEBUG [2023-12-07 22:09:10] at t=2016.5 13 age groups with HIV TB deaths exceeding all cause mortality (WHO deathrates) ; capping background deaths to ensure background deaths >= 0
DEBUG [2023-12-07 22:09:10] at t=2017 14 age groups with HIV TB deaths exceeding all cause mortality (WHO deathrates) ; capping background deaths to ensure background deaths >= 0
DEBUG [2023-12-07 22:09:10] at t=2017.5 11 age groups with HIV TB deaths exceeding all cause mortality (WHO deathrates) ; capping background deaths to ensure background deaths >= 0
DEBUG [2023-12-07 22:09:10] at t=2018 11 age groups with HIV TB deaths exceeding all cause mortality (WHO deathrates) ; capping background deaths to ensure background deaths >= 0
DEBUG [2023-12-07 22:09:10] at t=2018.5 9 age groups with HIV TB deaths exceeding all cause mortality (WHO deathrates) ; capping background deaths to ensure background deaths >= 0
DEBUG [2023-12-07 22:09:10] at t=2019 9 age groups with HIV TB deaths exceeding all cause mortality (WHO deathrates) ; capping background deaths to ensure background deaths >= 0
DEBUG [2023-12-07 22:09:10] at t=2019.5 8 age groups with HIV TB deaths exceeding all cause mortality (WHO deathrates) ; capping background deaths to ensure background deaths >= 0
DEBUG [2023-12-07 22:09:10] at t=2020 9 age groups with HIV TB deaths exceeding all cause mortality (WHO deathrates) ; capping background deaths to ensure background deaths >= 0
DEBUG [2023-12-07 22:09:10] at t=2020.5 7 age groups with HIV TB deaths exceeding all cause mortality (WHO deathrates) ; capping background deaths to ensure background deaths >= 0
DEBUG [2023-12-07 22:09:10] at t=2021 8 age groups with HIV TB deaths exceeding all cause mortality (WHO deathrates) ; capping background deaths to ensure background deaths >= 0
DEBUG [2023-12-07 22:09:10] at t=2021.5 6 age groups with HIV TB deaths exceeding all cause mortality (WHO deathrates) ; capping background deaths to ensure background deaths >= 0
DEBUG [2023-12-07 22:09:10] at t=2022 7 age groups with HIV TB deaths exceeding all cause mortality (WHO deathrates) ; capping background deaths to ensure background deaths >= 0
DEBUG [2023-12-07 22:09:10] at t=2022.5 5 age groups with HIV TB deaths exceeding all cause mortality (WHO deathrates) ; capping background deaths to ensure background deaths >= 0
DEBUG [2023-12-07 22:09:10] at t=2023 6 age groups with HIV TB deaths exceeding all cause mortality (WHO deathrates) ; capping background deaths to ensure background deaths >= 0
DEBUG [2023-12-07 22:09:10] at t=2023.5 5 age groups with HIV TB deaths exceeding all cause mortality (WHO deathrates) ; capping background deaths to ensure background deaths >= 0
DEBUG [2023-12-07 22:09:10] at t=2024 4 age groups with HIV TB deaths exceeding all cause mortality (WHO deathrates) ; capping background deaths to ensure background deaths >= 0
DEBUG [2023-12-07 22:09:10] at t=2024.5 4 age groups with HIV TB deaths exceeding all cause mortality (WHO deathrates) ; capping background deaths to ensure background deaths >= 0
DEBUG [2023-12-07 22:09:10] at t=2025 3 age groups with HIV TB deaths exceeding all cause mortality (WHO deathrates) ; capping background deaths to ensure background deaths >= 0
DEBUG [2023-12-07 22:09:10] at t=2025.5 2 age groups with HIV TB deaths exceeding all cause mortality (WHO deathrates) ; capping background deaths to ensure background deaths >= 0
DEBUG [2023-12-07 22:09:10] at t=2026 3 age groups with HIV TB deaths exceeding all cause mortality (WHO deathrates) ; capping background deaths to ensure background deaths >= 0
DEBUG [2023-12-07 22:09:10] at t=2026.5 2 age groups with HIV TB deaths exceeding all cause mortality (WHO deathrates) ; capping background deaths to ensure background deaths >= 0
DEBUG [2023-12-07 22:09:10] at t=2027 2 age groups with HIV TB deaths exceeding all cause mortality (WHO deathrates) ; capping background deaths to ensure background deaths >= 0
DEBUG [2023-12-07 22:09:10] at t=2027.5 2 age groups with HIV TB deaths exceeding all cause mortality (WHO deathrates) ; capping background deaths to ensure background deaths >= 0
DEBUG [2023-12-07 22:09:10] at t=2028 2 age groups with HIV TB deaths exceeding all cause mortality (WHO deathrates) ; capping background deaths to ensure background deaths >= 0
DEBUG [2023-12-07 22:09:10] at t=2028.5 1 age groups with HIV TB deaths exceeding all cause mortality (WHO deathrates) ; capping background deaths to ensure background deaths >= 0
DEBUG [2023-12-07 22:09:10] at t=2029 1 age groups with HIV TB deaths exceeding all cause mortality (WHO deathrates) ; capping background deaths to ensure background deaths >= 0
DEBUG [2023-12-07 22:09:10] at t=2029.5 1 age groups with HIV TB deaths exceeding all cause mortality (WHO deathrates) ; capping background deaths to ensure background deaths >= 0
DEBUG [2023-12-07 22:09:10] at t=2030 1 age groups with HIV TB deaths exceeding all cause mortality (WHO deathrates) ; capping background deaths to ensure background deaths >= 0
DEBUG [2023-12-07 22:09:10] successful call of demography.from.model.run()
DEBUG [2023-12-07 22:09:27] successful result of read.model()
DEBUG [2023-12-07 22:09:40] successful result of init.var.parameters.and.matrices()
INFO  [2023-12-07 22:16:17]  ntimesteps = 7323 in 00:06:36 elapsed (00:06:32 cpu)
DEBUG [2023-12-07 22:16:19] successful result of run.deSolve()
WARN  [2023-12-07 22:16:20]  at t = 1981.5 21 state variables < 0 and >  -1e-04  reset to 0 after simulation run and before processing output
DEBUG [2023-12-07 22:16:28] successful generation of stocks output from generate.prevalence.output()
DEBUG [2023-12-07 22:16:28] successful call of demography.from.model.run()
DEBUG [2023-12-07 22:18:27] successful result of read.model()
DEBUG [2023-12-07 22:18:35] successful result of init.var.parameters.and.matrices()
WARN  [2023-12-07 22:23:02]  ntimesteps = 7659 in 00:04:27 elapsed (00:04:21 cpu) which may be excessive ; please reconsider parameter values
DEBUG [2023-12-07 22:23:04] successful result of run.deSolve()
DEBUG [2023-12-07 22:23:11] successful generation of stocks output from generate.prevalence.output()
DEBUG [2023-12-07 22:23:12] successful call of demography.from.model.run()
DEBUG [2023-12-07 22:24:03] successful result of read.model()
DEBUG [2023-12-07 22:24:14] successful result of init.var.parameters.and.matrices()
INFO  [2023-12-07 22:27:41]  ntimesteps = 6942 in 00:03:26 elapsed (00:03:25 cpu)
DEBUG [2023-12-07 22:27:43] successful result of run.deSolve()
WARN  [2023-12-07 22:27:44]  at t = 1981.5 18 state variables < 0 and >  -1e-04  reset to 0 after simulation run and before processing output
WARN  [2023-12-07 22:27:44]  at t = 2011.5 2 state variables < 0 and >  -1e-04  reset to 0 after simulation run and before processing output
DEBUG [2023-12-07 22:27:50] successful generation of stocks output from generate.prevalence.output()
DEBUG [2023-12-07 22:27:51] at t=1987.5 1 age groups with HIV TB deaths exceeding all cause mortality (WHO deathrates) ; capping background deaths to ensure background deaths >= 0
DEBUG [2023-12-07 22:27:51] at t=1988 2 age groups with HIV TB deaths exceeding all cause mortality (WHO deathrates) ; capping background deaths to ensure background deaths >= 0
DEBUG [2023-12-07 22:27:51] at t=1988.5 2 age groups with HIV TB deaths exceeding all cause mortality (WHO deathrates) ; capping background deaths to ensure background deaths >= 0
DEBUG [2023-12-07 22:27:51] at t=1989 3 age groups with HIV TB deaths exceeding all cause mortality (WHO deathrates) ; capping background deaths to ensure background deaths >= 0
DEBUG [2023-12-07 22:27:51] at t=1989.5 7 age groups with HIV TB deaths exceeding all cause mortality (WHO deathrates) ; capping background deaths to ensure background deaths >= 0
DEBUG [2023-12-07 22:27:51] at t=1990 8 age groups with HIV TB deaths exceeding all cause mortality (WHO deathrates) ; capping background deaths to ensure background deaths >= 0
DEBUG [2023-12-07 22:27:51] at t=1990.5 7 age groups with HIV TB deaths exceeding all cause mortality (WHO deathrates) ; capping background deaths to ensure background deaths >= 0
DEBUG [2023-12-07 22:27:51] at t=1991 9 age groups with HIV TB deaths exceeding all cause mortality (WHO deathrates) ; capping background deaths to ensure background deaths >= 0
DEBUG [2023-12-07 22:27:51] at t=1991.5 11 age groups with HIV TB deaths exceeding all cause mortality (WHO deathrates) ; capping background deaths to ensure background deaths >= 0
DEBUG [2023-12-07 22:27:51] at t=1992 13 age groups with HIV TB deaths exceeding all cause mortality (WHO deathrates) ; capping background deaths to ensure background deaths >= 0
DEBUG [2023-12-07 22:27:51] at t=1992.5 13 age groups with HIV TB deaths exceeding all cause mortality (WHO deathrates) ; capping background deaths to ensure background deaths >= 0
DEBUG [2023-12-07 22:27:51] at t=1993 13 age groups with HIV TB deaths exceeding all cause mortality (WHO deathrates) ; capping background deaths to ensure background deaths >= 0
DEBUG [2023-12-07 22:27:51] at t=1993.5 14 age groups with HIV TB deaths exceeding all cause mortality (WHO deathrates) ; capping background deaths to ensure background deaths >= 0
DEBUG [2023-12-07 22:27:51] at t=1994 15 age groups with HIV TB deaths exceeding all cause mortality (WHO deathrates) ; capping background deaths to ensure background deaths >= 0
DEBUG [2023-12-07 22:27:51] at t=1994.5 14 age groups with HIV TB deaths exceeding all cause mortality (WHO deathrates) ; capping background deaths to ensure background deaths >= 0
DEBUG [2023-12-07 22:27:51] at t=1995 15 age groups with HIV TB deaths exceeding all cause mortality (WHO deathrates) ; capping background deaths to ensure background deaths >= 0
DEBUG [2023-12-07 22:27:51] at t=1995.5 14 age groups with HIV TB deaths exceeding all cause mortality (WHO deathrates) ; capping background deaths to ensure background deaths >= 0
DEBUG [2023-12-07 22:27:51] at t=1996 15 age groups with HIV TB deaths exceeding all cause mortality (WHO deathrates) ; capping background deaths to ensure background deaths >= 0
DEBUG [2023-12-07 22:27:51] at t=1996.5 14 age groups with HIV TB deaths exceeding all cause mortality (WHO deathrates) ; capping background deaths to ensure background deaths >= 0
DEBUG [2023-12-07 22:27:51] at t=1997 15 age groups with HIV TB deaths exceeding all cause mortality (WHO deathrates) ; capping background deaths to ensure background deaths >= 0
DEBUG [2023-12-07 22:27:51] at t=1997.5 15 age groups with HIV TB deaths exceeding all cause mortality (WHO deathrates) ; capping background deaths to ensure background deaths >= 0
DEBUG [2023-12-07 22:27:51] at t=1998 15 age groups with HIV TB deaths exceeding all cause mortality (WHO deathrates) ; capping background deaths to ensure background deaths >= 0
DEBUG [2023-12-07 22:27:51] at t=1998.5 15 age groups with HIV TB deaths exceeding all cause mortality (WHO deathrates) ; capping background deaths to ensure background deaths >= 0
DEBUG [2023-12-07 22:27:51] at t=1999 15 age groups with HIV TB deaths exceeding all cause mortality (WHO deathrates) ; capping background deaths to ensure background deaths >= 0
DEBUG [2023-12-07 22:27:51] at t=1999.5 13 age groups with HIV TB deaths exceeding all cause mortality (WHO deathrates) ; capping background deaths to ensure background deaths >= 0
DEBUG [2023-12-07 22:27:51] at t=2000 13 age groups with HIV TB deaths exceeding all cause mortality (WHO deathrates) ; capping background deaths to ensure background deaths >= 0
DEBUG [2023-12-07 22:27:51] at t=2000.5 12 age groups with HIV TB deaths exceeding all cause mortality (WHO deathrates) ; capping background deaths to ensure background deaths >= 0
DEBUG [2023-12-07 22:27:51] at t=2001 13 age groups with HIV TB deaths exceeding all cause mortality (WHO deathrates) ; capping background deaths to ensure background deaths >= 0
DEBUG [2023-12-07 22:27:51] at t=2001.5 11 age groups with HIV TB deaths exceeding all cause mortality (WHO deathrates) ; capping background deaths to ensure background deaths >= 0
DEBUG [2023-12-07 22:27:51] at t=2002 13 age groups with HIV TB deaths exceeding all cause mortality (WHO deathrates) ; capping background deaths to ensure background deaths >= 0
DEBUG [2023-12-07 22:27:51] at t=2002.5 10 age groups with HIV TB deaths exceeding all cause mortality (WHO deathrates) ; capping background deaths to ensure background deaths >= 0
DEBUG [2023-12-07 22:27:51] at t=2003 11 age groups with HIV TB deaths exceeding all cause mortality (WHO deathrates) ; capping background deaths to ensure background deaths >= 0
DEBUG [2023-12-07 22:27:51] at t=2003.5 8 age groups with HIV TB deaths exceeding all cause mortality (WHO deathrates) ; capping background deaths to ensure background deaths >= 0
DEBUG [2023-12-07 22:27:51] at t=2004 10 age groups with HIV TB deaths exceeding all cause mortality (WHO deathrates) ; capping background deaths to ensure background deaths >= 0
DEBUG [2023-12-07 22:27:51] at t=2004.5 8 age groups with HIV TB deaths exceeding all cause mortality (WHO deathrates) ; capping background deaths to ensure background deaths >= 0
DEBUG [2023-12-07 22:27:51] at t=2005 11 age groups with HIV TB deaths exceeding all cause mortality (WHO deathrates) ; capping background deaths to ensure background deaths >= 0
DEBUG [2023-12-07 22:27:51] at t=2005.5 8 age groups with HIV TB deaths exceeding all cause mortality (WHO deathrates) ; capping background deaths to ensure background deaths >= 0
DEBUG [2023-12-07 22:27:51] at t=2006 11 age groups with HIV TB deaths exceeding all cause mortality (WHO deathrates) ; capping background deaths to ensure background deaths >= 0
DEBUG [2023-12-07 22:27:51] at t=2006.5 9 age groups with HIV TB deaths exceeding all cause mortality (WHO deathrates) ; capping background deaths to ensure background deaths >= 0
DEBUG [2023-12-07 22:27:51] at t=2007 10 age groups with HIV TB deaths exceeding all cause mortality (WHO deathrates) ; capping background deaths to ensure background deaths >= 0
DEBUG [2023-12-07 22:27:51] at t=2007.5 11 age groups with HIV TB deaths exceeding all cause mortality (WHO deathrates) ; capping background deaths to ensure background deaths >= 0
DEBUG [2023-12-07 22:27:51] at t=2008 11 age groups with HIV TB deaths exceeding all cause mortality (WHO deathrates) ; capping background deaths to ensure background deaths >= 0
DEBUG [2023-12-07 22:27:51] at t=2008.5 11 age groups with HIV TB deaths exceeding all cause mortality (WHO deathrates) ; capping background deaths to ensure background deaths >= 0
DEBUG [2023-12-07 22:27:51] at t=2009 11 age groups with HIV TB deaths exceeding all cause mortality (WHO deathrates) ; capping background deaths to ensure background deaths >= 0
DEBUG [2023-12-07 22:27:51] at t=2009.5 13 age groups with HIV TB deaths exceeding all cause mortality (WHO deathrates) ; capping background deaths to ensure background deaths >= 0
DEBUG [2023-12-07 22:27:51] at t=2010 12 age groups with HIV TB deaths exceeding all cause mortality (WHO deathrates) ; capping background deaths to ensure background deaths >= 0
DEBUG [2023-12-07 22:27:51] at t=2010.5 17 age groups with HIV TB deaths exceeding all cause mortality (WHO deathrates) ; capping background deaths to ensure background deaths >= 0
DEBUG [2023-12-07 22:27:51] at t=2011 17 age groups with HIV TB deaths exceeding all cause mortality (WHO deathrates) ; capping background deaths to ensure background deaths >= 0
DEBUG [2023-12-07 22:27:51] at t=2011.5 19 age groups with HIV TB deaths exceeding all cause mortality (WHO deathrates) ; capping background deaths to ensure background deaths >= 0
DEBUG [2023-12-07 22:27:51] at t=2012 19 age groups with HIV TB deaths exceeding all cause mortality (WHO deathrates) ; capping background deaths to ensure background deaths >= 0
DEBUG [2023-12-07 22:27:51] at t=2012.5 20 age groups with HIV TB deaths exceeding all cause mortality (WHO deathrates) ; capping background deaths to ensure background deaths >= 0
DEBUG [2023-12-07 22:27:51] at t=2013 19 age groups with HIV TB deaths exceeding all cause mortality (WHO deathrates) ; capping background deaths to ensure background deaths >= 0
DEBUG [2023-12-07 22:27:51] at t=2013.5 20 age groups with HIV TB deaths exceeding all cause mortality (WHO deathrates) ; capping background deaths to ensure background deaths >= 0
DEBUG [2023-12-07 22:27:51] at t=2014 19 age groups with HIV TB deaths exceeding all cause mortality (WHO deathrates) ; capping background deaths to ensure background deaths >= 0
DEBUG [2023-12-07 22:27:51] at t=2014.5 18 age groups with HIV TB deaths exceeding all cause mortality (WHO deathrates) ; capping background deaths to ensure background deaths >= 0
DEBUG [2023-12-07 22:27:51] at t=2015 18 age groups with HIV TB deaths exceeding all cause mortality (WHO deathrates) ; capping background deaths to ensure background deaths >= 0
DEBUG [2023-12-07 22:27:51] at t=2015.5 16 age groups with HIV TB deaths exceeding all cause mortality (WHO deathrates) ; capping background deaths to ensure background deaths >= 0
DEBUG [2023-12-07 22:27:51] at t=2016 16 age groups with HIV TB deaths exceeding all cause mortality (WHO deathrates) ; capping background deaths to ensure background deaths >= 0
DEBUG [2023-12-07 22:27:51] at t=2016.5 13 age groups with HIV TB deaths exceeding all cause mortality (WHO deathrates) ; capping background deaths to ensure background deaths >= 0
DEBUG [2023-12-07 22:27:51] at t=2017 14 age groups with HIV TB deaths exceeding all cause mortality (WHO deathrates) ; capping background deaths to ensure background deaths >= 0
DEBUG [2023-12-07 22:27:51] at t=2017.5 11 age groups with HIV TB deaths exceeding all cause mortality (WHO deathrates) ; capping background deaths to ensure background deaths >= 0
DEBUG [2023-12-07 22:27:51] at t=2018 10 age groups with HIV TB deaths exceeding all cause mortality (WHO deathrates) ; capping background deaths to ensure background deaths >= 0
DEBUG [2023-12-07 22:27:51] at t=2018.5 8 age groups with HIV TB deaths exceeding all cause mortality (WHO deathrates) ; capping background deaths to ensure background deaths >= 0
DEBUG [2023-12-07 22:27:51] at t=2019 8 age groups with HIV TB deaths exceeding all cause mortality (WHO deathrates) ; capping background deaths to ensure background deaths >= 0
DEBUG [2023-12-07 22:27:51] at t=2019.5 8 age groups with HIV TB deaths exceeding all cause mortality (WHO deathrates) ; capping background deaths to ensure background deaths >= 0
DEBUG [2023-12-07 22:27:51] at t=2020 9 age groups with HIV TB deaths exceeding all cause mortality (WHO deathrates) ; capping background deaths to ensure background deaths >= 0
DEBUG [2023-12-07 22:27:51] at t=2020.5 7 age groups with HIV TB deaths exceeding all cause mortality (WHO deathrates) ; capping background deaths to ensure background deaths >= 0
DEBUG [2023-12-07 22:27:51] at t=2021 8 age groups with HIV TB deaths exceeding all cause mortality (WHO deathrates) ; capping background deaths to ensure background deaths >= 0
DEBUG [2023-12-07 22:27:51] at t=2021.5 6 age groups with HIV TB deaths exceeding all cause mortality (WHO deathrates) ; capping background deaths to ensure background deaths >= 0
DEBUG [2023-12-07 22:27:51] at t=2022 7 age groups with HIV TB deaths exceeding all cause mortality (WHO deathrates) ; capping background deaths to ensure background deaths >= 0
DEBUG [2023-12-07 22:27:51] at t=2022.5 5 age groups with HIV TB deaths exceeding all cause mortality (WHO deathrates) ; capping background deaths to ensure background deaths >= 0
DEBUG [2023-12-07 22:27:51] at t=2023 6 age groups with HIV TB deaths exceeding all cause mortality (WHO deathrates) ; capping background deaths to ensure background deaths >= 0
DEBUG [2023-12-07 22:27:51] at t=2023.5 5 age groups with HIV TB deaths exceeding all cause mortality (WHO deathrates) ; capping background deaths to ensure background deaths >= 0
DEBUG [2023-12-07 22:27:51] at t=2024 4 age groups with HIV TB deaths exceeding all cause mortality (WHO deathrates) ; capping background deaths to ensure background deaths >= 0
DEBUG [2023-12-07 22:27:51] at t=2024.5 3 age groups with HIV TB deaths exceeding all cause mortality (WHO deathrates) ; capping background deaths to ensure background deaths >= 0
DEBUG [2023-12-07 22:27:51] at t=2025 3 age groups with HIV TB deaths exceeding all cause mortality (WHO deathrates) ; capping background deaths to ensure background deaths >= 0
DEBUG [2023-12-07 22:27:51] at t=2025.5 2 age groups with HIV TB deaths exceeding all cause mortality (WHO deathrates) ; capping background deaths to ensure background deaths >= 0
DEBUG [2023-12-07 22:27:51] at t=2026 3 age groups with HIV TB deaths exceeding all cause mortality (WHO deathrates) ; capping background deaths to ensure background deaths >= 0
DEBUG [2023-12-07 22:27:51] at t=2026.5 2 age groups with HIV TB deaths exceeding all cause mortality (WHO deathrates) ; capping background deaths to ensure background deaths >= 0
DEBUG [2023-12-07 22:27:51] at t=2027 2 age groups with HIV TB deaths exceeding all cause mortality (WHO deathrates) ; capping background deaths to ensure background deaths >= 0
DEBUG [2023-12-07 22:27:51] at t=2027.5 2 age groups with HIV TB deaths exceeding all cause mortality (WHO deathrates) ; capping background deaths to ensure background deaths >= 0
DEBUG [2023-12-07 22:27:51] at t=2028 2 age groups with HIV TB deaths exceeding all cause mortality (WHO deathrates) ; capping background deaths to ensure background deaths >= 0
DEBUG [2023-12-07 22:27:51] at t=2028.5 1 age groups with HIV TB deaths exceeding all cause mortality (WHO deathrates) ; capping background deaths to ensure background deaths >= 0
DEBUG [2023-12-07 22:27:51] at t=2029 1 age groups with HIV TB deaths exceeding all cause mortality (WHO deathrates) ; capping background deaths to ensure background deaths >= 0
DEBUG [2023-12-07 22:27:51] at t=2029.5 1 age groups with HIV TB deaths exceeding all cause mortality (WHO deathrates) ; capping background deaths to ensure background deaths >= 0
DEBUG [2023-12-07 22:27:51] at t=2030 1 age groups with HIV TB deaths exceeding all cause mortality (WHO deathrates) ; capping background deaths to ensure background deaths >= 0
DEBUG [2023-12-07 22:27:51] successful call of demography.from.model.run()
DEBUG [2023-12-07 22:28:05] successful result of read.model()
DEBUG [2023-12-07 22:28:17] successful result of init.var.parameters.and.matrices()
INFO  [2023-12-07 22:34:49]  ntimesteps = 7327 in 00:06:32 elapsed (00:06:31 cpu)
DEBUG [2023-12-07 22:34:52] successful result of run.deSolve()
WARN  [2023-12-07 22:34:53]  at t = 1981.5 18 state variables < 0 and >  -1e-04  reset to 0 after simulation run and before processing output
WARN  [2023-12-07 22:34:53]  at t = 2011.5 2 state variables < 0 and >  -1e-04  reset to 0 after simulation run and before processing output
DEBUG [2023-12-07 22:35:00] successful generation of stocks output from generate.prevalence.output()
DEBUG [2023-12-07 22:35:00] successful call of demography.from.model.run()
DEBUG [2023-12-07 22:36:55] successful result of read.model()
DEBUG [2023-12-07 22:37:03] successful result of init.var.parameters.and.matrices()
WARN  [2023-12-07 22:41:24]  ntimesteps = 7667 in 00:04:21 elapsed (00:04:20 cpu) which may be excessive ; please reconsider parameter values
DEBUG [2023-12-07 22:41:26] successful result of run.deSolve()
DEBUG [2023-12-07 22:41:33] successful generation of stocks output from generate.prevalence.output()
DEBUG [2023-12-07 22:41:33] successful call of demography.from.model.run()
DEBUG [2023-12-07 22:42:30] successful result of read.model()
DEBUG [2023-12-07 22:42:41] successful result of init.var.parameters.and.matrices()
INFO  [2023-12-07 22:46:07]  ntimesteps = 6939 in 00:03:25 elapsed (00:03:25 cpu)
DEBUG [2023-12-07 22:46:09] successful result of run.deSolve()
WARN  [2023-12-07 22:46:10]  at t = 1981.5 110 state variables < 0 and >  -1e-04  reset to 0 after simulation run and before processing output
ERROR [2023-12-07 22:46:10]  at t = 1981.5 state variables < min.value.for.state.var : state = never-low-risk1-HIVu2-Ds ; age group = 16; value = -0.000195425
ERROR [2023-12-07 22:46:10]  at t = 1981.5 state variables < min.value.for.state.var : state = never-high-risk1-HIVu2-Ds ; age group = 16; value = -0.000106485
ERROR [2023-12-07 22:46:10]  at t = 1981.5 state variables < min.value.for.state.var : state = never-low-risk1-HIVu2-Ds ; age group = 17; value = -0.000166841
ERROR [2023-12-07 22:46:10]  at t = 1981.5 state variables < min.value.for.state.var : state = never-low-risk1-HIVu2-Ds ; age group = 18; value = -0.000139024
ERROR [2023-12-07 22:46:10]  at t = 1981.5 state variables < min.value.for.state.var : state = never-low-risk1-HIVu2-Ds ; age group = 19; value = -0.000116178
ERROR [2023-12-07 22:46:10]  at t = 1981.5 state variables < min.value.for.state.var : state = never-low-risk1-HIVu2-Ds ; age group = 20; value = -0.000104901
ERROR [2023-12-07 22:46:10]  at t = 1981.5 state variables < min.value.for.state.var : state = never-low-risk1-HIVu2-Ds ; age group = 21; value = -0.000112465
WARN  [2023-12-07 22:46:10]  at t = 2011.5 2 state variables < 0 and >  -1e-04  reset to 0 after simulation run and before processing output
DEBUG [2023-12-07 22:46:17] successful generation of stocks output from generate.prevalence.output()
DEBUG [2023-12-07 22:46:17] at t=1987.5 1 age groups with HIV TB deaths exceeding all cause mortality (WHO deathrates) ; capping background deaths to ensure background deaths >= 0
DEBUG [2023-12-07 22:46:17] at t=1988 2 age groups with HIV TB deaths exceeding all cause mortality (WHO deathrates) ; capping background deaths to ensure background deaths >= 0
DEBUG [2023-12-07 22:46:17] at t=1988.5 2 age groups with HIV TB deaths exceeding all cause mortality (WHO deathrates) ; capping background deaths to ensure background deaths >= 0
DEBUG [2023-12-07 22:46:17] at t=1989 3 age groups with HIV TB deaths exceeding all cause mortality (WHO deathrates) ; capping background deaths to ensure background deaths >= 0
DEBUG [2023-12-07 22:46:17] at t=1989.5 7 age groups with HIV TB deaths exceeding all cause mortality (WHO deathrates) ; capping background deaths to ensure background deaths >= 0
DEBUG [2023-12-07 22:46:17] at t=1990 8 age groups with HIV TB deaths exceeding all cause mortality (WHO deathrates) ; capping background deaths to ensure background deaths >= 0
DEBUG [2023-12-07 22:46:17] at t=1990.5 7 age groups with HIV TB deaths exceeding all cause mortality (WHO deathrates) ; capping background deaths to ensure background deaths >= 0
DEBUG [2023-12-07 22:46:17] at t=1991 9 age groups with HIV TB deaths exceeding all cause mortality (WHO deathrates) ; capping background deaths to ensure background deaths >= 0
DEBUG [2023-12-07 22:46:17] at t=1991.5 11 age groups with HIV TB deaths exceeding all cause mortality (WHO deathrates) ; capping background deaths to ensure background deaths >= 0
DEBUG [2023-12-07 22:46:17] at t=1992 13 age groups with HIV TB deaths exceeding all cause mortality (WHO deathrates) ; capping background deaths to ensure background deaths >= 0
DEBUG [2023-12-07 22:46:17] at t=1992.5 13 age groups with HIV TB deaths exceeding all cause mortality (WHO deathrates) ; capping background deaths to ensure background deaths >= 0
DEBUG [2023-12-07 22:46:17] at t=1993 13 age groups with HIV TB deaths exceeding all cause mortality (WHO deathrates) ; capping background deaths to ensure background deaths >= 0
DEBUG [2023-12-07 22:46:17] at t=1993.5 14 age groups with HIV TB deaths exceeding all cause mortality (WHO deathrates) ; capping background deaths to ensure background deaths >= 0
DEBUG [2023-12-07 22:46:17] at t=1994 15 age groups with HIV TB deaths exceeding all cause mortality (WHO deathrates) ; capping background deaths to ensure background deaths >= 0
DEBUG [2023-12-07 22:46:17] at t=1994.5 14 age groups with HIV TB deaths exceeding all cause mortality (WHO deathrates) ; capping background deaths to ensure background deaths >= 0
DEBUG [2023-12-07 22:46:17] at t=1995 15 age groups with HIV TB deaths exceeding all cause mortality (WHO deathrates) ; capping background deaths to ensure background deaths >= 0
DEBUG [2023-12-07 22:46:17] at t=1995.5 14 age groups with HIV TB deaths exceeding all cause mortality (WHO deathrates) ; capping background deaths to ensure background deaths >= 0
DEBUG [2023-12-07 22:46:17] at t=1996 15 age groups with HIV TB deaths exceeding all cause mortality (WHO deathrates) ; capping background deaths to ensure background deaths >= 0
DEBUG [2023-12-07 22:46:17] at t=1996.5 15 age groups with HIV TB deaths exceeding all cause mortality (WHO deathrates) ; capping background deaths to ensure background deaths >= 0
DEBUG [2023-12-07 22:46:17] at t=1997 15 age groups with HIV TB deaths exceeding all cause mortality (WHO deathrates) ; capping background deaths to ensure background deaths >= 0
DEBUG [2023-12-07 22:46:17] at t=1997.5 15 age groups with HIV TB deaths exceeding all cause mortality (WHO deathrates) ; capping background deaths to ensure background deaths >= 0
DEBUG [2023-12-07 22:46:17] at t=1998 15 age groups with HIV TB deaths exceeding all cause mortality (WHO deathrates) ; capping background deaths to ensure background deaths >= 0
DEBUG [2023-12-07 22:46:17] at t=1998.5 15 age groups with HIV TB deaths exceeding all cause mortality (WHO deathrates) ; capping background deaths to ensure background deaths >= 0
DEBUG [2023-12-07 22:46:17] at t=1999 15 age groups with HIV TB deaths exceeding all cause mortality (WHO deathrates) ; capping background deaths to ensure background deaths >= 0
DEBUG [2023-12-07 22:46:17] at t=1999.5 12 age groups with HIV TB deaths exceeding all cause mortality (WHO deathrates) ; capping background deaths to ensure background deaths >= 0
DEBUG [2023-12-07 22:46:17] at t=2000 13 age groups with HIV TB deaths exceeding all cause mortality (WHO deathrates) ; capping background deaths to ensure background deaths >= 0
DEBUG [2023-12-07 22:46:17] at t=2000.5 12 age groups with HIV TB deaths exceeding all cause mortality (WHO deathrates) ; capping background deaths to ensure background deaths >= 0
DEBUG [2023-12-07 22:46:17] at t=2001 13 age groups with HIV TB deaths exceeding all cause mortality (WHO deathrates) ; capping background deaths to ensure background deaths >= 0
DEBUG [2023-12-07 22:46:17] at t=2001.5 11 age groups with HIV TB deaths exceeding all cause mortality (WHO deathrates) ; capping background deaths to ensure background deaths >= 0
DEBUG [2023-12-07 22:46:17] at t=2002 13 age groups with HIV TB deaths exceeding all cause mortality (WHO deathrates) ; capping background deaths to ensure background deaths >= 0
DEBUG [2023-12-07 22:46:17] at t=2002.5 10 age groups with HIV TB deaths exceeding all cause mortality (WHO deathrates) ; capping background deaths to ensure background deaths >= 0
DEBUG [2023-12-07 22:46:17] at t=2003 12 age groups with HIV TB deaths exceeding all cause mortality (WHO deathrates) ; capping background deaths to ensure background deaths >= 0
DEBUG [2023-12-07 22:46:17] at t=2003.5 8 age groups with HIV TB deaths exceeding all cause mortality (WHO deathrates) ; capping background deaths to ensure background deaths >= 0
DEBUG [2023-12-07 22:46:17] at t=2004 10 age groups with HIV TB deaths exceeding all cause mortality (WHO deathrates) ; capping background deaths to ensure background deaths >= 0
DEBUG [2023-12-07 22:46:17] at t=2004.5 8 age groups with HIV TB deaths exceeding all cause mortality (WHO deathrates) ; capping background deaths to ensure background deaths >= 0
DEBUG [2023-12-07 22:46:17] at t=2005 11 age groups with HIV TB deaths exceeding all cause mortality (WHO deathrates) ; capping background deaths to ensure background deaths >= 0
DEBUG [2023-12-07 22:46:17] at t=2005.5 8 age groups with HIV TB deaths exceeding all cause mortality (WHO deathrates) ; capping background deaths to ensure background deaths >= 0
DEBUG [2023-12-07 22:46:17] at t=2006 11 age groups with HIV TB deaths exceeding all cause mortality (WHO deathrates) ; capping background deaths to ensure background deaths >= 0
DEBUG [2023-12-07 22:46:17] at t=2006.5 9 age groups with HIV TB deaths exceeding all cause mortality (WHO deathrates) ; capping background deaths to ensure background deaths >= 0
DEBUG [2023-12-07 22:46:17] at t=2007 11 age groups with HIV TB deaths exceeding all cause mortality (WHO deathrates) ; capping background deaths to ensure background deaths >= 0
DEBUG [2023-12-07 22:46:17] at t=2007.5 11 age groups with HIV TB deaths exceeding all cause mortality (WHO deathrates) ; capping background deaths to ensure background deaths >= 0
DEBUG [2023-12-07 22:46:17] at t=2008 11 age groups with HIV TB deaths exceeding all cause mortality (WHO deathrates) ; capping background deaths to ensure background deaths >= 0
DEBUG [2023-12-07 22:46:17] at t=2008.5 11 age groups with HIV TB deaths exceeding all cause mortality (WHO deathrates) ; capping background deaths to ensure background deaths >= 0
DEBUG [2023-12-07 22:46:17] at t=2009 11 age groups with HIV TB deaths exceeding all cause mortality (WHO deathrates) ; capping background deaths to ensure background deaths >= 0
DEBUG [2023-12-07 22:46:17] at t=2009.5 13 age groups with HIV TB deaths exceeding all cause mortality (WHO deathrates) ; capping background deaths to ensure background deaths >= 0
DEBUG [2023-12-07 22:46:17] at t=2010 12 age groups with HIV TB deaths exceeding all cause mortality (WHO deathrates) ; capping background deaths to ensure background deaths >= 0
DEBUG [2023-12-07 22:46:17] at t=2010.5 17 age groups with HIV TB deaths exceeding all cause mortality (WHO deathrates) ; capping background deaths to ensure background deaths >= 0
DEBUG [2023-12-07 22:46:17] at t=2011 17 age groups with HIV TB deaths exceeding all cause mortality (WHO deathrates) ; capping background deaths to ensure background deaths >= 0
DEBUG [2023-12-07 22:46:17] at t=2011.5 19 age groups with HIV TB deaths exceeding all cause mortality (WHO deathrates) ; capping background deaths to ensure background deaths >= 0
DEBUG [2023-12-07 22:46:17] at t=2012 19 age groups with HIV TB deaths exceeding all cause mortality (WHO deathrates) ; capping background deaths to ensure background deaths >= 0
DEBUG [2023-12-07 22:46:17] at t=2012.5 20 age groups with HIV TB deaths exceeding all cause mortality (WHO deathrates) ; capping background deaths to ensure background deaths >= 0
DEBUG [2023-12-07 22:46:17] at t=2013 19 age groups with HIV TB deaths exceeding all cause mortality (WHO deathrates) ; capping background deaths to ensure background deaths >= 0
DEBUG [2023-12-07 22:46:17] at t=2013.5 20 age groups with HIV TB deaths exceeding all cause mortality (WHO deathrates) ; capping background deaths to ensure background deaths >= 0
DEBUG [2023-12-07 22:46:17] at t=2014 19 age groups with HIV TB deaths exceeding all cause mortality (WHO deathrates) ; capping background deaths to ensure background deaths >= 0
DEBUG [2023-12-07 22:46:17] at t=2014.5 18 age groups with HIV TB deaths exceeding all cause mortality (WHO deathrates) ; capping background deaths to ensure background deaths >= 0
DEBUG [2023-12-07 22:46:17] at t=2015 18 age groups with HIV TB deaths exceeding all cause mortality (WHO deathrates) ; capping background deaths to ensure background deaths >= 0
DEBUG [2023-12-07 22:46:17] at t=2015.5 16 age groups with HIV TB deaths exceeding all cause mortality (WHO deathrates) ; capping background deaths to ensure background deaths >= 0
DEBUG [2023-12-07 22:46:17] at t=2016 16 age groups with HIV TB deaths exceeding all cause mortality (WHO deathrates) ; capping background deaths to ensure background deaths >= 0
DEBUG [2023-12-07 22:46:17] at t=2016.5 13 age groups with HIV TB deaths exceeding all cause mortality (WHO deathrates) ; capping background deaths to ensure background deaths >= 0
DEBUG [2023-12-07 22:46:17] at t=2017 14 age groups with HIV TB deaths exceeding all cause mortality (WHO deathrates) ; capping background deaths to ensure background deaths >= 0
DEBUG [2023-12-07 22:46:17] at t=2017.5 11 age groups with HIV TB deaths exceeding all cause mortality (WHO deathrates) ; capping background deaths to ensure background deaths >= 0
DEBUG [2023-12-07 22:46:17] at t=2018 10 age groups with HIV TB deaths exceeding all cause mortality (WHO deathrates) ; capping background deaths to ensure background deaths >= 0
DEBUG [2023-12-07 22:46:17] at t=2018.5 8 age groups with HIV TB deaths exceeding all cause mortality (WHO deathrates) ; capping background deaths to ensure background deaths >= 0
DEBUG [2023-12-07 22:46:17] at t=2019 8 age groups with HIV TB deaths exceeding all cause mortality (WHO deathrates) ; capping background deaths to ensure background deaths >= 0
DEBUG [2023-12-07 22:46:17] at t=2019.5 8 age groups with HIV TB deaths exceeding all cause mortality (WHO deathrates) ; capping background deaths to ensure background deaths >= 0
DEBUG [2023-12-07 22:46:17] at t=2020 9 age groups with HIV TB deaths exceeding all cause mortality (WHO deathrates) ; capping background deaths to ensure background deaths >= 0
DEBUG [2023-12-07 22:46:17] at t=2020.5 7 age groups with HIV TB deaths exceeding all cause mortality (WHO deathrates) ; capping background deaths to ensure background deaths >= 0
DEBUG [2023-12-07 22:46:17] at t=2021 8 age groups with HIV TB deaths exceeding all cause mortality (WHO deathrates) ; capping background deaths to ensure background deaths >= 0
DEBUG [2023-12-07 22:46:17] at t=2021.5 6 age groups with HIV TB deaths exceeding all cause mortality (WHO deathrates) ; capping background deaths to ensure background deaths >= 0
DEBUG [2023-12-07 22:46:17] at t=2022 7 age groups with HIV TB deaths exceeding all cause mortality (WHO deathrates) ; capping background deaths to ensure background deaths >= 0
DEBUG [2023-12-07 22:46:17] at t=2022.5 5 age groups with HIV TB deaths exceeding all cause mortality (WHO deathrates) ; capping background deaths to ensure background deaths >= 0
DEBUG [2023-12-07 22:46:17] at t=2023 6 age groups with HIV TB deaths exceeding all cause mortality (WHO deathrates) ; capping background deaths to ensure background deaths >= 0
DEBUG [2023-12-07 22:46:17] at t=2023.5 4 age groups with HIV TB deaths exceeding all cause mortality (WHO deathrates) ; capping background deaths to ensure background deaths >= 0
DEBUG [2023-12-07 22:46:17] at t=2024 4 age groups with HIV TB deaths exceeding all cause mortality (WHO deathrates) ; capping background deaths to ensure background deaths >= 0
DEBUG [2023-12-07 22:46:17] at t=2024.5 3 age groups with HIV TB deaths exceeding all cause mortality (WHO deathrates) ; capping background deaths to ensure background deaths >= 0
DEBUG [2023-12-07 22:46:17] at t=2025 3 age groups with HIV TB deaths exceeding all cause mortality (WHO deathrates) ; capping background deaths to ensure background deaths >= 0
DEBUG [2023-12-07 22:46:17] at t=2025.5 2 age groups with HIV TB deaths exceeding all cause mortality (WHO deathrates) ; capping background deaths to ensure background deaths >= 0
DEBUG [2023-12-07 22:46:17] at t=2026 3 age groups with HIV TB deaths exceeding all cause mortality (WHO deathrates) ; capping background deaths to ensure background deaths >= 0
DEBUG [2023-12-07 22:46:17] at t=2026.5 2 age groups with HIV TB deaths exceeding all cause mortality (WHO deathrates) ; capping background deaths to ensure background deaths >= 0
DEBUG [2023-12-07 22:46:17] at t=2027 2 age groups with HIV TB deaths exceeding all cause mortality (WHO deathrates) ; capping background deaths to ensure background deaths >= 0
DEBUG [2023-12-07 22:46:17] at t=2027.5 2 age groups with HIV TB deaths exceeding all cause mortality (WHO deathrates) ; capping background deaths to ensure background deaths >= 0
DEBUG [2023-12-07 22:46:17] at t=2028 2 age groups with HIV TB deaths exceeding all cause mortality (WHO deathrates) ; capping background deaths to ensure background deaths >= 0
DEBUG [2023-12-07 22:46:17] at t=2028.5 1 age groups with HIV TB deaths exceeding all cause mortality (WHO deathrates) ; capping background deaths to ensure background deaths >= 0
DEBUG [2023-12-07 22:46:17] at t=2029 1 age groups with HIV TB deaths exceeding all cause mortality (WHO deathrates) ; capping background deaths to ensure background deaths >= 0
DEBUG [2023-12-07 22:46:17] at t=2029.5 1 age groups with HIV TB deaths exceeding all cause mortality (WHO deathrates) ; capping background deaths to ensure background deaths >= 0
DEBUG [2023-12-07 22:46:17] at t=2030 1 age groups with HIV TB deaths exceeding all cause mortality (WHO deathrates) ; capping background deaths to ensure background deaths >= 0
DEBUG [2023-12-07 22:46:17] successful call of demography.from.model.run()
DEBUG [2023-12-07 22:46:32] successful result of read.model()
DEBUG [2023-12-07 22:46:44] successful result of init.var.parameters.and.matrices()
INFO  [2023-12-07 22:53:18]  ntimesteps = 7303 in 00:06:34 elapsed (00:06:33 cpu)
DEBUG [2023-12-07 22:53:21] successful result of run.deSolve()
WARN  [2023-12-07 22:53:22]  at t = 1981.5 110 state variables < 0 and >  -1e-04  reset to 0 after simulation run and before processing output
ERROR [2023-12-07 22:53:22]  at t = 1981.5 state variables < min.value.for.state.var : state = never-low-risk1-HIVu2-Ds ; age group = 16; value = -0.000195425
ERROR [2023-12-07 22:53:22]  at t = 1981.5 state variables < min.value.for.state.var : state = never-high-risk1-HIVu2-Ds ; age group = 16; value = -0.000106485
ERROR [2023-12-07 22:53:22]  at t = 1981.5 state variables < min.value.for.state.var : state = never-low-risk1-HIVu2-Ds ; age group = 17; value = -0.000166841
ERROR [2023-12-07 22:53:22]  at t = 1981.5 state variables < min.value.for.state.var : state = never-low-risk1-HIVu2-Ds ; age group = 18; value = -0.000139024
ERROR [2023-12-07 22:53:22]  at t = 1981.5 state variables < min.value.for.state.var : state = never-low-risk1-HIVu2-Ds ; age group = 19; value = -0.000116178
ERROR [2023-12-07 22:53:22]  at t = 1981.5 state variables < min.value.for.state.var : state = never-low-risk1-HIVu2-Ds ; age group = 20; value = -0.000104901
ERROR [2023-12-07 22:53:22]  at t = 1981.5 state variables < min.value.for.state.var : state = never-low-risk1-HIVu2-Ds ; age group = 21; value = -0.000112465
WARN  [2023-12-07 22:53:22]  at t = 2011.5 2 state variables < 0 and >  -1e-04  reset to 0 after simulation run and before processing output
DEBUG [2023-12-07 22:53:28] successful generation of stocks output from generate.prevalence.output()
DEBUG [2023-12-07 22:53:29] successful call of demography.from.model.run()
DEBUG [2023-12-07 22:55:25] successful result of read.model()
DEBUG [2023-12-07 22:55:32] successful result of init.var.parameters.and.matrices()
WARN  [2023-12-07 22:59:55]  ntimesteps = 7672 in 00:04:22 elapsed (00:04:21 cpu) which may be excessive ; please reconsider parameter values
DEBUG [2023-12-07 22:59:57] successful result of run.deSolve()
WARN  [2023-12-07 22:59:57]  at t = 1982 6 state variables < 0 and >  -1e-04  reset to 0 after simulation run and before processing output
DEBUG [2023-12-07 23:00:03] successful generation of stocks output from generate.prevalence.output()
DEBUG [2023-12-07 23:00:04] successful call of demography.from.model.run()
DEBUG [2023-12-07 23:01:05] successful result of read.model()
DEBUG [2023-12-07 23:01:16] successful result of init.var.parameters.and.matrices()
INFO  [2023-12-07 23:04:42]  ntimesteps = 6946 in 00:03:26 elapsed (00:03:25 cpu)
DEBUG [2023-12-07 23:04:45] successful result of run.deSolve()
WARN  [2023-12-07 23:04:46]  at t = 1981.5 116 state variables < 0 and >  -1e-04  reset to 0 after simulation run and before processing output
ERROR [2023-12-07 23:04:46]  at t = 1981.5 state variables < min.value.for.state.var : state = never-low-risk1-HIVu2-Ds ; age group = 16; value = -0.000313814
ERROR [2023-12-07 23:04:46]  at t = 1981.5 state variables < min.value.for.state.var : state = never-high-risk1-HIVu2-Ds ; age group = 16; value = -0.000189975
ERROR [2023-12-07 23:04:46]  at t = 1981.5 state variables < min.value.for.state.var : state = never-low-risk1-HIVu2-Ds ; age group = 17; value = -0.000272587
ERROR [2023-12-07 23:04:46]  at t = 1981.5 state variables < min.value.for.state.var : state = never-high-risk1-HIVu2-Ds ; age group = 17; value = -0.000164327
ERROR [2023-12-07 23:04:46]  at t = 1981.5 state variables < min.value.for.state.var : state = never-low-risk1-HIVu2-Ds ; age group = 18; value = -0.000231803
ERROR [2023-12-07 23:04:46]  at t = 1981.5 state variables < min.value.for.state.var : state = never-high-risk1-HIVu2-Ds ; age group = 18; value = -0.000138334
ERROR [2023-12-07 23:04:46]  at t = 1981.5 state variables < min.value.for.state.var : state = never-low-risk1-HIVu2-Ds ; age group = 19; value = -0.000197798
ERROR [2023-12-07 23:04:46]  at t = 1981.5 state variables < min.value.for.state.var : state = never-high-risk1-HIVu2-Ds ; age group = 19; value = -0.000116669
ERROR [2023-12-07 23:04:46]  at t = 1981.5 state variables < min.value.for.state.var : state = never-low-risk1-HIVu2-Ds ; age group = 20; value = -0.000177123
ERROR [2023-12-07 23:04:46]  at t = 1981.5 state variables < min.value.for.state.var : state = never-high-risk1-HIVu2-Ds ; age group = 20; value = -0.000107463
ERROR [2023-12-07 23:04:46]  at t = 1981.5 state variables < min.value.for.state.var : state = never-low-risk1-HIVu2-Ds ; age group = 21; value = -0.000182594
ERROR [2023-12-07 23:04:46]  at t = 1981.5 state variables < min.value.for.state.var : state = never-high-risk1-HIVu2-Ds ; age group = 21; value = -0.000118185
ERROR [2023-12-07 23:04:46]  at t = 1981.5 state variables < min.value.for.state.var : state = never-low-risk1-HIVu2-Ds ; age group = 22; value = -0.00010466
WARN  [2023-12-07 23:04:46]  at t = 1983 5 state variables < 0 and >  -1e-04  reset to 0 after simulation run and before processing output
WARN  [2023-12-07 23:04:46]  at t = 2011.5 1 state variables < 0 and >  -1e-04  reset to 0 after simulation run and before processing output
ERROR [2023-12-07 23:04:46]  at t = 2011.5 state variables < min.value.for.state.var : state = never-high-risk1-ARTn2-Ds ; age group = 15; value = -0.000105852
DEBUG [2023-12-07 23:04:52] successful generation of stocks output from generate.prevalence.output()
DEBUG [2023-12-07 23:04:52] at t=1987.5 1 age groups with HIV TB deaths exceeding all cause mortality (WHO deathrates) ; capping background deaths to ensure background deaths >= 0
DEBUG [2023-12-07 23:04:52] at t=1988 2 age groups with HIV TB deaths exceeding all cause mortality (WHO deathrates) ; capping background deaths to ensure background deaths >= 0
DEBUG [2023-12-07 23:04:52] at t=1988.5 2 age groups with HIV TB deaths exceeding all cause mortality (WHO deathrates) ; capping background deaths to ensure background deaths >= 0
DEBUG [2023-12-07 23:04:52] at t=1989 2 age groups with HIV TB deaths exceeding all cause mortality (WHO deathrates) ; capping background deaths to ensure background deaths >= 0
DEBUG [2023-12-07 23:04:52] at t=1989.5 7 age groups with HIV TB deaths exceeding all cause mortality (WHO deathrates) ; capping background deaths to ensure background deaths >= 0
DEBUG [2023-12-07 23:04:52] at t=1990 8 age groups with HIV TB deaths exceeding all cause mortality (WHO deathrates) ; capping background deaths to ensure background deaths >= 0
DEBUG [2023-12-07 23:04:52] at t=1990.5 7 age groups with HIV TB deaths exceeding all cause mortality (WHO deathrates) ; capping background deaths to ensure background deaths >= 0
DEBUG [2023-12-07 23:04:52] at t=1991 9 age groups with HIV TB deaths exceeding all cause mortality (WHO deathrates) ; capping background deaths to ensure background deaths >= 0
DEBUG [2023-12-07 23:04:52] at t=1991.5 11 age groups with HIV TB deaths exceeding all cause mortality (WHO deathrates) ; capping background deaths to ensure background deaths >= 0
DEBUG [2023-12-07 23:04:52] at t=1992 13 age groups with HIV TB deaths exceeding all cause mortality (WHO deathrates) ; capping background deaths to ensure background deaths >= 0
DEBUG [2023-12-07 23:04:52] at t=1992.5 13 age groups with HIV TB deaths exceeding all cause mortality (WHO deathrates) ; capping background deaths to ensure background deaths >= 0
DEBUG [2023-12-07 23:04:52] at t=1993 13 age groups with HIV TB deaths exceeding all cause mortality (WHO deathrates) ; capping background deaths to ensure background deaths >= 0
DEBUG [2023-12-07 23:04:52] at t=1993.5 14 age groups with HIV TB deaths exceeding all cause mortality (WHO deathrates) ; capping background deaths to ensure background deaths >= 0
DEBUG [2023-12-07 23:04:52] at t=1994 15 age groups with HIV TB deaths exceeding all cause mortality (WHO deathrates) ; capping background deaths to ensure background deaths >= 0
DEBUG [2023-12-07 23:04:52] at t=1994.5 14 age groups with HIV TB deaths exceeding all cause mortality (WHO deathrates) ; capping background deaths to ensure background deaths >= 0
DEBUG [2023-12-07 23:04:52] at t=1995 15 age groups with HIV TB deaths exceeding all cause mortality (WHO deathrates) ; capping background deaths to ensure background deaths >= 0
DEBUG [2023-12-07 23:04:52] at t=1995.5 14 age groups with HIV TB deaths exceeding all cause mortality (WHO deathrates) ; capping background deaths to ensure background deaths >= 0
DEBUG [2023-12-07 23:04:52] at t=1996 15 age groups with HIV TB deaths exceeding all cause mortality (WHO deathrates) ; capping background deaths to ensure background deaths >= 0
DEBUG [2023-12-07 23:04:52] at t=1996.5 14 age groups with HIV TB deaths exceeding all cause mortality (WHO deathrates) ; capping background deaths to ensure background deaths >= 0
DEBUG [2023-12-07 23:04:52] at t=1997 15 age groups with HIV TB deaths exceeding all cause mortality (WHO deathrates) ; capping background deaths to ensure background deaths >= 0
DEBUG [2023-12-07 23:04:52] at t=1997.5 15 age groups with HIV TB deaths exceeding all cause mortality (WHO deathrates) ; capping background deaths to ensure background deaths >= 0
DEBUG [2023-12-07 23:04:52] at t=1998 15 age groups with HIV TB deaths exceeding all cause mortality (WHO deathrates) ; capping background deaths to ensure background deaths >= 0
DEBUG [2023-12-07 23:04:52] at t=1998.5 15 age groups with HIV TB deaths exceeding all cause mortality (WHO deathrates) ; capping background deaths to ensure background deaths >= 0
DEBUG [2023-12-07 23:04:52] at t=1999 15 age groups with HIV TB deaths exceeding all cause mortality (WHO deathrates) ; capping background deaths to ensure background deaths >= 0
DEBUG [2023-12-07 23:04:52] at t=1999.5 12 age groups with HIV TB deaths exceeding all cause mortality (WHO deathrates) ; capping background deaths to ensure background deaths >= 0
DEBUG [2023-12-07 23:04:52] at t=2000 13 age groups with HIV TB deaths exceeding all cause mortality (WHO deathrates) ; capping background deaths to ensure background deaths >= 0
DEBUG [2023-12-07 23:04:52] at t=2000.5 12 age groups with HIV TB deaths exceeding all cause mortality (WHO deathrates) ; capping background deaths to ensure background deaths >= 0
DEBUG [2023-12-07 23:04:52] at t=2001 13 age groups with HIV TB deaths exceeding all cause mortality (WHO deathrates) ; capping background deaths to ensure background deaths >= 0
DEBUG [2023-12-07 23:04:52] at t=2001.5 11 age groups with HIV TB deaths exceeding all cause mortality (WHO deathrates) ; capping background deaths to ensure background deaths >= 0
DEBUG [2023-12-07 23:04:52] at t=2002 13 age groups with HIV TB deaths exceeding all cause mortality (WHO deathrates) ; capping background deaths to ensure background deaths >= 0
DEBUG [2023-12-07 23:04:52] at t=2002.5 10 age groups with HIV TB deaths exceeding all cause mortality (WHO deathrates) ; capping background deaths to ensure background deaths >= 0
DEBUG [2023-12-07 23:04:52] at t=2003 12 age groups with HIV TB deaths exceeding all cause mortality (WHO deathrates) ; capping background deaths to ensure background deaths >= 0
DEBUG [2023-12-07 23:04:52] at t=2003.5 8 age groups with HIV TB deaths exceeding all cause mortality (WHO deathrates) ; capping background deaths to ensure background deaths >= 0
DEBUG [2023-12-07 23:04:52] at t=2004 10 age groups with HIV TB deaths exceeding all cause mortality (WHO deathrates) ; capping background deaths to ensure background deaths >= 0
DEBUG [2023-12-07 23:04:52] at t=2004.5 8 age groups with HIV TB deaths exceeding all cause mortality (WHO deathrates) ; capping background deaths to ensure background deaths >= 0
DEBUG [2023-12-07 23:04:52] at t=2005 11 age groups with HIV TB deaths exceeding all cause mortality (WHO deathrates) ; capping background deaths to ensure background deaths >= 0
DEBUG [2023-12-07 23:04:52] at t=2005.5 8 age groups with HIV TB deaths exceeding all cause mortality (WHO deathrates) ; capping background deaths to ensure background deaths >= 0
DEBUG [2023-12-07 23:04:52] at t=2006 11 age groups with HIV TB deaths exceeding all cause mortality (WHO deathrates) ; capping background deaths to ensure background deaths >= 0
DEBUG [2023-12-07 23:04:52] at t=2006.5 8 age groups with HIV TB deaths exceeding all cause mortality (WHO deathrates) ; capping background deaths to ensure background deaths >= 0
DEBUG [2023-12-07 23:04:52] at t=2007 11 age groups with HIV TB deaths exceeding all cause mortality (WHO deathrates) ; capping background deaths to ensure background deaths >= 0
DEBUG [2023-12-07 23:04:52] at t=2007.5 11 age groups with HIV TB deaths exceeding all cause mortality (WHO deathrates) ; capping background deaths to ensure background deaths >= 0
DEBUG [2023-12-07 23:04:52] at t=2008 11 age groups with HIV TB deaths exceeding all cause mortality (WHO deathrates) ; capping background deaths to ensure background deaths >= 0
DEBUG [2023-12-07 23:04:52] at t=2008.5 11 age groups with HIV TB deaths exceeding all cause mortality (WHO deathrates) ; capping background deaths to ensure background deaths >= 0
DEBUG [2023-12-07 23:04:52] at t=2009 11 age groups with HIV TB deaths exceeding all cause mortality (WHO deathrates) ; capping background deaths to ensure background deaths >= 0
DEBUG [2023-12-07 23:04:52] at t=2009.5 12 age groups with HIV TB deaths exceeding all cause mortality (WHO deathrates) ; capping background deaths to ensure background deaths >= 0
DEBUG [2023-12-07 23:04:52] at t=2010 12 age groups with HIV TB deaths exceeding all cause mortality (WHO deathrates) ; capping background deaths to ensure background deaths >= 0
DEBUG [2023-12-07 23:04:52] at t=2010.5 16 age groups with HIV TB deaths exceeding all cause mortality (WHO deathrates) ; capping background deaths to ensure background deaths >= 0
DEBUG [2023-12-07 23:04:52] at t=2011 16 age groups with HIV TB deaths exceeding all cause mortality (WHO deathrates) ; capping background deaths to ensure background deaths >= 0
DEBUG [2023-12-07 23:04:52] at t=2011.5 19 age groups with HIV TB deaths exceeding all cause mortality (WHO deathrates) ; capping background deaths to ensure background deaths >= 0
DEBUG [2023-12-07 23:04:52] at t=2012 20 age groups with HIV TB deaths exceeding all cause mortality (WHO deathrates) ; capping background deaths to ensure background deaths >= 0
DEBUG [2023-12-07 23:04:52] at t=2012.5 20 age groups with HIV TB deaths exceeding all cause mortality (WHO deathrates) ; capping background deaths to ensure background deaths >= 0
DEBUG [2023-12-07 23:04:52] at t=2013 19 age groups with HIV TB deaths exceeding all cause mortality (WHO deathrates) ; capping background deaths to ensure background deaths >= 0
DEBUG [2023-12-07 23:04:53] at t=2013.5 20 age groups with HIV TB deaths exceeding all cause mortality (WHO deathrates) ; capping background deaths to ensure background deaths >= 0
DEBUG [2023-12-07 23:04:53] at t=2014 19 age groups with HIV TB deaths exceeding all cause mortality (WHO deathrates) ; capping background deaths to ensure background deaths >= 0
DEBUG [2023-12-07 23:04:53] at t=2014.5 18 age groups with HIV TB deaths exceeding all cause mortality (WHO deathrates) ; capping background deaths to ensure background deaths >= 0
DEBUG [2023-12-07 23:04:53] at t=2015 18 age groups with HIV TB deaths exceeding all cause mortality (WHO deathrates) ; capping background deaths to ensure background deaths >= 0
DEBUG [2023-12-07 23:04:53] at t=2015.5 15 age groups with HIV TB deaths exceeding all cause mortality (WHO deathrates) ; capping background deaths to ensure background deaths >= 0
DEBUG [2023-12-07 23:04:53] at t=2016 16 age groups with HIV TB deaths exceeding all cause mortality (WHO deathrates) ; capping background deaths to ensure background deaths >= 0
DEBUG [2023-12-07 23:04:53] at t=2016.5 13 age groups with HIV TB deaths exceeding all cause mortality (WHO deathrates) ; capping background deaths to ensure background deaths >= 0
DEBUG [2023-12-07 23:04:53] at t=2017 14 age groups with HIV TB deaths exceeding all cause mortality (WHO deathrates) ; capping background deaths to ensure background deaths >= 0
DEBUG [2023-12-07 23:04:53] at t=2017.5 11 age groups with HIV TB deaths exceeding all cause mortality (WHO deathrates) ; capping background deaths to ensure background deaths >= 0
DEBUG [2023-12-07 23:04:53] at t=2018 10 age groups with HIV TB deaths exceeding all cause mortality (WHO deathrates) ; capping background deaths to ensure background deaths >= 0
DEBUG [2023-12-07 23:04:53] at t=2018.5 8 age groups with HIV TB deaths exceeding all cause mortality (WHO deathrates) ; capping background deaths to ensure background deaths >= 0
DEBUG [2023-12-07 23:04:53] at t=2019 8 age groups with HIV TB deaths exceeding all cause mortality (WHO deathrates) ; capping background deaths to ensure background deaths >= 0
DEBUG [2023-12-07 23:04:53] at t=2019.5 8 age groups with HIV TB deaths exceeding all cause mortality (WHO deathrates) ; capping background deaths to ensure background deaths >= 0
DEBUG [2023-12-07 23:04:53] at t=2020 8 age groups with HIV TB deaths exceeding all cause mortality (WHO deathrates) ; capping background deaths to ensure background deaths >= 0
DEBUG [2023-12-07 23:04:53] at t=2020.5 7 age groups with HIV TB deaths exceeding all cause mortality (WHO deathrates) ; capping background deaths to ensure background deaths >= 0
DEBUG [2023-12-07 23:04:53] at t=2021 8 age groups with HIV TB deaths exceeding all cause mortality (WHO deathrates) ; capping background deaths to ensure background deaths >= 0
DEBUG [2023-12-07 23:04:53] at t=2021.5 6 age groups with HIV TB deaths exceeding all cause mortality (WHO deathrates) ; capping background deaths to ensure background deaths >= 0
DEBUG [2023-12-07 23:04:53] at t=2022 7 age groups with HIV TB deaths exceeding all cause mortality (WHO deathrates) ; capping background deaths to ensure background deaths >= 0
DEBUG [2023-12-07 23:04:53] at t=2022.5 5 age groups with HIV TB deaths exceeding all cause mortality (WHO deathrates) ; capping background deaths to ensure background deaths >= 0
DEBUG [2023-12-07 23:04:53] at t=2023 5 age groups with HIV TB deaths exceeding all cause mortality (WHO deathrates) ; capping background deaths to ensure background deaths >= 0
DEBUG [2023-12-07 23:04:53] at t=2023.5 4 age groups with HIV TB deaths exceeding all cause mortality (WHO deathrates) ; capping background deaths to ensure background deaths >= 0
DEBUG [2023-12-07 23:04:53] at t=2024 4 age groups with HIV TB deaths exceeding all cause mortality (WHO deathrates) ; capping background deaths to ensure background deaths >= 0
DEBUG [2023-12-07 23:04:53] at t=2024.5 3 age groups with HIV TB deaths exceeding all cause mortality (WHO deathrates) ; capping background deaths to ensure background deaths >= 0
DEBUG [2023-12-07 23:04:53] at t=2025 3 age groups with HIV TB deaths exceeding all cause mortality (WHO deathrates) ; capping background deaths to ensure background deaths >= 0
DEBUG [2023-12-07 23:04:53] at t=2025.5 2 age groups with HIV TB deaths exceeding all cause mortality (WHO deathrates) ; capping background deaths to ensure background deaths >= 0
DEBUG [2023-12-07 23:04:53] at t=2026 3 age groups with HIV TB deaths exceeding all cause mortality (WHO deathrates) ; capping background deaths to ensure background deaths >= 0
DEBUG [2023-12-07 23:04:53] at t=2026.5 2 age groups with HIV TB deaths exceeding all cause mortality (WHO deathrates) ; capping background deaths to ensure background deaths >= 0
DEBUG [2023-12-07 23:04:53] at t=2027 2 age groups with HIV TB deaths exceeding all cause mortality (WHO deathrates) ; capping background deaths to ensure background deaths >= 0
DEBUG [2023-12-07 23:04:53] at t=2027.5 1 age groups with HIV TB deaths exceeding all cause mortality (WHO deathrates) ; capping background deaths to ensure background deaths >= 0
DEBUG [2023-12-07 23:04:53] at t=2028 2 age groups with HIV TB deaths exceeding all cause mortality (WHO deathrates) ; capping background deaths to ensure background deaths >= 0
DEBUG [2023-12-07 23:04:53] at t=2028.5 1 age groups with HIV TB deaths exceeding all cause mortality (WHO deathrates) ; capping background deaths to ensure background deaths >= 0
DEBUG [2023-12-07 23:04:53] at t=2029 1 age groups with HIV TB deaths exceeding all cause mortality (WHO deathrates) ; capping background deaths to ensure background deaths >= 0
DEBUG [2023-12-07 23:04:53] at t=2029.5 1 age groups with HIV TB deaths exceeding all cause mortality (WHO deathrates) ; capping background deaths to ensure background deaths >= 0
DEBUG [2023-12-07 23:04:53] at t=2030 1 age groups with HIV TB deaths exceeding all cause mortality (WHO deathrates) ; capping background deaths to ensure background deaths >= 0
DEBUG [2023-12-07 23:04:53] successful call of demography.from.model.run()
DEBUG [2023-12-07 23:05:07] successful result of read.model()
DEBUG [2023-12-07 23:05:19] successful result of init.var.parameters.and.matrices()
INFO  [2023-12-07 23:11:56]  ntimesteps = 7340 in 00:06:37 elapsed (00:06:35 cpu)
DEBUG [2023-12-07 23:11:59] successful result of run.deSolve()
WARN  [2023-12-07 23:11:59]  at t = 1981.5 116 state variables < 0 and >  -1e-04  reset to 0 after simulation run and before processing output
ERROR [2023-12-07 23:11:59]  at t = 1981.5 state variables < min.value.for.state.var : state = never-low-risk1-HIVu2-Ds ; age group = 16; value = -0.000313814
ERROR [2023-12-07 23:11:59]  at t = 1981.5 state variables < min.value.for.state.var : state = never-high-risk1-HIVu2-Ds ; age group = 16; value = -0.000189975
ERROR [2023-12-07 23:11:59]  at t = 1981.5 state variables < min.value.for.state.var : state = never-low-risk1-HIVu2-Ds ; age group = 17; value = -0.000272587
ERROR [2023-12-07 23:11:59]  at t = 1981.5 state variables < min.value.for.state.var : state = never-high-risk1-HIVu2-Ds ; age group = 17; value = -0.000164327
ERROR [2023-12-07 23:11:59]  at t = 1981.5 state variables < min.value.for.state.var : state = never-low-risk1-HIVu2-Ds ; age group = 18; value = -0.000231803
ERROR [2023-12-07 23:11:59]  at t = 1981.5 state variables < min.value.for.state.var : state = never-high-risk1-HIVu2-Ds ; age group = 18; value = -0.000138334
ERROR [2023-12-07 23:11:59]  at t = 1981.5 state variables < min.value.for.state.var : state = never-low-risk1-HIVu2-Ds ; age group = 19; value = -0.000197798
ERROR [2023-12-07 23:11:59]  at t = 1981.5 state variables < min.value.for.state.var : state = never-high-risk1-HIVu2-Ds ; age group = 19; value = -0.000116669
ERROR [2023-12-07 23:11:59]  at t = 1981.5 state variables < min.value.for.state.var : state = never-low-risk1-HIVu2-Ds ; age group = 20; value = -0.000177123
ERROR [2023-12-07 23:11:59]  at t = 1981.5 state variables < min.value.for.state.var : state = never-high-risk1-HIVu2-Ds ; age group = 20; value = -0.000107463
ERROR [2023-12-07 23:11:59]  at t = 1981.5 state variables < min.value.for.state.var : state = never-low-risk1-HIVu2-Ds ; age group = 21; value = -0.000182594
ERROR [2023-12-07 23:11:59]  at t = 1981.5 state variables < min.value.for.state.var : state = never-high-risk1-HIVu2-Ds ; age group = 21; value = -0.000118185
ERROR [2023-12-07 23:11:59]  at t = 1981.5 state variables < min.value.for.state.var : state = never-low-risk1-HIVu2-Ds ; age group = 22; value = -0.00010466
WARN  [2023-12-07 23:11:59]  at t = 1983 5 state variables < 0 and >  -1e-04  reset to 0 after simulation run and before processing output
WARN  [2023-12-07 23:12:00]  at t = 2011.5 1 state variables < 0 and >  -1e-04  reset to 0 after simulation run and before processing output
ERROR [2023-12-07 23:12:00]  at t = 2011.5 state variables < min.value.for.state.var : state = never-high-risk1-ARTn2-Ds ; age group = 15; value = -0.000105852
DEBUG [2023-12-07 23:12:07] successful generation of stocks output from generate.prevalence.output()
DEBUG [2023-12-07 23:12:07] successful call of demography.from.model.run()
DEBUG [2023-12-07 23:14:02] successful result of read.model()
DEBUG [2023-12-07 23:14:10] successful result of init.var.parameters.and.matrices()
WARN  [2023-12-07 23:18:30]  ntimesteps = 7663 in 00:04:20 elapsed (00:04:18 cpu) which may be excessive ; please reconsider parameter values
DEBUG [2023-12-07 23:18:32] successful result of run.deSolve()
DEBUG [2023-12-07 23:18:38] successful generation of stocks output from generate.prevalence.output()
DEBUG [2023-12-07 23:18:38] successful call of demography.from.model.run()
DEBUG [2023-12-07 23:19:44] successful result of read.model()
DEBUG [2023-12-07 23:19:55] successful result of init.var.parameters.and.matrices()
INFO  [2023-12-07 23:23:20]  ntimesteps = 6945 in 00:03:25 elapsed (00:03:24 cpu)
DEBUG [2023-12-07 23:23:23] successful result of run.deSolve()
WARN  [2023-12-07 23:23:24]  at t = 1981.5 100 state variables < 0 and >  -1e-04  reset to 0 after simulation run and before processing output
ERROR [2023-12-07 23:23:24]  at t = 1981.5 state variables < min.value.for.state.var : state = never-low-risk1-HIVu2-Ds ; age group = 16; value = -0.000177664
ERROR [2023-12-07 23:23:24]  at t = 1981.5 state variables < min.value.for.state.var : state = never-low-risk1-HIVu2-Ds ; age group = 17; value = -0.000151424
ERROR [2023-12-07 23:23:24]  at t = 1981.5 state variables < min.value.for.state.var : state = never-low-risk1-HIVu2-Ds ; age group = 18; value = -0.000125638
ERROR [2023-12-07 23:23:24]  at t = 1981.5 state variables < min.value.for.state.var : state = never-low-risk1-HIVu2-Ds ; age group = 19; value = -0.00010441
ERROR [2023-12-07 23:23:24]  at t = 1981.5 state variables < min.value.for.state.var : state = never-low-risk1-HIVu2-Ds ; age group = 21; value = -0.000102273
WARN  [2023-12-07 23:23:24]  at t = 2011.5 1 state variables < 0 and >  -1e-04  reset to 0 after simulation run and before processing output
DEBUG [2023-12-07 23:23:30] successful generation of stocks output from generate.prevalence.output()
DEBUG [2023-12-07 23:23:30] at t=1987.5 1 age groups with HIV TB deaths exceeding all cause mortality (WHO deathrates) ; capping background deaths to ensure background deaths >= 0
DEBUG [2023-12-07 23:23:30] at t=1988 2 age groups with HIV TB deaths exceeding all cause mortality (WHO deathrates) ; capping background deaths to ensure background deaths >= 0
DEBUG [2023-12-07 23:23:30] at t=1988.5 2 age groups with HIV TB deaths exceeding all cause mortality (WHO deathrates) ; capping background deaths to ensure background deaths >= 0
DEBUG [2023-12-07 23:23:30] at t=1989 3 age groups with HIV TB deaths exceeding all cause mortality (WHO deathrates) ; capping background deaths to ensure background deaths >= 0
DEBUG [2023-12-07 23:23:30] at t=1989.5 7 age groups with HIV TB deaths exceeding all cause mortality (WHO deathrates) ; capping background deaths to ensure background deaths >= 0
DEBUG [2023-12-07 23:23:30] at t=1990 8 age groups with HIV TB deaths exceeding all cause mortality (WHO deathrates) ; capping background deaths to ensure background deaths >= 0
DEBUG [2023-12-07 23:23:30] at t=1990.5 7 age groups with HIV TB deaths exceeding all cause mortality (WHO deathrates) ; capping background deaths to ensure background deaths >= 0
DEBUG [2023-12-07 23:23:30] at t=1991 9 age groups with HIV TB deaths exceeding all cause mortality (WHO deathrates) ; capping background deaths to ensure background deaths >= 0
DEBUG [2023-12-07 23:23:30] at t=1991.5 11 age groups with HIV TB deaths exceeding all cause mortality (WHO deathrates) ; capping background deaths to ensure background deaths >= 0
DEBUG [2023-12-07 23:23:30] at t=1992 13 age groups with HIV TB deaths exceeding all cause mortality (WHO deathrates) ; capping background deaths to ensure background deaths >= 0
DEBUG [2023-12-07 23:23:30] at t=1992.5 13 age groups with HIV TB deaths exceeding all cause mortality (WHO deathrates) ; capping background deaths to ensure background deaths >= 0
DEBUG [2023-12-07 23:23:30] at t=1993 13 age groups with HIV TB deaths exceeding all cause mortality (WHO deathrates) ; capping background deaths to ensure background deaths >= 0
DEBUG [2023-12-07 23:23:30] at t=1993.5 14 age groups with HIV TB deaths exceeding all cause mortality (WHO deathrates) ; capping background deaths to ensure background deaths >= 0
DEBUG [2023-12-07 23:23:30] at t=1994 15 age groups with HIV TB deaths exceeding all cause mortality (WHO deathrates) ; capping background deaths to ensure background deaths >= 0
DEBUG [2023-12-07 23:23:30] at t=1994.5 14 age groups with HIV TB deaths exceeding all cause mortality (WHO deathrates) ; capping background deaths to ensure background deaths >= 0
DEBUG [2023-12-07 23:23:30] at t=1995 15 age groups with HIV TB deaths exceeding all cause mortality (WHO deathrates) ; capping background deaths to ensure background deaths >= 0
DEBUG [2023-12-07 23:23:30] at t=1995.5 15 age groups with HIV TB deaths exceeding all cause mortality (WHO deathrates) ; capping background deaths to ensure background deaths >= 0
DEBUG [2023-12-07 23:23:30] at t=1996 15 age groups with HIV TB deaths exceeding all cause mortality (WHO deathrates) ; capping background deaths to ensure background deaths >= 0
DEBUG [2023-12-07 23:23:30] at t=1996.5 15 age groups with HIV TB deaths exceeding all cause mortality (WHO deathrates) ; capping background deaths to ensure background deaths >= 0
DEBUG [2023-12-07 23:23:30] at t=1997 15 age groups with HIV TB deaths exceeding all cause mortality (WHO deathrates) ; capping background deaths to ensure background deaths >= 0
DEBUG [2023-12-07 23:23:30] at t=1997.5 15 age groups with HIV TB deaths exceeding all cause mortality (WHO deathrates) ; capping background deaths to ensure background deaths >= 0
DEBUG [2023-12-07 23:23:30] at t=1998 16 age groups with HIV TB deaths exceeding all cause mortality (WHO deathrates) ; capping background deaths to ensure background deaths >= 0
DEBUG [2023-12-07 23:23:30] at t=1998.5 15 age groups with HIV TB deaths exceeding all cause mortality (WHO deathrates) ; capping background deaths to ensure background deaths >= 0
DEBUG [2023-12-07 23:23:30] at t=1999 16 age groups with HIV TB deaths exceeding all cause mortality (WHO deathrates) ; capping background deaths to ensure background deaths >= 0
DEBUG [2023-12-07 23:23:30] at t=1999.5 12 age groups with HIV TB deaths exceeding all cause mortality (WHO deathrates) ; capping background deaths to ensure background deaths >= 0
DEBUG [2023-12-07 23:23:30] at t=2000 13 age groups with HIV TB deaths exceeding all cause mortality (WHO deathrates) ; capping background deaths to ensure background deaths >= 0
DEBUG [2023-12-07 23:23:30] at t=2000.5 12 age groups with HIV TB deaths exceeding all cause mortality (WHO deathrates) ; capping background deaths to ensure background deaths >= 0
DEBUG [2023-12-07 23:23:30] at t=2001 13 age groups with HIV TB deaths exceeding all cause mortality (WHO deathrates) ; capping background deaths to ensure background deaths >= 0
DEBUG [2023-12-07 23:23:30] at t=2001.5 11 age groups with HIV TB deaths exceeding all cause mortality (WHO deathrates) ; capping background deaths to ensure background deaths >= 0
DEBUG [2023-12-07 23:23:30] at t=2002 13 age groups with HIV TB deaths exceeding all cause mortality (WHO deathrates) ; capping background deaths to ensure background deaths >= 0
DEBUG [2023-12-07 23:23:30] at t=2002.5 10 age groups with HIV TB deaths exceeding all cause mortality (WHO deathrates) ; capping background deaths to ensure background deaths >= 0
DEBUG [2023-12-07 23:23:30] at t=2003 12 age groups with HIV TB deaths exceeding all cause mortality (WHO deathrates) ; capping background deaths to ensure background deaths >= 0
DEBUG [2023-12-07 23:23:30] at t=2003.5 8 age groups with HIV TB deaths exceeding all cause mortality (WHO deathrates) ; capping background deaths to ensure background deaths >= 0
DEBUG [2023-12-07 23:23:30] at t=2004 11 age groups with HIV TB deaths exceeding all cause mortality (WHO deathrates) ; capping background deaths to ensure background deaths >= 0
DEBUG [2023-12-07 23:23:30] at t=2004.5 8 age groups with HIV TB deaths exceeding all cause mortality (WHO deathrates) ; capping background deaths to ensure background deaths >= 0
DEBUG [2023-12-07 23:23:30] at t=2005 11 age groups with HIV TB deaths exceeding all cause mortality (WHO deathrates) ; capping background deaths to ensure background deaths >= 0
DEBUG [2023-12-07 23:23:30] at t=2005.5 8 age groups with HIV TB deaths exceeding all cause mortality (WHO deathrates) ; capping background deaths to ensure background deaths >= 0
DEBUG [2023-12-07 23:23:30] at t=2006 11 age groups with HIV TB deaths exceeding all cause mortality (WHO deathrates) ; capping background deaths to ensure background deaths >= 0
DEBUG [2023-12-07 23:23:30] at t=2006.5 9 age groups with HIV TB deaths exceeding all cause mortality (WHO deathrates) ; capping background deaths to ensure background deaths >= 0
DEBUG [2023-12-07 23:23:30] at t=2007 11 age groups with HIV TB deaths exceeding all cause mortality (WHO deathrates) ; capping background deaths to ensure background deaths >= 0
DEBUG [2023-12-07 23:23:30] at t=2007.5 11 age groups with HIV TB deaths exceeding all cause mortality (WHO deathrates) ; capping background deaths to ensure background deaths >= 0
DEBUG [2023-12-07 23:23:30] at t=2008 11 age groups with HIV TB deaths exceeding all cause mortality (WHO deathrates) ; capping background deaths to ensure background deaths >= 0
DEBUG [2023-12-07 23:23:30] at t=2008.5 11 age groups with HIV TB deaths exceeding all cause mortality (WHO deathrates) ; capping background deaths to ensure background deaths >= 0
DEBUG [2023-12-07 23:23:30] at t=2009 11 age groups with HIV TB deaths exceeding all cause mortality (WHO deathrates) ; capping background deaths to ensure background deaths >= 0
DEBUG [2023-12-07 23:23:30] at t=2009.5 14 age groups with HIV TB deaths exceeding all cause mortality (WHO deathrates) ; capping background deaths to ensure background deaths >= 0
DEBUG [2023-12-07 23:23:30] at t=2010 12 age groups with HIV TB deaths exceeding all cause mortality (WHO deathrates) ; capping background deaths to ensure background deaths >= 0
DEBUG [2023-12-07 23:23:30] at t=2010.5 18 age groups with HIV TB deaths exceeding all cause mortality (WHO deathrates) ; capping background deaths to ensure background deaths >= 0
DEBUG [2023-12-07 23:23:30] at t=2011 18 age groups with HIV TB deaths exceeding all cause mortality (WHO deathrates) ; capping background deaths to ensure background deaths >= 0
DEBUG [2023-12-07 23:23:30] at t=2011.5 19 age groups with HIV TB deaths exceeding all cause mortality (WHO deathrates) ; capping background deaths to ensure background deaths >= 0
DEBUG [2023-12-07 23:23:30] at t=2012 20 age groups with HIV TB deaths exceeding all cause mortality (WHO deathrates) ; capping background deaths to ensure background deaths >= 0
DEBUG [2023-12-07 23:23:30] at t=2012.5 20 age groups with HIV TB deaths exceeding all cause mortality (WHO deathrates) ; capping background deaths to ensure background deaths >= 0
DEBUG [2023-12-07 23:23:30] at t=2013 20 age groups with HIV TB deaths exceeding all cause mortality (WHO deathrates) ; capping background deaths to ensure background deaths >= 0
DEBUG [2023-12-07 23:23:30] at t=2013.5 20 age groups with HIV TB deaths exceeding all cause mortality (WHO deathrates) ; capping background deaths to ensure background deaths >= 0
DEBUG [2023-12-07 23:23:30] at t=2014 20 age groups with HIV TB deaths exceeding all cause mortality (WHO deathrates) ; capping background deaths to ensure background deaths >= 0
DEBUG [2023-12-07 23:23:30] at t=2014.5 18 age groups with HIV TB deaths exceeding all cause mortality (WHO deathrates) ; capping background deaths to ensure background deaths >= 0
DEBUG [2023-12-07 23:23:30] at t=2015 18 age groups with HIV TB deaths exceeding all cause mortality (WHO deathrates) ; capping background deaths to ensure background deaths >= 0
DEBUG [2023-12-07 23:23:30] at t=2015.5 17 age groups with HIV TB deaths exceeding all cause mortality (WHO deathrates) ; capping background deaths to ensure background deaths >= 0
DEBUG [2023-12-07 23:23:30] at t=2016 17 age groups with HIV TB deaths exceeding all cause mortality (WHO deathrates) ; capping background deaths to ensure background deaths >= 0
DEBUG [2023-12-07 23:23:30] at t=2016.5 13 age groups with HIV TB deaths exceeding all cause mortality (WHO deathrates) ; capping background deaths to ensure background deaths >= 0
DEBUG [2023-12-07 23:23:30] at t=2017 14 age groups with HIV TB deaths exceeding all cause mortality (WHO deathrates) ; capping background deaths to ensure background deaths >= 0
DEBUG [2023-12-07 23:23:30] at t=2017.5 11 age groups with HIV TB deaths exceeding all cause mortality (WHO deathrates) ; capping background deaths to ensure background deaths >= 0
DEBUG [2023-12-07 23:23:30] at t=2018 12 age groups with HIV TB deaths exceeding all cause mortality (WHO deathrates) ; capping background deaths to ensure background deaths >= 0
DEBUG [2023-12-07 23:23:30] at t=2018.5 9 age groups with HIV TB deaths exceeding all cause mortality (WHO deathrates) ; capping background deaths to ensure background deaths >= 0
DEBUG [2023-12-07 23:23:30] at t=2019 8 age groups with HIV TB deaths exceeding all cause mortality (WHO deathrates) ; capping background deaths to ensure background deaths >= 0
DEBUG [2023-12-07 23:23:30] at t=2019.5 8 age groups with HIV TB deaths exceeding all cause mortality (WHO deathrates) ; capping background deaths to ensure background deaths >= 0
DEBUG [2023-12-07 23:23:30] at t=2020 9 age groups with HIV TB deaths exceeding all cause mortality (WHO deathrates) ; capping background deaths to ensure background deaths >= 0
DEBUG [2023-12-07 23:23:30] at t=2020.5 7 age groups with HIV TB deaths exceeding all cause mortality (WHO deathrates) ; capping background deaths to ensure background deaths >= 0
DEBUG [2023-12-07 23:23:30] at t=2021 8 age groups with HIV TB deaths exceeding all cause mortality (WHO deathrates) ; capping background deaths to ensure background deaths >= 0
DEBUG [2023-12-07 23:23:30] at t=2021.5 6 age groups with HIV TB deaths exceeding all cause mortality (WHO deathrates) ; capping background deaths to ensure background deaths >= 0
DEBUG [2023-12-07 23:23:30] at t=2022 7 age groups with HIV TB deaths exceeding all cause mortality (WHO deathrates) ; capping background deaths to ensure background deaths >= 0
DEBUG [2023-12-07 23:23:30] at t=2022.5 5 age groups with HIV TB deaths exceeding all cause mortality (WHO deathrates) ; capping background deaths to ensure background deaths >= 0
DEBUG [2023-12-07 23:23:31] at t=2023 6 age groups with HIV TB deaths exceeding all cause mortality (WHO deathrates) ; capping background deaths to ensure background deaths >= 0
DEBUG [2023-12-07 23:23:31] at t=2023.5 4 age groups with HIV TB deaths exceeding all cause mortality (WHO deathrates) ; capping background deaths to ensure background deaths >= 0
DEBUG [2023-12-07 23:23:31] at t=2024 4 age groups with HIV TB deaths exceeding all cause mortality (WHO deathrates) ; capping background deaths to ensure background deaths >= 0
DEBUG [2023-12-07 23:23:31] at t=2024.5 3 age groups with HIV TB deaths exceeding all cause mortality (WHO deathrates) ; capping background deaths to ensure background deaths >= 0
DEBUG [2023-12-07 23:23:31] at t=2025 3 age groups with HIV TB deaths exceeding all cause mortality (WHO deathrates) ; capping background deaths to ensure background deaths >= 0
DEBUG [2023-12-07 23:23:31] at t=2025.5 2 age groups with HIV TB deaths exceeding all cause mortality (WHO deathrates) ; capping background deaths to ensure background deaths >= 0
DEBUG [2023-12-07 23:23:31] at t=2026 3 age groups with HIV TB deaths exceeding all cause mortality (WHO deathrates) ; capping background deaths to ensure background deaths >= 0
DEBUG [2023-12-07 23:23:31] at t=2026.5 2 age groups with HIV TB deaths exceeding all cause mortality (WHO deathrates) ; capping background deaths to ensure background deaths >= 0
DEBUG [2023-12-07 23:23:31] at t=2027 2 age groups with HIV TB deaths exceeding all cause mortality (WHO deathrates) ; capping background deaths to ensure background deaths >= 0
DEBUG [2023-12-07 23:23:31] at t=2027.5 2 age groups with HIV TB deaths exceeding all cause mortality (WHO deathrates) ; capping background deaths to ensure background deaths >= 0
DEBUG [2023-12-07 23:23:31] at t=2028 2 age groups with HIV TB deaths exceeding all cause mortality (WHO deathrates) ; capping background deaths to ensure background deaths >= 0
DEBUG [2023-12-07 23:23:31] at t=2028.5 1 age groups with HIV TB deaths exceeding all cause mortality (WHO deathrates) ; capping background deaths to ensure background deaths >= 0
DEBUG [2023-12-07 23:23:31] at t=2029 1 age groups with HIV TB deaths exceeding all cause mortality (WHO deathrates) ; capping background deaths to ensure background deaths >= 0
DEBUG [2023-12-07 23:23:31] at t=2029.5 1 age groups with HIV TB deaths exceeding all cause mortality (WHO deathrates) ; capping background deaths to ensure background deaths >= 0
DEBUG [2023-12-07 23:23:31] at t=2030 1 age groups with HIV TB deaths exceeding all cause mortality (WHO deathrates) ; capping background deaths to ensure background deaths >= 0
DEBUG [2023-12-07 23:23:31] successful call of demography.from.model.run()
DEBUG [2023-12-07 23:23:45] successful result of read.model()
DEBUG [2023-12-07 23:23:58] successful result of init.var.parameters.and.matrices()
INFO  [2023-12-07 23:30:32]  ntimesteps = 7349 in 00:06:34 elapsed (00:06:33 cpu)
DEBUG [2023-12-07 23:30:35] successful result of run.deSolve()
WARN  [2023-12-07 23:30:36]  at t = 1981.5 100 state variables < 0 and >  -1e-04  reset to 0 after simulation run and before processing output
ERROR [2023-12-07 23:30:36]  at t = 1981.5 state variables < min.value.for.state.var : state = never-low-risk1-HIVu2-Ds ; age group = 16; value = -0.000177664
ERROR [2023-12-07 23:30:36]  at t = 1981.5 state variables < min.value.for.state.var : state = never-low-risk1-HIVu2-Ds ; age group = 17; value = -0.000151424
ERROR [2023-12-07 23:30:36]  at t = 1981.5 state variables < min.value.for.state.var : state = never-low-risk1-HIVu2-Ds ; age group = 18; value = -0.000125638
ERROR [2023-12-07 23:30:36]  at t = 1981.5 state variables < min.value.for.state.var : state = never-low-risk1-HIVu2-Ds ; age group = 19; value = -0.00010441
ERROR [2023-12-07 23:30:36]  at t = 1981.5 state variables < min.value.for.state.var : state = never-low-risk1-HIVu2-Ds ; age group = 21; value = -0.000102273
WARN  [2023-12-07 23:30:36]  at t = 2011.5 1 state variables < 0 and >  -1e-04  reset to 0 after simulation run and before processing output
DEBUG [2023-12-07 23:30:43] successful generation of stocks output from generate.prevalence.output()
DEBUG [2023-12-07 23:30:43] successful call of demography.from.model.run()
DEBUG [2023-12-07 23:32:38] successful result of read.model()
DEBUG [2023-12-07 23:32:45] successful result of init.var.parameters.and.matrices()
WARN  [2023-12-07 23:37:06]  ntimesteps = 7678 in 00:04:21 elapsed (00:04:19 cpu) which may be excessive ; please reconsider parameter values
DEBUG [2023-12-07 23:37:08] successful result of run.deSolve()
DEBUG [2023-12-07 23:37:15] successful generation of stocks output from generate.prevalence.output()
DEBUG [2023-12-07 23:37:15] successful call of demography.from.model.run()
