DEBUG [2023-12-07 17:06:24] successful result of read.model()
DEBUG [2023-12-07 17:06:39] successful result of init.var.parameters.and.matrices()
INFO  [2023-12-07 17:10:15]  ntimesteps = 6637 in 00:03:35 elapsed (00:03:28 cpu)
DEBUG [2023-12-07 17:10:18] successful result of run.deSolve()
DEBUG [2023-12-07 17:10:29] successful generation of stocks output from generate.prevalence.output()
DEBUG [2023-12-07 17:10:29] at t=1987 1 age groups with HIV TB deaths exceeding all cause mortality (WHO deathrates) ; capping background deaths to ensure background deaths >= 0
DEBUG [2023-12-07 17:10:29] at t=1987.5 2 age groups with HIV TB deaths exceeding all cause mortality (WHO deathrates) ; capping background deaths to ensure background deaths >= 0
DEBUG [2023-12-07 17:10:29] at t=1988 2 age groups with HIV TB deaths exceeding all cause mortality (WHO deathrates) ; capping background deaths to ensure background deaths >= 0
DEBUG [2023-12-07 17:10:29] at t=1988.5 6 age groups with HIV TB deaths exceeding all cause mortality (WHO deathrates) ; capping background deaths to ensure background deaths >= 0
DEBUG [2023-12-07 17:10:29] at t=1989 8 age groups with HIV TB deaths exceeding all cause mortality (WHO deathrates) ; capping background deaths to ensure background deaths >= 0
DEBUG [2023-12-07 17:10:29] at t=1989.5 7 age groups with HIV TB deaths exceeding all cause mortality (WHO deathrates) ; capping background deaths to ensure background deaths >= 0
DEBUG [2023-12-07 17:10:29] at t=1990 9 age groups with HIV TB deaths exceeding all cause mortality (WHO deathrates) ; capping background deaths to ensure background deaths >= 0
DEBUG [2023-12-07 17:10:29] at t=1990.5 12 age groups with HIV TB deaths exceeding all cause mortality (WHO deathrates) ; capping background deaths to ensure background deaths >= 0
DEBUG [2023-12-07 17:10:29] at t=1991 13 age groups with HIV TB deaths exceeding all cause mortality (WHO deathrates) ; capping background deaths to ensure background deaths >= 0
DEBUG [2023-12-07 17:10:29] at t=1991.5 13 age groups with HIV TB deaths exceeding all cause mortality (WHO deathrates) ; capping background deaths to ensure background deaths >= 0
DEBUG [2023-12-07 17:10:29] at t=1992 13 age groups with HIV TB deaths exceeding all cause mortality (WHO deathrates) ; capping background deaths to ensure background deaths >= 0
DEBUG [2023-12-07 17:10:29] at t=1992.5 15 age groups with HIV TB deaths exceeding all cause mortality (WHO deathrates) ; capping background deaths to ensure background deaths >= 0
DEBUG [2023-12-07 17:10:29] at t=1993 15 age groups with HIV TB deaths exceeding all cause mortality (WHO deathrates) ; capping background deaths to ensure background deaths >= 0
DEBUG [2023-12-07 17:10:29] at t=1993.5 17 age groups with HIV TB deaths exceeding all cause mortality (WHO deathrates) ; capping background deaths to ensure background deaths >= 0
DEBUG [2023-12-07 17:10:29] at t=1994 18 age groups with HIV TB deaths exceeding all cause mortality (WHO deathrates) ; capping background deaths to ensure background deaths >= 0
DEBUG [2023-12-07 17:10:29] at t=1994.5 18 age groups with HIV TB deaths exceeding all cause mortality (WHO deathrates) ; capping background deaths to ensure background deaths >= 0
DEBUG [2023-12-07 17:10:29] at t=1995 18 age groups with HIV TB deaths exceeding all cause mortality (WHO deathrates) ; capping background deaths to ensure background deaths >= 0
DEBUG [2023-12-07 17:10:29] at t=1995.5 18 age groups with HIV TB deaths exceeding all cause mortality (WHO deathrates) ; capping background deaths to ensure background deaths >= 0
DEBUG [2023-12-07 17:10:29] at t=1996 18 age groups with HIV TB deaths exceeding all cause mortality (WHO deathrates) ; capping background deaths to ensure background deaths >= 0
DEBUG [2023-12-07 17:10:29] at t=1996.5 18 age groups with HIV TB deaths exceeding all cause mortality (WHO deathrates) ; capping background deaths to ensure background deaths >= 0
DEBUG [2023-12-07 17:10:29] at t=1997 18 age groups with HIV TB deaths exceeding all cause mortality (WHO deathrates) ; capping background deaths to ensure background deaths >= 0
DEBUG [2023-12-07 17:10:29] at t=1997.5 18 age groups with HIV TB deaths exceeding all cause mortality (WHO deathrates) ; capping background deaths to ensure background deaths >= 0
DEBUG [2023-12-07 17:10:29] at t=1998 18 age groups with HIV TB deaths exceeding all cause mortality (WHO deathrates) ; capping background deaths to ensure background deaths >= 0
DEBUG [2023-12-07 17:10:29] at t=1998.5 18 age groups with HIV TB deaths exceeding all cause mortality (WHO deathrates) ; capping background deaths to ensure background deaths >= 0
DEBUG [2023-12-07 17:10:29] at t=1999 18 age groups with HIV TB deaths exceeding all cause mortality (WHO deathrates) ; capping background deaths to ensure background deaths >= 0
DEBUG [2023-12-07 17:10:29] at t=1999.5 18 age groups with HIV TB deaths exceeding all cause mortality (WHO deathrates) ; capping background deaths to ensure background deaths >= 0
DEBUG [2023-12-07 17:10:29] at t=2000 18 age groups with HIV TB deaths exceeding all cause mortality (WHO deathrates) ; capping background deaths to ensure background deaths >= 0
DEBUG [2023-12-07 17:10:29] at t=2000.5 17 age groups with HIV TB deaths exceeding all cause mortality (WHO deathrates) ; capping background deaths to ensure background deaths >= 0
DEBUG [2023-12-07 17:10:29] at t=2001 18 age groups with HIV TB deaths exceeding all cause mortality (WHO deathrates) ; capping background deaths to ensure background deaths >= 0
DEBUG [2023-12-07 17:10:29] at t=2001.5 13 age groups with HIV TB deaths exceeding all cause mortality (WHO deathrates) ; capping background deaths to ensure background deaths >= 0
DEBUG [2023-12-07 17:10:29] at t=2002 16 age groups with HIV TB deaths exceeding all cause mortality (WHO deathrates) ; capping background deaths to ensure background deaths >= 0
DEBUG [2023-12-07 17:10:29] at t=2002.5 13 age groups with HIV TB deaths exceeding all cause mortality (WHO deathrates) ; capping background deaths to ensure background deaths >= 0
DEBUG [2023-12-07 17:10:29] at t=2003 13 age groups with HIV TB deaths exceeding all cause mortality (WHO deathrates) ; capping background deaths to ensure background deaths >= 0
DEBUG [2023-12-07 17:10:29] at t=2003.5 12 age groups with HIV TB deaths exceeding all cause mortality (WHO deathrates) ; capping background deaths to ensure background deaths >= 0
DEBUG [2023-12-07 17:10:29] at t=2004 13 age groups with HIV TB deaths exceeding all cause mortality (WHO deathrates) ; capping background deaths to ensure background deaths >= 0
DEBUG [2023-12-07 17:10:29] at t=2004.5 13 age groups with HIV TB deaths exceeding all cause mortality (WHO deathrates) ; capping background deaths to ensure background deaths >= 0
DEBUG [2023-12-07 17:10:29] at t=2005 13 age groups with HIV TB deaths exceeding all cause mortality (WHO deathrates) ; capping background deaths to ensure background deaths >= 0
DEBUG [2023-12-07 17:10:29] at t=2005.5 13 age groups with HIV TB deaths exceeding all cause mortality (WHO deathrates) ; capping background deaths to ensure background deaths >= 0
DEBUG [2023-12-07 17:10:29] at t=2006 13 age groups with HIV TB deaths exceeding all cause mortality (WHO deathrates) ; capping background deaths to ensure background deaths >= 0
DEBUG [2023-12-07 17:10:29] at t=2006.5 13 age groups with HIV TB deaths exceeding all cause mortality (WHO deathrates) ; capping background deaths to ensure background deaths >= 0
DEBUG [2023-12-07 17:10:29] at t=2007 13 age groups with HIV TB deaths exceeding all cause mortality (WHO deathrates) ; capping background deaths to ensure background deaths >= 0
DEBUG [2023-12-07 17:10:29] at t=2007.5 13 age groups with HIV TB deaths exceeding all cause mortality (WHO deathrates) ; capping background deaths to ensure background deaths >= 0
DEBUG [2023-12-07 17:10:29] at t=2008 14 age groups with HIV TB deaths exceeding all cause mortality (WHO deathrates) ; capping background deaths to ensure background deaths >= 0
DEBUG [2023-12-07 17:10:29] at t=2008.5 17 age groups with HIV TB deaths exceeding all cause mortality (WHO deathrates) ; capping background deaths to ensure background deaths >= 0
DEBUG [2023-12-07 17:10:29] at t=2009 16 age groups with HIV TB deaths exceeding all cause mortality (WHO deathrates) ; capping background deaths to ensure background deaths >= 0
DEBUG [2023-12-07 17:10:29] at t=2009.5 19 age groups with HIV TB deaths exceeding all cause mortality (WHO deathrates) ; capping background deaths to ensure background deaths >= 0
DEBUG [2023-12-07 17:10:29] at t=2010 19 age groups with HIV TB deaths exceeding all cause mortality (WHO deathrates) ; capping background deaths to ensure background deaths >= 0
DEBUG [2023-12-07 17:10:29] at t=2010.5 22 age groups with HIV TB deaths exceeding all cause mortality (WHO deathrates) ; capping background deaths to ensure background deaths >= 0
DEBUG [2023-12-07 17:10:29] at t=2011 22 age groups with HIV TB deaths exceeding all cause mortality (WHO deathrates) ; capping background deaths to ensure background deaths >= 0
DEBUG [2023-12-07 17:10:29] at t=2011.5 23 age groups with HIV TB deaths exceeding all cause mortality (WHO deathrates) ; capping background deaths to ensure background deaths >= 0
DEBUG [2023-12-07 17:10:29] at t=2012 23 age groups with HIV TB deaths exceeding all cause mortality (WHO deathrates) ; capping background deaths to ensure background deaths >= 0
DEBUG [2023-12-07 17:10:29] at t=2012.5 23 age groups with HIV TB deaths exceeding all cause mortality (WHO deathrates) ; capping background deaths to ensure background deaths >= 0
DEBUG [2023-12-07 17:10:29] at t=2013 23 age groups with HIV TB deaths exceeding all cause mortality (WHO deathrates) ; capping background deaths to ensure background deaths >= 0
DEBUG [2023-12-07 17:10:29] at t=2013.5 25 age groups with HIV TB deaths exceeding all cause mortality (WHO deathrates) ; capping background deaths to ensure background deaths >= 0
DEBUG [2023-12-07 17:10:29] at t=2014 23 age groups with HIV TB deaths exceeding all cause mortality (WHO deathrates) ; capping background deaths to ensure background deaths >= 0
DEBUG [2023-12-07 17:10:29] at t=2014.5 23 age groups with HIV TB deaths exceeding all cause mortality (WHO deathrates) ; capping background deaths to ensure background deaths >= 0
DEBUG [2023-12-07 17:10:29] at t=2015 22 age groups with HIV TB deaths exceeding all cause mortality (WHO deathrates) ; capping background deaths to ensure background deaths >= 0
DEBUG [2023-12-07 17:10:29] at t=2015.5 20 age groups with HIV TB deaths exceeding all cause mortality (WHO deathrates) ; capping background deaths to ensure background deaths >= 0
DEBUG [2023-12-07 17:10:29] at t=2016 21 age groups with HIV TB deaths exceeding all cause mortality (WHO deathrates) ; capping background deaths to ensure background deaths >= 0
DEBUG [2023-12-07 17:10:29] at t=2016.5 19 age groups with HIV TB deaths exceeding all cause mortality (WHO deathrates) ; capping background deaths to ensure background deaths >= 0
DEBUG [2023-12-07 17:10:29] at t=2017 19 age groups with HIV TB deaths exceeding all cause mortality (WHO deathrates) ; capping background deaths to ensure background deaths >= 0
DEBUG [2023-12-07 17:10:29] at t=2017.5 16 age groups with HIV TB deaths exceeding all cause mortality (WHO deathrates) ; capping background deaths to ensure background deaths >= 0
DEBUG [2023-12-07 17:10:29] at t=2018 16 age groups with HIV TB deaths exceeding all cause mortality (WHO deathrates) ; capping background deaths to ensure background deaths >= 0
DEBUG [2023-12-07 17:10:29] at t=2018.5 13 age groups with HIV TB deaths exceeding all cause mortality (WHO deathrates) ; capping background deaths to ensure background deaths >= 0
DEBUG [2023-12-07 17:10:29] at t=2019 12 age groups with HIV TB deaths exceeding all cause mortality (WHO deathrates) ; capping background deaths to ensure background deaths >= 0
DEBUG [2023-12-07 17:10:29] at t=2019.5 12 age groups with HIV TB deaths exceeding all cause mortality (WHO deathrates) ; capping background deaths to ensure background deaths >= 0
DEBUG [2023-12-07 17:10:29] at t=2020 12 age groups with HIV TB deaths exceeding all cause mortality (WHO deathrates) ; capping background deaths to ensure background deaths >= 0
DEBUG [2023-12-07 17:10:29] at t=2020.5 10 age groups with HIV TB deaths exceeding all cause mortality (WHO deathrates) ; capping background deaths to ensure background deaths >= 0
DEBUG [2023-12-07 17:10:29] at t=2021 10 age groups with HIV TB deaths exceeding all cause mortality (WHO deathrates) ; capping background deaths to ensure background deaths >= 0
DEBUG [2023-12-07 17:10:29] at t=2021.5 8 age groups with HIV TB deaths exceeding all cause mortality (WHO deathrates) ; capping background deaths to ensure background deaths >= 0
DEBUG [2023-12-07 17:10:29] at t=2022 7 age groups with HIV TB deaths exceeding all cause mortality (WHO deathrates) ; capping background deaths to ensure background deaths >= 0
DEBUG [2023-12-07 17:10:29] at t=2022.5 6 age groups with HIV TB deaths exceeding all cause mortality (WHO deathrates) ; capping background deaths to ensure background deaths >= 0
DEBUG [2023-12-07 17:10:29] at t=2023 4 age groups with HIV TB deaths exceeding all cause mortality (WHO deathrates) ; capping background deaths to ensure background deaths >= 0
DEBUG [2023-12-07 17:10:29] at t=2023.5 2 age groups with HIV TB deaths exceeding all cause mortality (WHO deathrates) ; capping background deaths to ensure background deaths >= 0
DEBUG [2023-12-07 17:10:29] at t=2024 3 age groups with HIV TB deaths exceeding all cause mortality (WHO deathrates) ; capping background deaths to ensure background deaths >= 0
DEBUG [2023-12-07 17:10:29] at t=2024.5 2 age groups with HIV TB deaths exceeding all cause mortality (WHO deathrates) ; capping background deaths to ensure background deaths >= 0
DEBUG [2023-12-07 17:10:29] at t=2025 2 age groups with HIV TB deaths exceeding all cause mortality (WHO deathrates) ; capping background deaths to ensure background deaths >= 0
DEBUG [2023-12-07 17:10:29] at t=2025.5 2 age groups with HIV TB deaths exceeding all cause mortality (WHO deathrates) ; capping background deaths to ensure background deaths >= 0
DEBUG [2023-12-07 17:10:29] at t=2026 2 age groups with HIV TB deaths exceeding all cause mortality (WHO deathrates) ; capping background deaths to ensure background deaths >= 0
DEBUG [2023-12-07 17:10:29] at t=2026.5 2 age groups with HIV TB deaths exceeding all cause mortality (WHO deathrates) ; capping background deaths to ensure background deaths >= 0
DEBUG [2023-12-07 17:10:29] at t=2027 2 age groups with HIV TB deaths exceeding all cause mortality (WHO deathrates) ; capping background deaths to ensure background deaths >= 0
DEBUG [2023-12-07 17:10:29] at t=2027.5 1 age groups with HIV TB deaths exceeding all cause mortality (WHO deathrates) ; capping background deaths to ensure background deaths >= 0
DEBUG [2023-12-07 17:10:29] at t=2028 2 age groups with HIV TB deaths exceeding all cause mortality (WHO deathrates) ; capping background deaths to ensure background deaths >= 0
DEBUG [2023-12-07 17:10:29] at t=2028.5 1 age groups with HIV TB deaths exceeding all cause mortality (WHO deathrates) ; capping background deaths to ensure background deaths >= 0
DEBUG [2023-12-07 17:10:29] at t=2029 1 age groups with HIV TB deaths exceeding all cause mortality (WHO deathrates) ; capping background deaths to ensure background deaths >= 0
DEBUG [2023-12-07 17:10:29] at t=2029.5 1 age groups with HIV TB deaths exceeding all cause mortality (WHO deathrates) ; capping background deaths to ensure background deaths >= 0
DEBUG [2023-12-07 17:10:29] at t=2030 1 age groups with HIV TB deaths exceeding all cause mortality (WHO deathrates) ; capping background deaths to ensure background deaths >= 0
DEBUG [2023-12-07 17:10:29] at t=2030.5 1 age groups with HIV TB deaths exceeding all cause mortality (WHO deathrates) ; capping background deaths to ensure background deaths >= 0
DEBUG [2023-12-07 17:10:29] at t=2031 1 age groups with HIV TB deaths exceeding all cause mortality (WHO deathrates) ; capping background deaths to ensure background deaths >= 0
DEBUG [2023-12-07 17:10:29] at t=2032 1 age groups with HIV TB deaths exceeding all cause mortality (WHO deathrates) ; capping background deaths to ensure background deaths >= 0
DEBUG [2023-12-07 17:10:29] at t=2033 1 age groups with HIV TB deaths exceeding all cause mortality (WHO deathrates) ; capping background deaths to ensure background deaths >= 0
DEBUG [2023-12-07 17:10:29] at t=2034 1 age groups with HIV TB deaths exceeding all cause mortality (WHO deathrates) ; capping background deaths to ensure background deaths >= 0
DEBUG [2023-12-07 17:10:29] at t=2044 1 age groups with HIV TB deaths exceeding all cause mortality (WHO deathrates) ; capping background deaths to ensure background deaths >= 0
DEBUG [2023-12-07 17:10:29] at t=2045 1 age groups with HIV TB deaths exceeding all cause mortality (WHO deathrates) ; capping background deaths to ensure background deaths >= 0
DEBUG [2023-12-07 17:10:29] at t=2046 1 age groups with HIV TB deaths exceeding all cause mortality (WHO deathrates) ; capping background deaths to ensure background deaths >= 0
DEBUG [2023-12-07 17:10:29] at t=2047 1 age groups with HIV TB deaths exceeding all cause mortality (WHO deathrates) ; capping background deaths to ensure background deaths >= 0
DEBUG [2023-12-07 17:10:29] at t=2048 1 age groups with HIV TB deaths exceeding all cause mortality (WHO deathrates) ; capping background deaths to ensure background deaths >= 0
DEBUG [2023-12-07 17:10:29] at t=2049 1 age groups with HIV TB deaths exceeding all cause mortality (WHO deathrates) ; capping background deaths to ensure background deaths >= 0
DEBUG [2023-12-07 17:10:29] at t=2050 1 age groups with HIV TB deaths exceeding all cause mortality (WHO deathrates) ; capping background deaths to ensure background deaths >= 0
DEBUG [2023-12-07 17:10:29] at t=2051 1 age groups with HIV TB deaths exceeding all cause mortality (WHO deathrates) ; capping background deaths to ensure background deaths >= 0
DEBUG [2023-12-07 17:10:29] at t=2052 1 age groups with HIV TB deaths exceeding all cause mortality (WHO deathrates) ; capping background deaths to ensure background deaths >= 0
DEBUG [2023-12-07 17:10:29] successful call of demography.from.model.run()
DEBUG [2023-12-07 17:10:47] successful result of read.model()
DEBUG [2023-12-07 17:11:01] successful result of init.var.parameters.and.matrices()
INFO  [2023-12-07 17:17:27]  ntimesteps = 7024 in 00:06:26 elapsed (00:06:22 cpu)
DEBUG [2023-12-07 17:17:30] successful result of run.deSolve()
DEBUG [2023-12-07 17:17:39] successful generation of stocks output from generate.prevalence.output()
DEBUG [2023-12-07 17:17:39] successful call of demography.from.model.run()
DEBUG [2023-12-07 17:19:37] successful result of read.model()
DEBUG [2023-12-07 17:19:45] successful result of init.var.parameters.and.matrices()
INFO  [2023-12-07 17:24:02]  ntimesteps = 7269 in 00:04:17 elapsed (00:04:11 cpu)
DEBUG [2023-12-07 17:24:04] successful result of run.deSolve()
DEBUG [2023-12-07 17:24:10] successful generation of stocks output from generate.prevalence.output()
DEBUG [2023-12-07 17:24:10] successful call of demography.from.model.run()
DEBUG [2023-12-07 17:25:07] successful result of read.model()
DEBUG [2023-12-07 17:25:18] successful result of init.var.parameters.and.matrices()
INFO  [2023-12-07 17:28:49]  ntimesteps = 7021 in 00:03:30 elapsed (00:03:29 cpu)
DEBUG [2023-12-07 17:28:51] successful result of run.deSolve()
WARN  [2023-12-07 17:28:52]  at t = 1982 16 state variables < 0 and >  -1e-04  reset to 0 after simulation run and before processing output
DEBUG [2023-12-07 17:28:59] successful generation of stocks output from generate.prevalence.output()
DEBUG [2023-12-07 17:28:59] at t=1987.5 1 age groups with HIV TB deaths exceeding all cause mortality (WHO deathrates) ; capping background deaths to ensure background deaths >= 0
DEBUG [2023-12-07 17:28:59] at t=1988 2 age groups with HIV TB deaths exceeding all cause mortality (WHO deathrates) ; capping background deaths to ensure background deaths >= 0
DEBUG [2023-12-07 17:28:59] at t=1988.5 2 age groups with HIV TB deaths exceeding all cause mortality (WHO deathrates) ; capping background deaths to ensure background deaths >= 0
DEBUG [2023-12-07 17:28:59] at t=1989 3 age groups with HIV TB deaths exceeding all cause mortality (WHO deathrates) ; capping background deaths to ensure background deaths >= 0
DEBUG [2023-12-07 17:28:59] at t=1989.5 7 age groups with HIV TB deaths exceeding all cause mortality (WHO deathrates) ; capping background deaths to ensure background deaths >= 0
DEBUG [2023-12-07 17:28:59] at t=1990 8 age groups with HIV TB deaths exceeding all cause mortality (WHO deathrates) ; capping background deaths to ensure background deaths >= 0
DEBUG [2023-12-07 17:28:59] at t=1990.5 7 age groups with HIV TB deaths exceeding all cause mortality (WHO deathrates) ; capping background deaths to ensure background deaths >= 0
DEBUG [2023-12-07 17:28:59] at t=1991 10 age groups with HIV TB deaths exceeding all cause mortality (WHO deathrates) ; capping background deaths to ensure background deaths >= 0
DEBUG [2023-12-07 17:28:59] at t=1991.5 13 age groups with HIV TB deaths exceeding all cause mortality (WHO deathrates) ; capping background deaths to ensure background deaths >= 0
DEBUG [2023-12-07 17:28:59] at t=1992 13 age groups with HIV TB deaths exceeding all cause mortality (WHO deathrates) ; capping background deaths to ensure background deaths >= 0
DEBUG [2023-12-07 17:28:59] at t=1992.5 13 age groups with HIV TB deaths exceeding all cause mortality (WHO deathrates) ; capping background deaths to ensure background deaths >= 0
DEBUG [2023-12-07 17:28:59] at t=1993 13 age groups with HIV TB deaths exceeding all cause mortality (WHO deathrates) ; capping background deaths to ensure background deaths >= 0
DEBUG [2023-12-07 17:28:59] at t=1993.5 15 age groups with HIV TB deaths exceeding all cause mortality (WHO deathrates) ; capping background deaths to ensure background deaths >= 0
DEBUG [2023-12-07 17:28:59] at t=1994 15 age groups with HIV TB deaths exceeding all cause mortality (WHO deathrates) ; capping background deaths to ensure background deaths >= 0
DEBUG [2023-12-07 17:28:59] at t=1994.5 15 age groups with HIV TB deaths exceeding all cause mortality (WHO deathrates) ; capping background deaths to ensure background deaths >= 0
DEBUG [2023-12-07 17:28:59] at t=1995 16 age groups with HIV TB deaths exceeding all cause mortality (WHO deathrates) ; capping background deaths to ensure background deaths >= 0
DEBUG [2023-12-07 17:28:59] at t=1995.5 15 age groups with HIV TB deaths exceeding all cause mortality (WHO deathrates) ; capping background deaths to ensure background deaths >= 0
DEBUG [2023-12-07 17:28:59] at t=1996 16 age groups with HIV TB deaths exceeding all cause mortality (WHO deathrates) ; capping background deaths to ensure background deaths >= 0
DEBUG [2023-12-07 17:28:59] at t=1996.5 15 age groups with HIV TB deaths exceeding all cause mortality (WHO deathrates) ; capping background deaths to ensure background deaths >= 0
DEBUG [2023-12-07 17:28:59] at t=1997 16 age groups with HIV TB deaths exceeding all cause mortality (WHO deathrates) ; capping background deaths to ensure background deaths >= 0
DEBUG [2023-12-07 17:28:59] at t=1997.5 15 age groups with HIV TB deaths exceeding all cause mortality (WHO deathrates) ; capping background deaths to ensure background deaths >= 0
DEBUG [2023-12-07 17:28:59] at t=1998 16 age groups with HIV TB deaths exceeding all cause mortality (WHO deathrates) ; capping background deaths to ensure background deaths >= 0
DEBUG [2023-12-07 17:28:59] at t=1998.5 16 age groups with HIV TB deaths exceeding all cause mortality (WHO deathrates) ; capping background deaths to ensure background deaths >= 0
DEBUG [2023-12-07 17:28:59] at t=1999 17 age groups with HIV TB deaths exceeding all cause mortality (WHO deathrates) ; capping background deaths to ensure background deaths >= 0
DEBUG [2023-12-07 17:28:59] at t=1999.5 13 age groups with HIV TB deaths exceeding all cause mortality (WHO deathrates) ; capping background deaths to ensure background deaths >= 0
DEBUG [2023-12-07 17:28:59] at t=2000 14 age groups with HIV TB deaths exceeding all cause mortality (WHO deathrates) ; capping background deaths to ensure background deaths >= 0
DEBUG [2023-12-07 17:28:59] at t=2000.5 12 age groups with HIV TB deaths exceeding all cause mortality (WHO deathrates) ; capping background deaths to ensure background deaths >= 0
DEBUG [2023-12-07 17:28:59] at t=2001 13 age groups with HIV TB deaths exceeding all cause mortality (WHO deathrates) ; capping background deaths to ensure background deaths >= 0
DEBUG [2023-12-07 17:28:59] at t=2001.5 12 age groups with HIV TB deaths exceeding all cause mortality (WHO deathrates) ; capping background deaths to ensure background deaths >= 0
DEBUG [2023-12-07 17:28:59] at t=2002 13 age groups with HIV TB deaths exceeding all cause mortality (WHO deathrates) ; capping background deaths to ensure background deaths >= 0
DEBUG [2023-12-07 17:28:59] at t=2002.5 10 age groups with HIV TB deaths exceeding all cause mortality (WHO deathrates) ; capping background deaths to ensure background deaths >= 0
DEBUG [2023-12-07 17:28:59] at t=2003 12 age groups with HIV TB deaths exceeding all cause mortality (WHO deathrates) ; capping background deaths to ensure background deaths >= 0
DEBUG [2023-12-07 17:28:59] at t=2003.5 9 age groups with HIV TB deaths exceeding all cause mortality (WHO deathrates) ; capping background deaths to ensure background deaths >= 0
DEBUG [2023-12-07 17:28:59] at t=2004 11 age groups with HIV TB deaths exceeding all cause mortality (WHO deathrates) ; capping background deaths to ensure background deaths >= 0
DEBUG [2023-12-07 17:28:59] at t=2004.5 10 age groups with HIV TB deaths exceeding all cause mortality (WHO deathrates) ; capping background deaths to ensure background deaths >= 0
DEBUG [2023-12-07 17:28:59] at t=2005 11 age groups with HIV TB deaths exceeding all cause mortality (WHO deathrates) ; capping background deaths to ensure background deaths >= 0
DEBUG [2023-12-07 17:28:59] at t=2005.5 10 age groups with HIV TB deaths exceeding all cause mortality (WHO deathrates) ; capping background deaths to ensure background deaths >= 0
DEBUG [2023-12-07 17:28:59] at t=2006 11 age groups with HIV TB deaths exceeding all cause mortality (WHO deathrates) ; capping background deaths to ensure background deaths >= 0
DEBUG [2023-12-07 17:28:59] at t=2006.5 11 age groups with HIV TB deaths exceeding all cause mortality (WHO deathrates) ; capping background deaths to ensure background deaths >= 0
DEBUG [2023-12-07 17:28:59] at t=2007 12 age groups with HIV TB deaths exceeding all cause mortality (WHO deathrates) ; capping background deaths to ensure background deaths >= 0
DEBUG [2023-12-07 17:28:59] at t=2007.5 12 age groups with HIV TB deaths exceeding all cause mortality (WHO deathrates) ; capping background deaths to ensure background deaths >= 0
DEBUG [2023-12-07 17:28:59] at t=2008 13 age groups with HIV TB deaths exceeding all cause mortality (WHO deathrates) ; capping background deaths to ensure background deaths >= 0
DEBUG [2023-12-07 17:28:59] at t=2008.5 12 age groups with HIV TB deaths exceeding all cause mortality (WHO deathrates) ; capping background deaths to ensure background deaths >= 0
DEBUG [2023-12-07 17:28:59] at t=2009 12 age groups with HIV TB deaths exceeding all cause mortality (WHO deathrates) ; capping background deaths to ensure background deaths >= 0
DEBUG [2023-12-07 17:28:59] at t=2009.5 19 age groups with HIV TB deaths exceeding all cause mortality (WHO deathrates) ; capping background deaths to ensure background deaths >= 0
DEBUG [2023-12-07 17:28:59] at t=2010 17 age groups with HIV TB deaths exceeding all cause mortality (WHO deathrates) ; capping background deaths to ensure background deaths >= 0
DEBUG [2023-12-07 17:28:59] at t=2010.5 20 age groups with HIV TB deaths exceeding all cause mortality (WHO deathrates) ; capping background deaths to ensure background deaths >= 0
DEBUG [2023-12-07 17:28:59] at t=2011 21 age groups with HIV TB deaths exceeding all cause mortality (WHO deathrates) ; capping background deaths to ensure background deaths >= 0
DEBUG [2023-12-07 17:28:59] at t=2011.5 20 age groups with HIV TB deaths exceeding all cause mortality (WHO deathrates) ; capping background deaths to ensure background deaths >= 0
DEBUG [2023-12-07 17:28:59] at t=2012 21 age groups with HIV TB deaths exceeding all cause mortality (WHO deathrates) ; capping background deaths to ensure background deaths >= 0
DEBUG [2023-12-07 17:28:59] at t=2012.5 21 age groups with HIV TB deaths exceeding all cause mortality (WHO deathrates) ; capping background deaths to ensure background deaths >= 0
DEBUG [2023-12-07 17:28:59] at t=2013 21 age groups with HIV TB deaths exceeding all cause mortality (WHO deathrates) ; capping background deaths to ensure background deaths >= 0
DEBUG [2023-12-07 17:28:59] at t=2013.5 21 age groups with HIV TB deaths exceeding all cause mortality (WHO deathrates) ; capping background deaths to ensure background deaths >= 0
DEBUG [2023-12-07 17:28:59] at t=2014 21 age groups with HIV TB deaths exceeding all cause mortality (WHO deathrates) ; capping background deaths to ensure background deaths >= 0
DEBUG [2023-12-07 17:28:59] at t=2014.5 20 age groups with HIV TB deaths exceeding all cause mortality (WHO deathrates) ; capping background deaths to ensure background deaths >= 0
DEBUG [2023-12-07 17:28:59] at t=2015 20 age groups with HIV TB deaths exceeding all cause mortality (WHO deathrates) ; capping background deaths to ensure background deaths >= 0
DEBUG [2023-12-07 17:28:59] at t=2015.5 18 age groups with HIV TB deaths exceeding all cause mortality (WHO deathrates) ; capping background deaths to ensure background deaths >= 0
DEBUG [2023-12-07 17:28:59] at t=2016 18 age groups with HIV TB deaths exceeding all cause mortality (WHO deathrates) ; capping background deaths to ensure background deaths >= 0
DEBUG [2023-12-07 17:28:59] at t=2016.5 16 age groups with HIV TB deaths exceeding all cause mortality (WHO deathrates) ; capping background deaths to ensure background deaths >= 0
DEBUG [2023-12-07 17:28:59] at t=2017 16 age groups with HIV TB deaths exceeding all cause mortality (WHO deathrates) ; capping background deaths to ensure background deaths >= 0
DEBUG [2023-12-07 17:28:59] at t=2017.5 13 age groups with HIV TB deaths exceeding all cause mortality (WHO deathrates) ; capping background deaths to ensure background deaths >= 0
DEBUG [2023-12-07 17:28:59] at t=2018 14 age groups with HIV TB deaths exceeding all cause mortality (WHO deathrates) ; capping background deaths to ensure background deaths >= 0
DEBUG [2023-12-07 17:28:59] at t=2018.5 10 age groups with HIV TB deaths exceeding all cause mortality (WHO deathrates) ; capping background deaths to ensure background deaths >= 0
DEBUG [2023-12-07 17:28:59] at t=2019 11 age groups with HIV TB deaths exceeding all cause mortality (WHO deathrates) ; capping background deaths to ensure background deaths >= 0
DEBUG [2023-12-07 17:28:59] at t=2019.5 9 age groups with HIV TB deaths exceeding all cause mortality (WHO deathrates) ; capping background deaths to ensure background deaths >= 0
DEBUG [2023-12-07 17:28:59] at t=2020 10 age groups with HIV TB deaths exceeding all cause mortality (WHO deathrates) ; capping background deaths to ensure background deaths >= 0
DEBUG [2023-12-07 17:28:59] at t=2020.5 8 age groups with HIV TB deaths exceeding all cause mortality (WHO deathrates) ; capping background deaths to ensure background deaths >= 0
DEBUG [2023-12-07 17:28:59] at t=2021 9 age groups with HIV TB deaths exceeding all cause mortality (WHO deathrates) ; capping background deaths to ensure background deaths >= 0
DEBUG [2023-12-07 17:28:59] at t=2021.5 7 age groups with HIV TB deaths exceeding all cause mortality (WHO deathrates) ; capping background deaths to ensure background deaths >= 0
DEBUG [2023-12-07 17:28:59] at t=2022 8 age groups with HIV TB deaths exceeding all cause mortality (WHO deathrates) ; capping background deaths to ensure background deaths >= 0
DEBUG [2023-12-07 17:28:59] at t=2022.5 6 age groups with HIV TB deaths exceeding all cause mortality (WHO deathrates) ; capping background deaths to ensure background deaths >= 0
DEBUG [2023-12-07 17:28:59] at t=2023 7 age groups with HIV TB deaths exceeding all cause mortality (WHO deathrates) ; capping background deaths to ensure background deaths >= 0
DEBUG [2023-12-07 17:28:59] at t=2023.5 5 age groups with HIV TB deaths exceeding all cause mortality (WHO deathrates) ; capping background deaths to ensure background deaths >= 0
DEBUG [2023-12-07 17:28:59] at t=2024 5 age groups with HIV TB deaths exceeding all cause mortality (WHO deathrates) ; capping background deaths to ensure background deaths >= 0
DEBUG [2023-12-07 17:28:59] at t=2024.5 4 age groups with HIV TB deaths exceeding all cause mortality (WHO deathrates) ; capping background deaths to ensure background deaths >= 0
DEBUG [2023-12-07 17:28:59] at t=2025 4 age groups with HIV TB deaths exceeding all cause mortality (WHO deathrates) ; capping background deaths to ensure background deaths >= 0
DEBUG [2023-12-07 17:28:59] at t=2025.5 3 age groups with HIV TB deaths exceeding all cause mortality (WHO deathrates) ; capping background deaths to ensure background deaths >= 0
DEBUG [2023-12-07 17:28:59] at t=2026 3 age groups with HIV TB deaths exceeding all cause mortality (WHO deathrates) ; capping background deaths to ensure background deaths >= 0
DEBUG [2023-12-07 17:28:59] at t=2026.5 2 age groups with HIV TB deaths exceeding all cause mortality (WHO deathrates) ; capping background deaths to ensure background deaths >= 0
DEBUG [2023-12-07 17:28:59] at t=2027 2 age groups with HIV TB deaths exceeding all cause mortality (WHO deathrates) ; capping background deaths to ensure background deaths >= 0
DEBUG [2023-12-07 17:28:59] at t=2027.5 2 age groups with HIV TB deaths exceeding all cause mortality (WHO deathrates) ; capping background deaths to ensure background deaths >= 0
DEBUG [2023-12-07 17:28:59] at t=2028 2 age groups with HIV TB deaths exceeding all cause mortality (WHO deathrates) ; capping background deaths to ensure background deaths >= 0
DEBUG [2023-12-07 17:28:59] at t=2028.5 1 age groups with HIV TB deaths exceeding all cause mortality (WHO deathrates) ; capping background deaths to ensure background deaths >= 0
DEBUG [2023-12-07 17:28:59] at t=2029 2 age groups with HIV TB deaths exceeding all cause mortality (WHO deathrates) ; capping background deaths to ensure background deaths >= 0
DEBUG [2023-12-07 17:28:59] at t=2029.5 1 age groups with HIV TB deaths exceeding all cause mortality (WHO deathrates) ; capping background deaths to ensure background deaths >= 0
DEBUG [2023-12-07 17:28:59] at t=2030 1 age groups with HIV TB deaths exceeding all cause mortality (WHO deathrates) ; capping background deaths to ensure background deaths >= 0
DEBUG [2023-12-07 17:28:59] at t=2031 1 age groups with HIV TB deaths exceeding all cause mortality (WHO deathrates) ; capping background deaths to ensure background deaths >= 0
DEBUG [2023-12-07 17:28:59] successful call of demography.from.model.run()
DEBUG [2023-12-07 17:29:13] successful result of read.model()
DEBUG [2023-12-07 17:29:25] successful result of init.var.parameters.and.matrices()
INFO  [2023-12-07 17:36:04]  ntimesteps = 7365 in 00:06:39 elapsed (00:06:38 cpu)
DEBUG [2023-12-07 17:36:07] successful result of run.deSolve()
WARN  [2023-12-07 17:36:08]  at t = 1982 16 state variables < 0 and >  -1e-04  reset to 0 after simulation run and before processing output
DEBUG [2023-12-07 17:36:15] successful generation of stocks output from generate.prevalence.output()
DEBUG [2023-12-07 17:36:15] successful call of demography.from.model.run()
DEBUG [2023-12-07 17:37:52] successful result of read.model()
DEBUG [2023-12-07 17:37:59] successful result of init.var.parameters.and.matrices()
WARN  [2023-12-07 17:42:22]  ntimesteps = 7672 in 00:04:23 elapsed (00:04:21 cpu) which may be excessive ; please reconsider parameter values
DEBUG [2023-12-07 17:42:24] successful result of run.deSolve()
DEBUG [2023-12-07 17:42:31] successful generation of stocks output from generate.prevalence.output()
DEBUG [2023-12-07 17:42:31] successful call of demography.from.model.run()
DEBUG [2023-12-07 17:43:33] successful result of read.model()
DEBUG [2023-12-07 17:43:44] successful result of init.var.parameters.and.matrices()
INFO  [2023-12-07 17:47:12]  ntimesteps = 6950 in 00:03:27 elapsed (00:03:26 cpu)
DEBUG [2023-12-07 17:47:15] successful result of run.deSolve()
WARN  [2023-12-07 17:47:15]  at t = 1982 45 state variables < 0 and >  -1e-04  reset to 0 after simulation run and before processing output
ERROR [2023-12-07 17:47:15]  at t = 1982 state variables < min.value.for.state.var : state = never-low-risk1-HIVu2-Ds ; age group = 16; value = -0.000169507
ERROR [2023-12-07 17:47:15]  at t = 1982 state variables < min.value.for.state.var : state = never-low-risk1-HIVu2-Ds ; age group = 17; value = -0.000147353
ERROR [2023-12-07 17:47:15]  at t = 1982 state variables < min.value.for.state.var : state = never-low-risk1-HIVu2-Ds ; age group = 18; value = -0.000120284
ERROR [2023-12-07 17:47:15]  at t = 1982 state variables < min.value.for.state.var : state = never-low-risk1-HIVu2-Ds ; age group = 21; value = -0.000115816
ERROR [2023-12-07 17:47:15]  at t = 1984.5 state variables < min.value.for.state.var : state = never-low-risk1-HIVu2-Ds ; age group = 21; value = -0.000233253
DEBUG [2023-12-07 17:47:22] successful generation of stocks output from generate.prevalence.output()
DEBUG [2023-12-07 17:47:22] at t=1987.5 1 age groups with HIV TB deaths exceeding all cause mortality (WHO deathrates) ; capping background deaths to ensure background deaths >= 0
DEBUG [2023-12-07 17:47:22] at t=1988 2 age groups with HIV TB deaths exceeding all cause mortality (WHO deathrates) ; capping background deaths to ensure background deaths >= 0
DEBUG [2023-12-07 17:47:22] at t=1988.5 2 age groups with HIV TB deaths exceeding all cause mortality (WHO deathrates) ; capping background deaths to ensure background deaths >= 0
DEBUG [2023-12-07 17:47:22] at t=1989 2 age groups with HIV TB deaths exceeding all cause mortality (WHO deathrates) ; capping background deaths to ensure background deaths >= 0
DEBUG [2023-12-07 17:47:22] at t=1989.5 7 age groups with HIV TB deaths exceeding all cause mortality (WHO deathrates) ; capping background deaths to ensure background deaths >= 0
DEBUG [2023-12-07 17:47:22] at t=1990 8 age groups with HIV TB deaths exceeding all cause mortality (WHO deathrates) ; capping background deaths to ensure background deaths >= 0
DEBUG [2023-12-07 17:47:22] at t=1990.5 7 age groups with HIV TB deaths exceeding all cause mortality (WHO deathrates) ; capping background deaths to ensure background deaths >= 0
DEBUG [2023-12-07 17:47:22] at t=1991 9 age groups with HIV TB deaths exceeding all cause mortality (WHO deathrates) ; capping background deaths to ensure background deaths >= 0
DEBUG [2023-12-07 17:47:22] at t=1991.5 11 age groups with HIV TB deaths exceeding all cause mortality (WHO deathrates) ; capping background deaths to ensure background deaths >= 0
DEBUG [2023-12-07 17:47:22] at t=1992 13 age groups with HIV TB deaths exceeding all cause mortality (WHO deathrates) ; capping background deaths to ensure background deaths >= 0
DEBUG [2023-12-07 17:47:22] at t=1992.5 13 age groups with HIV TB deaths exceeding all cause mortality (WHO deathrates) ; capping background deaths to ensure background deaths >= 0
DEBUG [2023-12-07 17:47:22] at t=1993 13 age groups with HIV TB deaths exceeding all cause mortality (WHO deathrates) ; capping background deaths to ensure background deaths >= 0
DEBUG [2023-12-07 17:47:22] at t=1993.5 14 age groups with HIV TB deaths exceeding all cause mortality (WHO deathrates) ; capping background deaths to ensure background deaths >= 0
DEBUG [2023-12-07 17:47:22] at t=1994 15 age groups with HIV TB deaths exceeding all cause mortality (WHO deathrates) ; capping background deaths to ensure background deaths >= 0
DEBUG [2023-12-07 17:47:22] at t=1994.5 14 age groups with HIV TB deaths exceeding all cause mortality (WHO deathrates) ; capping background deaths to ensure background deaths >= 0
DEBUG [2023-12-07 17:47:22] at t=1995 15 age groups with HIV TB deaths exceeding all cause mortality (WHO deathrates) ; capping background deaths to ensure background deaths >= 0
DEBUG [2023-12-07 17:47:22] at t=1995.5 15 age groups with HIV TB deaths exceeding all cause mortality (WHO deathrates) ; capping background deaths to ensure background deaths >= 0
DEBUG [2023-12-07 17:47:22] at t=1996 15 age groups with HIV TB deaths exceeding all cause mortality (WHO deathrates) ; capping background deaths to ensure background deaths >= 0
DEBUG [2023-12-07 17:47:22] at t=1996.5 15 age groups with HIV TB deaths exceeding all cause mortality (WHO deathrates) ; capping background deaths to ensure background deaths >= 0
DEBUG [2023-12-07 17:47:22] at t=1997 16 age groups with HIV TB deaths exceeding all cause mortality (WHO deathrates) ; capping background deaths to ensure background deaths >= 0
DEBUG [2023-12-07 17:47:22] at t=1997.5 15 age groups with HIV TB deaths exceeding all cause mortality (WHO deathrates) ; capping background deaths to ensure background deaths >= 0
DEBUG [2023-12-07 17:47:22] at t=1998 16 age groups with HIV TB deaths exceeding all cause mortality (WHO deathrates) ; capping background deaths to ensure background deaths >= 0
DEBUG [2023-12-07 17:47:22] at t=1998.5 15 age groups with HIV TB deaths exceeding all cause mortality (WHO deathrates) ; capping background deaths to ensure background deaths >= 0
DEBUG [2023-12-07 17:47:22] at t=1999 16 age groups with HIV TB deaths exceeding all cause mortality (WHO deathrates) ; capping background deaths to ensure background deaths >= 0
DEBUG [2023-12-07 17:47:22] at t=1999.5 12 age groups with HIV TB deaths exceeding all cause mortality (WHO deathrates) ; capping background deaths to ensure background deaths >= 0
DEBUG [2023-12-07 17:47:22] at t=2000 13 age groups with HIV TB deaths exceeding all cause mortality (WHO deathrates) ; capping background deaths to ensure background deaths >= 0
DEBUG [2023-12-07 17:47:22] at t=2000.5 12 age groups with HIV TB deaths exceeding all cause mortality (WHO deathrates) ; capping background deaths to ensure background deaths >= 0
DEBUG [2023-12-07 17:47:22] at t=2001 13 age groups with HIV TB deaths exceeding all cause mortality (WHO deathrates) ; capping background deaths to ensure background deaths >= 0
DEBUG [2023-12-07 17:47:22] at t=2001.5 11 age groups with HIV TB deaths exceeding all cause mortality (WHO deathrates) ; capping background deaths to ensure background deaths >= 0
DEBUG [2023-12-07 17:47:22] at t=2002 13 age groups with HIV TB deaths exceeding all cause mortality (WHO deathrates) ; capping background deaths to ensure background deaths >= 0
DEBUG [2023-12-07 17:47:22] at t=2002.5 10 age groups with HIV TB deaths exceeding all cause mortality (WHO deathrates) ; capping background deaths to ensure background deaths >= 0
DEBUG [2023-12-07 17:47:22] at t=2003 12 age groups with HIV TB deaths exceeding all cause mortality (WHO deathrates) ; capping background deaths to ensure background deaths >= 0
DEBUG [2023-12-07 17:47:22] at t=2003.5 8 age groups with HIV TB deaths exceeding all cause mortality (WHO deathrates) ; capping background deaths to ensure background deaths >= 0
DEBUG [2023-12-07 17:47:22] at t=2004 11 age groups with HIV TB deaths exceeding all cause mortality (WHO deathrates) ; capping background deaths to ensure background deaths >= 0
DEBUG [2023-12-07 17:47:22] at t=2004.5 8 age groups with HIV TB deaths exceeding all cause mortality (WHO deathrates) ; capping background deaths to ensure background deaths >= 0
DEBUG [2023-12-07 17:47:22] at t=2005 11 age groups with HIV TB deaths exceeding all cause mortality (WHO deathrates) ; capping background deaths to ensure background deaths >= 0
DEBUG [2023-12-07 17:47:22] at t=2005.5 10 age groups with HIV TB deaths exceeding all cause mortality (WHO deathrates) ; capping background deaths to ensure background deaths >= 0
DEBUG [2023-12-07 17:47:22] at t=2006 11 age groups with HIV TB deaths exceeding all cause mortality (WHO deathrates) ; capping background deaths to ensure background deaths >= 0
DEBUG [2023-12-07 17:47:22] at t=2006.5 9 age groups with HIV TB deaths exceeding all cause mortality (WHO deathrates) ; capping background deaths to ensure background deaths >= 0
DEBUG [2023-12-07 17:47:22] at t=2007 11 age groups with HIV TB deaths exceeding all cause mortality (WHO deathrates) ; capping background deaths to ensure background deaths >= 0
DEBUG [2023-12-07 17:47:22] at t=2007.5 11 age groups with HIV TB deaths exceeding all cause mortality (WHO deathrates) ; capping background deaths to ensure background deaths >= 0
DEBUG [2023-12-07 17:47:22] at t=2008 12 age groups with HIV TB deaths exceeding all cause mortality (WHO deathrates) ; capping background deaths to ensure background deaths >= 0
DEBUG [2023-12-07 17:47:22] at t=2008.5 12 age groups with HIV TB deaths exceeding all cause mortality (WHO deathrates) ; capping background deaths to ensure background deaths >= 0
DEBUG [2023-12-07 17:47:22] at t=2009 12 age groups with HIV TB deaths exceeding all cause mortality (WHO deathrates) ; capping background deaths to ensure background deaths >= 0
DEBUG [2023-12-07 17:47:22] at t=2009.5 16 age groups with HIV TB deaths exceeding all cause mortality (WHO deathrates) ; capping background deaths to ensure background deaths >= 0
DEBUG [2023-12-07 17:47:22] at t=2010 15 age groups with HIV TB deaths exceeding all cause mortality (WHO deathrates) ; capping background deaths to ensure background deaths >= 0
DEBUG [2023-12-07 17:47:22] at t=2010.5 20 age groups with HIV TB deaths exceeding all cause mortality (WHO deathrates) ; capping background deaths to ensure background deaths >= 0
DEBUG [2023-12-07 17:47:22] at t=2011 21 age groups with HIV TB deaths exceeding all cause mortality (WHO deathrates) ; capping background deaths to ensure background deaths >= 0
DEBUG [2023-12-07 17:47:22] at t=2011.5 20 age groups with HIV TB deaths exceeding all cause mortality (WHO deathrates) ; capping background deaths to ensure background deaths >= 0
DEBUG [2023-12-07 17:47:22] at t=2012 21 age groups with HIV TB deaths exceeding all cause mortality (WHO deathrates) ; capping background deaths to ensure background deaths >= 0
DEBUG [2023-12-07 17:47:22] at t=2012.5 21 age groups with HIV TB deaths exceeding all cause mortality (WHO deathrates) ; capping background deaths to ensure background deaths >= 0
DEBUG [2023-12-07 17:47:22] at t=2013 21 age groups with HIV TB deaths exceeding all cause mortality (WHO deathrates) ; capping background deaths to ensure background deaths >= 0
DEBUG [2023-12-07 17:47:22] at t=2013.5 21 age groups with HIV TB deaths exceeding all cause mortality (WHO deathrates) ; capping background deaths to ensure background deaths >= 0
DEBUG [2023-12-07 17:47:22] at t=2014 21 age groups with HIV TB deaths exceeding all cause mortality (WHO deathrates) ; capping background deaths to ensure background deaths >= 0
DEBUG [2023-12-07 17:47:22] at t=2014.5 20 age groups with HIV TB deaths exceeding all cause mortality (WHO deathrates) ; capping background deaths to ensure background deaths >= 0
DEBUG [2023-12-07 17:47:22] at t=2015 19 age groups with HIV TB deaths exceeding all cause mortality (WHO deathrates) ; capping background deaths to ensure background deaths >= 0
DEBUG [2023-12-07 17:47:22] at t=2015.5 18 age groups with HIV TB deaths exceeding all cause mortality (WHO deathrates) ; capping background deaths to ensure background deaths >= 0
DEBUG [2023-12-07 17:47:22] at t=2016 18 age groups with HIV TB deaths exceeding all cause mortality (WHO deathrates) ; capping background deaths to ensure background deaths >= 0
DEBUG [2023-12-07 17:47:22] at t=2016.5 15 age groups with HIV TB deaths exceeding all cause mortality (WHO deathrates) ; capping background deaths to ensure background deaths >= 0
DEBUG [2023-12-07 17:47:22] at t=2017 16 age groups with HIV TB deaths exceeding all cause mortality (WHO deathrates) ; capping background deaths to ensure background deaths >= 0
DEBUG [2023-12-07 17:47:22] at t=2017.5 13 age groups with HIV TB deaths exceeding all cause mortality (WHO deathrates) ; capping background deaths to ensure background deaths >= 0
DEBUG [2023-12-07 17:47:22] at t=2018 13 age groups with HIV TB deaths exceeding all cause mortality (WHO deathrates) ; capping background deaths to ensure background deaths >= 0
DEBUG [2023-12-07 17:47:22] at t=2018.5 10 age groups with HIV TB deaths exceeding all cause mortality (WHO deathrates) ; capping background deaths to ensure background deaths >= 0
DEBUG [2023-12-07 17:47:22] at t=2019 11 age groups with HIV TB deaths exceeding all cause mortality (WHO deathrates) ; capping background deaths to ensure background deaths >= 0
DEBUG [2023-12-07 17:47:22] at t=2019.5 9 age groups with HIV TB deaths exceeding all cause mortality (WHO deathrates) ; capping background deaths to ensure background deaths >= 0
DEBUG [2023-12-07 17:47:22] at t=2020 10 age groups with HIV TB deaths exceeding all cause mortality (WHO deathrates) ; capping background deaths to ensure background deaths >= 0
DEBUG [2023-12-07 17:47:22] at t=2020.5 7 age groups with HIV TB deaths exceeding all cause mortality (WHO deathrates) ; capping background deaths to ensure background deaths >= 0
DEBUG [2023-12-07 17:47:22] at t=2021 8 age groups with HIV TB deaths exceeding all cause mortality (WHO deathrates) ; capping background deaths to ensure background deaths >= 0
DEBUG [2023-12-07 17:47:22] at t=2021.5 7 age groups with HIV TB deaths exceeding all cause mortality (WHO deathrates) ; capping background deaths to ensure background deaths >= 0
DEBUG [2023-12-07 17:47:22] at t=2022 8 age groups with HIV TB deaths exceeding all cause mortality (WHO deathrates) ; capping background deaths to ensure background deaths >= 0
DEBUG [2023-12-07 17:47:22] at t=2022.5 6 age groups with HIV TB deaths exceeding all cause mortality (WHO deathrates) ; capping background deaths to ensure background deaths >= 0
DEBUG [2023-12-07 17:47:22] at t=2023 7 age groups with HIV TB deaths exceeding all cause mortality (WHO deathrates) ; capping background deaths to ensure background deaths >= 0
DEBUG [2023-12-07 17:47:22] at t=2023.5 5 age groups with HIV TB deaths exceeding all cause mortality (WHO deathrates) ; capping background deaths to ensure background deaths >= 0
DEBUG [2023-12-07 17:47:22] at t=2024 5 age groups with HIV TB deaths exceeding all cause mortality (WHO deathrates) ; capping background deaths to ensure background deaths >= 0
DEBUG [2023-12-07 17:47:22] at t=2024.5 4 age groups with HIV TB deaths exceeding all cause mortality (WHO deathrates) ; capping background deaths to ensure background deaths >= 0
DEBUG [2023-12-07 17:47:22] at t=2025 3 age groups with HIV TB deaths exceeding all cause mortality (WHO deathrates) ; capping background deaths to ensure background deaths >= 0
DEBUG [2023-12-07 17:47:22] at t=2025.5 2 age groups with HIV TB deaths exceeding all cause mortality (WHO deathrates) ; capping background deaths to ensure background deaths >= 0
DEBUG [2023-12-07 17:47:22] at t=2026 3 age groups with HIV TB deaths exceeding all cause mortality (WHO deathrates) ; capping background deaths to ensure background deaths >= 0
DEBUG [2023-12-07 17:47:22] at t=2026.5 2 age groups with HIV TB deaths exceeding all cause mortality (WHO deathrates) ; capping background deaths to ensure background deaths >= 0
DEBUG [2023-12-07 17:47:22] at t=2027 2 age groups with HIV TB deaths exceeding all cause mortality (WHO deathrates) ; capping background deaths to ensure background deaths >= 0
DEBUG [2023-12-07 17:47:22] at t=2027.5 2 age groups with HIV TB deaths exceeding all cause mortality (WHO deathrates) ; capping background deaths to ensure background deaths >= 0
DEBUG [2023-12-07 17:47:22] at t=2028 2 age groups with HIV TB deaths exceeding all cause mortality (WHO deathrates) ; capping background deaths to ensure background deaths >= 0
DEBUG [2023-12-07 17:47:22] at t=2028.5 1 age groups with HIV TB deaths exceeding all cause mortality (WHO deathrates) ; capping background deaths to ensure background deaths >= 0
DEBUG [2023-12-07 17:47:22] at t=2029 1 age groups with HIV TB deaths exceeding all cause mortality (WHO deathrates) ; capping background deaths to ensure background deaths >= 0
DEBUG [2023-12-07 17:47:22] at t=2029.5 1 age groups with HIV TB deaths exceeding all cause mortality (WHO deathrates) ; capping background deaths to ensure background deaths >= 0
DEBUG [2023-12-07 17:47:22] at t=2030 1 age groups with HIV TB deaths exceeding all cause mortality (WHO deathrates) ; capping background deaths to ensure background deaths >= 0
DEBUG [2023-12-07 17:47:22] at t=2031 1 age groups with HIV TB deaths exceeding all cause mortality (WHO deathrates) ; capping background deaths to ensure background deaths >= 0
DEBUG [2023-12-07 17:47:22] successful call of demography.from.model.run()
DEBUG [2023-12-07 17:47:36] successful result of read.model()
DEBUG [2023-12-07 17:47:48] successful result of init.var.parameters.and.matrices()
INFO  [2023-12-07 17:54:26]  ntimesteps = 7304 in 00:06:38 elapsed (00:06:36 cpu)
DEBUG [2023-12-07 17:54:29] successful result of run.deSolve()
WARN  [2023-12-07 17:54:30]  at t = 1982 45 state variables < 0 and >  -1e-04  reset to 0 after simulation run and before processing output
ERROR [2023-12-07 17:54:30]  at t = 1982 state variables < min.value.for.state.var : state = never-low-risk1-HIVu2-Ds ; age group = 16; value = -0.000169507
ERROR [2023-12-07 17:54:30]  at t = 1982 state variables < min.value.for.state.var : state = never-low-risk1-HIVu2-Ds ; age group = 17; value = -0.000147353
ERROR [2023-12-07 17:54:30]  at t = 1982 state variables < min.value.for.state.var : state = never-low-risk1-HIVu2-Ds ; age group = 18; value = -0.000120284
ERROR [2023-12-07 17:54:30]  at t = 1982 state variables < min.value.for.state.var : state = never-low-risk1-HIVu2-Ds ; age group = 21; value = -0.000115816
ERROR [2023-12-07 17:54:30]  at t = 1984.5 state variables < min.value.for.state.var : state = never-low-risk1-HIVu2-Ds ; age group = 21; value = -0.000233253
DEBUG [2023-12-07 17:54:36] successful generation of stocks output from generate.prevalence.output()
DEBUG [2023-12-07 17:54:36] successful call of demography.from.model.run()
DEBUG [2023-12-07 17:56:15] successful result of read.model()
DEBUG [2023-12-07 17:56:22] successful result of init.var.parameters.and.matrices()
WARN  [2023-12-07 18:00:46]  ntimesteps = 7650 in 00:04:23 elapsed (00:04:22 cpu) which may be excessive ; please reconsider parameter values
DEBUG [2023-12-07 18:00:48] successful result of run.deSolve()
DEBUG [2023-12-07 18:00:55] successful generation of stocks output from generate.prevalence.output()
DEBUG [2023-12-07 18:00:55] successful call of demography.from.model.run()
DEBUG [2023-12-07 18:01:52] successful result of read.model()
DEBUG [2023-12-07 18:02:03] successful result of init.var.parameters.and.matrices()
INFO  [2023-12-07 18:05:29]  ntimesteps = 6915 in 00:03:26 elapsed (00:03:25 cpu)
DEBUG [2023-12-07 18:05:32] successful result of run.deSolve()
WARN  [2023-12-07 18:05:33]  at t = 1982 16 state variables < 0 and >  -1e-04  reset to 0 after simulation run and before processing output
ERROR [2023-12-07 18:05:33]  at t = 1984.5 state variables < min.value.for.state.var : state = never-low-risk1-HIVu2-Ds ; age group = 21; value = -0.000216957
DEBUG [2023-12-07 18:05:40] successful generation of stocks output from generate.prevalence.output()
DEBUG [2023-12-07 18:05:40] at t=1987.5 1 age groups with HIV TB deaths exceeding all cause mortality (WHO deathrates) ; capping background deaths to ensure background deaths >= 0
DEBUG [2023-12-07 18:05:40] at t=1988 2 age groups with HIV TB deaths exceeding all cause mortality (WHO deathrates) ; capping background deaths to ensure background deaths >= 0
DEBUG [2023-12-07 18:05:40] at t=1988.5 2 age groups with HIV TB deaths exceeding all cause mortality (WHO deathrates) ; capping background deaths to ensure background deaths >= 0
DEBUG [2023-12-07 18:05:40] at t=1989 3 age groups with HIV TB deaths exceeding all cause mortality (WHO deathrates) ; capping background deaths to ensure background deaths >= 0
DEBUG [2023-12-07 18:05:40] at t=1989.5 7 age groups with HIV TB deaths exceeding all cause mortality (WHO deathrates) ; capping background deaths to ensure background deaths >= 0
DEBUG [2023-12-07 18:05:40] at t=1990 8 age groups with HIV TB deaths exceeding all cause mortality (WHO deathrates) ; capping background deaths to ensure background deaths >= 0
DEBUG [2023-12-07 18:05:40] at t=1990.5 7 age groups with HIV TB deaths exceeding all cause mortality (WHO deathrates) ; capping background deaths to ensure background deaths >= 0
DEBUG [2023-12-07 18:05:40] at t=1991 9 age groups with HIV TB deaths exceeding all cause mortality (WHO deathrates) ; capping background deaths to ensure background deaths >= 0
DEBUG [2023-12-07 18:05:40] at t=1991.5 11 age groups with HIV TB deaths exceeding all cause mortality (WHO deathrates) ; capping background deaths to ensure background deaths >= 0
DEBUG [2023-12-07 18:05:40] at t=1992 13 age groups with HIV TB deaths exceeding all cause mortality (WHO deathrates) ; capping background deaths to ensure background deaths >= 0
DEBUG [2023-12-07 18:05:40] at t=1992.5 13 age groups with HIV TB deaths exceeding all cause mortality (WHO deathrates) ; capping background deaths to ensure background deaths >= 0
DEBUG [2023-12-07 18:05:40] at t=1993 13 age groups with HIV TB deaths exceeding all cause mortality (WHO deathrates) ; capping background deaths to ensure background deaths >= 0
DEBUG [2023-12-07 18:05:40] at t=1993.5 14 age groups with HIV TB deaths exceeding all cause mortality (WHO deathrates) ; capping background deaths to ensure background deaths >= 0
DEBUG [2023-12-07 18:05:40] at t=1994 15 age groups with HIV TB deaths exceeding all cause mortality (WHO deathrates) ; capping background deaths to ensure background deaths >= 0
DEBUG [2023-12-07 18:05:40] at t=1994.5 15 age groups with HIV TB deaths exceeding all cause mortality (WHO deathrates) ; capping background deaths to ensure background deaths >= 0
DEBUG [2023-12-07 18:05:40] at t=1995 15 age groups with HIV TB deaths exceeding all cause mortality (WHO deathrates) ; capping background deaths to ensure background deaths >= 0
DEBUG [2023-12-07 18:05:40] at t=1995.5 15 age groups with HIV TB deaths exceeding all cause mortality (WHO deathrates) ; capping background deaths to ensure background deaths >= 0
DEBUG [2023-12-07 18:05:40] at t=1996 16 age groups with HIV TB deaths exceeding all cause mortality (WHO deathrates) ; capping background deaths to ensure background deaths >= 0
DEBUG [2023-12-07 18:05:40] at t=1996.5 15 age groups with HIV TB deaths exceeding all cause mortality (WHO deathrates) ; capping background deaths to ensure background deaths >= 0
DEBUG [2023-12-07 18:05:40] at t=1997 16 age groups with HIV TB deaths exceeding all cause mortality (WHO deathrates) ; capping background deaths to ensure background deaths >= 0
DEBUG [2023-12-07 18:05:40] at t=1997.5 15 age groups with HIV TB deaths exceeding all cause mortality (WHO deathrates) ; capping background deaths to ensure background deaths >= 0
DEBUG [2023-12-07 18:05:40] at t=1998 16 age groups with HIV TB deaths exceeding all cause mortality (WHO deathrates) ; capping background deaths to ensure background deaths >= 0
DEBUG [2023-12-07 18:05:40] at t=1998.5 15 age groups with HIV TB deaths exceeding all cause mortality (WHO deathrates) ; capping background deaths to ensure background deaths >= 0
DEBUG [2023-12-07 18:05:40] at t=1999 16 age groups with HIV TB deaths exceeding all cause mortality (WHO deathrates) ; capping background deaths to ensure background deaths >= 0
DEBUG [2023-12-07 18:05:40] at t=1999.5 13 age groups with HIV TB deaths exceeding all cause mortality (WHO deathrates) ; capping background deaths to ensure background deaths >= 0
DEBUG [2023-12-07 18:05:40] at t=2000 14 age groups with HIV TB deaths exceeding all cause mortality (WHO deathrates) ; capping background deaths to ensure background deaths >= 0
DEBUG [2023-12-07 18:05:40] at t=2000.5 12 age groups with HIV TB deaths exceeding all cause mortality (WHO deathrates) ; capping background deaths to ensure background deaths >= 0
DEBUG [2023-12-07 18:05:40] at t=2001 13 age groups with HIV TB deaths exceeding all cause mortality (WHO deathrates) ; capping background deaths to ensure background deaths >= 0
DEBUG [2023-12-07 18:05:40] at t=2001.5 12 age groups with HIV TB deaths exceeding all cause mortality (WHO deathrates) ; capping background deaths to ensure background deaths >= 0
DEBUG [2023-12-07 18:05:40] at t=2002 13 age groups with HIV TB deaths exceeding all cause mortality (WHO deathrates) ; capping background deaths to ensure background deaths >= 0
DEBUG [2023-12-07 18:05:40] at t=2002.5 10 age groups with HIV TB deaths exceeding all cause mortality (WHO deathrates) ; capping background deaths to ensure background deaths >= 0
DEBUG [2023-12-07 18:05:40] at t=2003 12 age groups with HIV TB deaths exceeding all cause mortality (WHO deathrates) ; capping background deaths to ensure background deaths >= 0
DEBUG [2023-12-07 18:05:40] at t=2003.5 8 age groups with HIV TB deaths exceeding all cause mortality (WHO deathrates) ; capping background deaths to ensure background deaths >= 0
DEBUG [2023-12-07 18:05:40] at t=2004 11 age groups with HIV TB deaths exceeding all cause mortality (WHO deathrates) ; capping background deaths to ensure background deaths >= 0
DEBUG [2023-12-07 18:05:40] at t=2004.5 10 age groups with HIV TB deaths exceeding all cause mortality (WHO deathrates) ; capping background deaths to ensure background deaths >= 0
DEBUG [2023-12-07 18:05:40] at t=2005 11 age groups with HIV TB deaths exceeding all cause mortality (WHO deathrates) ; capping background deaths to ensure background deaths >= 0
DEBUG [2023-12-07 18:05:40] at t=2005.5 10 age groups with HIV TB deaths exceeding all cause mortality (WHO deathrates) ; capping background deaths to ensure background deaths >= 0
DEBUG [2023-12-07 18:05:40] at t=2006 11 age groups with HIV TB deaths exceeding all cause mortality (WHO deathrates) ; capping background deaths to ensure background deaths >= 0
DEBUG [2023-12-07 18:05:40] at t=2006.5 11 age groups with HIV TB deaths exceeding all cause mortality (WHO deathrates) ; capping background deaths to ensure background deaths >= 0
DEBUG [2023-12-07 18:05:40] at t=2007 11 age groups with HIV TB deaths exceeding all cause mortality (WHO deathrates) ; capping background deaths to ensure background deaths >= 0
DEBUG [2023-12-07 18:05:40] at t=2007.5 11 age groups with HIV TB deaths exceeding all cause mortality (WHO deathrates) ; capping background deaths to ensure background deaths >= 0
DEBUG [2023-12-07 18:05:40] at t=2008 13 age groups with HIV TB deaths exceeding all cause mortality (WHO deathrates) ; capping background deaths to ensure background deaths >= 0
DEBUG [2023-12-07 18:05:40] at t=2008.5 12 age groups with HIV TB deaths exceeding all cause mortality (WHO deathrates) ; capping background deaths to ensure background deaths >= 0
DEBUG [2023-12-07 18:05:40] at t=2009 12 age groups with HIV TB deaths exceeding all cause mortality (WHO deathrates) ; capping background deaths to ensure background deaths >= 0
DEBUG [2023-12-07 18:05:40] at t=2009.5 17 age groups with HIV TB deaths exceeding all cause mortality (WHO deathrates) ; capping background deaths to ensure background deaths >= 0
DEBUG [2023-12-07 18:05:40] at t=2010 17 age groups with HIV TB deaths exceeding all cause mortality (WHO deathrates) ; capping background deaths to ensure background deaths >= 0
DEBUG [2023-12-07 18:05:40] at t=2010.5 20 age groups with HIV TB deaths exceeding all cause mortality (WHO deathrates) ; capping background deaths to ensure background deaths >= 0
DEBUG [2023-12-07 18:05:40] at t=2011 21 age groups with HIV TB deaths exceeding all cause mortality (WHO deathrates) ; capping background deaths to ensure background deaths >= 0
DEBUG [2023-12-07 18:05:40] at t=2011.5 20 age groups with HIV TB deaths exceeding all cause mortality (WHO deathrates) ; capping background deaths to ensure background deaths >= 0
DEBUG [2023-12-07 18:05:40] at t=2012 21 age groups with HIV TB deaths exceeding all cause mortality (WHO deathrates) ; capping background deaths to ensure background deaths >= 0
DEBUG [2023-12-07 18:05:40] at t=2012.5 21 age groups with HIV TB deaths exceeding all cause mortality (WHO deathrates) ; capping background deaths to ensure background deaths >= 0
DEBUG [2023-12-07 18:05:40] at t=2013 21 age groups with HIV TB deaths exceeding all cause mortality (WHO deathrates) ; capping background deaths to ensure background deaths >= 0
DEBUG [2023-12-07 18:05:40] at t=2013.5 21 age groups with HIV TB deaths exceeding all cause mortality (WHO deathrates) ; capping background deaths to ensure background deaths >= 0
DEBUG [2023-12-07 18:05:40] at t=2014 21 age groups with HIV TB deaths exceeding all cause mortality (WHO deathrates) ; capping background deaths to ensure background deaths >= 0
DEBUG [2023-12-07 18:05:40] at t=2014.5 20 age groups with HIV TB deaths exceeding all cause mortality (WHO deathrates) ; capping background deaths to ensure background deaths >= 0
DEBUG [2023-12-07 18:05:40] at t=2015 20 age groups with HIV TB deaths exceeding all cause mortality (WHO deathrates) ; capping background deaths to ensure background deaths >= 0
DEBUG [2023-12-07 18:05:40] at t=2015.5 18 age groups with HIV TB deaths exceeding all cause mortality (WHO deathrates) ; capping background deaths to ensure background deaths >= 0
DEBUG [2023-12-07 18:05:40] at t=2016 18 age groups with HIV TB deaths exceeding all cause mortality (WHO deathrates) ; capping background deaths to ensure background deaths >= 0
DEBUG [2023-12-07 18:05:40] at t=2016.5 15 age groups with HIV TB deaths exceeding all cause mortality (WHO deathrates) ; capping background deaths to ensure background deaths >= 0
DEBUG [2023-12-07 18:05:40] at t=2017 16 age groups with HIV TB deaths exceeding all cause mortality (WHO deathrates) ; capping background deaths to ensure background deaths >= 0
DEBUG [2023-12-07 18:05:40] at t=2017.5 13 age groups with HIV TB deaths exceeding all cause mortality (WHO deathrates) ; capping background deaths to ensure background deaths >= 0
DEBUG [2023-12-07 18:05:40] at t=2018 14 age groups with HIV TB deaths exceeding all cause mortality (WHO deathrates) ; capping background deaths to ensure background deaths >= 0
DEBUG [2023-12-07 18:05:40] at t=2018.5 10 age groups with HIV TB deaths exceeding all cause mortality (WHO deathrates) ; capping background deaths to ensure background deaths >= 0
DEBUG [2023-12-07 18:05:40] at t=2019 11 age groups with HIV TB deaths exceeding all cause mortality (WHO deathrates) ; capping background deaths to ensure background deaths >= 0
DEBUG [2023-12-07 18:05:40] at t=2019.5 9 age groups with HIV TB deaths exceeding all cause mortality (WHO deathrates) ; capping background deaths to ensure background deaths >= 0
DEBUG [2023-12-07 18:05:40] at t=2020 10 age groups with HIV TB deaths exceeding all cause mortality (WHO deathrates) ; capping background deaths to ensure background deaths >= 0
DEBUG [2023-12-07 18:05:40] at t=2020.5 8 age groups with HIV TB deaths exceeding all cause mortality (WHO deathrates) ; capping background deaths to ensure background deaths >= 0
DEBUG [2023-12-07 18:05:40] at t=2021 9 age groups with HIV TB deaths exceeding all cause mortality (WHO deathrates) ; capping background deaths to ensure background deaths >= 0
DEBUG [2023-12-07 18:05:40] at t=2021.5 7 age groups with HIV TB deaths exceeding all cause mortality (WHO deathrates) ; capping background deaths to ensure background deaths >= 0
DEBUG [2023-12-07 18:05:40] at t=2022 8 age groups with HIV TB deaths exceeding all cause mortality (WHO deathrates) ; capping background deaths to ensure background deaths >= 0
DEBUG [2023-12-07 18:05:40] at t=2022.5 6 age groups with HIV TB deaths exceeding all cause mortality (WHO deathrates) ; capping background deaths to ensure background deaths >= 0
DEBUG [2023-12-07 18:05:40] at t=2023 7 age groups with HIV TB deaths exceeding all cause mortality (WHO deathrates) ; capping background deaths to ensure background deaths >= 0
DEBUG [2023-12-07 18:05:40] at t=2023.5 5 age groups with HIV TB deaths exceeding all cause mortality (WHO deathrates) ; capping background deaths to ensure background deaths >= 0
DEBUG [2023-12-07 18:05:40] at t=2024 5 age groups with HIV TB deaths exceeding all cause mortality (WHO deathrates) ; capping background deaths to ensure background deaths >= 0
DEBUG [2023-12-07 18:05:40] at t=2024.5 4 age groups with HIV TB deaths exceeding all cause mortality (WHO deathrates) ; capping background deaths to ensure background deaths >= 0
DEBUG [2023-12-07 18:05:40] at t=2025 4 age groups with HIV TB deaths exceeding all cause mortality (WHO deathrates) ; capping background deaths to ensure background deaths >= 0
DEBUG [2023-12-07 18:05:40] at t=2025.5 3 age groups with HIV TB deaths exceeding all cause mortality (WHO deathrates) ; capping background deaths to ensure background deaths >= 0
DEBUG [2023-12-07 18:05:40] at t=2026 3 age groups with HIV TB deaths exceeding all cause mortality (WHO deathrates) ; capping background deaths to ensure background deaths >= 0
DEBUG [2023-12-07 18:05:40] at t=2026.5 2 age groups with HIV TB deaths exceeding all cause mortality (WHO deathrates) ; capping background deaths to ensure background deaths >= 0
DEBUG [2023-12-07 18:05:40] at t=2027 2 age groups with HIV TB deaths exceeding all cause mortality (WHO deathrates) ; capping background deaths to ensure background deaths >= 0
DEBUG [2023-12-07 18:05:40] at t=2027.5 2 age groups with HIV TB deaths exceeding all cause mortality (WHO deathrates) ; capping background deaths to ensure background deaths >= 0
DEBUG [2023-12-07 18:05:40] at t=2028 2 age groups with HIV TB deaths exceeding all cause mortality (WHO deathrates) ; capping background deaths to ensure background deaths >= 0
DEBUG [2023-12-07 18:05:40] at t=2028.5 1 age groups with HIV TB deaths exceeding all cause mortality (WHO deathrates) ; capping background deaths to ensure background deaths >= 0
DEBUG [2023-12-07 18:05:40] at t=2029 2 age groups with HIV TB deaths exceeding all cause mortality (WHO deathrates) ; capping background deaths to ensure background deaths >= 0
DEBUG [2023-12-07 18:05:40] at t=2029.5 1 age groups with HIV TB deaths exceeding all cause mortality (WHO deathrates) ; capping background deaths to ensure background deaths >= 0
DEBUG [2023-12-07 18:05:40] at t=2030 1 age groups with HIV TB deaths exceeding all cause mortality (WHO deathrates) ; capping background deaths to ensure background deaths >= 0
DEBUG [2023-12-07 18:05:40] at t=2030.5 1 age groups with HIV TB deaths exceeding all cause mortality (WHO deathrates) ; capping background deaths to ensure background deaths >= 0
DEBUG [2023-12-07 18:05:40] at t=2031 1 age groups with HIV TB deaths exceeding all cause mortality (WHO deathrates) ; capping background deaths to ensure background deaths >= 0
DEBUG [2023-12-07 18:05:40] successful call of demography.from.model.run()
DEBUG [2023-12-07 18:05:54] successful result of read.model()
DEBUG [2023-12-07 18:06:06] successful result of init.var.parameters.and.matrices()
INFO  [2023-12-07 18:12:45]  ntimesteps = 7270 in 00:06:38 elapsed (00:06:37 cpu)
DEBUG [2023-12-07 18:12:48] successful result of run.deSolve()
WARN  [2023-12-07 18:12:48]  at t = 1982 16 state variables < 0 and >  -1e-04  reset to 0 after simulation run and before processing output
ERROR [2023-12-07 18:12:48]  at t = 1984.5 state variables < min.value.for.state.var : state = never-low-risk1-HIVu2-Ds ; age group = 21; value = -0.000216957
DEBUG [2023-12-07 18:12:55] successful generation of stocks output from generate.prevalence.output()
DEBUG [2023-12-07 18:12:56] successful call of demography.from.model.run()
DEBUG [2023-12-07 18:14:37] successful result of read.model()
DEBUG [2023-12-07 18:14:45] successful result of init.var.parameters.and.matrices()
WARN  [2023-12-07 18:19:10]  ntimesteps = 7641 in 00:04:24 elapsed (00:04:22 cpu) which may be excessive ; please reconsider parameter values
DEBUG [2023-12-07 18:19:12] successful result of run.deSolve()
DEBUG [2023-12-07 18:19:18] successful generation of stocks output from generate.prevalence.output()
DEBUG [2023-12-07 18:19:18] successful call of demography.from.model.run()
DEBUG [2023-12-07 18:20:23] successful result of read.model()
DEBUG [2023-12-07 18:20:34] successful result of init.var.parameters.and.matrices()
INFO  [2023-12-07 18:24:02]  ntimesteps = 6939 in 00:03:28 elapsed (00:03:27 cpu)
DEBUG [2023-12-07 18:24:05] successful result of run.deSolve()
WARN  [2023-12-07 18:24:05]  at t = 1982 56 state variables < 0 and >  -1e-04  reset to 0 after simulation run and before processing output
ERROR [2023-12-07 18:24:05]  at t = 1982 state variables < min.value.for.state.var : state = never-low-risk1-HIVu2-Ds ; age group = 16; value = -0.000213942
ERROR [2023-12-07 18:24:05]  at t = 1982 state variables < min.value.for.state.var : state = never-low-risk1-HIVu2-Ds ; age group = 17; value = -0.000188378
ERROR [2023-12-07 18:24:05]  at t = 1982 state variables < min.value.for.state.var : state = never-low-risk1-HIVu2-Ds ; age group = 18; value = -0.000157087
ERROR [2023-12-07 18:24:05]  at t = 1982 state variables < min.value.for.state.var : state = never-low-risk1-HIVu2-Ds ; age group = 19; value = -0.000129096
ERROR [2023-12-07 18:24:05]  at t = 1982 state variables < min.value.for.state.var : state = never-low-risk1-HIVu2-Ds ; age group = 20; value = -0.000126859
ERROR [2023-12-07 18:24:05]  at t = 1982 state variables < min.value.for.state.var : state = never-low-risk1-HIVu2-Ds ; age group = 21; value = -0.000144392
DEBUG [2023-12-07 18:24:12] successful generation of stocks output from generate.prevalence.output()
DEBUG [2023-12-07 18:24:12] at t=1988 2 age groups with HIV TB deaths exceeding all cause mortality (WHO deathrates) ; capping background deaths to ensure background deaths >= 0
DEBUG [2023-12-07 18:24:12] at t=1988.5 2 age groups with HIV TB deaths exceeding all cause mortality (WHO deathrates) ; capping background deaths to ensure background deaths >= 0
DEBUG [2023-12-07 18:24:12] at t=1989 2 age groups with HIV TB deaths exceeding all cause mortality (WHO deathrates) ; capping background deaths to ensure background deaths >= 0
DEBUG [2023-12-07 18:24:12] at t=1989.5 7 age groups with HIV TB deaths exceeding all cause mortality (WHO deathrates) ; capping background deaths to ensure background deaths >= 0
DEBUG [2023-12-07 18:24:12] at t=1990 8 age groups with HIV TB deaths exceeding all cause mortality (WHO deathrates) ; capping background deaths to ensure background deaths >= 0
DEBUG [2023-12-07 18:24:12] at t=1990.5 7 age groups with HIV TB deaths exceeding all cause mortality (WHO deathrates) ; capping background deaths to ensure background deaths >= 0
DEBUG [2023-12-07 18:24:12] at t=1991 9 age groups with HIV TB deaths exceeding all cause mortality (WHO deathrates) ; capping background deaths to ensure background deaths >= 0
DEBUG [2023-12-07 18:24:12] at t=1991.5 11 age groups with HIV TB deaths exceeding all cause mortality (WHO deathrates) ; capping background deaths to ensure background deaths >= 0
DEBUG [2023-12-07 18:24:12] at t=1992 13 age groups with HIV TB deaths exceeding all cause mortality (WHO deathrates) ; capping background deaths to ensure background deaths >= 0
DEBUG [2023-12-07 18:24:12] at t=1992.5 12 age groups with HIV TB deaths exceeding all cause mortality (WHO deathrates) ; capping background deaths to ensure background deaths >= 0
DEBUG [2023-12-07 18:24:12] at t=1993 13 age groups with HIV TB deaths exceeding all cause mortality (WHO deathrates) ; capping background deaths to ensure background deaths >= 0
DEBUG [2023-12-07 18:24:12] at t=1993.5 14 age groups with HIV TB deaths exceeding all cause mortality (WHO deathrates) ; capping background deaths to ensure background deaths >= 0
DEBUG [2023-12-07 18:24:12] at t=1994 15 age groups with HIV TB deaths exceeding all cause mortality (WHO deathrates) ; capping background deaths to ensure background deaths >= 0
DEBUG [2023-12-07 18:24:12] at t=1994.5 14 age groups with HIV TB deaths exceeding all cause mortality (WHO deathrates) ; capping background deaths to ensure background deaths >= 0
DEBUG [2023-12-07 18:24:12] at t=1995 15 age groups with HIV TB deaths exceeding all cause mortality (WHO deathrates) ; capping background deaths to ensure background deaths >= 0
DEBUG [2023-12-07 18:24:12] at t=1995.5 15 age groups with HIV TB deaths exceeding all cause mortality (WHO deathrates) ; capping background deaths to ensure background deaths >= 0
DEBUG [2023-12-07 18:24:12] at t=1996 15 age groups with HIV TB deaths exceeding all cause mortality (WHO deathrates) ; capping background deaths to ensure background deaths >= 0
DEBUG [2023-12-07 18:24:12] at t=1996.5 15 age groups with HIV TB deaths exceeding all cause mortality (WHO deathrates) ; capping background deaths to ensure background deaths >= 0
DEBUG [2023-12-07 18:24:12] at t=1997 16 age groups with HIV TB deaths exceeding all cause mortality (WHO deathrates) ; capping background deaths to ensure background deaths >= 0
DEBUG [2023-12-07 18:24:12] at t=1997.5 15 age groups with HIV TB deaths exceeding all cause mortality (WHO deathrates) ; capping background deaths to ensure background deaths >= 0
DEBUG [2023-12-07 18:24:12] at t=1998 16 age groups with HIV TB deaths exceeding all cause mortality (WHO deathrates) ; capping background deaths to ensure background deaths >= 0
DEBUG [2023-12-07 18:24:12] at t=1998.5 15 age groups with HIV TB deaths exceeding all cause mortality (WHO deathrates) ; capping background deaths to ensure background deaths >= 0
DEBUG [2023-12-07 18:24:12] at t=1999 16 age groups with HIV TB deaths exceeding all cause mortality (WHO deathrates) ; capping background deaths to ensure background deaths >= 0
DEBUG [2023-12-07 18:24:12] at t=1999.5 12 age groups with HIV TB deaths exceeding all cause mortality (WHO deathrates) ; capping background deaths to ensure background deaths >= 0
DEBUG [2023-12-07 18:24:12] at t=2000 13 age groups with HIV TB deaths exceeding all cause mortality (WHO deathrates) ; capping background deaths to ensure background deaths >= 0
DEBUG [2023-12-07 18:24:12] at t=2000.5 12 age groups with HIV TB deaths exceeding all cause mortality (WHO deathrates) ; capping background deaths to ensure background deaths >= 0
DEBUG [2023-12-07 18:24:12] at t=2001 13 age groups with HIV TB deaths exceeding all cause mortality (WHO deathrates) ; capping background deaths to ensure background deaths >= 0
DEBUG [2023-12-07 18:24:12] at t=2001.5 11 age groups with HIV TB deaths exceeding all cause mortality (WHO deathrates) ; capping background deaths to ensure background deaths >= 0
DEBUG [2023-12-07 18:24:12] at t=2002 13 age groups with HIV TB deaths exceeding all cause mortality (WHO deathrates) ; capping background deaths to ensure background deaths >= 0
DEBUG [2023-12-07 18:24:12] at t=2002.5 10 age groups with HIV TB deaths exceeding all cause mortality (WHO deathrates) ; capping background deaths to ensure background deaths >= 0
DEBUG [2023-12-07 18:24:12] at t=2003 12 age groups with HIV TB deaths exceeding all cause mortality (WHO deathrates) ; capping background deaths to ensure background deaths >= 0
DEBUG [2023-12-07 18:24:12] at t=2003.5 8 age groups with HIV TB deaths exceeding all cause mortality (WHO deathrates) ; capping background deaths to ensure background deaths >= 0
DEBUG [2023-12-07 18:24:12] at t=2004 11 age groups with HIV TB deaths exceeding all cause mortality (WHO deathrates) ; capping background deaths to ensure background deaths >= 0
DEBUG [2023-12-07 18:24:12] at t=2004.5 8 age groups with HIV TB deaths exceeding all cause mortality (WHO deathrates) ; capping background deaths to ensure background deaths >= 0
DEBUG [2023-12-07 18:24:12] at t=2005 11 age groups with HIV TB deaths exceeding all cause mortality (WHO deathrates) ; capping background deaths to ensure background deaths >= 0
DEBUG [2023-12-07 18:24:12] at t=2005.5 9 age groups with HIV TB deaths exceeding all cause mortality (WHO deathrates) ; capping background deaths to ensure background deaths >= 0
DEBUG [2023-12-07 18:24:12] at t=2006 11 age groups with HIV TB deaths exceeding all cause mortality (WHO deathrates) ; capping background deaths to ensure background deaths >= 0
DEBUG [2023-12-07 18:24:12] at t=2006.5 10 age groups with HIV TB deaths exceeding all cause mortality (WHO deathrates) ; capping background deaths to ensure background deaths >= 0
DEBUG [2023-12-07 18:24:12] at t=2007 11 age groups with HIV TB deaths exceeding all cause mortality (WHO deathrates) ; capping background deaths to ensure background deaths >= 0
DEBUG [2023-12-07 18:24:12] at t=2007.5 11 age groups with HIV TB deaths exceeding all cause mortality (WHO deathrates) ; capping background deaths to ensure background deaths >= 0
DEBUG [2023-12-07 18:24:12] at t=2008 13 age groups with HIV TB deaths exceeding all cause mortality (WHO deathrates) ; capping background deaths to ensure background deaths >= 0
DEBUG [2023-12-07 18:24:12] at t=2008.5 12 age groups with HIV TB deaths exceeding all cause mortality (WHO deathrates) ; capping background deaths to ensure background deaths >= 0
DEBUG [2023-12-07 18:24:12] at t=2009 12 age groups with HIV TB deaths exceeding all cause mortality (WHO deathrates) ; capping background deaths to ensure background deaths >= 0
DEBUG [2023-12-07 18:24:12] at t=2009.5 15 age groups with HIV TB deaths exceeding all cause mortality (WHO deathrates) ; capping background deaths to ensure background deaths >= 0
DEBUG [2023-12-07 18:24:12] at t=2010 15 age groups with HIV TB deaths exceeding all cause mortality (WHO deathrates) ; capping background deaths to ensure background deaths >= 0
DEBUG [2023-12-07 18:24:12] at t=2010.5 20 age groups with HIV TB deaths exceeding all cause mortality (WHO deathrates) ; capping background deaths to ensure background deaths >= 0
DEBUG [2023-12-07 18:24:12] at t=2011 20 age groups with HIV TB deaths exceeding all cause mortality (WHO deathrates) ; capping background deaths to ensure background deaths >= 0
DEBUG [2023-12-07 18:24:12] at t=2011.5 20 age groups with HIV TB deaths exceeding all cause mortality (WHO deathrates) ; capping background deaths to ensure background deaths >= 0
DEBUG [2023-12-07 18:24:12] at t=2012 21 age groups with HIV TB deaths exceeding all cause mortality (WHO deathrates) ; capping background deaths to ensure background deaths >= 0
DEBUG [2023-12-07 18:24:12] at t=2012.5 21 age groups with HIV TB deaths exceeding all cause mortality (WHO deathrates) ; capping background deaths to ensure background deaths >= 0
DEBUG [2023-12-07 18:24:12] at t=2013 21 age groups with HIV TB deaths exceeding all cause mortality (WHO deathrates) ; capping background deaths to ensure background deaths >= 0
DEBUG [2023-12-07 18:24:12] at t=2013.5 21 age groups with HIV TB deaths exceeding all cause mortality (WHO deathrates) ; capping background deaths to ensure background deaths >= 0
DEBUG [2023-12-07 18:24:12] at t=2014 21 age groups with HIV TB deaths exceeding all cause mortality (WHO deathrates) ; capping background deaths to ensure background deaths >= 0
DEBUG [2023-12-07 18:24:12] at t=2014.5 20 age groups with HIV TB deaths exceeding all cause mortality (WHO deathrates) ; capping background deaths to ensure background deaths >= 0
DEBUG [2023-12-07 18:24:12] at t=2015 20 age groups with HIV TB deaths exceeding all cause mortality (WHO deathrates) ; capping background deaths to ensure background deaths >= 0
DEBUG [2023-12-07 18:24:12] at t=2015.5 18 age groups with HIV TB deaths exceeding all cause mortality (WHO deathrates) ; capping background deaths to ensure background deaths >= 0
DEBUG [2023-12-07 18:24:12] at t=2016 18 age groups with HIV TB deaths exceeding all cause mortality (WHO deathrates) ; capping background deaths to ensure background deaths >= 0
DEBUG [2023-12-07 18:24:12] at t=2016.5 15 age groups with HIV TB deaths exceeding all cause mortality (WHO deathrates) ; capping background deaths to ensure background deaths >= 0
DEBUG [2023-12-07 18:24:12] at t=2017 16 age groups with HIV TB deaths exceeding all cause mortality (WHO deathrates) ; capping background deaths to ensure background deaths >= 0
DEBUG [2023-12-07 18:24:12] at t=2017.5 13 age groups with HIV TB deaths exceeding all cause mortality (WHO deathrates) ; capping background deaths to ensure background deaths >= 0
DEBUG [2023-12-07 18:24:12] at t=2018 13 age groups with HIV TB deaths exceeding all cause mortality (WHO deathrates) ; capping background deaths to ensure background deaths >= 0
DEBUG [2023-12-07 18:24:12] at t=2018.5 10 age groups with HIV TB deaths exceeding all cause mortality (WHO deathrates) ; capping background deaths to ensure background deaths >= 0
DEBUG [2023-12-07 18:24:12] at t=2019 11 age groups with HIV TB deaths exceeding all cause mortality (WHO deathrates) ; capping background deaths to ensure background deaths >= 0
DEBUG [2023-12-07 18:24:12] at t=2019.5 9 age groups with HIV TB deaths exceeding all cause mortality (WHO deathrates) ; capping background deaths to ensure background deaths >= 0
DEBUG [2023-12-07 18:24:12] at t=2020 10 age groups with HIV TB deaths exceeding all cause mortality (WHO deathrates) ; capping background deaths to ensure background deaths >= 0
DEBUG [2023-12-07 18:24:12] at t=2020.5 7 age groups with HIV TB deaths exceeding all cause mortality (WHO deathrates) ; capping background deaths to ensure background deaths >= 0
DEBUG [2023-12-07 18:24:12] at t=2021 9 age groups with HIV TB deaths exceeding all cause mortality (WHO deathrates) ; capping background deaths to ensure background deaths >= 0
DEBUG [2023-12-07 18:24:12] at t=2021.5 7 age groups with HIV TB deaths exceeding all cause mortality (WHO deathrates) ; capping background deaths to ensure background deaths >= 0
DEBUG [2023-12-07 18:24:12] at t=2022 8 age groups with HIV TB deaths exceeding all cause mortality (WHO deathrates) ; capping background deaths to ensure background deaths >= 0
DEBUG [2023-12-07 18:24:12] at t=2022.5 6 age groups with HIV TB deaths exceeding all cause mortality (WHO deathrates) ; capping background deaths to ensure background deaths >= 0
DEBUG [2023-12-07 18:24:12] at t=2023 7 age groups with HIV TB deaths exceeding all cause mortality (WHO deathrates) ; capping background deaths to ensure background deaths >= 0
DEBUG [2023-12-07 18:24:12] at t=2023.5 5 age groups with HIV TB deaths exceeding all cause mortality (WHO deathrates) ; capping background deaths to ensure background deaths >= 0
DEBUG [2023-12-07 18:24:12] at t=2024 5 age groups with HIV TB deaths exceeding all cause mortality (WHO deathrates) ; capping background deaths to ensure background deaths >= 0
DEBUG [2023-12-07 18:24:12] at t=2024.5 4 age groups with HIV TB deaths exceeding all cause mortality (WHO deathrates) ; capping background deaths to ensure background deaths >= 0
DEBUG [2023-12-07 18:24:12] at t=2025 3 age groups with HIV TB deaths exceeding all cause mortality (WHO deathrates) ; capping background deaths to ensure background deaths >= 0
DEBUG [2023-12-07 18:24:12] at t=2025.5 2 age groups with HIV TB deaths exceeding all cause mortality (WHO deathrates) ; capping background deaths to ensure background deaths >= 0
DEBUG [2023-12-07 18:24:12] at t=2026 3 age groups with HIV TB deaths exceeding all cause mortality (WHO deathrates) ; capping background deaths to ensure background deaths >= 0
DEBUG [2023-12-07 18:24:12] at t=2026.5 2 age groups with HIV TB deaths exceeding all cause mortality (WHO deathrates) ; capping background deaths to ensure background deaths >= 0
DEBUG [2023-12-07 18:24:12] at t=2027 2 age groups with HIV TB deaths exceeding all cause mortality (WHO deathrates) ; capping background deaths to ensure background deaths >= 0
DEBUG [2023-12-07 18:24:12] at t=2027.5 2 age groups with HIV TB deaths exceeding all cause mortality (WHO deathrates) ; capping background deaths to ensure background deaths >= 0
DEBUG [2023-12-07 18:24:12] at t=2028 2 age groups with HIV TB deaths exceeding all cause mortality (WHO deathrates) ; capping background deaths to ensure background deaths >= 0
DEBUG [2023-12-07 18:24:12] at t=2028.5 1 age groups with HIV TB deaths exceeding all cause mortality (WHO deathrates) ; capping background deaths to ensure background deaths >= 0
DEBUG [2023-12-07 18:24:12] at t=2029 1 age groups with HIV TB deaths exceeding all cause mortality (WHO deathrates) ; capping background deaths to ensure background deaths >= 0
DEBUG [2023-12-07 18:24:12] at t=2029.5 1 age groups with HIV TB deaths exceeding all cause mortality (WHO deathrates) ; capping background deaths to ensure background deaths >= 0
DEBUG [2023-12-07 18:24:12] at t=2030 1 age groups with HIV TB deaths exceeding all cause mortality (WHO deathrates) ; capping background deaths to ensure background deaths >= 0
DEBUG [2023-12-07 18:24:12] at t=2031 1 age groups with HIV TB deaths exceeding all cause mortality (WHO deathrates) ; capping background deaths to ensure background deaths >= 0
DEBUG [2023-12-07 18:24:12] successful call of demography.from.model.run()
DEBUG [2023-12-07 18:24:27] successful result of read.model()
DEBUG [2023-12-07 18:24:39] successful result of init.var.parameters.and.matrices()
INFO  [2023-12-07 18:31:16]  ntimesteps = 7296 in 00:06:37 elapsed (00:06:35 cpu)
DEBUG [2023-12-07 18:31:19] successful result of run.deSolve()
WARN  [2023-12-07 18:31:20]  at t = 1982 56 state variables < 0 and >  -1e-04  reset to 0 after simulation run and before processing output
ERROR [2023-12-07 18:31:20]  at t = 1982 state variables < min.value.for.state.var : state = never-low-risk1-HIVu2-Ds ; age group = 16; value = -0.000213942
ERROR [2023-12-07 18:31:20]  at t = 1982 state variables < min.value.for.state.var : state = never-low-risk1-HIVu2-Ds ; age group = 17; value = -0.000188378
ERROR [2023-12-07 18:31:20]  at t = 1982 state variables < min.value.for.state.var : state = never-low-risk1-HIVu2-Ds ; age group = 18; value = -0.000157087
ERROR [2023-12-07 18:31:20]  at t = 1982 state variables < min.value.for.state.var : state = never-low-risk1-HIVu2-Ds ; age group = 19; value = -0.000129096
ERROR [2023-12-07 18:31:20]  at t = 1982 state variables < min.value.for.state.var : state = never-low-risk1-HIVu2-Ds ; age group = 20; value = -0.000126859
ERROR [2023-12-07 18:31:20]  at t = 1982 state variables < min.value.for.state.var : state = never-low-risk1-HIVu2-Ds ; age group = 21; value = -0.000144392
DEBUG [2023-12-07 18:31:27] successful generation of stocks output from generate.prevalence.output()
DEBUG [2023-12-07 18:31:27] successful call of demography.from.model.run()
DEBUG [2023-12-07 18:33:20] successful result of read.model()
DEBUG [2023-12-07 18:33:27] successful result of init.var.parameters.and.matrices()
WARN  [2023-12-07 18:37:50]  ntimesteps = 7631 in 00:04:22 elapsed (00:04:21 cpu) which may be excessive ; please reconsider parameter values
DEBUG [2023-12-07 18:37:52] successful result of run.deSolve()
DEBUG [2023-12-07 18:37:57] successful generation of stocks output from generate.prevalence.output()
DEBUG [2023-12-07 18:37:58] successful call of demography.from.model.run()
