DEBUG [2023-12-04 13:08:20] successful result of read.model()
DEBUG [2023-12-04 13:08:35] successful result of init.var.parameters.and.matrices()
WARN  [2023-12-04 13:13:02]  ntimesteps = 7622 in 00:04:26 elapsed (00:04:17 cpu) which may be excessive ; please reconsider parameter values
DEBUG [2023-12-04 13:13:05] successful result of run.deSolve()
WARN  [2023-12-04 13:13:06]  at t = 1981.5 119 state variables < 0 and >  -1e-04  reset to 0 after simulation run and before processing output
ERROR [2023-12-04 13:13:06]  at t = 1981.5 state variables < min.value.for.state.var : state = never-low-risk1-HIVu2-Ds ; age group = 16; value = -0.000248679
ERROR [2023-12-04 13:13:06]  at t = 1981.5 state variables < min.value.for.state.var : state = never-high-risk1-HIVu2-Ds ; age group = 16; value = -0.000116639
ERROR [2023-12-04 13:13:06]  at t = 1981.5 state variables < min.value.for.state.var : state = never-low-risk1-HIVu2-Ds ; age group = 17; value = -0.000216973
ERROR [2023-12-04 13:13:06]  at t = 1981.5 state variables < min.value.for.state.var : state = never-low-risk1-HIVu2-Ds ; age group = 18; value = -0.000182827
ERROR [2023-12-04 13:13:06]  at t = 1981.5 state variables < min.value.for.state.var : state = never-low-risk1-HIVu2-Ds ; age group = 19; value = -0.000154069
ERROR [2023-12-04 13:13:06]  at t = 1981.5 state variables < min.value.for.state.var : state = never-low-risk1-HIVu2-Ds ; age group = 20; value = -0.000142037
ERROR [2023-12-04 13:13:06]  at t = 1981.5 state variables < min.value.for.state.var : state = never-low-risk1-HIVu2-Ds ; age group = 21; value = -0.000150732
DEBUG [2023-12-04 13:13:15] successful generation of stocks output from generate.prevalence.output()
DEBUG [2023-12-04 13:13:16] at t=1987 1 age groups with HIV TB deaths exceeding all cause mortality (WHO deathrates) ; capping background deaths to ensure background deaths >= 0
DEBUG [2023-12-04 13:13:16] at t=1987.5 1 age groups with HIV TB deaths exceeding all cause mortality (WHO deathrates) ; capping background deaths to ensure background deaths >= 0
DEBUG [2023-12-04 13:13:16] at t=1988 2 age groups with HIV TB deaths exceeding all cause mortality (WHO deathrates) ; capping background deaths to ensure background deaths >= 0
DEBUG [2023-12-04 13:13:16] at t=1988.5 5 age groups with HIV TB deaths exceeding all cause mortality (WHO deathrates) ; capping background deaths to ensure background deaths >= 0
DEBUG [2023-12-04 13:13:16] at t=1989 8 age groups with HIV TB deaths exceeding all cause mortality (WHO deathrates) ; capping background deaths to ensure background deaths >= 0
DEBUG [2023-12-04 13:13:16] at t=1989.5 7 age groups with HIV TB deaths exceeding all cause mortality (WHO deathrates) ; capping background deaths to ensure background deaths >= 0
DEBUG [2023-12-04 13:13:16] at t=1990 9 age groups with HIV TB deaths exceeding all cause mortality (WHO deathrates) ; capping background deaths to ensure background deaths >= 0
DEBUG [2023-12-04 13:13:16] at t=1990.5 11 age groups with HIV TB deaths exceeding all cause mortality (WHO deathrates) ; capping background deaths to ensure background deaths >= 0
DEBUG [2023-12-04 13:13:16] at t=1991 13 age groups with HIV TB deaths exceeding all cause mortality (WHO deathrates) ; capping background deaths to ensure background deaths >= 0
DEBUG [2023-12-04 13:13:16] at t=1991.5 13 age groups with HIV TB deaths exceeding all cause mortality (WHO deathrates) ; capping background deaths to ensure background deaths >= 0
DEBUG [2023-12-04 13:13:16] at t=1992 13 age groups with HIV TB deaths exceeding all cause mortality (WHO deathrates) ; capping background deaths to ensure background deaths >= 0
DEBUG [2023-12-04 13:13:16] at t=1992.5 15 age groups with HIV TB deaths exceeding all cause mortality (WHO deathrates) ; capping background deaths to ensure background deaths >= 0
DEBUG [2023-12-04 13:13:16] at t=1993 16 age groups with HIV TB deaths exceeding all cause mortality (WHO deathrates) ; capping background deaths to ensure background deaths >= 0
DEBUG [2023-12-04 13:13:16] at t=1993.5 18 age groups with HIV TB deaths exceeding all cause mortality (WHO deathrates) ; capping background deaths to ensure background deaths >= 0
DEBUG [2023-12-04 13:13:16] at t=1994 18 age groups with HIV TB deaths exceeding all cause mortality (WHO deathrates) ; capping background deaths to ensure background deaths >= 0
DEBUG [2023-12-04 13:13:16] at t=1994.5 18 age groups with HIV TB deaths exceeding all cause mortality (WHO deathrates) ; capping background deaths to ensure background deaths >= 0
DEBUG [2023-12-04 13:13:16] at t=1995 18 age groups with HIV TB deaths exceeding all cause mortality (WHO deathrates) ; capping background deaths to ensure background deaths >= 0
DEBUG [2023-12-04 13:13:16] at t=1995.5 18 age groups with HIV TB deaths exceeding all cause mortality (WHO deathrates) ; capping background deaths to ensure background deaths >= 0
DEBUG [2023-12-04 13:13:16] at t=1996 18 age groups with HIV TB deaths exceeding all cause mortality (WHO deathrates) ; capping background deaths to ensure background deaths >= 0
DEBUG [2023-12-04 13:13:16] at t=1996.5 18 age groups with HIV TB deaths exceeding all cause mortality (WHO deathrates) ; capping background deaths to ensure background deaths >= 0
DEBUG [2023-12-04 13:13:16] at t=1997 18 age groups with HIV TB deaths exceeding all cause mortality (WHO deathrates) ; capping background deaths to ensure background deaths >= 0
DEBUG [2023-12-04 13:13:16] at t=1997.5 18 age groups with HIV TB deaths exceeding all cause mortality (WHO deathrates) ; capping background deaths to ensure background deaths >= 0
DEBUG [2023-12-04 13:13:16] at t=1998 18 age groups with HIV TB deaths exceeding all cause mortality (WHO deathrates) ; capping background deaths to ensure background deaths >= 0
DEBUG [2023-12-04 13:13:16] at t=1998.5 18 age groups with HIV TB deaths exceeding all cause mortality (WHO deathrates) ; capping background deaths to ensure background deaths >= 0
DEBUG [2023-12-04 13:13:16] at t=1999 18 age groups with HIV TB deaths exceeding all cause mortality (WHO deathrates) ; capping background deaths to ensure background deaths >= 0
DEBUG [2023-12-04 13:13:16] at t=1999.5 18 age groups with HIV TB deaths exceeding all cause mortality (WHO deathrates) ; capping background deaths to ensure background deaths >= 0
DEBUG [2023-12-04 13:13:16] at t=2000 18 age groups with HIV TB deaths exceeding all cause mortality (WHO deathrates) ; capping background deaths to ensure background deaths >= 0
DEBUG [2023-12-04 13:13:16] at t=2000.5 18 age groups with HIV TB deaths exceeding all cause mortality (WHO deathrates) ; capping background deaths to ensure background deaths >= 0
DEBUG [2023-12-04 13:13:16] at t=2001 18 age groups with HIV TB deaths exceeding all cause mortality (WHO deathrates) ; capping background deaths to ensure background deaths >= 0
DEBUG [2023-12-04 13:13:16] at t=2001.5 14 age groups with HIV TB deaths exceeding all cause mortality (WHO deathrates) ; capping background deaths to ensure background deaths >= 0
DEBUG [2023-12-04 13:13:16] at t=2002 17 age groups with HIV TB deaths exceeding all cause mortality (WHO deathrates) ; capping background deaths to ensure background deaths >= 0
DEBUG [2023-12-04 13:13:16] at t=2002.5 12 age groups with HIV TB deaths exceeding all cause mortality (WHO deathrates) ; capping background deaths to ensure background deaths >= 0
DEBUG [2023-12-04 13:13:16] at t=2003 13 age groups with HIV TB deaths exceeding all cause mortality (WHO deathrates) ; capping background deaths to ensure background deaths >= 0
DEBUG [2023-12-04 13:13:16] at t=2003.5 12 age groups with HIV TB deaths exceeding all cause mortality (WHO deathrates) ; capping background deaths to ensure background deaths >= 0
DEBUG [2023-12-04 13:13:16] at t=2004 13 age groups with HIV TB deaths exceeding all cause mortality (WHO deathrates) ; capping background deaths to ensure background deaths >= 0
DEBUG [2023-12-04 13:13:16] at t=2004.5 12 age groups with HIV TB deaths exceeding all cause mortality (WHO deathrates) ; capping background deaths to ensure background deaths >= 0
DEBUG [2023-12-04 13:13:16] at t=2005 13 age groups with HIV TB deaths exceeding all cause mortality (WHO deathrates) ; capping background deaths to ensure background deaths >= 0
DEBUG [2023-12-04 13:13:16] at t=2005.5 13 age groups with HIV TB deaths exceeding all cause mortality (WHO deathrates) ; capping background deaths to ensure background deaths >= 0
DEBUG [2023-12-04 13:13:16] at t=2006 13 age groups with HIV TB deaths exceeding all cause mortality (WHO deathrates) ; capping background deaths to ensure background deaths >= 0
DEBUG [2023-12-04 13:13:16] at t=2006.5 13 age groups with HIV TB deaths exceeding all cause mortality (WHO deathrates) ; capping background deaths to ensure background deaths >= 0
DEBUG [2023-12-04 13:13:16] at t=2007 13 age groups with HIV TB deaths exceeding all cause mortality (WHO deathrates) ; capping background deaths to ensure background deaths >= 0
DEBUG [2023-12-04 13:13:16] at t=2007.5 13 age groups with HIV TB deaths exceeding all cause mortality (WHO deathrates) ; capping background deaths to ensure background deaths >= 0
DEBUG [2023-12-04 13:13:16] at t=2008 14 age groups with HIV TB deaths exceeding all cause mortality (WHO deathrates) ; capping background deaths to ensure background deaths >= 0
DEBUG [2023-12-04 13:13:16] at t=2008.5 14 age groups with HIV TB deaths exceeding all cause mortality (WHO deathrates) ; capping background deaths to ensure background deaths >= 0
DEBUG [2023-12-04 13:13:16] at t=2009 15 age groups with HIV TB deaths exceeding all cause mortality (WHO deathrates) ; capping background deaths to ensure background deaths >= 0
DEBUG [2023-12-04 13:13:16] at t=2009.5 19 age groups with HIV TB deaths exceeding all cause mortality (WHO deathrates) ; capping background deaths to ensure background deaths >= 0
DEBUG [2023-12-04 13:13:16] at t=2010 18 age groups with HIV TB deaths exceeding all cause mortality (WHO deathrates) ; capping background deaths to ensure background deaths >= 0
DEBUG [2023-12-04 13:13:16] at t=2010.5 23 age groups with HIV TB deaths exceeding all cause mortality (WHO deathrates) ; capping background deaths to ensure background deaths >= 0
DEBUG [2023-12-04 13:13:16] at t=2011 22 age groups with HIV TB deaths exceeding all cause mortality (WHO deathrates) ; capping background deaths to ensure background deaths >= 0
DEBUG [2023-12-04 13:13:16] at t=2011.5 23 age groups with HIV TB deaths exceeding all cause mortality (WHO deathrates) ; capping background deaths to ensure background deaths >= 0
DEBUG [2023-12-04 13:13:16] at t=2012 23 age groups with HIV TB deaths exceeding all cause mortality (WHO deathrates) ; capping background deaths to ensure background deaths >= 0
DEBUG [2023-12-04 13:13:16] at t=2012.5 24 age groups with HIV TB deaths exceeding all cause mortality (WHO deathrates) ; capping background deaths to ensure background deaths >= 0
DEBUG [2023-12-04 13:13:16] at t=2013 23 age groups with HIV TB deaths exceeding all cause mortality (WHO deathrates) ; capping background deaths to ensure background deaths >= 0
DEBUG [2023-12-04 13:13:16] at t=2013.5 25 age groups with HIV TB deaths exceeding all cause mortality (WHO deathrates) ; capping background deaths to ensure background deaths >= 0
DEBUG [2023-12-04 13:13:16] at t=2014 24 age groups with HIV TB deaths exceeding all cause mortality (WHO deathrates) ; capping background deaths to ensure background deaths >= 0
DEBUG [2023-12-04 13:13:16] at t=2014.5 22 age groups with HIV TB deaths exceeding all cause mortality (WHO deathrates) ; capping background deaths to ensure background deaths >= 0
DEBUG [2023-12-04 13:13:16] at t=2015 22 age groups with HIV TB deaths exceeding all cause mortality (WHO deathrates) ; capping background deaths to ensure background deaths >= 0
DEBUG [2023-12-04 13:13:16] at t=2015.5 20 age groups with HIV TB deaths exceeding all cause mortality (WHO deathrates) ; capping background deaths to ensure background deaths >= 0
DEBUG [2023-12-04 13:13:16] at t=2016 21 age groups with HIV TB deaths exceeding all cause mortality (WHO deathrates) ; capping background deaths to ensure background deaths >= 0
DEBUG [2023-12-04 13:13:16] at t=2016.5 18 age groups with HIV TB deaths exceeding all cause mortality (WHO deathrates) ; capping background deaths to ensure background deaths >= 0
DEBUG [2023-12-04 13:13:16] at t=2017 19 age groups with HIV TB deaths exceeding all cause mortality (WHO deathrates) ; capping background deaths to ensure background deaths >= 0
DEBUG [2023-12-04 13:13:16] at t=2017.5 16 age groups with HIV TB deaths exceeding all cause mortality (WHO deathrates) ; capping background deaths to ensure background deaths >= 0
DEBUG [2023-12-04 13:13:16] at t=2018 16 age groups with HIV TB deaths exceeding all cause mortality (WHO deathrates) ; capping background deaths to ensure background deaths >= 0
DEBUG [2023-12-04 13:13:16] at t=2018.5 12 age groups with HIV TB deaths exceeding all cause mortality (WHO deathrates) ; capping background deaths to ensure background deaths >= 0
DEBUG [2023-12-04 13:13:16] at t=2019 12 age groups with HIV TB deaths exceeding all cause mortality (WHO deathrates) ; capping background deaths to ensure background deaths >= 0
DEBUG [2023-12-04 13:13:16] at t=2019.5 11 age groups with HIV TB deaths exceeding all cause mortality (WHO deathrates) ; capping background deaths to ensure background deaths >= 0
DEBUG [2023-12-04 13:13:16] at t=2020 11 age groups with HIV TB deaths exceeding all cause mortality (WHO deathrates) ; capping background deaths to ensure background deaths >= 0
DEBUG [2023-12-04 13:13:16] at t=2020.5 10 age groups with HIV TB deaths exceeding all cause mortality (WHO deathrates) ; capping background deaths to ensure background deaths >= 0
DEBUG [2023-12-04 13:13:16] at t=2021 9 age groups with HIV TB deaths exceeding all cause mortality (WHO deathrates) ; capping background deaths to ensure background deaths >= 0
DEBUG [2023-12-04 13:13:16] at t=2021.5 6 age groups with HIV TB deaths exceeding all cause mortality (WHO deathrates) ; capping background deaths to ensure background deaths >= 0
DEBUG [2023-12-04 13:13:16] at t=2022 6 age groups with HIV TB deaths exceeding all cause mortality (WHO deathrates) ; capping background deaths to ensure background deaths >= 0
DEBUG [2023-12-04 13:13:16] at t=2022.5 2 age groups with HIV TB deaths exceeding all cause mortality (WHO deathrates) ; capping background deaths to ensure background deaths >= 0
DEBUG [2023-12-04 13:13:16] at t=2023 2 age groups with HIV TB deaths exceeding all cause mortality (WHO deathrates) ; capping background deaths to ensure background deaths >= 0
DEBUG [2023-12-04 13:13:16] at t=2023.5 2 age groups with HIV TB deaths exceeding all cause mortality (WHO deathrates) ; capping background deaths to ensure background deaths >= 0
DEBUG [2023-12-04 13:13:16] at t=2024 2 age groups with HIV TB deaths exceeding all cause mortality (WHO deathrates) ; capping background deaths to ensure background deaths >= 0
DEBUG [2023-12-04 13:13:16] at t=2024.5 2 age groups with HIV TB deaths exceeding all cause mortality (WHO deathrates) ; capping background deaths to ensure background deaths >= 0
DEBUG [2023-12-04 13:13:16] at t=2025 2 age groups with HIV TB deaths exceeding all cause mortality (WHO deathrates) ; capping background deaths to ensure background deaths >= 0
DEBUG [2023-12-04 13:13:16] at t=2025.5 1 age groups with HIV TB deaths exceeding all cause mortality (WHO deathrates) ; capping background deaths to ensure background deaths >= 0
DEBUG [2023-12-04 13:13:16] at t=2026 1 age groups with HIV TB deaths exceeding all cause mortality (WHO deathrates) ; capping background deaths to ensure background deaths >= 0
DEBUG [2023-12-04 13:13:16] at t=2026.5 1 age groups with HIV TB deaths exceeding all cause mortality (WHO deathrates) ; capping background deaths to ensure background deaths >= 0
DEBUG [2023-12-04 13:13:16] at t=2027 1 age groups with HIV TB deaths exceeding all cause mortality (WHO deathrates) ; capping background deaths to ensure background deaths >= 0
DEBUG [2023-12-04 13:13:16] at t=2027.5 1 age groups with HIV TB deaths exceeding all cause mortality (WHO deathrates) ; capping background deaths to ensure background deaths >= 0
DEBUG [2023-12-04 13:13:16] at t=2028 1 age groups with HIV TB deaths exceeding all cause mortality (WHO deathrates) ; capping background deaths to ensure background deaths >= 0
DEBUG [2023-12-04 13:13:16] successful call of demography.from.model.run()
DEBUG [2023-12-04 13:13:34] successful result of read.model()
DEBUG [2023-12-04 13:13:48] successful result of init.var.parameters.and.matrices()
WARN  [2023-12-04 13:21:30]  ntimesteps = 8143 in 00:07:41 elapsed (00:07:36 cpu) which may be excessive ; please reconsider parameter values
DEBUG [2023-12-04 13:21:33] successful result of run.deSolve()
WARN  [2023-12-04 13:21:34]  at t = 1981.5 119 state variables < 0 and >  -1e-04  reset to 0 after simulation run and before processing output
ERROR [2023-12-04 13:21:34]  at t = 1981.5 state variables < min.value.for.state.var : state = never-low-risk1-HIVu2-Ds ; age group = 16; value = -0.000248679
ERROR [2023-12-04 13:21:34]  at t = 1981.5 state variables < min.value.for.state.var : state = never-high-risk1-HIVu2-Ds ; age group = 16; value = -0.000116639
ERROR [2023-12-04 13:21:34]  at t = 1981.5 state variables < min.value.for.state.var : state = never-low-risk1-HIVu2-Ds ; age group = 17; value = -0.000216973
ERROR [2023-12-04 13:21:34]  at t = 1981.5 state variables < min.value.for.state.var : state = never-low-risk1-HIVu2-Ds ; age group = 18; value = -0.000182827
ERROR [2023-12-04 13:21:34]  at t = 1981.5 state variables < min.value.for.state.var : state = never-low-risk1-HIVu2-Ds ; age group = 19; value = -0.000154069
ERROR [2023-12-04 13:21:34]  at t = 1981.5 state variables < min.value.for.state.var : state = never-low-risk1-HIVu2-Ds ; age group = 20; value = -0.000142037
ERROR [2023-12-04 13:21:34]  at t = 1981.5 state variables < min.value.for.state.var : state = never-low-risk1-HIVu2-Ds ; age group = 21; value = -0.000150732
DEBUG [2023-12-04 13:21:42] successful generation of stocks output from generate.prevalence.output()
DEBUG [2023-12-04 13:21:43] successful call of demography.from.model.run()
DEBUG [2023-12-04 13:23:40] successful result of read.model()
DEBUG [2023-12-04 13:23:48] successful result of init.var.parameters.and.matrices()
WARN  [2023-12-04 13:28:43]  ntimesteps = 8260 in 00:04:55 elapsed (00:04:49 cpu) which may be excessive ; please reconsider parameter values
DEBUG [2023-12-04 13:28:45] successful result of run.deSolve()
DEBUG [2023-12-04 13:28:53] successful generation of stocks output from generate.prevalence.output()
DEBUG [2023-12-04 13:28:53] successful call of demography.from.model.run()
DEBUG [2023-12-04 13:29:45] successful result of read.model()
DEBUG [2023-12-04 13:29:57] successful result of init.var.parameters.and.matrices()
WARN  [2023-12-04 13:33:56]  ntimesteps = 7664 in 00:03:59 elapsed (00:03:58 cpu) which may be excessive ; please reconsider parameter values
DEBUG [2023-12-04 13:33:59] successful result of run.deSolve()
WARN  [2023-12-04 13:34:02]  at t = 1981.5 110 state variables < 0 and >  -1e-04  reset to 0 after simulation run and before processing output
ERROR [2023-12-04 13:34:02]  at t = 1981.5 state variables < min.value.for.state.var : state = never-low-risk1-HIVu2-Ds ; age group = 16; value = -0.00022281
ERROR [2023-12-04 13:34:02]  at t = 1981.5 state variables < min.value.for.state.var : state = never-low-risk1-HIVu2-Ds ; age group = 17; value = -0.000195845
ERROR [2023-12-04 13:34:02]  at t = 1981.5 state variables < min.value.for.state.var : state = never-low-risk1-HIVu2-Ds ; age group = 18; value = -0.000165418
ERROR [2023-12-04 13:34:02]  at t = 1981.5 state variables < min.value.for.state.var : state = never-low-risk1-HIVu2-Ds ; age group = 19; value = -0.000139355
ERROR [2023-12-04 13:34:02]  at t = 1981.5 state variables < min.value.for.state.var : state = never-low-risk1-HIVu2-Ds ; age group = 20; value = -0.000128929
ERROR [2023-12-04 13:34:02]  at t = 1981.5 state variables < min.value.for.state.var : state = never-low-risk1-HIVu2-Ds ; age group = 21; value = -0.000138775
DEBUG [2023-12-04 13:34:08] successful generation of stocks output from generate.prevalence.output()
DEBUG [2023-12-04 13:34:09] at t=1987 1 age groups with HIV TB deaths exceeding all cause mortality (WHO deathrates) ; capping background deaths to ensure background deaths >= 0
DEBUG [2023-12-04 13:34:09] at t=1987.5 1 age groups with HIV TB deaths exceeding all cause mortality (WHO deathrates) ; capping background deaths to ensure background deaths >= 0
DEBUG [2023-12-04 13:34:09] at t=1988 2 age groups with HIV TB deaths exceeding all cause mortality (WHO deathrates) ; capping background deaths to ensure background deaths >= 0
DEBUG [2023-12-04 13:34:09] at t=1988.5 3 age groups with HIV TB deaths exceeding all cause mortality (WHO deathrates) ; capping background deaths to ensure background deaths >= 0
DEBUG [2023-12-04 13:34:09] at t=1989 8 age groups with HIV TB deaths exceeding all cause mortality (WHO deathrates) ; capping background deaths to ensure background deaths >= 0
DEBUG [2023-12-04 13:34:09] at t=1989.5 7 age groups with HIV TB deaths exceeding all cause mortality (WHO deathrates) ; capping background deaths to ensure background deaths >= 0
DEBUG [2023-12-04 13:34:09] at t=1990 9 age groups with HIV TB deaths exceeding all cause mortality (WHO deathrates) ; capping background deaths to ensure background deaths >= 0
DEBUG [2023-12-04 13:34:09] at t=1990.5 11 age groups with HIV TB deaths exceeding all cause mortality (WHO deathrates) ; capping background deaths to ensure background deaths >= 0
DEBUG [2023-12-04 13:34:09] at t=1991 13 age groups with HIV TB deaths exceeding all cause mortality (WHO deathrates) ; capping background deaths to ensure background deaths >= 0
DEBUG [2023-12-04 13:34:09] at t=1991.5 13 age groups with HIV TB deaths exceeding all cause mortality (WHO deathrates) ; capping background deaths to ensure background deaths >= 0
DEBUG [2023-12-04 13:34:09] at t=1992 13 age groups with HIV TB deaths exceeding all cause mortality (WHO deathrates) ; capping background deaths to ensure background deaths >= 0
DEBUG [2023-12-04 13:34:09] at t=1992.5 15 age groups with HIV TB deaths exceeding all cause mortality (WHO deathrates) ; capping background deaths to ensure background deaths >= 0
DEBUG [2023-12-04 13:34:09] at t=1993 15 age groups with HIV TB deaths exceeding all cause mortality (WHO deathrates) ; capping background deaths to ensure background deaths >= 0
DEBUG [2023-12-04 13:34:09] at t=1993.5 18 age groups with HIV TB deaths exceeding all cause mortality (WHO deathrates) ; capping background deaths to ensure background deaths >= 0
DEBUG [2023-12-04 13:34:09] at t=1994 18 age groups with HIV TB deaths exceeding all cause mortality (WHO deathrates) ; capping background deaths to ensure background deaths >= 0
DEBUG [2023-12-04 13:34:09] at t=1994.5 18 age groups with HIV TB deaths exceeding all cause mortality (WHO deathrates) ; capping background deaths to ensure background deaths >= 0
DEBUG [2023-12-04 13:34:09] at t=1995 18 age groups with HIV TB deaths exceeding all cause mortality (WHO deathrates) ; capping background deaths to ensure background deaths >= 0
DEBUG [2023-12-04 13:34:09] at t=1995.5 18 age groups with HIV TB deaths exceeding all cause mortality (WHO deathrates) ; capping background deaths to ensure background deaths >= 0
DEBUG [2023-12-04 13:34:09] at t=1996 18 age groups with HIV TB deaths exceeding all cause mortality (WHO deathrates) ; capping background deaths to ensure background deaths >= 0
DEBUG [2023-12-04 13:34:09] at t=1996.5 18 age groups with HIV TB deaths exceeding all cause mortality (WHO deathrates) ; capping background deaths to ensure background deaths >= 0
DEBUG [2023-12-04 13:34:09] at t=1997 18 age groups with HIV TB deaths exceeding all cause mortality (WHO deathrates) ; capping background deaths to ensure background deaths >= 0
DEBUG [2023-12-04 13:34:09] at t=1997.5 18 age groups with HIV TB deaths exceeding all cause mortality (WHO deathrates) ; capping background deaths to ensure background deaths >= 0
DEBUG [2023-12-04 13:34:09] at t=1998 18 age groups with HIV TB deaths exceeding all cause mortality (WHO deathrates) ; capping background deaths to ensure background deaths >= 0
DEBUG [2023-12-04 13:34:09] at t=1998.5 18 age groups with HIV TB deaths exceeding all cause mortality (WHO deathrates) ; capping background deaths to ensure background deaths >= 0
DEBUG [2023-12-04 13:34:09] at t=1999 18 age groups with HIV TB deaths exceeding all cause mortality (WHO deathrates) ; capping background deaths to ensure background deaths >= 0
DEBUG [2023-12-04 13:34:09] at t=1999.5 18 age groups with HIV TB deaths exceeding all cause mortality (WHO deathrates) ; capping background deaths to ensure background deaths >= 0
DEBUG [2023-12-04 13:34:09] at t=2000 18 age groups with HIV TB deaths exceeding all cause mortality (WHO deathrates) ; capping background deaths to ensure background deaths >= 0
DEBUG [2023-12-04 13:34:09] at t=2000.5 18 age groups with HIV TB deaths exceeding all cause mortality (WHO deathrates) ; capping background deaths to ensure background deaths >= 0
DEBUG [2023-12-04 13:34:09] at t=2001 18 age groups with HIV TB deaths exceeding all cause mortality (WHO deathrates) ; capping background deaths to ensure background deaths >= 0
DEBUG [2023-12-04 13:34:09] at t=2001.5 14 age groups with HIV TB deaths exceeding all cause mortality (WHO deathrates) ; capping background deaths to ensure background deaths >= 0
DEBUG [2023-12-04 13:34:09] at t=2002 17 age groups with HIV TB deaths exceeding all cause mortality (WHO deathrates) ; capping background deaths to ensure background deaths >= 0
DEBUG [2023-12-04 13:34:09] at t=2002.5 12 age groups with HIV TB deaths exceeding all cause mortality (WHO deathrates) ; capping background deaths to ensure background deaths >= 0
DEBUG [2023-12-04 13:34:09] at t=2003 13 age groups with HIV TB deaths exceeding all cause mortality (WHO deathrates) ; capping background deaths to ensure background deaths >= 0
DEBUG [2023-12-04 13:34:09] at t=2003.5 12 age groups with HIV TB deaths exceeding all cause mortality (WHO deathrates) ; capping background deaths to ensure background deaths >= 0
DEBUG [2023-12-04 13:34:09] at t=2004 13 age groups with HIV TB deaths exceeding all cause mortality (WHO deathrates) ; capping background deaths to ensure background deaths >= 0
DEBUG [2023-12-04 13:34:09] at t=2004.5 12 age groups with HIV TB deaths exceeding all cause mortality (WHO deathrates) ; capping background deaths to ensure background deaths >= 0
DEBUG [2023-12-04 13:34:09] at t=2005 13 age groups with HIV TB deaths exceeding all cause mortality (WHO deathrates) ; capping background deaths to ensure background deaths >= 0
DEBUG [2023-12-04 13:34:09] at t=2005.5 12 age groups with HIV TB deaths exceeding all cause mortality (WHO deathrates) ; capping background deaths to ensure background deaths >= 0
DEBUG [2023-12-04 13:34:09] at t=2006 13 age groups with HIV TB deaths exceeding all cause mortality (WHO deathrates) ; capping background deaths to ensure background deaths >= 0
DEBUG [2023-12-04 13:34:09] at t=2006.5 13 age groups with HIV TB deaths exceeding all cause mortality (WHO deathrates) ; capping background deaths to ensure background deaths >= 0
DEBUG [2023-12-04 13:34:09] at t=2007 13 age groups with HIV TB deaths exceeding all cause mortality (WHO deathrates) ; capping background deaths to ensure background deaths >= 0
DEBUG [2023-12-04 13:34:09] at t=2007.5 13 age groups with HIV TB deaths exceeding all cause mortality (WHO deathrates) ; capping background deaths to ensure background deaths >= 0
DEBUG [2023-12-04 13:34:09] at t=2008 13 age groups with HIV TB deaths exceeding all cause mortality (WHO deathrates) ; capping background deaths to ensure background deaths >= 0
DEBUG [2023-12-04 13:34:09] at t=2008.5 14 age groups with HIV TB deaths exceeding all cause mortality (WHO deathrates) ; capping background deaths to ensure background deaths >= 0
DEBUG [2023-12-04 13:34:09] at t=2009 14 age groups with HIV TB deaths exceeding all cause mortality (WHO deathrates) ; capping background deaths to ensure background deaths >= 0
DEBUG [2023-12-04 13:34:09] at t=2009.5 19 age groups with HIV TB deaths exceeding all cause mortality (WHO deathrates) ; capping background deaths to ensure background deaths >= 0
DEBUG [2023-12-04 13:34:09] at t=2010 18 age groups with HIV TB deaths exceeding all cause mortality (WHO deathrates) ; capping background deaths to ensure background deaths >= 0
DEBUG [2023-12-04 13:34:09] at t=2010.5 21 age groups with HIV TB deaths exceeding all cause mortality (WHO deathrates) ; capping background deaths to ensure background deaths >= 0
DEBUG [2023-12-04 13:34:09] at t=2011 21 age groups with HIV TB deaths exceeding all cause mortality (WHO deathrates) ; capping background deaths to ensure background deaths >= 0
DEBUG [2023-12-04 13:34:09] at t=2011.5 23 age groups with HIV TB deaths exceeding all cause mortality (WHO deathrates) ; capping background deaths to ensure background deaths >= 0
DEBUG [2023-12-04 13:34:09] at t=2012 23 age groups with HIV TB deaths exceeding all cause mortality (WHO deathrates) ; capping background deaths to ensure background deaths >= 0
DEBUG [2023-12-04 13:34:09] at t=2012.5 23 age groups with HIV TB deaths exceeding all cause mortality (WHO deathrates) ; capping background deaths to ensure background deaths >= 0
DEBUG [2023-12-04 13:34:09] at t=2013 23 age groups with HIV TB deaths exceeding all cause mortality (WHO deathrates) ; capping background deaths to ensure background deaths >= 0
DEBUG [2023-12-04 13:34:09] at t=2013.5 25 age groups with HIV TB deaths exceeding all cause mortality (WHO deathrates) ; capping background deaths to ensure background deaths >= 0
DEBUG [2023-12-04 13:34:09] at t=2014 23 age groups with HIV TB deaths exceeding all cause mortality (WHO deathrates) ; capping background deaths to ensure background deaths >= 0
DEBUG [2023-12-04 13:34:09] at t=2014.5 21 age groups with HIV TB deaths exceeding all cause mortality (WHO deathrates) ; capping background deaths to ensure background deaths >= 0
DEBUG [2023-12-04 13:34:09] at t=2015 22 age groups with HIV TB deaths exceeding all cause mortality (WHO deathrates) ; capping background deaths to ensure background deaths >= 0
DEBUG [2023-12-04 13:34:09] at t=2015.5 20 age groups with HIV TB deaths exceeding all cause mortality (WHO deathrates) ; capping background deaths to ensure background deaths >= 0
DEBUG [2023-12-04 13:34:09] at t=2016 20 age groups with HIV TB deaths exceeding all cause mortality (WHO deathrates) ; capping background deaths to ensure background deaths >= 0
DEBUG [2023-12-04 13:34:09] at t=2016.5 18 age groups with HIV TB deaths exceeding all cause mortality (WHO deathrates) ; capping background deaths to ensure background deaths >= 0
DEBUG [2023-12-04 13:34:09] at t=2017 19 age groups with HIV TB deaths exceeding all cause mortality (WHO deathrates) ; capping background deaths to ensure background deaths >= 0
DEBUG [2023-12-04 13:34:09] at t=2017.5 15 age groups with HIV TB deaths exceeding all cause mortality (WHO deathrates) ; capping background deaths to ensure background deaths >= 0
DEBUG [2023-12-04 13:34:09] at t=2018 14 age groups with HIV TB deaths exceeding all cause mortality (WHO deathrates) ; capping background deaths to ensure background deaths >= 0
DEBUG [2023-12-04 13:34:09] at t=2018.5 12 age groups with HIV TB deaths exceeding all cause mortality (WHO deathrates) ; capping background deaths to ensure background deaths >= 0
DEBUG [2023-12-04 13:34:09] at t=2019 12 age groups with HIV TB deaths exceeding all cause mortality (WHO deathrates) ; capping background deaths to ensure background deaths >= 0
DEBUG [2023-12-04 13:34:09] at t=2019.5 11 age groups with HIV TB deaths exceeding all cause mortality (WHO deathrates) ; capping background deaths to ensure background deaths >= 0
DEBUG [2023-12-04 13:34:09] at t=2020 11 age groups with HIV TB deaths exceeding all cause mortality (WHO deathrates) ; capping background deaths to ensure background deaths >= 0
DEBUG [2023-12-04 13:34:09] at t=2020.5 10 age groups with HIV TB deaths exceeding all cause mortality (WHO deathrates) ; capping background deaths to ensure background deaths >= 0
DEBUG [2023-12-04 13:34:09] at t=2021 9 age groups with HIV TB deaths exceeding all cause mortality (WHO deathrates) ; capping background deaths to ensure background deaths >= 0
DEBUG [2023-12-04 13:34:09] at t=2021.5 6 age groups with HIV TB deaths exceeding all cause mortality (WHO deathrates) ; capping background deaths to ensure background deaths >= 0
DEBUG [2023-12-04 13:34:09] at t=2022 6 age groups with HIV TB deaths exceeding all cause mortality (WHO deathrates) ; capping background deaths to ensure background deaths >= 0
DEBUG [2023-12-04 13:34:09] at t=2022.5 2 age groups with HIV TB deaths exceeding all cause mortality (WHO deathrates) ; capping background deaths to ensure background deaths >= 0
DEBUG [2023-12-04 13:34:09] at t=2023 2 age groups with HIV TB deaths exceeding all cause mortality (WHO deathrates) ; capping background deaths to ensure background deaths >= 0
DEBUG [2023-12-04 13:34:09] at t=2023.5 2 age groups with HIV TB deaths exceeding all cause mortality (WHO deathrates) ; capping background deaths to ensure background deaths >= 0
DEBUG [2023-12-04 13:34:09] at t=2024 2 age groups with HIV TB deaths exceeding all cause mortality (WHO deathrates) ; capping background deaths to ensure background deaths >= 0
DEBUG [2023-12-04 13:34:09] at t=2024.5 2 age groups with HIV TB deaths exceeding all cause mortality (WHO deathrates) ; capping background deaths to ensure background deaths >= 0
DEBUG [2023-12-04 13:34:09] at t=2025 2 age groups with HIV TB deaths exceeding all cause mortality (WHO deathrates) ; capping background deaths to ensure background deaths >= 0
DEBUG [2023-12-04 13:34:09] at t=2025.5 1 age groups with HIV TB deaths exceeding all cause mortality (WHO deathrates) ; capping background deaths to ensure background deaths >= 0
DEBUG [2023-12-04 13:34:09] at t=2026 1 age groups with HIV TB deaths exceeding all cause mortality (WHO deathrates) ; capping background deaths to ensure background deaths >= 0
DEBUG [2023-12-04 13:34:09] at t=2026.5 1 age groups with HIV TB deaths exceeding all cause mortality (WHO deathrates) ; capping background deaths to ensure background deaths >= 0
DEBUG [2023-12-04 13:34:09] at t=2027 1 age groups with HIV TB deaths exceeding all cause mortality (WHO deathrates) ; capping background deaths to ensure background deaths >= 0
DEBUG [2023-12-04 13:34:09] at t=2027.5 1 age groups with HIV TB deaths exceeding all cause mortality (WHO deathrates) ; capping background deaths to ensure background deaths >= 0
DEBUG [2023-12-04 13:34:09] at t=2028 1 age groups with HIV TB deaths exceeding all cause mortality (WHO deathrates) ; capping background deaths to ensure background deaths >= 0
DEBUG [2023-12-04 13:34:09] at t=2029 1 age groups with HIV TB deaths exceeding all cause mortality (WHO deathrates) ; capping background deaths to ensure background deaths >= 0
DEBUG [2023-12-04 13:34:10] successful call of demography.from.model.run()
DEBUG [2023-12-04 13:34:24] successful result of read.model()
DEBUG [2023-12-04 13:34:37] successful result of init.var.parameters.and.matrices()
WARN  [2023-12-04 13:42:05]  ntimesteps = 8137 in 00:07:27 elapsed (00:07:25 cpu) which may be excessive ; please reconsider parameter values
DEBUG [2023-12-04 13:42:07] successful result of run.deSolve()
WARN  [2023-12-04 13:42:08]  at t = 1981.5 110 state variables < 0 and >  -1e-04  reset to 0 after simulation run and before processing output
ERROR [2023-12-04 13:42:08]  at t = 1981.5 state variables < min.value.for.state.var : state = never-low-risk1-HIVu2-Ds ; age group = 16; value = -0.00022281
ERROR [2023-12-04 13:42:08]  at t = 1981.5 state variables < min.value.for.state.var : state = never-low-risk1-HIVu2-Ds ; age group = 17; value = -0.000195845
ERROR [2023-12-04 13:42:08]  at t = 1981.5 state variables < min.value.for.state.var : state = never-low-risk1-HIVu2-Ds ; age group = 18; value = -0.000165418
ERROR [2023-12-04 13:42:08]  at t = 1981.5 state variables < min.value.for.state.var : state = never-low-risk1-HIVu2-Ds ; age group = 19; value = -0.000139355
ERROR [2023-12-04 13:42:08]  at t = 1981.5 state variables < min.value.for.state.var : state = never-low-risk1-HIVu2-Ds ; age group = 20; value = -0.000128929
ERROR [2023-12-04 13:42:08]  at t = 1981.5 state variables < min.value.for.state.var : state = never-low-risk1-HIVu2-Ds ; age group = 21; value = -0.000138775
DEBUG [2023-12-04 13:42:15] successful generation of stocks output from generate.prevalence.output()
DEBUG [2023-12-04 13:42:15] successful call of demography.from.model.run()
DEBUG [2023-12-04 13:44:04] successful result of read.model()
DEBUG [2023-12-04 13:44:11] successful result of init.var.parameters.and.matrices()
WARN  [2023-12-04 13:49:00]  ntimesteps = 8265 in 00:04:48 elapsed (00:04:46 cpu) which may be excessive ; please reconsider parameter values
DEBUG [2023-12-04 13:49:02] successful result of run.deSolve()
ERROR [2023-12-04 13:49:02]  at t = 1984.5 state variables < min.value.for.state.var : state = never-low-risk1-HIVu2-Ds ; age group = 20; value = -0.000245413
DEBUG [2023-12-04 13:49:08] successful generation of stocks output from generate.prevalence.output()
DEBUG [2023-12-04 13:49:08] successful call of demography.from.model.run()
DEBUG [2023-12-04 13:50:15] successful result of read.model()
DEBUG [2023-12-04 13:50:29] successful result of init.var.parameters.and.matrices()
WARN  [2023-12-04 13:55:12]  ntimesteps = 7696 in 00:04:43 elapsed (00:04:42 cpu) which may be excessive ; please reconsider parameter values
DEBUG [2023-12-04 13:55:15] successful result of run.deSolve()
WARN  [2023-12-04 13:55:16]  at t = 1981.5 109 state variables < 0 and >  -1e-04  reset to 0 after simulation run and before processing output
ERROR [2023-12-04 13:55:16]  at t = 1981.5 state variables < min.value.for.state.var : state = never-low-risk1-HIVu2-Ds ; age group = 16; value = -0.000228391
ERROR [2023-12-04 13:55:16]  at t = 1981.5 state variables < min.value.for.state.var : state = never-high-risk1-HIVu2-Ds ; age group = 16; value = -0.000102141
ERROR [2023-12-04 13:55:16]  at t = 1981.5 state variables < min.value.for.state.var : state = never-low-risk1-HIVu2-Ds ; age group = 17; value = -0.000199821
ERROR [2023-12-04 13:55:16]  at t = 1981.5 state variables < min.value.for.state.var : state = never-low-risk1-HIVu2-Ds ; age group = 18; value = -0.000168228
ERROR [2023-12-04 13:55:16]  at t = 1981.5 state variables < min.value.for.state.var : state = never-low-risk1-HIVu2-Ds ; age group = 19; value = -0.000141368
ERROR [2023-12-04 13:55:16]  at t = 1981.5 state variables < min.value.for.state.var : state = never-low-risk1-HIVu2-Ds ; age group = 20; value = -0.000129897
ERROR [2023-12-04 13:55:16]  at t = 1981.5 state variables < min.value.for.state.var : state = never-low-risk1-HIVu2-Ds ; age group = 21; value = -0.000140896
DEBUG [2023-12-04 13:55:23] successful generation of stocks output from generate.prevalence.output()
DEBUG [2023-12-04 13:55:23] at t=1987 1 age groups with HIV TB deaths exceeding all cause mortality (WHO deathrates) ; capping background deaths to ensure background deaths >= 0
DEBUG [2023-12-04 13:55:23] at t=1987.5 1 age groups with HIV TB deaths exceeding all cause mortality (WHO deathrates) ; capping background deaths to ensure background deaths >= 0
DEBUG [2023-12-04 13:55:23] at t=1988 2 age groups with HIV TB deaths exceeding all cause mortality (WHO deathrates) ; capping background deaths to ensure background deaths >= 0
DEBUG [2023-12-04 13:55:23] at t=1988.5 5 age groups with HIV TB deaths exceeding all cause mortality (WHO deathrates) ; capping background deaths to ensure background deaths >= 0
DEBUG [2023-12-04 13:55:23] at t=1989 8 age groups with HIV TB deaths exceeding all cause mortality (WHO deathrates) ; capping background deaths to ensure background deaths >= 0
DEBUG [2023-12-04 13:55:23] at t=1989.5 7 age groups with HIV TB deaths exceeding all cause mortality (WHO deathrates) ; capping background deaths to ensure background deaths >= 0
DEBUG [2023-12-04 13:55:23] at t=1990 9 age groups with HIV TB deaths exceeding all cause mortality (WHO deathrates) ; capping background deaths to ensure background deaths >= 0
DEBUG [2023-12-04 13:55:23] at t=1990.5 12 age groups with HIV TB deaths exceeding all cause mortality (WHO deathrates) ; capping background deaths to ensure background deaths >= 0
DEBUG [2023-12-04 13:55:23] at t=1991 13 age groups with HIV TB deaths exceeding all cause mortality (WHO deathrates) ; capping background deaths to ensure background deaths >= 0
DEBUG [2023-12-04 13:55:23] at t=1991.5 13 age groups with HIV TB deaths exceeding all cause mortality (WHO deathrates) ; capping background deaths to ensure background deaths >= 0
DEBUG [2023-12-04 13:55:23] at t=1992 13 age groups with HIV TB deaths exceeding all cause mortality (WHO deathrates) ; capping background deaths to ensure background deaths >= 0
DEBUG [2023-12-04 13:55:23] at t=1992.5 15 age groups with HIV TB deaths exceeding all cause mortality (WHO deathrates) ; capping background deaths to ensure background deaths >= 0
DEBUG [2023-12-04 13:55:23] at t=1993 16 age groups with HIV TB deaths exceeding all cause mortality (WHO deathrates) ; capping background deaths to ensure background deaths >= 0
DEBUG [2023-12-04 13:55:23] at t=1993.5 18 age groups with HIV TB deaths exceeding all cause mortality (WHO deathrates) ; capping background deaths to ensure background deaths >= 0
DEBUG [2023-12-04 13:55:23] at t=1994 18 age groups with HIV TB deaths exceeding all cause mortality (WHO deathrates) ; capping background deaths to ensure background deaths >= 0
DEBUG [2023-12-04 13:55:23] at t=1994.5 18 age groups with HIV TB deaths exceeding all cause mortality (WHO deathrates) ; capping background deaths to ensure background deaths >= 0
DEBUG [2023-12-04 13:55:23] at t=1995 18 age groups with HIV TB deaths exceeding all cause mortality (WHO deathrates) ; capping background deaths to ensure background deaths >= 0
DEBUG [2023-12-04 13:55:23] at t=1995.5 18 age groups with HIV TB deaths exceeding all cause mortality (WHO deathrates) ; capping background deaths to ensure background deaths >= 0
DEBUG [2023-12-04 13:55:23] at t=1996 18 age groups with HIV TB deaths exceeding all cause mortality (WHO deathrates) ; capping background deaths to ensure background deaths >= 0
DEBUG [2023-12-04 13:55:23] at t=1996.5 18 age groups with HIV TB deaths exceeding all cause mortality (WHO deathrates) ; capping background deaths to ensure background deaths >= 0
DEBUG [2023-12-04 13:55:23] at t=1997 18 age groups with HIV TB deaths exceeding all cause mortality (WHO deathrates) ; capping background deaths to ensure background deaths >= 0
DEBUG [2023-12-04 13:55:23] at t=1997.5 18 age groups with HIV TB deaths exceeding all cause mortality (WHO deathrates) ; capping background deaths to ensure background deaths >= 0
DEBUG [2023-12-04 13:55:23] at t=1998 18 age groups with HIV TB deaths exceeding all cause mortality (WHO deathrates) ; capping background deaths to ensure background deaths >= 0
DEBUG [2023-12-04 13:55:23] at t=1998.5 18 age groups with HIV TB deaths exceeding all cause mortality (WHO deathrates) ; capping background deaths to ensure background deaths >= 0
DEBUG [2023-12-04 13:55:23] at t=1999 18 age groups with HIV TB deaths exceeding all cause mortality (WHO deathrates) ; capping background deaths to ensure background deaths >= 0
DEBUG [2023-12-04 13:55:23] at t=1999.5 18 age groups with HIV TB deaths exceeding all cause mortality (WHO deathrates) ; capping background deaths to ensure background deaths >= 0
DEBUG [2023-12-04 13:55:23] at t=2000 18 age groups with HIV TB deaths exceeding all cause mortality (WHO deathrates) ; capping background deaths to ensure background deaths >= 0
DEBUG [2023-12-04 13:55:23] at t=2000.5 18 age groups with HIV TB deaths exceeding all cause mortality (WHO deathrates) ; capping background deaths to ensure background deaths >= 0
DEBUG [2023-12-04 13:55:23] at t=2001 18 age groups with HIV TB deaths exceeding all cause mortality (WHO deathrates) ; capping background deaths to ensure background deaths >= 0
DEBUG [2023-12-04 13:55:23] at t=2001.5 15 age groups with HIV TB deaths exceeding all cause mortality (WHO deathrates) ; capping background deaths to ensure background deaths >= 0
DEBUG [2023-12-04 13:55:23] at t=2002 17 age groups with HIV TB deaths exceeding all cause mortality (WHO deathrates) ; capping background deaths to ensure background deaths >= 0
DEBUG [2023-12-04 13:55:23] at t=2002.5 12 age groups with HIV TB deaths exceeding all cause mortality (WHO deathrates) ; capping background deaths to ensure background deaths >= 0
DEBUG [2023-12-04 13:55:23] at t=2003 13 age groups with HIV TB deaths exceeding all cause mortality (WHO deathrates) ; capping background deaths to ensure background deaths >= 0
DEBUG [2023-12-04 13:55:23] at t=2003.5 12 age groups with HIV TB deaths exceeding all cause mortality (WHO deathrates) ; capping background deaths to ensure background deaths >= 0
DEBUG [2023-12-04 13:55:23] at t=2004 13 age groups with HIV TB deaths exceeding all cause mortality (WHO deathrates) ; capping background deaths to ensure background deaths >= 0
DEBUG [2023-12-04 13:55:23] at t=2004.5 12 age groups with HIV TB deaths exceeding all cause mortality (WHO deathrates) ; capping background deaths to ensure background deaths >= 0
DEBUG [2023-12-04 13:55:23] at t=2005 13 age groups with HIV TB deaths exceeding all cause mortality (WHO deathrates) ; capping background deaths to ensure background deaths >= 0
DEBUG [2023-12-04 13:55:23] at t=2005.5 13 age groups with HIV TB deaths exceeding all cause mortality (WHO deathrates) ; capping background deaths to ensure background deaths >= 0
DEBUG [2023-12-04 13:55:23] at t=2006 13 age groups with HIV TB deaths exceeding all cause mortality (WHO deathrates) ; capping background deaths to ensure background deaths >= 0
DEBUG [2023-12-04 13:55:23] at t=2006.5 13 age groups with HIV TB deaths exceeding all cause mortality (WHO deathrates) ; capping background deaths to ensure background deaths >= 0
DEBUG [2023-12-04 13:55:23] at t=2007 13 age groups with HIV TB deaths exceeding all cause mortality (WHO deathrates) ; capping background deaths to ensure background deaths >= 0
DEBUG [2023-12-04 13:55:23] at t=2007.5 13 age groups with HIV TB deaths exceeding all cause mortality (WHO deathrates) ; capping background deaths to ensure background deaths >= 0
DEBUG [2023-12-04 13:55:23] at t=2008 14 age groups with HIV TB deaths exceeding all cause mortality (WHO deathrates) ; capping background deaths to ensure background deaths >= 0
DEBUG [2023-12-04 13:55:23] at t=2008.5 14 age groups with HIV TB deaths exceeding all cause mortality (WHO deathrates) ; capping background deaths to ensure background deaths >= 0
DEBUG [2023-12-04 13:55:23] at t=2009 15 age groups with HIV TB deaths exceeding all cause mortality (WHO deathrates) ; capping background deaths to ensure background deaths >= 0
DEBUG [2023-12-04 13:55:23] at t=2009.5 19 age groups with HIV TB deaths exceeding all cause mortality (WHO deathrates) ; capping background deaths to ensure background deaths >= 0
DEBUG [2023-12-04 13:55:23] at t=2010 18 age groups with HIV TB deaths exceeding all cause mortality (WHO deathrates) ; capping background deaths to ensure background deaths >= 0
DEBUG [2023-12-04 13:55:23] at t=2010.5 22 age groups with HIV TB deaths exceeding all cause mortality (WHO deathrates) ; capping background deaths to ensure background deaths >= 0
DEBUG [2023-12-04 13:55:23] at t=2011 22 age groups with HIV TB deaths exceeding all cause mortality (WHO deathrates) ; capping background deaths to ensure background deaths >= 0
DEBUG [2023-12-04 13:55:23] at t=2011.5 23 age groups with HIV TB deaths exceeding all cause mortality (WHO deathrates) ; capping background deaths to ensure background deaths >= 0
DEBUG [2023-12-04 13:55:23] at t=2012 23 age groups with HIV TB deaths exceeding all cause mortality (WHO deathrates) ; capping background deaths to ensure background deaths >= 0
DEBUG [2023-12-04 13:55:23] at t=2012.5 23 age groups with HIV TB deaths exceeding all cause mortality (WHO deathrates) ; capping background deaths to ensure background deaths >= 0
DEBUG [2023-12-04 13:55:23] at t=2013 23 age groups with HIV TB deaths exceeding all cause mortality (WHO deathrates) ; capping background deaths to ensure background deaths >= 0
DEBUG [2023-12-04 13:55:23] at t=2013.5 25 age groups with HIV TB deaths exceeding all cause mortality (WHO deathrates) ; capping background deaths to ensure background deaths >= 0
DEBUG [2023-12-04 13:55:23] at t=2014 23 age groups with HIV TB deaths exceeding all cause mortality (WHO deathrates) ; capping background deaths to ensure background deaths >= 0
DEBUG [2023-12-04 13:55:23] at t=2014.5 21 age groups with HIV TB deaths exceeding all cause mortality (WHO deathrates) ; capping background deaths to ensure background deaths >= 0
DEBUG [2023-12-04 13:55:23] at t=2015 22 age groups with HIV TB deaths exceeding all cause mortality (WHO deathrates) ; capping background deaths to ensure background deaths >= 0
DEBUG [2023-12-04 13:55:23] at t=2015.5 20 age groups with HIV TB deaths exceeding all cause mortality (WHO deathrates) ; capping background deaths to ensure background deaths >= 0
DEBUG [2023-12-04 13:55:23] at t=2016 20 age groups with HIV TB deaths exceeding all cause mortality (WHO deathrates) ; capping background deaths to ensure background deaths >= 0
DEBUG [2023-12-04 13:55:23] at t=2016.5 18 age groups with HIV TB deaths exceeding all cause mortality (WHO deathrates) ; capping background deaths to ensure background deaths >= 0
DEBUG [2023-12-04 13:55:23] at t=2017 19 age groups with HIV TB deaths exceeding all cause mortality (WHO deathrates) ; capping background deaths to ensure background deaths >= 0
DEBUG [2023-12-04 13:55:23] at t=2017.5 15 age groups with HIV TB deaths exceeding all cause mortality (WHO deathrates) ; capping background deaths to ensure background deaths >= 0
DEBUG [2023-12-04 13:55:23] at t=2018 16 age groups with HIV TB deaths exceeding all cause mortality (WHO deathrates) ; capping background deaths to ensure background deaths >= 0
DEBUG [2023-12-04 13:55:23] at t=2018.5 12 age groups with HIV TB deaths exceeding all cause mortality (WHO deathrates) ; capping background deaths to ensure background deaths >= 0
DEBUG [2023-12-04 13:55:23] at t=2019 12 age groups with HIV TB deaths exceeding all cause mortality (WHO deathrates) ; capping background deaths to ensure background deaths >= 0
DEBUG [2023-12-04 13:55:23] at t=2019.5 11 age groups with HIV TB deaths exceeding all cause mortality (WHO deathrates) ; capping background deaths to ensure background deaths >= 0
DEBUG [2023-12-04 13:55:23] at t=2020 11 age groups with HIV TB deaths exceeding all cause mortality (WHO deathrates) ; capping background deaths to ensure background deaths >= 0
DEBUG [2023-12-04 13:55:23] at t=2020.5 10 age groups with HIV TB deaths exceeding all cause mortality (WHO deathrates) ; capping background deaths to ensure background deaths >= 0
DEBUG [2023-12-04 13:55:23] at t=2021 9 age groups with HIV TB deaths exceeding all cause mortality (WHO deathrates) ; capping background deaths to ensure background deaths >= 0
DEBUG [2023-12-04 13:55:23] at t=2021.5 6 age groups with HIV TB deaths exceeding all cause mortality (WHO deathrates) ; capping background deaths to ensure background deaths >= 0
DEBUG [2023-12-04 13:55:23] at t=2022 6 age groups with HIV TB deaths exceeding all cause mortality (WHO deathrates) ; capping background deaths to ensure background deaths >= 0
DEBUG [2023-12-04 13:55:23] at t=2022.5 2 age groups with HIV TB deaths exceeding all cause mortality (WHO deathrates) ; capping background deaths to ensure background deaths >= 0
DEBUG [2023-12-04 13:55:23] at t=2023 2 age groups with HIV TB deaths exceeding all cause mortality (WHO deathrates) ; capping background deaths to ensure background deaths >= 0
DEBUG [2023-12-04 13:55:24] at t=2023.5 2 age groups with HIV TB deaths exceeding all cause mortality (WHO deathrates) ; capping background deaths to ensure background deaths >= 0
DEBUG [2023-12-04 13:55:24] at t=2024 2 age groups with HIV TB deaths exceeding all cause mortality (WHO deathrates) ; capping background deaths to ensure background deaths >= 0
DEBUG [2023-12-04 13:55:24] at t=2024.5 2 age groups with HIV TB deaths exceeding all cause mortality (WHO deathrates) ; capping background deaths to ensure background deaths >= 0
DEBUG [2023-12-04 13:55:24] at t=2025 2 age groups with HIV TB deaths exceeding all cause mortality (WHO deathrates) ; capping background deaths to ensure background deaths >= 0
DEBUG [2023-12-04 13:55:24] at t=2025.5 1 age groups with HIV TB deaths exceeding all cause mortality (WHO deathrates) ; capping background deaths to ensure background deaths >= 0
DEBUG [2023-12-04 13:55:24] at t=2026 1 age groups with HIV TB deaths exceeding all cause mortality (WHO deathrates) ; capping background deaths to ensure background deaths >= 0
DEBUG [2023-12-04 13:55:24] at t=2026.5 1 age groups with HIV TB deaths exceeding all cause mortality (WHO deathrates) ; capping background deaths to ensure background deaths >= 0
DEBUG [2023-12-04 13:55:24] at t=2027 1 age groups with HIV TB deaths exceeding all cause mortality (WHO deathrates) ; capping background deaths to ensure background deaths >= 0
DEBUG [2023-12-04 13:55:24] at t=2027.5 1 age groups with HIV TB deaths exceeding all cause mortality (WHO deathrates) ; capping background deaths to ensure background deaths >= 0
DEBUG [2023-12-04 13:55:24] at t=2028 1 age groups with HIV TB deaths exceeding all cause mortality (WHO deathrates) ; capping background deaths to ensure background deaths >= 0
DEBUG [2023-12-04 13:55:24] at t=2029 1 age groups with HIV TB deaths exceeding all cause mortality (WHO deathrates) ; capping background deaths to ensure background deaths >= 0
DEBUG [2023-12-04 13:55:24] successful call of demography.from.model.run()
DEBUG [2023-12-04 13:55:41] successful result of read.model()
DEBUG [2023-12-04 13:55:56] successful result of init.var.parameters.and.matrices()
WARN  [2023-12-04 14:04:30]  ntimesteps = 8193 in 00:08:33 elapsed (00:08:31 cpu) which may be excessive ; please reconsider parameter values
DEBUG [2023-12-04 14:04:33] successful result of run.deSolve()
WARN  [2023-12-04 14:04:33]  at t = 1981.5 109 state variables < 0 and >  -1e-04  reset to 0 after simulation run and before processing output
ERROR [2023-12-04 14:04:35]  at t = 1981.5 state variables < min.value.for.state.var : state = never-low-risk1-HIVu2-Ds ; age group = 16; value = -0.000228391
ERROR [2023-12-04 14:04:35]  at t = 1981.5 state variables < min.value.for.state.var : state = never-high-risk1-HIVu2-Ds ; age group = 16; value = -0.000102141
ERROR [2023-12-04 14:04:35]  at t = 1981.5 state variables < min.value.for.state.var : state = never-low-risk1-HIVu2-Ds ; age group = 17; value = -0.000199821
ERROR [2023-12-04 14:04:35]  at t = 1981.5 state variables < min.value.for.state.var : state = never-low-risk1-HIVu2-Ds ; age group = 18; value = -0.000168228
ERROR [2023-12-04 14:04:35]  at t = 1981.5 state variables < min.value.for.state.var : state = never-low-risk1-HIVu2-Ds ; age group = 19; value = -0.000141368
ERROR [2023-12-04 14:04:35]  at t = 1981.5 state variables < min.value.for.state.var : state = never-low-risk1-HIVu2-Ds ; age group = 20; value = -0.000129897
ERROR [2023-12-04 14:04:35]  at t = 1981.5 state variables < min.value.for.state.var : state = never-low-risk1-HIVu2-Ds ; age group = 21; value = -0.000140896
DEBUG [2023-12-04 14:04:43] successful generation of stocks output from generate.prevalence.output()
DEBUG [2023-12-04 14:04:44] successful call of demography.from.model.run()
DEBUG [2023-12-04 14:06:45] successful result of read.model()
DEBUG [2023-12-04 14:06:53] successful result of init.var.parameters.and.matrices()
WARN  [2023-12-04 14:12:44]  ntimesteps = 8378 in 00:05:50 elapsed (00:05:48 cpu) which may be excessive ; please reconsider parameter values
DEBUG [2023-12-04 14:12:46] successful result of run.deSolve()
WARN  [2023-12-04 14:12:47]  at t = 1982 29 state variables < 0 and >  -1e-04  reset to 0 after simulation run and before processing output
ERROR [2023-12-04 14:12:47]  at t = 1982 state variables < min.value.for.state.var : state = never-low-risk1-HIVu2-Ds ; age group = 16; value = -0.000146347
ERROR [2023-12-04 14:12:47]  at t = 1982 state variables < min.value.for.state.var : state = never-low-risk1-HIVu2-Ds ; age group = 17; value = -0.000121422
ERROR [2023-12-04 14:12:47]  at t = 1982 state variables < min.value.for.state.var : state = never-low-risk1-HIVu2-Ds ; age group = 21; value = -0.000105136
DEBUG [2023-12-04 14:12:53] successful generation of stocks output from generate.prevalence.output()
DEBUG [2023-12-04 14:12:53] successful call of demography.from.model.run()
DEBUG [2023-12-04 14:14:00] successful result of read.model()
DEBUG [2023-12-04 14:14:15] successful result of init.var.parameters.and.matrices()
WARN  [2023-12-04 14:19:00]  ntimesteps = 7760 in 00:04:44 elapsed (00:04:43 cpu) which may be excessive ; please reconsider parameter values
DEBUG [2023-12-04 14:19:03] successful result of run.deSolve()
WARN  [2023-12-04 14:19:05]  at t = 1981.5 120 state variables < 0 and >  -1e-04  reset to 0 after simulation run and before processing output
ERROR [2023-12-04 14:19:05]  at t = 1981.5 state variables < min.value.for.state.var : state = never-low-risk1-HIVu2-Ds ; age group = 16; value = -0.000289693
ERROR [2023-12-04 14:19:05]  at t = 1981.5 state variables < min.value.for.state.var : state = never-high-risk1-HIVu2-Ds ; age group = 16; value = -0.000140376
ERROR [2023-12-04 14:19:05]  at t = 1981.5 state variables < min.value.for.state.var : state = never-low-risk1-HIVu2-Ds ; age group = 17; value = -0.000253096
ERROR [2023-12-04 14:19:05]  at t = 1981.5 state variables < min.value.for.state.var : state = never-high-risk1-HIVu2-Ds ; age group = 17; value = -0.000120201
ERROR [2023-12-04 14:19:05]  at t = 1981.5 state variables < min.value.for.state.var : state = never-low-risk1-HIVu2-Ds ; age group = 18; value = -0.000213986
ERROR [2023-12-04 14:19:05]  at t = 1981.5 state variables < min.value.for.state.var : state = never-low-risk1-HIVu2-Ds ; age group = 19; value = -0.000181046
ERROR [2023-12-04 14:19:05]  at t = 1981.5 state variables < min.value.for.state.var : state = never-low-risk1-HIVu2-Ds ; age group = 20; value = -0.000164592
ERROR [2023-12-04 14:19:05]  at t = 1981.5 state variables < min.value.for.state.var : state = never-low-risk1-HIVu2-Ds ; age group = 21; value = -0.000175163
DEBUG [2023-12-04 14:19:12] successful generation of stocks output from generate.prevalence.output()
DEBUG [2023-12-04 14:19:13] at t=1987 1 age groups with HIV TB deaths exceeding all cause mortality (WHO deathrates) ; capping background deaths to ensure background deaths >= 0
DEBUG [2023-12-04 14:19:13] at t=1987.5 1 age groups with HIV TB deaths exceeding all cause mortality (WHO deathrates) ; capping background deaths to ensure background deaths >= 0
DEBUG [2023-12-04 14:19:13] at t=1988 2 age groups with HIV TB deaths exceeding all cause mortality (WHO deathrates) ; capping background deaths to ensure background deaths >= 0
DEBUG [2023-12-04 14:19:13] at t=1988.5 6 age groups with HIV TB deaths exceeding all cause mortality (WHO deathrates) ; capping background deaths to ensure background deaths >= 0
DEBUG [2023-12-04 14:19:13] at t=1989 8 age groups with HIV TB deaths exceeding all cause mortality (WHO deathrates) ; capping background deaths to ensure background deaths >= 0
DEBUG [2023-12-04 14:19:13] at t=1989.5 7 age groups with HIV TB deaths exceeding all cause mortality (WHO deathrates) ; capping background deaths to ensure background deaths >= 0
DEBUG [2023-12-04 14:19:13] at t=1990 9 age groups with HIV TB deaths exceeding all cause mortality (WHO deathrates) ; capping background deaths to ensure background deaths >= 0
DEBUG [2023-12-04 14:19:13] at t=1990.5 13 age groups with HIV TB deaths exceeding all cause mortality (WHO deathrates) ; capping background deaths to ensure background deaths >= 0
DEBUG [2023-12-04 14:19:13] at t=1991 13 age groups with HIV TB deaths exceeding all cause mortality (WHO deathrates) ; capping background deaths to ensure background deaths >= 0
DEBUG [2023-12-04 14:19:13] at t=1991.5 13 age groups with HIV TB deaths exceeding all cause mortality (WHO deathrates) ; capping background deaths to ensure background deaths >= 0
DEBUG [2023-12-04 14:19:13] at t=1992 13 age groups with HIV TB deaths exceeding all cause mortality (WHO deathrates) ; capping background deaths to ensure background deaths >= 0
DEBUG [2023-12-04 14:19:13] at t=1992.5 15 age groups with HIV TB deaths exceeding all cause mortality (WHO deathrates) ; capping background deaths to ensure background deaths >= 0
DEBUG [2023-12-04 14:19:13] at t=1993 16 age groups with HIV TB deaths exceeding all cause mortality (WHO deathrates) ; capping background deaths to ensure background deaths >= 0
DEBUG [2023-12-04 14:19:13] at t=1993.5 18 age groups with HIV TB deaths exceeding all cause mortality (WHO deathrates) ; capping background deaths to ensure background deaths >= 0
DEBUG [2023-12-04 14:19:13] at t=1994 18 age groups with HIV TB deaths exceeding all cause mortality (WHO deathrates) ; capping background deaths to ensure background deaths >= 0
DEBUG [2023-12-04 14:19:13] at t=1994.5 18 age groups with HIV TB deaths exceeding all cause mortality (WHO deathrates) ; capping background deaths to ensure background deaths >= 0
DEBUG [2023-12-04 14:19:13] at t=1995 18 age groups with HIV TB deaths exceeding all cause mortality (WHO deathrates) ; capping background deaths to ensure background deaths >= 0
DEBUG [2023-12-04 14:19:13] at t=1995.5 18 age groups with HIV TB deaths exceeding all cause mortality (WHO deathrates) ; capping background deaths to ensure background deaths >= 0
DEBUG [2023-12-04 14:19:13] at t=1996 18 age groups with HIV TB deaths exceeding all cause mortality (WHO deathrates) ; capping background deaths to ensure background deaths >= 0
DEBUG [2023-12-04 14:19:13] at t=1996.5 18 age groups with HIV TB deaths exceeding all cause mortality (WHO deathrates) ; capping background deaths to ensure background deaths >= 0
DEBUG [2023-12-04 14:19:13] at t=1997 18 age groups with HIV TB deaths exceeding all cause mortality (WHO deathrates) ; capping background deaths to ensure background deaths >= 0
DEBUG [2023-12-04 14:19:13] at t=1997.5 18 age groups with HIV TB deaths exceeding all cause mortality (WHO deathrates) ; capping background deaths to ensure background deaths >= 0
DEBUG [2023-12-04 14:19:13] at t=1998 18 age groups with HIV TB deaths exceeding all cause mortality (WHO deathrates) ; capping background deaths to ensure background deaths >= 0
DEBUG [2023-12-04 14:19:13] at t=1998.5 18 age groups with HIV TB deaths exceeding all cause mortality (WHO deathrates) ; capping background deaths to ensure background deaths >= 0
DEBUG [2023-12-04 14:19:13] at t=1999 18 age groups with HIV TB deaths exceeding all cause mortality (WHO deathrates) ; capping background deaths to ensure background deaths >= 0
DEBUG [2023-12-04 14:19:13] at t=1999.5 18 age groups with HIV TB deaths exceeding all cause mortality (WHO deathrates) ; capping background deaths to ensure background deaths >= 0
DEBUG [2023-12-04 14:19:13] at t=2000 18 age groups with HIV TB deaths exceeding all cause mortality (WHO deathrates) ; capping background deaths to ensure background deaths >= 0
DEBUG [2023-12-04 14:19:13] at t=2000.5 18 age groups with HIV TB deaths exceeding all cause mortality (WHO deathrates) ; capping background deaths to ensure background deaths >= 0
DEBUG [2023-12-04 14:19:13] at t=2001 18 age groups with HIV TB deaths exceeding all cause mortality (WHO deathrates) ; capping background deaths to ensure background deaths >= 0
DEBUG [2023-12-04 14:19:13] at t=2001.5 16 age groups with HIV TB deaths exceeding all cause mortality (WHO deathrates) ; capping background deaths to ensure background deaths >= 0
DEBUG [2023-12-04 14:19:13] at t=2002 17 age groups with HIV TB deaths exceeding all cause mortality (WHO deathrates) ; capping background deaths to ensure background deaths >= 0
DEBUG [2023-12-04 14:19:13] at t=2002.5 12 age groups with HIV TB deaths exceeding all cause mortality (WHO deathrates) ; capping background deaths to ensure background deaths >= 0
DEBUG [2023-12-04 14:19:13] at t=2003 13 age groups with HIV TB deaths exceeding all cause mortality (WHO deathrates) ; capping background deaths to ensure background deaths >= 0
DEBUG [2023-12-04 14:19:13] at t=2003.5 12 age groups with HIV TB deaths exceeding all cause mortality (WHO deathrates) ; capping background deaths to ensure background deaths >= 0
DEBUG [2023-12-04 14:19:13] at t=2004 13 age groups with HIV TB deaths exceeding all cause mortality (WHO deathrates) ; capping background deaths to ensure background deaths >= 0
DEBUG [2023-12-04 14:19:13] at t=2004.5 12 age groups with HIV TB deaths exceeding all cause mortality (WHO deathrates) ; capping background deaths to ensure background deaths >= 0
DEBUG [2023-12-04 14:19:13] at t=2005 13 age groups with HIV TB deaths exceeding all cause mortality (WHO deathrates) ; capping background deaths to ensure background deaths >= 0
DEBUG [2023-12-04 14:19:13] at t=2005.5 13 age groups with HIV TB deaths exceeding all cause mortality (WHO deathrates) ; capping background deaths to ensure background deaths >= 0
DEBUG [2023-12-04 14:19:13] at t=2006 13 age groups with HIV TB deaths exceeding all cause mortality (WHO deathrates) ; capping background deaths to ensure background deaths >= 0
DEBUG [2023-12-04 14:19:13] at t=2006.5 13 age groups with HIV TB deaths exceeding all cause mortality (WHO deathrates) ; capping background deaths to ensure background deaths >= 0
DEBUG [2023-12-04 14:19:13] at t=2007 13 age groups with HIV TB deaths exceeding all cause mortality (WHO deathrates) ; capping background deaths to ensure background deaths >= 0
DEBUG [2023-12-04 14:19:13] at t=2007.5 13 age groups with HIV TB deaths exceeding all cause mortality (WHO deathrates) ; capping background deaths to ensure background deaths >= 0
DEBUG [2023-12-04 14:19:13] at t=2008 14 age groups with HIV TB deaths exceeding all cause mortality (WHO deathrates) ; capping background deaths to ensure background deaths >= 0
DEBUG [2023-12-04 14:19:13] at t=2008.5 15 age groups with HIV TB deaths exceeding all cause mortality (WHO deathrates) ; capping background deaths to ensure background deaths >= 0
DEBUG [2023-12-04 14:19:13] at t=2009 15 age groups with HIV TB deaths exceeding all cause mortality (WHO deathrates) ; capping background deaths to ensure background deaths >= 0
DEBUG [2023-12-04 14:19:13] at t=2009.5 19 age groups with HIV TB deaths exceeding all cause mortality (WHO deathrates) ; capping background deaths to ensure background deaths >= 0
DEBUG [2023-12-04 14:19:13] at t=2010 18 age groups with HIV TB deaths exceeding all cause mortality (WHO deathrates) ; capping background deaths to ensure background deaths >= 0
DEBUG [2023-12-04 14:19:13] at t=2010.5 22 age groups with HIV TB deaths exceeding all cause mortality (WHO deathrates) ; capping background deaths to ensure background deaths >= 0
DEBUG [2023-12-04 14:19:13] at t=2011 22 age groups with HIV TB deaths exceeding all cause mortality (WHO deathrates) ; capping background deaths to ensure background deaths >= 0
DEBUG [2023-12-04 14:19:13] at t=2011.5 23 age groups with HIV TB deaths exceeding all cause mortality (WHO deathrates) ; capping background deaths to ensure background deaths >= 0
DEBUG [2023-12-04 14:19:13] at t=2012 23 age groups with HIV TB deaths exceeding all cause mortality (WHO deathrates) ; capping background deaths to ensure background deaths >= 0
DEBUG [2023-12-04 14:19:13] at t=2012.5 23 age groups with HIV TB deaths exceeding all cause mortality (WHO deathrates) ; capping background deaths to ensure background deaths >= 0
DEBUG [2023-12-04 14:19:13] at t=2013 23 age groups with HIV TB deaths exceeding all cause mortality (WHO deathrates) ; capping background deaths to ensure background deaths >= 0
DEBUG [2023-12-04 14:19:13] at t=2013.5 25 age groups with HIV TB deaths exceeding all cause mortality (WHO deathrates) ; capping background deaths to ensure background deaths >= 0
DEBUG [2023-12-04 14:19:13] at t=2014 23 age groups with HIV TB deaths exceeding all cause mortality (WHO deathrates) ; capping background deaths to ensure background deaths >= 0
DEBUG [2023-12-04 14:19:13] at t=2014.5 21 age groups with HIV TB deaths exceeding all cause mortality (WHO deathrates) ; capping background deaths to ensure background deaths >= 0
DEBUG [2023-12-04 14:19:13] at t=2015 22 age groups with HIV TB deaths exceeding all cause mortality (WHO deathrates) ; capping background deaths to ensure background deaths >= 0
DEBUG [2023-12-04 14:19:13] at t=2015.5 20 age groups with HIV TB deaths exceeding all cause mortality (WHO deathrates) ; capping background deaths to ensure background deaths >= 0
DEBUG [2023-12-04 14:19:13] at t=2016 20 age groups with HIV TB deaths exceeding all cause mortality (WHO deathrates) ; capping background deaths to ensure background deaths >= 0
DEBUG [2023-12-04 14:19:13] at t=2016.5 18 age groups with HIV TB deaths exceeding all cause mortality (WHO deathrates) ; capping background deaths to ensure background deaths >= 0
DEBUG [2023-12-04 14:19:13] at t=2017 19 age groups with HIV TB deaths exceeding all cause mortality (WHO deathrates) ; capping background deaths to ensure background deaths >= 0
DEBUG [2023-12-04 14:19:13] at t=2017.5 15 age groups with HIV TB deaths exceeding all cause mortality (WHO deathrates) ; capping background deaths to ensure background deaths >= 0
DEBUG [2023-12-04 14:19:13] at t=2018 16 age groups with HIV TB deaths exceeding all cause mortality (WHO deathrates) ; capping background deaths to ensure background deaths >= 0
DEBUG [2023-12-04 14:19:13] at t=2018.5 12 age groups with HIV TB deaths exceeding all cause mortality (WHO deathrates) ; capping background deaths to ensure background deaths >= 0
DEBUG [2023-12-04 14:19:13] at t=2019 12 age groups with HIV TB deaths exceeding all cause mortality (WHO deathrates) ; capping background deaths to ensure background deaths >= 0
DEBUG [2023-12-04 14:19:13] at t=2019.5 11 age groups with HIV TB deaths exceeding all cause mortality (WHO deathrates) ; capping background deaths to ensure background deaths >= 0
DEBUG [2023-12-04 14:19:13] at t=2020 11 age groups with HIV TB deaths exceeding all cause mortality (WHO deathrates) ; capping background deaths to ensure background deaths >= 0
DEBUG [2023-12-04 14:19:13] at t=2020.5 10 age groups with HIV TB deaths exceeding all cause mortality (WHO deathrates) ; capping background deaths to ensure background deaths >= 0
DEBUG [2023-12-04 14:19:13] at t=2021 9 age groups with HIV TB deaths exceeding all cause mortality (WHO deathrates) ; capping background deaths to ensure background deaths >= 0
DEBUG [2023-12-04 14:19:13] at t=2021.5 6 age groups with HIV TB deaths exceeding all cause mortality (WHO deathrates) ; capping background deaths to ensure background deaths >= 0
DEBUG [2023-12-04 14:19:13] at t=2022 6 age groups with HIV TB deaths exceeding all cause mortality (WHO deathrates) ; capping background deaths to ensure background deaths >= 0
DEBUG [2023-12-04 14:19:13] at t=2022.5 2 age groups with HIV TB deaths exceeding all cause mortality (WHO deathrates) ; capping background deaths to ensure background deaths >= 0
DEBUG [2023-12-04 14:19:13] at t=2023 2 age groups with HIV TB deaths exceeding all cause mortality (WHO deathrates) ; capping background deaths to ensure background deaths >= 0
DEBUG [2023-12-04 14:19:13] at t=2023.5 2 age groups with HIV TB deaths exceeding all cause mortality (WHO deathrates) ; capping background deaths to ensure background deaths >= 0
DEBUG [2023-12-04 14:19:13] at t=2024 2 age groups with HIV TB deaths exceeding all cause mortality (WHO deathrates) ; capping background deaths to ensure background deaths >= 0
DEBUG [2023-12-04 14:19:13] at t=2024.5 2 age groups with HIV TB deaths exceeding all cause mortality (WHO deathrates) ; capping background deaths to ensure background deaths >= 0
DEBUG [2023-12-04 14:19:13] at t=2025 2 age groups with HIV TB deaths exceeding all cause mortality (WHO deathrates) ; capping background deaths to ensure background deaths >= 0
DEBUG [2023-12-04 14:19:13] at t=2025.5 1 age groups with HIV TB deaths exceeding all cause mortality (WHO deathrates) ; capping background deaths to ensure background deaths >= 0
DEBUG [2023-12-04 14:19:13] at t=2026 1 age groups with HIV TB deaths exceeding all cause mortality (WHO deathrates) ; capping background deaths to ensure background deaths >= 0
DEBUG [2023-12-04 14:19:13] at t=2026.5 1 age groups with HIV TB deaths exceeding all cause mortality (WHO deathrates) ; capping background deaths to ensure background deaths >= 0
DEBUG [2023-12-04 14:19:13] at t=2027 1 age groups with HIV TB deaths exceeding all cause mortality (WHO deathrates) ; capping background deaths to ensure background deaths >= 0
DEBUG [2023-12-04 14:19:13] at t=2027.5 1 age groups with HIV TB deaths exceeding all cause mortality (WHO deathrates) ; capping background deaths to ensure background deaths >= 0
DEBUG [2023-12-04 14:19:13] at t=2028 1 age groups with HIV TB deaths exceeding all cause mortality (WHO deathrates) ; capping background deaths to ensure background deaths >= 0
DEBUG [2023-12-04 14:19:13] at t=2029 1 age groups with HIV TB deaths exceeding all cause mortality (WHO deathrates) ; capping background deaths to ensure background deaths >= 0
DEBUG [2023-12-04 14:19:13] successful call of demography.from.model.run()
DEBUG [2023-12-04 14:19:49] successful result of read.model()
DEBUG [2023-12-04 14:20:03] successful result of init.var.parameters.and.matrices()
WARN  [2023-12-04 14:28:38]  ntimesteps = 8268 in 00:08:34 elapsed (00:08:33 cpu) which may be excessive ; please reconsider parameter values
DEBUG [2023-12-04 14:28:42] successful result of run.deSolve()
WARN  [2023-12-04 14:28:42]  at t = 1981.5 120 state variables < 0 and >  -1e-04  reset to 0 after simulation run and before processing output
ERROR [2023-12-04 14:28:43]  at t = 1981.5 state variables < min.value.for.state.var : state = never-low-risk1-HIVu2-Ds ; age group = 16; value = -0.000289693
ERROR [2023-12-04 14:28:43]  at t = 1981.5 state variables < min.value.for.state.var : state = never-high-risk1-HIVu2-Ds ; age group = 16; value = -0.000140376
ERROR [2023-12-04 14:28:43]  at t = 1981.5 state variables < min.value.for.state.var : state = never-low-risk1-HIVu2-Ds ; age group = 17; value = -0.000253096
ERROR [2023-12-04 14:28:43]  at t = 1981.5 state variables < min.value.for.state.var : state = never-high-risk1-HIVu2-Ds ; age group = 17; value = -0.000120201
ERROR [2023-12-04 14:28:43]  at t = 1981.5 state variables < min.value.for.state.var : state = never-low-risk1-HIVu2-Ds ; age group = 18; value = -0.000213986
ERROR [2023-12-04 14:28:43]  at t = 1981.5 state variables < min.value.for.state.var : state = never-low-risk1-HIVu2-Ds ; age group = 19; value = -0.000181046
ERROR [2023-12-04 14:28:43]  at t = 1981.5 state variables < min.value.for.state.var : state = never-low-risk1-HIVu2-Ds ; age group = 20; value = -0.000164592
ERROR [2023-12-04 14:28:43]  at t = 1981.5 state variables < min.value.for.state.var : state = never-low-risk1-HIVu2-Ds ; age group = 21; value = -0.000175163
DEBUG [2023-12-04 14:28:51] successful generation of stocks output from generate.prevalence.output()
DEBUG [2023-12-04 14:28:52] successful call of demography.from.model.run()
DEBUG [2023-12-04 14:30:54] successful result of read.model()
DEBUG [2023-12-04 14:31:03] successful result of init.var.parameters.and.matrices()
WARN  [2023-12-04 14:36:51]  ntimesteps = 8393 in 00:05:48 elapsed (00:05:46 cpu) which may be excessive ; please reconsider parameter values
DEBUG [2023-12-04 14:36:53] successful result of run.deSolve()
DEBUG [2023-12-04 14:37:01] successful generation of stocks output from generate.prevalence.output()
DEBUG [2023-12-04 14:37:01] successful call of demography.from.model.run()
DEBUG [2023-12-04 14:38:08] successful result of read.model()
DEBUG [2023-12-04 14:38:21] successful result of init.var.parameters.and.matrices()
WARN  [2023-12-04 14:43:03]  ntimesteps = 7672 in 00:04:40 elapsed (00:04:39 cpu) which may be excessive ; please reconsider parameter values
DEBUG [2023-12-04 14:43:06] successful result of run.deSolve()
WARN  [2023-12-04 14:43:07]  at t = 1981.5 25 state variables < 0 and >  -1e-04  reset to 0 after simulation run and before processing output
DEBUG [2023-12-04 14:43:14] successful generation of stocks output from generate.prevalence.output()
DEBUG [2023-12-04 14:43:15] at t=1987 1 age groups with HIV TB deaths exceeding all cause mortality (WHO deathrates) ; capping background deaths to ensure background deaths >= 0
DEBUG [2023-12-04 14:43:15] at t=1987.5 1 age groups with HIV TB deaths exceeding all cause mortality (WHO deathrates) ; capping background deaths to ensure background deaths >= 0
DEBUG [2023-12-04 14:43:15] at t=1988 2 age groups with HIV TB deaths exceeding all cause mortality (WHO deathrates) ; capping background deaths to ensure background deaths >= 0
DEBUG [2023-12-04 14:43:15] at t=1988.5 6 age groups with HIV TB deaths exceeding all cause mortality (WHO deathrates) ; capping background deaths to ensure background deaths >= 0
DEBUG [2023-12-04 14:43:15] at t=1989 8 age groups with HIV TB deaths exceeding all cause mortality (WHO deathrates) ; capping background deaths to ensure background deaths >= 0
DEBUG [2023-12-04 14:43:15] at t=1989.5 7 age groups with HIV TB deaths exceeding all cause mortality (WHO deathrates) ; capping background deaths to ensure background deaths >= 0
DEBUG [2023-12-04 14:43:15] at t=1990 9 age groups with HIV TB deaths exceeding all cause mortality (WHO deathrates) ; capping background deaths to ensure background deaths >= 0
DEBUG [2023-12-04 14:43:15] at t=1990.5 12 age groups with HIV TB deaths exceeding all cause mortality (WHO deathrates) ; capping background deaths to ensure background deaths >= 0
DEBUG [2023-12-04 14:43:15] at t=1991 13 age groups with HIV TB deaths exceeding all cause mortality (WHO deathrates) ; capping background deaths to ensure background deaths >= 0
DEBUG [2023-12-04 14:43:15] at t=1991.5 13 age groups with HIV TB deaths exceeding all cause mortality (WHO deathrates) ; capping background deaths to ensure background deaths >= 0
DEBUG [2023-12-04 14:43:15] at t=1992 13 age groups with HIV TB deaths exceeding all cause mortality (WHO deathrates) ; capping background deaths to ensure background deaths >= 0
DEBUG [2023-12-04 14:43:15] at t=1992.5 15 age groups with HIV TB deaths exceeding all cause mortality (WHO deathrates) ; capping background deaths to ensure background deaths >= 0
DEBUG [2023-12-04 14:43:15] at t=1993 16 age groups with HIV TB deaths exceeding all cause mortality (WHO deathrates) ; capping background deaths to ensure background deaths >= 0
DEBUG [2023-12-04 14:43:15] at t=1993.5 18 age groups with HIV TB deaths exceeding all cause mortality (WHO deathrates) ; capping background deaths to ensure background deaths >= 0
DEBUG [2023-12-04 14:43:15] at t=1994 18 age groups with HIV TB deaths exceeding all cause mortality (WHO deathrates) ; capping background deaths to ensure background deaths >= 0
DEBUG [2023-12-04 14:43:15] at t=1994.5 18 age groups with HIV TB deaths exceeding all cause mortality (WHO deathrates) ; capping background deaths to ensure background deaths >= 0
DEBUG [2023-12-04 14:43:15] at t=1995 18 age groups with HIV TB deaths exceeding all cause mortality (WHO deathrates) ; capping background deaths to ensure background deaths >= 0
DEBUG [2023-12-04 14:43:15] at t=1995.5 18 age groups with HIV TB deaths exceeding all cause mortality (WHO deathrates) ; capping background deaths to ensure background deaths >= 0
DEBUG [2023-12-04 14:43:15] at t=1996 18 age groups with HIV TB deaths exceeding all cause mortality (WHO deathrates) ; capping background deaths to ensure background deaths >= 0
DEBUG [2023-12-04 14:43:15] at t=1996.5 18 age groups with HIV TB deaths exceeding all cause mortality (WHO deathrates) ; capping background deaths to ensure background deaths >= 0
DEBUG [2023-12-04 14:43:15] at t=1997 18 age groups with HIV TB deaths exceeding all cause mortality (WHO deathrates) ; capping background deaths to ensure background deaths >= 0
DEBUG [2023-12-04 14:43:15] at t=1997.5 18 age groups with HIV TB deaths exceeding all cause mortality (WHO deathrates) ; capping background deaths to ensure background deaths >= 0
DEBUG [2023-12-04 14:43:15] at t=1998 18 age groups with HIV TB deaths exceeding all cause mortality (WHO deathrates) ; capping background deaths to ensure background deaths >= 0
DEBUG [2023-12-04 14:43:15] at t=1998.5 18 age groups with HIV TB deaths exceeding all cause mortality (WHO deathrates) ; capping background deaths to ensure background deaths >= 0
DEBUG [2023-12-04 14:43:15] at t=1999 18 age groups with HIV TB deaths exceeding all cause mortality (WHO deathrates) ; capping background deaths to ensure background deaths >= 0
DEBUG [2023-12-04 14:43:15] at t=1999.5 18 age groups with HIV TB deaths exceeding all cause mortality (WHO deathrates) ; capping background deaths to ensure background deaths >= 0
DEBUG [2023-12-04 14:43:15] at t=2000 18 age groups with HIV TB deaths exceeding all cause mortality (WHO deathrates) ; capping background deaths to ensure background deaths >= 0
DEBUG [2023-12-04 14:43:15] at t=2000.5 18 age groups with HIV TB deaths exceeding all cause mortality (WHO deathrates) ; capping background deaths to ensure background deaths >= 0
DEBUG [2023-12-04 14:43:15] at t=2001 18 age groups with HIV TB deaths exceeding all cause mortality (WHO deathrates) ; capping background deaths to ensure background deaths >= 0
DEBUG [2023-12-04 14:43:15] at t=2001.5 15 age groups with HIV TB deaths exceeding all cause mortality (WHO deathrates) ; capping background deaths to ensure background deaths >= 0
DEBUG [2023-12-04 14:43:15] at t=2002 17 age groups with HIV TB deaths exceeding all cause mortality (WHO deathrates) ; capping background deaths to ensure background deaths >= 0
DEBUG [2023-12-04 14:43:15] at t=2002.5 12 age groups with HIV TB deaths exceeding all cause mortality (WHO deathrates) ; capping background deaths to ensure background deaths >= 0
DEBUG [2023-12-04 14:43:15] at t=2003 13 age groups with HIV TB deaths exceeding all cause mortality (WHO deathrates) ; capping background deaths to ensure background deaths >= 0
DEBUG [2023-12-04 14:43:15] at t=2003.5 12 age groups with HIV TB deaths exceeding all cause mortality (WHO deathrates) ; capping background deaths to ensure background deaths >= 0
DEBUG [2023-12-04 14:43:15] at t=2004 13 age groups with HIV TB deaths exceeding all cause mortality (WHO deathrates) ; capping background deaths to ensure background deaths >= 0
DEBUG [2023-12-04 14:43:15] at t=2004.5 12 age groups with HIV TB deaths exceeding all cause mortality (WHO deathrates) ; capping background deaths to ensure background deaths >= 0
DEBUG [2023-12-04 14:43:15] at t=2005 13 age groups with HIV TB deaths exceeding all cause mortality (WHO deathrates) ; capping background deaths to ensure background deaths >= 0
DEBUG [2023-12-04 14:43:15] at t=2005.5 13 age groups with HIV TB deaths exceeding all cause mortality (WHO deathrates) ; capping background deaths to ensure background deaths >= 0
DEBUG [2023-12-04 14:43:15] at t=2006 13 age groups with HIV TB deaths exceeding all cause mortality (WHO deathrates) ; capping background deaths to ensure background deaths >= 0
DEBUG [2023-12-04 14:43:15] at t=2006.5 13 age groups with HIV TB deaths exceeding all cause mortality (WHO deathrates) ; capping background deaths to ensure background deaths >= 0
DEBUG [2023-12-04 14:43:15] at t=2007 13 age groups with HIV TB deaths exceeding all cause mortality (WHO deathrates) ; capping background deaths to ensure background deaths >= 0
DEBUG [2023-12-04 14:43:15] at t=2007.5 13 age groups with HIV TB deaths exceeding all cause mortality (WHO deathrates) ; capping background deaths to ensure background deaths >= 0
DEBUG [2023-12-04 14:43:15] at t=2008 14 age groups with HIV TB deaths exceeding all cause mortality (WHO deathrates) ; capping background deaths to ensure background deaths >= 0
DEBUG [2023-12-04 14:43:15] at t=2008.5 14 age groups with HIV TB deaths exceeding all cause mortality (WHO deathrates) ; capping background deaths to ensure background deaths >= 0
DEBUG [2023-12-04 14:43:15] at t=2009 15 age groups with HIV TB deaths exceeding all cause mortality (WHO deathrates) ; capping background deaths to ensure background deaths >= 0
DEBUG [2023-12-04 14:43:15] at t=2009.5 19 age groups with HIV TB deaths exceeding all cause mortality (WHO deathrates) ; capping background deaths to ensure background deaths >= 0
DEBUG [2023-12-04 14:43:15] at t=2010 18 age groups with HIV TB deaths exceeding all cause mortality (WHO deathrates) ; capping background deaths to ensure background deaths >= 0
DEBUG [2023-12-04 14:43:15] at t=2010.5 21 age groups with HIV TB deaths exceeding all cause mortality (WHO deathrates) ; capping background deaths to ensure background deaths >= 0
DEBUG [2023-12-04 14:43:15] at t=2011 22 age groups with HIV TB deaths exceeding all cause mortality (WHO deathrates) ; capping background deaths to ensure background deaths >= 0
DEBUG [2023-12-04 14:43:15] at t=2011.5 23 age groups with HIV TB deaths exceeding all cause mortality (WHO deathrates) ; capping background deaths to ensure background deaths >= 0
DEBUG [2023-12-04 14:43:15] at t=2012 23 age groups with HIV TB deaths exceeding all cause mortality (WHO deathrates) ; capping background deaths to ensure background deaths >= 0
DEBUG [2023-12-04 14:43:15] at t=2012.5 23 age groups with HIV TB deaths exceeding all cause mortality (WHO deathrates) ; capping background deaths to ensure background deaths >= 0
DEBUG [2023-12-04 14:43:15] at t=2013 23 age groups with HIV TB deaths exceeding all cause mortality (WHO deathrates) ; capping background deaths to ensure background deaths >= 0
DEBUG [2023-12-04 14:43:15] at t=2013.5 24 age groups with HIV TB deaths exceeding all cause mortality (WHO deathrates) ; capping background deaths to ensure background deaths >= 0
DEBUG [2023-12-04 14:43:15] at t=2014 23 age groups with HIV TB deaths exceeding all cause mortality (WHO deathrates) ; capping background deaths to ensure background deaths >= 0
DEBUG [2023-12-04 14:43:15] at t=2014.5 21 age groups with HIV TB deaths exceeding all cause mortality (WHO deathrates) ; capping background deaths to ensure background deaths >= 0
DEBUG [2023-12-04 14:43:15] at t=2015 22 age groups with HIV TB deaths exceeding all cause mortality (WHO deathrates) ; capping background deaths to ensure background deaths >= 0
DEBUG [2023-12-04 14:43:15] at t=2015.5 20 age groups with HIV TB deaths exceeding all cause mortality (WHO deathrates) ; capping background deaths to ensure background deaths >= 0
DEBUG [2023-12-04 14:43:15] at t=2016 20 age groups with HIV TB deaths exceeding all cause mortality (WHO deathrates) ; capping background deaths to ensure background deaths >= 0
DEBUG [2023-12-04 14:43:15] at t=2016.5 18 age groups with HIV TB deaths exceeding all cause mortality (WHO deathrates) ; capping background deaths to ensure background deaths >= 0
DEBUG [2023-12-04 14:43:15] at t=2017 18 age groups with HIV TB deaths exceeding all cause mortality (WHO deathrates) ; capping background deaths to ensure background deaths >= 0
DEBUG [2023-12-04 14:43:15] at t=2017.5 15 age groups with HIV TB deaths exceeding all cause mortality (WHO deathrates) ; capping background deaths to ensure background deaths >= 0
DEBUG [2023-12-04 14:43:15] at t=2018 13 age groups with HIV TB deaths exceeding all cause mortality (WHO deathrates) ; capping background deaths to ensure background deaths >= 0
DEBUG [2023-12-04 14:43:15] at t=2018.5 12 age groups with HIV TB deaths exceeding all cause mortality (WHO deathrates) ; capping background deaths to ensure background deaths >= 0
DEBUG [2023-12-04 14:43:15] at t=2019 12 age groups with HIV TB deaths exceeding all cause mortality (WHO deathrates) ; capping background deaths to ensure background deaths >= 0
DEBUG [2023-12-04 14:43:15] at t=2019.5 11 age groups with HIV TB deaths exceeding all cause mortality (WHO deathrates) ; capping background deaths to ensure background deaths >= 0
DEBUG [2023-12-04 14:43:15] at t=2020 11 age groups with HIV TB deaths exceeding all cause mortality (WHO deathrates) ; capping background deaths to ensure background deaths >= 0
DEBUG [2023-12-04 14:43:15] at t=2020.5 9 age groups with HIV TB deaths exceeding all cause mortality (WHO deathrates) ; capping background deaths to ensure background deaths >= 0
DEBUG [2023-12-04 14:43:15] at t=2021 8 age groups with HIV TB deaths exceeding all cause mortality (WHO deathrates) ; capping background deaths to ensure background deaths >= 0
DEBUG [2023-12-04 14:43:15] at t=2021.5 5 age groups with HIV TB deaths exceeding all cause mortality (WHO deathrates) ; capping background deaths to ensure background deaths >= 0
DEBUG [2023-12-04 14:43:15] at t=2022 5 age groups with HIV TB deaths exceeding all cause mortality (WHO deathrates) ; capping background deaths to ensure background deaths >= 0
DEBUG [2023-12-04 14:43:15] at t=2022.5 2 age groups with HIV TB deaths exceeding all cause mortality (WHO deathrates) ; capping background deaths to ensure background deaths >= 0
DEBUG [2023-12-04 14:43:15] at t=2023 2 age groups with HIV TB deaths exceeding all cause mortality (WHO deathrates) ; capping background deaths to ensure background deaths >= 0
DEBUG [2023-12-04 14:43:15] at t=2023.5 2 age groups with HIV TB deaths exceeding all cause mortality (WHO deathrates) ; capping background deaths to ensure background deaths >= 0
DEBUG [2023-12-04 14:43:15] at t=2024 2 age groups with HIV TB deaths exceeding all cause mortality (WHO deathrates) ; capping background deaths to ensure background deaths >= 0
DEBUG [2023-12-04 14:43:15] at t=2024.5 1 age groups with HIV TB deaths exceeding all cause mortality (WHO deathrates) ; capping background deaths to ensure background deaths >= 0
DEBUG [2023-12-04 14:43:15] at t=2025 2 age groups with HIV TB deaths exceeding all cause mortality (WHO deathrates) ; capping background deaths to ensure background deaths >= 0
DEBUG [2023-12-04 14:43:15] at t=2025.5 1 age groups with HIV TB deaths exceeding all cause mortality (WHO deathrates) ; capping background deaths to ensure background deaths >= 0
DEBUG [2023-12-04 14:43:15] at t=2026 1 age groups with HIV TB deaths exceeding all cause mortality (WHO deathrates) ; capping background deaths to ensure background deaths >= 0
DEBUG [2023-12-04 14:43:15] at t=2026.5 1 age groups with HIV TB deaths exceeding all cause mortality (WHO deathrates) ; capping background deaths to ensure background deaths >= 0
DEBUG [2023-12-04 14:43:15] at t=2027 1 age groups with HIV TB deaths exceeding all cause mortality (WHO deathrates) ; capping background deaths to ensure background deaths >= 0
DEBUG [2023-12-04 14:43:15] at t=2028 1 age groups with HIV TB deaths exceeding all cause mortality (WHO deathrates) ; capping background deaths to ensure background deaths >= 0
DEBUG [2023-12-04 14:43:15] successful call of demography.from.model.run()
DEBUG [2023-12-04 14:43:31] successful result of read.model()
DEBUG [2023-12-04 14:43:44] successful result of init.var.parameters.and.matrices()
WARN  [2023-12-04 14:52:20]  ntimesteps = 8241 in 00:08:35 elapsed (00:08:33 cpu) which may be excessive ; please reconsider parameter values
DEBUG [2023-12-04 14:52:24] successful result of run.deSolve()
WARN  [2023-12-04 14:52:25]  at t = 1981.5 25 state variables < 0 and >  -1e-04  reset to 0 after simulation run and before processing output
DEBUG [2023-12-04 14:52:35] successful generation of stocks output from generate.prevalence.output()
DEBUG [2023-12-04 14:52:36] successful call of demography.from.model.run()
DEBUG [2023-12-04 14:54:40] successful result of read.model()
DEBUG [2023-12-04 14:54:49] successful result of init.var.parameters.and.matrices()
WARN  [2023-12-04 15:00:37]  ntimesteps = 8415 in 00:05:47 elapsed (00:05:45 cpu) which may be excessive ; please reconsider parameter values
DEBUG [2023-12-04 15:00:40] successful result of run.deSolve()
DEBUG [2023-12-04 15:00:48] successful generation of stocks output from generate.prevalence.output()
DEBUG [2023-12-04 15:00:48] successful call of demography.from.model.run()
