DEBUG [2023-12-04 14:58:03] successful result of read.model()
DEBUG [2023-12-04 14:58:21] successful result of init.var.parameters.and.matrices()
WARN  [2023-12-04 15:02:47]  ntimesteps = 7741 in 00:04:25 elapsed (00:04:17 cpu) which may be excessive ; please reconsider parameter values
DEBUG [2023-12-04 15:02:50] successful result of run.deSolve()
WARN  [2023-12-04 15:02:51]  at t = 1981.5 116 state variables < 0 and >  -1e-04  reset to 0 after simulation run and before processing output
ERROR [2023-12-04 15:02:51]  at t = 1981.5 state variables < min.value.for.state.var : state = never-low-risk1-HIVu2-Ds ; age group = 16; value = -0.000291806
ERROR [2023-12-04 15:02:51]  at t = 1981.5 state variables < min.value.for.state.var : state = never-high-risk1-HIVu2-Ds ; age group = 16; value = -0.000171676
ERROR [2023-12-04 15:02:51]  at t = 1981.5 state variables < min.value.for.state.var : state = never-low-risk1-HIVu2-Ds ; age group = 17; value = -0.000258263
ERROR [2023-12-04 15:02:51]  at t = 1981.5 state variables < min.value.for.state.var : state = never-high-risk1-HIVu2-Ds ; age group = 17; value = -0.000151357
ERROR [2023-12-04 15:02:51]  at t = 1981.5 state variables < min.value.for.state.var : state = never-low-risk1-HIVu2-Ds ; age group = 18; value = -0.000221947
ERROR [2023-12-04 15:02:51]  at t = 1981.5 state variables < min.value.for.state.var : state = never-high-risk1-HIVu2-Ds ; age group = 18; value = -0.000128588
ERROR [2023-12-04 15:02:51]  at t = 1981.5 state variables < min.value.for.state.var : state = never-low-risk1-HIVu2-Ds ; age group = 19; value = -0.000190488
ERROR [2023-12-04 15:02:51]  at t = 1981.5 state variables < min.value.for.state.var : state = never-high-risk1-HIVu2-Ds ; age group = 19; value = -0.000108858
ERROR [2023-12-04 15:02:51]  at t = 1981.5 state variables < min.value.for.state.var : state = never-low-risk1-HIVu2-Ds ; age group = 20; value = -0.000172845
ERROR [2023-12-04 15:02:51]  at t = 1981.5 state variables < min.value.for.state.var : state = never-high-risk1-HIVu2-Ds ; age group = 20; value = -0.000102328
ERROR [2023-12-04 15:02:51]  at t = 1981.5 state variables < min.value.for.state.var : state = never-low-risk1-HIVu2-Ds ; age group = 21; value = -0.000178067
ERROR [2023-12-04 15:02:51]  at t = 1981.5 state variables < min.value.for.state.var : state = never-high-risk1-HIVu2-Ds ; age group = 21; value = -0.00011277
ERROR [2023-12-04 15:02:51]  at t = 1981.5 state variables < min.value.for.state.var : state = never-low-risk1-HIVu2-Ds ; age group = 22; value = -0.000102902
WARN  [2023-12-04 15:02:51]  at t = 2011.5 2 state variables < 0 and >  -1e-04  reset to 0 after simulation run and before processing output
DEBUG [2023-12-04 15:03:00] successful generation of stocks output from generate.prevalence.output()
DEBUG [2023-12-04 15:03:00] at t=1987.5 1 age groups with HIV TB deaths exceeding all cause mortality (WHO deathrates) ; capping background deaths to ensure background deaths >= 0
DEBUG [2023-12-04 15:03:00] at t=1988 2 age groups with HIV TB deaths exceeding all cause mortality (WHO deathrates) ; capping background deaths to ensure background deaths >= 0
DEBUG [2023-12-04 15:03:00] at t=1988.5 2 age groups with HIV TB deaths exceeding all cause mortality (WHO deathrates) ; capping background deaths to ensure background deaths >= 0
DEBUG [2023-12-04 15:03:00] at t=1989 2 age groups with HIV TB deaths exceeding all cause mortality (WHO deathrates) ; capping background deaths to ensure background deaths >= 0
DEBUG [2023-12-04 15:03:00] at t=1989.5 7 age groups with HIV TB deaths exceeding all cause mortality (WHO deathrates) ; capping background deaths to ensure background deaths >= 0
DEBUG [2023-12-04 15:03:00] at t=1990 8 age groups with HIV TB deaths exceeding all cause mortality (WHO deathrates) ; capping background deaths to ensure background deaths >= 0
DEBUG [2023-12-04 15:03:00] at t=1990.5 7 age groups with HIV TB deaths exceeding all cause mortality (WHO deathrates) ; capping background deaths to ensure background deaths >= 0
DEBUG [2023-12-04 15:03:00] at t=1991 10 age groups with HIV TB deaths exceeding all cause mortality (WHO deathrates) ; capping background deaths to ensure background deaths >= 0
DEBUG [2023-12-04 15:03:00] at t=1991.5 12 age groups with HIV TB deaths exceeding all cause mortality (WHO deathrates) ; capping background deaths to ensure background deaths >= 0
DEBUG [2023-12-04 15:03:00] at t=1992 13 age groups with HIV TB deaths exceeding all cause mortality (WHO deathrates) ; capping background deaths to ensure background deaths >= 0
DEBUG [2023-12-04 15:03:00] at t=1992.5 13 age groups with HIV TB deaths exceeding all cause mortality (WHO deathrates) ; capping background deaths to ensure background deaths >= 0
DEBUG [2023-12-04 15:03:00] at t=1993 13 age groups with HIV TB deaths exceeding all cause mortality (WHO deathrates) ; capping background deaths to ensure background deaths >= 0
DEBUG [2023-12-04 15:03:00] at t=1993.5 15 age groups with HIV TB deaths exceeding all cause mortality (WHO deathrates) ; capping background deaths to ensure background deaths >= 0
DEBUG [2023-12-04 15:03:00] at t=1994 15 age groups with HIV TB deaths exceeding all cause mortality (WHO deathrates) ; capping background deaths to ensure background deaths >= 0
DEBUG [2023-12-04 15:03:00] at t=1994.5 15 age groups with HIV TB deaths exceeding all cause mortality (WHO deathrates) ; capping background deaths to ensure background deaths >= 0
DEBUG [2023-12-04 15:03:00] at t=1995 16 age groups with HIV TB deaths exceeding all cause mortality (WHO deathrates) ; capping background deaths to ensure background deaths >= 0
DEBUG [2023-12-04 15:03:00] at t=1995.5 15 age groups with HIV TB deaths exceeding all cause mortality (WHO deathrates) ; capping background deaths to ensure background deaths >= 0
DEBUG [2023-12-04 15:03:00] at t=1996 16 age groups with HIV TB deaths exceeding all cause mortality (WHO deathrates) ; capping background deaths to ensure background deaths >= 0
DEBUG [2023-12-04 15:03:00] at t=1996.5 15 age groups with HIV TB deaths exceeding all cause mortality (WHO deathrates) ; capping background deaths to ensure background deaths >= 0
DEBUG [2023-12-04 15:03:00] at t=1997 16 age groups with HIV TB deaths exceeding all cause mortality (WHO deathrates) ; capping background deaths to ensure background deaths >= 0
DEBUG [2023-12-04 15:03:00] at t=1997.5 16 age groups with HIV TB deaths exceeding all cause mortality (WHO deathrates) ; capping background deaths to ensure background deaths >= 0
DEBUG [2023-12-04 15:03:00] at t=1998 17 age groups with HIV TB deaths exceeding all cause mortality (WHO deathrates) ; capping background deaths to ensure background deaths >= 0
DEBUG [2023-12-04 15:03:00] at t=1998.5 16 age groups with HIV TB deaths exceeding all cause mortality (WHO deathrates) ; capping background deaths to ensure background deaths >= 0
DEBUG [2023-12-04 15:03:00] at t=1999 17 age groups with HIV TB deaths exceeding all cause mortality (WHO deathrates) ; capping background deaths to ensure background deaths >= 0
DEBUG [2023-12-04 15:03:00] at t=1999.5 13 age groups with HIV TB deaths exceeding all cause mortality (WHO deathrates) ; capping background deaths to ensure background deaths >= 0
DEBUG [2023-12-04 15:03:00] at t=2000 15 age groups with HIV TB deaths exceeding all cause mortality (WHO deathrates) ; capping background deaths to ensure background deaths >= 0
DEBUG [2023-12-04 15:03:00] at t=2000.5 12 age groups with HIV TB deaths exceeding all cause mortality (WHO deathrates) ; capping background deaths to ensure background deaths >= 0
DEBUG [2023-12-04 15:03:00] at t=2001 13 age groups with HIV TB deaths exceeding all cause mortality (WHO deathrates) ; capping background deaths to ensure background deaths >= 0
DEBUG [2023-12-04 15:03:00] at t=2001.5 12 age groups with HIV TB deaths exceeding all cause mortality (WHO deathrates) ; capping background deaths to ensure background deaths >= 0
DEBUG [2023-12-04 15:03:00] at t=2002 13 age groups with HIV TB deaths exceeding all cause mortality (WHO deathrates) ; capping background deaths to ensure background deaths >= 0
DEBUG [2023-12-04 15:03:00] at t=2002.5 11 age groups with HIV TB deaths exceeding all cause mortality (WHO deathrates) ; capping background deaths to ensure background deaths >= 0
DEBUG [2023-12-04 15:03:00] at t=2003 12 age groups with HIV TB deaths exceeding all cause mortality (WHO deathrates) ; capping background deaths to ensure background deaths >= 0
DEBUG [2023-12-04 15:03:00] at t=2003.5 10 age groups with HIV TB deaths exceeding all cause mortality (WHO deathrates) ; capping background deaths to ensure background deaths >= 0
DEBUG [2023-12-04 15:03:00] at t=2004 11 age groups with HIV TB deaths exceeding all cause mortality (WHO deathrates) ; capping background deaths to ensure background deaths >= 0
DEBUG [2023-12-04 15:03:00] at t=2004.5 10 age groups with HIV TB deaths exceeding all cause mortality (WHO deathrates) ; capping background deaths to ensure background deaths >= 0
DEBUG [2023-12-04 15:03:00] at t=2005 11 age groups with HIV TB deaths exceeding all cause mortality (WHO deathrates) ; capping background deaths to ensure background deaths >= 0
DEBUG [2023-12-04 15:03:00] at t=2005.5 10 age groups with HIV TB deaths exceeding all cause mortality (WHO deathrates) ; capping background deaths to ensure background deaths >= 0
DEBUG [2023-12-04 15:03:00] at t=2006 11 age groups with HIV TB deaths exceeding all cause mortality (WHO deathrates) ; capping background deaths to ensure background deaths >= 0
DEBUG [2023-12-04 15:03:00] at t=2006.5 11 age groups with HIV TB deaths exceeding all cause mortality (WHO deathrates) ; capping background deaths to ensure background deaths >= 0
DEBUG [2023-12-04 15:03:00] at t=2007 11 age groups with HIV TB deaths exceeding all cause mortality (WHO deathrates) ; capping background deaths to ensure background deaths >= 0
DEBUG [2023-12-04 15:03:00] at t=2007.5 12 age groups with HIV TB deaths exceeding all cause mortality (WHO deathrates) ; capping background deaths to ensure background deaths >= 0
DEBUG [2023-12-04 15:03:00] at t=2008 13 age groups with HIV TB deaths exceeding all cause mortality (WHO deathrates) ; capping background deaths to ensure background deaths >= 0
DEBUG [2023-12-04 15:03:00] at t=2008.5 12 age groups with HIV TB deaths exceeding all cause mortality (WHO deathrates) ; capping background deaths to ensure background deaths >= 0
DEBUG [2023-12-04 15:03:00] at t=2009 12 age groups with HIV TB deaths exceeding all cause mortality (WHO deathrates) ; capping background deaths to ensure background deaths >= 0
DEBUG [2023-12-04 15:03:00] at t=2009.5 15 age groups with HIV TB deaths exceeding all cause mortality (WHO deathrates) ; capping background deaths to ensure background deaths >= 0
DEBUG [2023-12-04 15:03:00] at t=2010 16 age groups with HIV TB deaths exceeding all cause mortality (WHO deathrates) ; capping background deaths to ensure background deaths >= 0
DEBUG [2023-12-04 15:03:00] at t=2010.5 20 age groups with HIV TB deaths exceeding all cause mortality (WHO deathrates) ; capping background deaths to ensure background deaths >= 0
DEBUG [2023-12-04 15:03:00] at t=2011 20 age groups with HIV TB deaths exceeding all cause mortality (WHO deathrates) ; capping background deaths to ensure background deaths >= 0
DEBUG [2023-12-04 15:03:00] at t=2011.5 20 age groups with HIV TB deaths exceeding all cause mortality (WHO deathrates) ; capping background deaths to ensure background deaths >= 0
DEBUG [2023-12-04 15:03:00] at t=2012 20 age groups with HIV TB deaths exceeding all cause mortality (WHO deathrates) ; capping background deaths to ensure background deaths >= 0
DEBUG [2023-12-04 15:03:00] at t=2012.5 21 age groups with HIV TB deaths exceeding all cause mortality (WHO deathrates) ; capping background deaths to ensure background deaths >= 0
DEBUG [2023-12-04 15:03:00] at t=2013 20 age groups with HIV TB deaths exceeding all cause mortality (WHO deathrates) ; capping background deaths to ensure background deaths >= 0
DEBUG [2023-12-04 15:03:00] at t=2013.5 21 age groups with HIV TB deaths exceeding all cause mortality (WHO deathrates) ; capping background deaths to ensure background deaths >= 0
DEBUG [2023-12-04 15:03:00] at t=2014 20 age groups with HIV TB deaths exceeding all cause mortality (WHO deathrates) ; capping background deaths to ensure background deaths >= 0
DEBUG [2023-12-04 15:03:00] at t=2014.5 20 age groups with HIV TB deaths exceeding all cause mortality (WHO deathrates) ; capping background deaths to ensure background deaths >= 0
DEBUG [2023-12-04 15:03:00] at t=2015 19 age groups with HIV TB deaths exceeding all cause mortality (WHO deathrates) ; capping background deaths to ensure background deaths >= 0
DEBUG [2023-12-04 15:03:00] at t=2015.5 17 age groups with HIV TB deaths exceeding all cause mortality (WHO deathrates) ; capping background deaths to ensure background deaths >= 0
DEBUG [2023-12-04 15:03:00] at t=2016 18 age groups with HIV TB deaths exceeding all cause mortality (WHO deathrates) ; capping background deaths to ensure background deaths >= 0
DEBUG [2023-12-04 15:03:00] at t=2016.5 15 age groups with HIV TB deaths exceeding all cause mortality (WHO deathrates) ; capping background deaths to ensure background deaths >= 0
DEBUG [2023-12-04 15:03:00] at t=2017 15 age groups with HIV TB deaths exceeding all cause mortality (WHO deathrates) ; capping background deaths to ensure background deaths >= 0
DEBUG [2023-12-04 15:03:00] at t=2017.5 12 age groups with HIV TB deaths exceeding all cause mortality (WHO deathrates) ; capping background deaths to ensure background deaths >= 0
DEBUG [2023-12-04 15:03:00] at t=2018 13 age groups with HIV TB deaths exceeding all cause mortality (WHO deathrates) ; capping background deaths to ensure background deaths >= 0
DEBUG [2023-12-04 15:03:00] at t=2018.5 10 age groups with HIV TB deaths exceeding all cause mortality (WHO deathrates) ; capping background deaths to ensure background deaths >= 0
DEBUG [2023-12-04 15:03:00] at t=2019 10 age groups with HIV TB deaths exceeding all cause mortality (WHO deathrates) ; capping background deaths to ensure background deaths >= 0
DEBUG [2023-12-04 15:03:00] at t=2019.5 9 age groups with HIV TB deaths exceeding all cause mortality (WHO deathrates) ; capping background deaths to ensure background deaths >= 0
DEBUG [2023-12-04 15:03:00] at t=2020 8 age groups with HIV TB deaths exceeding all cause mortality (WHO deathrates) ; capping background deaths to ensure background deaths >= 0
DEBUG [2023-12-04 15:03:00] at t=2020.5 7 age groups with HIV TB deaths exceeding all cause mortality (WHO deathrates) ; capping background deaths to ensure background deaths >= 0
DEBUG [2023-12-04 15:03:00] at t=2021 8 age groups with HIV TB deaths exceeding all cause mortality (WHO deathrates) ; capping background deaths to ensure background deaths >= 0
DEBUG [2023-12-04 15:03:00] at t=2021.5 6 age groups with HIV TB deaths exceeding all cause mortality (WHO deathrates) ; capping background deaths to ensure background deaths >= 0
DEBUG [2023-12-04 15:03:00] at t=2022 7 age groups with HIV TB deaths exceeding all cause mortality (WHO deathrates) ; capping background deaths to ensure background deaths >= 0
DEBUG [2023-12-04 15:03:00] at t=2022.5 5 age groups with HIV TB deaths exceeding all cause mortality (WHO deathrates) ; capping background deaths to ensure background deaths >= 0
DEBUG [2023-12-04 15:03:00] at t=2023 5 age groups with HIV TB deaths exceeding all cause mortality (WHO deathrates) ; capping background deaths to ensure background deaths >= 0
DEBUG [2023-12-04 15:03:00] at t=2023.5 4 age groups with HIV TB deaths exceeding all cause mortality (WHO deathrates) ; capping background deaths to ensure background deaths >= 0
DEBUG [2023-12-04 15:03:00] at t=2024 4 age groups with HIV TB deaths exceeding all cause mortality (WHO deathrates) ; capping background deaths to ensure background deaths >= 0
DEBUG [2023-12-04 15:03:00] at t=2024.5 2 age groups with HIV TB deaths exceeding all cause mortality (WHO deathrates) ; capping background deaths to ensure background deaths >= 0
DEBUG [2023-12-04 15:03:00] at t=2025 3 age groups with HIV TB deaths exceeding all cause mortality (WHO deathrates) ; capping background deaths to ensure background deaths >= 0
DEBUG [2023-12-04 15:03:00] at t=2025.5 2 age groups with HIV TB deaths exceeding all cause mortality (WHO deathrates) ; capping background deaths to ensure background deaths >= 0
DEBUG [2023-12-04 15:03:00] at t=2026 2 age groups with HIV TB deaths exceeding all cause mortality (WHO deathrates) ; capping background deaths to ensure background deaths >= 0
DEBUG [2023-12-04 15:03:00] at t=2026.5 1 age groups with HIV TB deaths exceeding all cause mortality (WHO deathrates) ; capping background deaths to ensure background deaths >= 0
DEBUG [2023-12-04 15:03:00] at t=2027 2 age groups with HIV TB deaths exceeding all cause mortality (WHO deathrates) ; capping background deaths to ensure background deaths >= 0
DEBUG [2023-12-04 15:03:00] at t=2027.5 1 age groups with HIV TB deaths exceeding all cause mortality (WHO deathrates) ; capping background deaths to ensure background deaths >= 0
DEBUG [2023-12-04 15:03:00] at t=2028 1 age groups with HIV TB deaths exceeding all cause mortality (WHO deathrates) ; capping background deaths to ensure background deaths >= 0
DEBUG [2023-12-04 15:03:00] at t=2029 1 age groups with HIV TB deaths exceeding all cause mortality (WHO deathrates) ; capping background deaths to ensure background deaths >= 0
DEBUG [2023-12-04 15:03:00] successful call of demography.from.model.run()
DEBUG [2023-12-04 15:03:20] successful result of read.model()
DEBUG [2023-12-04 15:03:34] successful result of init.var.parameters.and.matrices()
WARN  [2023-12-04 15:11:16]  ntimesteps = 8238 in 00:07:40 elapsed (00:07:35 cpu) which may be excessive ; please reconsider parameter values
DEBUG [2023-12-04 15:11:19] successful result of run.deSolve()
WARN  [2023-12-04 15:11:20]  at t = 1981.5 116 state variables < 0 and >  -1e-04  reset to 0 after simulation run and before processing output
ERROR [2023-12-04 15:11:20]  at t = 1981.5 state variables < min.value.for.state.var : state = never-low-risk1-HIVu2-Ds ; age group = 16; value = -0.000291806
ERROR [2023-12-04 15:11:20]  at t = 1981.5 state variables < min.value.for.state.var : state = never-high-risk1-HIVu2-Ds ; age group = 16; value = -0.000171676
ERROR [2023-12-04 15:11:20]  at t = 1981.5 state variables < min.value.for.state.var : state = never-low-risk1-HIVu2-Ds ; age group = 17; value = -0.000258263
ERROR [2023-12-04 15:11:20]  at t = 1981.5 state variables < min.value.for.state.var : state = never-high-risk1-HIVu2-Ds ; age group = 17; value = -0.000151357
ERROR [2023-12-04 15:11:20]  at t = 1981.5 state variables < min.value.for.state.var : state = never-low-risk1-HIVu2-Ds ; age group = 18; value = -0.000221947
ERROR [2023-12-04 15:11:20]  at t = 1981.5 state variables < min.value.for.state.var : state = never-high-risk1-HIVu2-Ds ; age group = 18; value = -0.000128588
ERROR [2023-12-04 15:11:20]  at t = 1981.5 state variables < min.value.for.state.var : state = never-low-risk1-HIVu2-Ds ; age group = 19; value = -0.000190488
ERROR [2023-12-04 15:11:20]  at t = 1981.5 state variables < min.value.for.state.var : state = never-high-risk1-HIVu2-Ds ; age group = 19; value = -0.000108858
ERROR [2023-12-04 15:11:20]  at t = 1981.5 state variables < min.value.for.state.var : state = never-low-risk1-HIVu2-Ds ; age group = 20; value = -0.000172845
ERROR [2023-12-04 15:11:20]  at t = 1981.5 state variables < min.value.for.state.var : state = never-high-risk1-HIVu2-Ds ; age group = 20; value = -0.000102328
ERROR [2023-12-04 15:11:20]  at t = 1981.5 state variables < min.value.for.state.var : state = never-low-risk1-HIVu2-Ds ; age group = 21; value = -0.000178067
ERROR [2023-12-04 15:11:20]  at t = 1981.5 state variables < min.value.for.state.var : state = never-high-risk1-HIVu2-Ds ; age group = 21; value = -0.00011277
ERROR [2023-12-04 15:11:20]  at t = 1981.5 state variables < min.value.for.state.var : state = never-low-risk1-HIVu2-Ds ; age group = 22; value = -0.000102902
WARN  [2023-12-04 15:11:20]  at t = 2011.5 2 state variables < 0 and >  -1e-04  reset to 0 after simulation run and before processing output
DEBUG [2023-12-04 15:11:28] successful generation of stocks output from generate.prevalence.output()
DEBUG [2023-12-04 15:11:30] successful call of demography.from.model.run()
DEBUG [2023-12-04 15:13:26] successful result of read.model()
DEBUG [2023-12-04 15:13:34] successful result of init.var.parameters.and.matrices()
WARN  [2023-12-04 15:18:47]  ntimesteps = 8487 in 00:05:13 elapsed (00:05:07 cpu) which may be excessive ; please reconsider parameter values
DEBUG [2023-12-04 15:18:49] successful result of run.deSolve()
DEBUG [2023-12-04 15:18:57] successful generation of stocks output from generate.prevalence.output()
DEBUG [2023-12-04 15:18:57] successful call of demography.from.model.run()
DEBUG [2023-12-04 15:19:54] successful result of read.model()
DEBUG [2023-12-04 15:20:05] successful result of init.var.parameters.and.matrices()
WARN  [2023-12-04 15:24:12]  ntimesteps = 7673 in 00:04:06 elapsed (00:04:06 cpu) which may be excessive ; please reconsider parameter values
DEBUG [2023-12-04 15:24:15] successful result of run.deSolve()
WARN  [2023-12-04 15:24:15]  at t = 1981.5 114 state variables < 0 and >  -1e-04  reset to 0 after simulation run and before processing output
ERROR [2023-12-04 15:24:15]  at t = 1981.5 state variables < min.value.for.state.var : state = never-low-risk1-HIVu2-Ds ; age group = 16; value = -0.000207327
ERROR [2023-12-04 15:24:15]  at t = 1981.5 state variables < min.value.for.state.var : state = never-high-risk1-HIVu2-Ds ; age group = 16; value = -0.000112659
ERROR [2023-12-04 15:24:15]  at t = 1981.5 state variables < min.value.for.state.var : state = never-low-risk1-HIVu2-Ds ; age group = 17; value = -0.000182467
ERROR [2023-12-04 15:24:15]  at t = 1981.5 state variables < min.value.for.state.var : state = never-low-risk1-HIVu2-Ds ; age group = 18; value = -0.000155479
ERROR [2023-12-04 15:24:15]  at t = 1981.5 state variables < min.value.for.state.var : state = never-low-risk1-HIVu2-Ds ; age group = 19; value = -0.000132199
ERROR [2023-12-04 15:24:15]  at t = 1981.5 state variables < min.value.for.state.var : state = never-low-risk1-HIVu2-Ds ; age group = 20; value = -0.000123524
ERROR [2023-12-04 15:24:15]  at t = 1981.5 state variables < min.value.for.state.var : state = never-low-risk1-HIVu2-Ds ; age group = 21; value = -0.000126416
WARN  [2023-12-04 15:24:15]  at t = 1983 17 state variables < 0 and >  -1e-04  reset to 0 after simulation run and before processing output
ERROR [2023-12-04 15:24:15]  at t = 1983 state variables < min.value.for.state.var : state = never-low-risk1-HIVu2-Ds ; age group = 17; value = -0.000225303
ERROR [2023-12-04 15:24:15]  at t = 1983 state variables < min.value.for.state.var : state = never-low-risk1-HIVu2-Ds ; age group = 18; value = -0.000178958
ERROR [2023-12-04 15:24:15]  at t = 1983 state variables < min.value.for.state.var : state = never-low-risk1-HIVu2-Ds ; age group = 19; value = -0.000128263
ERROR [2023-12-04 15:24:15]  at t = 1983 state variables < min.value.for.state.var : state = never-low-risk1-HIVu2-Ds ; age group = 21; value = -0.000159004
ERROR [2023-12-04 15:24:15]  at t = 1983 state variables < min.value.for.state.var : state = never-low-risk1-HIVu2-Ds ; age group = 22; value = -0.000150023
WARN  [2023-12-04 15:24:15]  at t = 1983.5 7 state variables < 0 and >  -1e-04  reset to 0 after simulation run and before processing output
ERROR [2023-12-04 15:24:15]  at t = 1985.5 state variables < min.value.for.state.var : state = never-low-risk1-HIVu2-Ds ; age group = 20; value = -0.000473125
ERROR [2023-12-04 15:24:16]  at t = 2011.5 state variables < min.value.for.state.var : state = never-low-risk1-ARTn2-Ds ; age group = 15; value = -0.000120991
ERROR [2023-12-04 15:24:16]  at t = 2011.5 state variables < min.value.for.state.var : state = never-high-risk1-ARTn2-Ds ; age group = 15; value = -0.000169264
DEBUG [2023-12-04 15:24:22] successful generation of stocks output from generate.prevalence.output()
DEBUG [2023-12-04 15:24:23] at t=1988 2 age groups with HIV TB deaths exceeding all cause mortality (WHO deathrates) ; capping background deaths to ensure background deaths >= 0
DEBUG [2023-12-04 15:24:23] at t=1988.5 2 age groups with HIV TB deaths exceeding all cause mortality (WHO deathrates) ; capping background deaths to ensure background deaths >= 0
DEBUG [2023-12-04 15:24:23] at t=1989 2 age groups with HIV TB deaths exceeding all cause mortality (WHO deathrates) ; capping background deaths to ensure background deaths >= 0
DEBUG [2023-12-04 15:24:23] at t=1989.5 7 age groups with HIV TB deaths exceeding all cause mortality (WHO deathrates) ; capping background deaths to ensure background deaths >= 0
DEBUG [2023-12-04 15:24:23] at t=1990 8 age groups with HIV TB deaths exceeding all cause mortality (WHO deathrates) ; capping background deaths to ensure background deaths >= 0
DEBUG [2023-12-04 15:24:23] at t=1990.5 7 age groups with HIV TB deaths exceeding all cause mortality (WHO deathrates) ; capping background deaths to ensure background deaths >= 0
DEBUG [2023-12-04 15:24:23] at t=1991 9 age groups with HIV TB deaths exceeding all cause mortality (WHO deathrates) ; capping background deaths to ensure background deaths >= 0
DEBUG [2023-12-04 15:24:23] at t=1991.5 12 age groups with HIV TB deaths exceeding all cause mortality (WHO deathrates) ; capping background deaths to ensure background deaths >= 0
DEBUG [2023-12-04 15:24:23] at t=1992 13 age groups with HIV TB deaths exceeding all cause mortality (WHO deathrates) ; capping background deaths to ensure background deaths >= 0
DEBUG [2023-12-04 15:24:23] at t=1992.5 12 age groups with HIV TB deaths exceeding all cause mortality (WHO deathrates) ; capping background deaths to ensure background deaths >= 0
DEBUG [2023-12-04 15:24:23] at t=1993 13 age groups with HIV TB deaths exceeding all cause mortality (WHO deathrates) ; capping background deaths to ensure background deaths >= 0
DEBUG [2023-12-04 15:24:23] at t=1993.5 15 age groups with HIV TB deaths exceeding all cause mortality (WHO deathrates) ; capping background deaths to ensure background deaths >= 0
DEBUG [2023-12-04 15:24:23] at t=1994 15 age groups with HIV TB deaths exceeding all cause mortality (WHO deathrates) ; capping background deaths to ensure background deaths >= 0
DEBUG [2023-12-04 15:24:23] at t=1994.5 15 age groups with HIV TB deaths exceeding all cause mortality (WHO deathrates) ; capping background deaths to ensure background deaths >= 0
DEBUG [2023-12-04 15:24:23] at t=1995 16 age groups with HIV TB deaths exceeding all cause mortality (WHO deathrates) ; capping background deaths to ensure background deaths >= 0
DEBUG [2023-12-04 15:24:23] at t=1995.5 15 age groups with HIV TB deaths exceeding all cause mortality (WHO deathrates) ; capping background deaths to ensure background deaths >= 0
DEBUG [2023-12-04 15:24:23] at t=1996 16 age groups with HIV TB deaths exceeding all cause mortality (WHO deathrates) ; capping background deaths to ensure background deaths >= 0
DEBUG [2023-12-04 15:24:23] at t=1996.5 15 age groups with HIV TB deaths exceeding all cause mortality (WHO deathrates) ; capping background deaths to ensure background deaths >= 0
DEBUG [2023-12-04 15:24:23] at t=1997 16 age groups with HIV TB deaths exceeding all cause mortality (WHO deathrates) ; capping background deaths to ensure background deaths >= 0
DEBUG [2023-12-04 15:24:23] at t=1997.5 16 age groups with HIV TB deaths exceeding all cause mortality (WHO deathrates) ; capping background deaths to ensure background deaths >= 0
DEBUG [2023-12-04 15:24:23] at t=1998 17 age groups with HIV TB deaths exceeding all cause mortality (WHO deathrates) ; capping background deaths to ensure background deaths >= 0
DEBUG [2023-12-04 15:24:23] at t=1998.5 16 age groups with HIV TB deaths exceeding all cause mortality (WHO deathrates) ; capping background deaths to ensure background deaths >= 0
DEBUG [2023-12-04 15:24:23] at t=1999 17 age groups with HIV TB deaths exceeding all cause mortality (WHO deathrates) ; capping background deaths to ensure background deaths >= 0
DEBUG [2023-12-04 15:24:23] at t=1999.5 13 age groups with HIV TB deaths exceeding all cause mortality (WHO deathrates) ; capping background deaths to ensure background deaths >= 0
DEBUG [2023-12-04 15:24:23] at t=2000 15 age groups with HIV TB deaths exceeding all cause mortality (WHO deathrates) ; capping background deaths to ensure background deaths >= 0
DEBUG [2023-12-04 15:24:23] at t=2000.5 12 age groups with HIV TB deaths exceeding all cause mortality (WHO deathrates) ; capping background deaths to ensure background deaths >= 0
DEBUG [2023-12-04 15:24:23] at t=2001 13 age groups with HIV TB deaths exceeding all cause mortality (WHO deathrates) ; capping background deaths to ensure background deaths >= 0
DEBUG [2023-12-04 15:24:23] at t=2001.5 12 age groups with HIV TB deaths exceeding all cause mortality (WHO deathrates) ; capping background deaths to ensure background deaths >= 0
DEBUG [2023-12-04 15:24:23] at t=2002 13 age groups with HIV TB deaths exceeding all cause mortality (WHO deathrates) ; capping background deaths to ensure background deaths >= 0
DEBUG [2023-12-04 15:24:23] at t=2002.5 11 age groups with HIV TB deaths exceeding all cause mortality (WHO deathrates) ; capping background deaths to ensure background deaths >= 0
DEBUG [2023-12-04 15:24:23] at t=2003 12 age groups with HIV TB deaths exceeding all cause mortality (WHO deathrates) ; capping background deaths to ensure background deaths >= 0
DEBUG [2023-12-04 15:24:23] at t=2003.5 10 age groups with HIV TB deaths exceeding all cause mortality (WHO deathrates) ; capping background deaths to ensure background deaths >= 0
DEBUG [2023-12-04 15:24:23] at t=2004 11 age groups with HIV TB deaths exceeding all cause mortality (WHO deathrates) ; capping background deaths to ensure background deaths >= 0
DEBUG [2023-12-04 15:24:23] at t=2004.5 10 age groups with HIV TB deaths exceeding all cause mortality (WHO deathrates) ; capping background deaths to ensure background deaths >= 0
DEBUG [2023-12-04 15:24:23] at t=2005 11 age groups with HIV TB deaths exceeding all cause mortality (WHO deathrates) ; capping background deaths to ensure background deaths >= 0
DEBUG [2023-12-04 15:24:23] at t=2005.5 10 age groups with HIV TB deaths exceeding all cause mortality (WHO deathrates) ; capping background deaths to ensure background deaths >= 0
DEBUG [2023-12-04 15:24:23] at t=2006 12 age groups with HIV TB deaths exceeding all cause mortality (WHO deathrates) ; capping background deaths to ensure background deaths >= 0
DEBUG [2023-12-04 15:24:23] at t=2006.5 11 age groups with HIV TB deaths exceeding all cause mortality (WHO deathrates) ; capping background deaths to ensure background deaths >= 0
DEBUG [2023-12-04 15:24:23] at t=2007 11 age groups with HIV TB deaths exceeding all cause mortality (WHO deathrates) ; capping background deaths to ensure background deaths >= 0
DEBUG [2023-12-04 15:24:23] at t=2007.5 12 age groups with HIV TB deaths exceeding all cause mortality (WHO deathrates) ; capping background deaths to ensure background deaths >= 0
DEBUG [2023-12-04 15:24:23] at t=2008 13 age groups with HIV TB deaths exceeding all cause mortality (WHO deathrates) ; capping background deaths to ensure background deaths >= 0
DEBUG [2023-12-04 15:24:23] at t=2008.5 12 age groups with HIV TB deaths exceeding all cause mortality (WHO deathrates) ; capping background deaths to ensure background deaths >= 0
DEBUG [2023-12-04 15:24:23] at t=2009 12 age groups with HIV TB deaths exceeding all cause mortality (WHO deathrates) ; capping background deaths to ensure background deaths >= 0
DEBUG [2023-12-04 15:24:23] at t=2009.5 15 age groups with HIV TB deaths exceeding all cause mortality (WHO deathrates) ; capping background deaths to ensure background deaths >= 0
DEBUG [2023-12-04 15:24:23] at t=2010 16 age groups with HIV TB deaths exceeding all cause mortality (WHO deathrates) ; capping background deaths to ensure background deaths >= 0
DEBUG [2023-12-04 15:24:23] at t=2010.5 20 age groups with HIV TB deaths exceeding all cause mortality (WHO deathrates) ; capping background deaths to ensure background deaths >= 0
DEBUG [2023-12-04 15:24:23] at t=2011 19 age groups with HIV TB deaths exceeding all cause mortality (WHO deathrates) ; capping background deaths to ensure background deaths >= 0
DEBUG [2023-12-04 15:24:23] at t=2011.5 20 age groups with HIV TB deaths exceeding all cause mortality (WHO deathrates) ; capping background deaths to ensure background deaths >= 0
DEBUG [2023-12-04 15:24:23] at t=2012 21 age groups with HIV TB deaths exceeding all cause mortality (WHO deathrates) ; capping background deaths to ensure background deaths >= 0
DEBUG [2023-12-04 15:24:23] at t=2012.5 21 age groups with HIV TB deaths exceeding all cause mortality (WHO deathrates) ; capping background deaths to ensure background deaths >= 0
DEBUG [2023-12-04 15:24:23] at t=2013 21 age groups with HIV TB deaths exceeding all cause mortality (WHO deathrates) ; capping background deaths to ensure background deaths >= 0
DEBUG [2023-12-04 15:24:23] at t=2013.5 21 age groups with HIV TB deaths exceeding all cause mortality (WHO deathrates) ; capping background deaths to ensure background deaths >= 0
DEBUG [2023-12-04 15:24:23] at t=2014 21 age groups with HIV TB deaths exceeding all cause mortality (WHO deathrates) ; capping background deaths to ensure background deaths >= 0
DEBUG [2023-12-04 15:24:23] at t=2014.5 20 age groups with HIV TB deaths exceeding all cause mortality (WHO deathrates) ; capping background deaths to ensure background deaths >= 0
DEBUG [2023-12-04 15:24:23] at t=2015 19 age groups with HIV TB deaths exceeding all cause mortality (WHO deathrates) ; capping background deaths to ensure background deaths >= 0
DEBUG [2023-12-04 15:24:23] at t=2015.5 17 age groups with HIV TB deaths exceeding all cause mortality (WHO deathrates) ; capping background deaths to ensure background deaths >= 0
DEBUG [2023-12-04 15:24:23] at t=2016 18 age groups with HIV TB deaths exceeding all cause mortality (WHO deathrates) ; capping background deaths to ensure background deaths >= 0
DEBUG [2023-12-04 15:24:23] at t=2016.5 15 age groups with HIV TB deaths exceeding all cause mortality (WHO deathrates) ; capping background deaths to ensure background deaths >= 0
DEBUG [2023-12-04 15:24:23] at t=2017 15 age groups with HIV TB deaths exceeding all cause mortality (WHO deathrates) ; capping background deaths to ensure background deaths >= 0
DEBUG [2023-12-04 15:24:23] at t=2017.5 12 age groups with HIV TB deaths exceeding all cause mortality (WHO deathrates) ; capping background deaths to ensure background deaths >= 0
DEBUG [2023-12-04 15:24:23] at t=2018 13 age groups with HIV TB deaths exceeding all cause mortality (WHO deathrates) ; capping background deaths to ensure background deaths >= 0
DEBUG [2023-12-04 15:24:23] at t=2018.5 10 age groups with HIV TB deaths exceeding all cause mortality (WHO deathrates) ; capping background deaths to ensure background deaths >= 0
DEBUG [2023-12-04 15:24:23] at t=2019 10 age groups with HIV TB deaths exceeding all cause mortality (WHO deathrates) ; capping background deaths to ensure background deaths >= 0
DEBUG [2023-12-04 15:24:23] at t=2019.5 9 age groups with HIV TB deaths exceeding all cause mortality (WHO deathrates) ; capping background deaths to ensure background deaths >= 0
DEBUG [2023-12-04 15:24:23] at t=2020 9 age groups with HIV TB deaths exceeding all cause mortality (WHO deathrates) ; capping background deaths to ensure background deaths >= 0
DEBUG [2023-12-04 15:24:23] at t=2020.5 7 age groups with HIV TB deaths exceeding all cause mortality (WHO deathrates) ; capping background deaths to ensure background deaths >= 0
DEBUG [2023-12-04 15:24:23] at t=2021 8 age groups with HIV TB deaths exceeding all cause mortality (WHO deathrates) ; capping background deaths to ensure background deaths >= 0
DEBUG [2023-12-04 15:24:23] at t=2021.5 6 age groups with HIV TB deaths exceeding all cause mortality (WHO deathrates) ; capping background deaths to ensure background deaths >= 0
DEBUG [2023-12-04 15:24:23] at t=2022 7 age groups with HIV TB deaths exceeding all cause mortality (WHO deathrates) ; capping background deaths to ensure background deaths >= 0
DEBUG [2023-12-04 15:24:23] at t=2022.5 5 age groups with HIV TB deaths exceeding all cause mortality (WHO deathrates) ; capping background deaths to ensure background deaths >= 0
DEBUG [2023-12-04 15:24:23] at t=2023 5 age groups with HIV TB deaths exceeding all cause mortality (WHO deathrates) ; capping background deaths to ensure background deaths >= 0
DEBUG [2023-12-04 15:24:23] at t=2023.5 4 age groups with HIV TB deaths exceeding all cause mortality (WHO deathrates) ; capping background deaths to ensure background deaths >= 0
DEBUG [2023-12-04 15:24:23] at t=2024 4 age groups with HIV TB deaths exceeding all cause mortality (WHO deathrates) ; capping background deaths to ensure background deaths >= 0
DEBUG [2023-12-04 15:24:23] at t=2024.5 2 age groups with HIV TB deaths exceeding all cause mortality (WHO deathrates) ; capping background deaths to ensure background deaths >= 0
DEBUG [2023-12-04 15:24:23] at t=2025 2 age groups with HIV TB deaths exceeding all cause mortality (WHO deathrates) ; capping background deaths to ensure background deaths >= 0
DEBUG [2023-12-04 15:24:23] at t=2025.5 2 age groups with HIV TB deaths exceeding all cause mortality (WHO deathrates) ; capping background deaths to ensure background deaths >= 0
DEBUG [2023-12-04 15:24:23] at t=2026 2 age groups with HIV TB deaths exceeding all cause mortality (WHO deathrates) ; capping background deaths to ensure background deaths >= 0
DEBUG [2023-12-04 15:24:23] at t=2026.5 1 age groups with HIV TB deaths exceeding all cause mortality (WHO deathrates) ; capping background deaths to ensure background deaths >= 0
DEBUG [2023-12-04 15:24:23] at t=2027 2 age groups with HIV TB deaths exceeding all cause mortality (WHO deathrates) ; capping background deaths to ensure background deaths >= 0
DEBUG [2023-12-04 15:24:23] at t=2027.5 1 age groups with HIV TB deaths exceeding all cause mortality (WHO deathrates) ; capping background deaths to ensure background deaths >= 0
DEBUG [2023-12-04 15:24:23] at t=2028 1 age groups with HIV TB deaths exceeding all cause mortality (WHO deathrates) ; capping background deaths to ensure background deaths >= 0
DEBUG [2023-12-04 15:24:23] successful call of demography.from.model.run()
DEBUG [2023-12-04 15:24:40] successful result of read.model()
DEBUG [2023-12-04 15:24:52] successful result of init.var.parameters.and.matrices()
WARN  [2023-12-04 15:32:22]  ntimesteps = 8134 in 00:07:29 elapsed (00:07:28 cpu) which may be excessive ; please reconsider parameter values
DEBUG [2023-12-04 15:32:25] successful result of run.deSolve()
WARN  [2023-12-04 15:32:25]  at t = 1981.5 114 state variables < 0 and >  -1e-04  reset to 0 after simulation run and before processing output
ERROR [2023-12-04 15:32:25]  at t = 1981.5 state variables < min.value.for.state.var : state = never-low-risk1-HIVu2-Ds ; age group = 16; value = -0.000207327
ERROR [2023-12-04 15:32:25]  at t = 1981.5 state variables < min.value.for.state.var : state = never-high-risk1-HIVu2-Ds ; age group = 16; value = -0.000112659
ERROR [2023-12-04 15:32:25]  at t = 1981.5 state variables < min.value.for.state.var : state = never-low-risk1-HIVu2-Ds ; age group = 17; value = -0.000182467
ERROR [2023-12-04 15:32:25]  at t = 1981.5 state variables < min.value.for.state.var : state = never-low-risk1-HIVu2-Ds ; age group = 18; value = -0.000155479
ERROR [2023-12-04 15:32:25]  at t = 1981.5 state variables < min.value.for.state.var : state = never-low-risk1-HIVu2-Ds ; age group = 19; value = -0.000132199
ERROR [2023-12-04 15:32:25]  at t = 1981.5 state variables < min.value.for.state.var : state = never-low-risk1-HIVu2-Ds ; age group = 20; value = -0.000123524
ERROR [2023-12-04 15:32:25]  at t = 1981.5 state variables < min.value.for.state.var : state = never-low-risk1-HIVu2-Ds ; age group = 21; value = -0.000126416
WARN  [2023-12-04 15:32:26]  at t = 1983 17 state variables < 0 and >  -1e-04  reset to 0 after simulation run and before processing output
ERROR [2023-12-04 15:32:26]  at t = 1983 state variables < min.value.for.state.var : state = never-low-risk1-HIVu2-Ds ; age group = 17; value = -0.000225303
ERROR [2023-12-04 15:32:26]  at t = 1983 state variables < min.value.for.state.var : state = never-low-risk1-HIVu2-Ds ; age group = 18; value = -0.000178958
ERROR [2023-12-04 15:32:26]  at t = 1983 state variables < min.value.for.state.var : state = never-low-risk1-HIVu2-Ds ; age group = 19; value = -0.000128263
ERROR [2023-12-04 15:32:26]  at t = 1983 state variables < min.value.for.state.var : state = never-low-risk1-HIVu2-Ds ; age group = 21; value = -0.000159004
ERROR [2023-12-04 15:32:26]  at t = 1983 state variables < min.value.for.state.var : state = never-low-risk1-HIVu2-Ds ; age group = 22; value = -0.000150023
WARN  [2023-12-04 15:32:26]  at t = 1983.5 7 state variables < 0 and >  -1e-04  reset to 0 after simulation run and before processing output
ERROR [2023-12-04 15:32:26]  at t = 1985.5 state variables < min.value.for.state.var : state = never-low-risk1-HIVu2-Ds ; age group = 20; value = -0.000473125
ERROR [2023-12-04 15:32:26]  at t = 2011.5 state variables < min.value.for.state.var : state = never-low-risk1-ARTn2-Ds ; age group = 15; value = -0.000120991
ERROR [2023-12-04 15:32:26]  at t = 2011.5 state variables < min.value.for.state.var : state = never-high-risk1-ARTn2-Ds ; age group = 15; value = -0.000169264
DEBUG [2023-12-04 15:32:33] successful generation of stocks output from generate.prevalence.output()
DEBUG [2023-12-04 15:32:33] successful call of demography.from.model.run()
DEBUG [2023-12-04 15:34:18] successful result of read.model()
DEBUG [2023-12-04 15:34:26] successful result of init.var.parameters.and.matrices()
WARN  [2023-12-04 15:39:32]  ntimesteps = 8431 in 00:05:05 elapsed (00:05:04 cpu) which may be excessive ; please reconsider parameter values
DEBUG [2023-12-04 15:39:34] successful result of run.deSolve()
WARN  [2023-12-04 15:39:34]  at t = 1982 23 state variables < 0 and >  -1e-04  reset to 0 after simulation run and before processing output
DEBUG [2023-12-04 15:39:41] successful generation of stocks output from generate.prevalence.output()
DEBUG [2023-12-04 15:39:41] successful call of demography.from.model.run()
DEBUG [2023-12-04 15:40:38] successful result of read.model()
DEBUG [2023-12-04 15:40:49] successful result of init.var.parameters.and.matrices()
WARN  [2023-12-04 15:44:56]  ntimesteps = 7690 in 00:04:06 elapsed (00:04:05 cpu) which may be excessive ; please reconsider parameter values
DEBUG [2023-12-04 15:44:58] successful result of run.deSolve()
WARN  [2023-12-04 15:44:59]  at t = 1981.5 119 state variables < 0 and >  -1e-04  reset to 0 after simulation run and before processing output
ERROR [2023-12-04 15:44:59]  at t = 1981.5 state variables < min.value.for.state.var : state = never-low-risk1-HIVu2-Ds ; age group = 16; value = -0.000254312
ERROR [2023-12-04 15:44:59]  at t = 1981.5 state variables < min.value.for.state.var : state = never-high-risk1-HIVu2-Ds ; age group = 16; value = -0.000148133
ERROR [2023-12-04 15:44:59]  at t = 1981.5 state variables < min.value.for.state.var : state = never-low-risk1-HIVu2-Ds ; age group = 17; value = -0.000223169
ERROR [2023-12-04 15:44:59]  at t = 1981.5 state variables < min.value.for.state.var : state = never-high-risk1-HIVu2-Ds ; age group = 17; value = -0.000128915
ERROR [2023-12-04 15:44:59]  at t = 1981.5 state variables < min.value.for.state.var : state = never-low-risk1-HIVu2-Ds ; age group = 18; value = -0.00019046
ERROR [2023-12-04 15:44:59]  at t = 1981.5 state variables < min.value.for.state.var : state = never-high-risk1-HIVu2-Ds ; age group = 18; value = -0.000108197
ERROR [2023-12-04 15:44:59]  at t = 1981.5 state variables < min.value.for.state.var : state = never-low-risk1-HIVu2-Ds ; age group = 19; value = -0.000162556
ERROR [2023-12-04 15:44:59]  at t = 1981.5 state variables < min.value.for.state.var : state = never-low-risk1-HIVu2-Ds ; age group = 20; value = -0.000149822
ERROR [2023-12-04 15:44:59]  at t = 1981.5 state variables < min.value.for.state.var : state = never-low-risk1-HIVu2-Ds ; age group = 21; value = -0.000152213
WARN  [2023-12-04 15:44:59]  at t = 2009.5 2 state variables < 0 and >  -1e-04  reset to 0 after simulation run and before processing output
ERROR [2023-12-04 15:44:59]  at t = 2011.5 state variables < min.value.for.state.var : state = never-low-risk1-ARTn2-Ds ; age group = 15; value = -0.000208145
ERROR [2023-12-04 15:44:59]  at t = 2011.5 state variables < min.value.for.state.var : state = never-high-risk1-ARTn2-Ds ; age group = 15; value = -0.000300807
DEBUG [2023-12-04 15:45:06] successful generation of stocks output from generate.prevalence.output()
DEBUG [2023-12-04 15:45:06] at t=1987.5 1 age groups with HIV TB deaths exceeding all cause mortality (WHO deathrates) ; capping background deaths to ensure background deaths >= 0
DEBUG [2023-12-04 15:45:06] at t=1988 2 age groups with HIV TB deaths exceeding all cause mortality (WHO deathrates) ; capping background deaths to ensure background deaths >= 0
DEBUG [2023-12-04 15:45:06] at t=1988.5 2 age groups with HIV TB deaths exceeding all cause mortality (WHO deathrates) ; capping background deaths to ensure background deaths >= 0
DEBUG [2023-12-04 15:45:06] at t=1989 3 age groups with HIV TB deaths exceeding all cause mortality (WHO deathrates) ; capping background deaths to ensure background deaths >= 0
DEBUG [2023-12-04 15:45:06] at t=1989.5 7 age groups with HIV TB deaths exceeding all cause mortality (WHO deathrates) ; capping background deaths to ensure background deaths >= 0
DEBUG [2023-12-04 15:45:06] at t=1990 8 age groups with HIV TB deaths exceeding all cause mortality (WHO deathrates) ; capping background deaths to ensure background deaths >= 0
DEBUG [2023-12-04 15:45:06] at t=1990.5 7 age groups with HIV TB deaths exceeding all cause mortality (WHO deathrates) ; capping background deaths to ensure background deaths >= 0
DEBUG [2023-12-04 15:45:06] at t=1991 10 age groups with HIV TB deaths exceeding all cause mortality (WHO deathrates) ; capping background deaths to ensure background deaths >= 0
DEBUG [2023-12-04 15:45:06] at t=1991.5 12 age groups with HIV TB deaths exceeding all cause mortality (WHO deathrates) ; capping background deaths to ensure background deaths >= 0
DEBUG [2023-12-04 15:45:06] at t=1992 13 age groups with HIV TB deaths exceeding all cause mortality (WHO deathrates) ; capping background deaths to ensure background deaths >= 0
DEBUG [2023-12-04 15:45:06] at t=1992.5 13 age groups with HIV TB deaths exceeding all cause mortality (WHO deathrates) ; capping background deaths to ensure background deaths >= 0
DEBUG [2023-12-04 15:45:06] at t=1993 13 age groups with HIV TB deaths exceeding all cause mortality (WHO deathrates) ; capping background deaths to ensure background deaths >= 0
DEBUG [2023-12-04 15:45:06] at t=1993.5 15 age groups with HIV TB deaths exceeding all cause mortality (WHO deathrates) ; capping background deaths to ensure background deaths >= 0
DEBUG [2023-12-04 15:45:06] at t=1994 16 age groups with HIV TB deaths exceeding all cause mortality (WHO deathrates) ; capping background deaths to ensure background deaths >= 0
DEBUG [2023-12-04 15:45:06] at t=1994.5 15 age groups with HIV TB deaths exceeding all cause mortality (WHO deathrates) ; capping background deaths to ensure background deaths >= 0
DEBUG [2023-12-04 15:45:06] at t=1995 16 age groups with HIV TB deaths exceeding all cause mortality (WHO deathrates) ; capping background deaths to ensure background deaths >= 0
DEBUG [2023-12-04 15:45:06] at t=1995.5 15 age groups with HIV TB deaths exceeding all cause mortality (WHO deathrates) ; capping background deaths to ensure background deaths >= 0
DEBUG [2023-12-04 15:45:06] at t=1996 16 age groups with HIV TB deaths exceeding all cause mortality (WHO deathrates) ; capping background deaths to ensure background deaths >= 0
DEBUG [2023-12-04 15:45:06] at t=1996.5 16 age groups with HIV TB deaths exceeding all cause mortality (WHO deathrates) ; capping background deaths to ensure background deaths >= 0
DEBUG [2023-12-04 15:45:06] at t=1997 16 age groups with HIV TB deaths exceeding all cause mortality (WHO deathrates) ; capping background deaths to ensure background deaths >= 0
DEBUG [2023-12-04 15:45:06] at t=1997.5 16 age groups with HIV TB deaths exceeding all cause mortality (WHO deathrates) ; capping background deaths to ensure background deaths >= 0
DEBUG [2023-12-04 15:45:06] at t=1998 17 age groups with HIV TB deaths exceeding all cause mortality (WHO deathrates) ; capping background deaths to ensure background deaths >= 0
DEBUG [2023-12-04 15:45:06] at t=1998.5 16 age groups with HIV TB deaths exceeding all cause mortality (WHO deathrates) ; capping background deaths to ensure background deaths >= 0
DEBUG [2023-12-04 15:45:06] at t=1999 17 age groups with HIV TB deaths exceeding all cause mortality (WHO deathrates) ; capping background deaths to ensure background deaths >= 0
DEBUG [2023-12-04 15:45:06] at t=1999.5 14 age groups with HIV TB deaths exceeding all cause mortality (WHO deathrates) ; capping background deaths to ensure background deaths >= 0
DEBUG [2023-12-04 15:45:06] at t=2000 15 age groups with HIV TB deaths exceeding all cause mortality (WHO deathrates) ; capping background deaths to ensure background deaths >= 0
DEBUG [2023-12-04 15:45:06] at t=2000.5 12 age groups with HIV TB deaths exceeding all cause mortality (WHO deathrates) ; capping background deaths to ensure background deaths >= 0
DEBUG [2023-12-04 15:45:06] at t=2001 13 age groups with HIV TB deaths exceeding all cause mortality (WHO deathrates) ; capping background deaths to ensure background deaths >= 0
DEBUG [2023-12-04 15:45:06] at t=2001.5 12 age groups with HIV TB deaths exceeding all cause mortality (WHO deathrates) ; capping background deaths to ensure background deaths >= 0
DEBUG [2023-12-04 15:45:06] at t=2002 13 age groups with HIV TB deaths exceeding all cause mortality (WHO deathrates) ; capping background deaths to ensure background deaths >= 0
DEBUG [2023-12-04 15:45:06] at t=2002.5 11 age groups with HIV TB deaths exceeding all cause mortality (WHO deathrates) ; capping background deaths to ensure background deaths >= 0
DEBUG [2023-12-04 15:45:06] at t=2003 12 age groups with HIV TB deaths exceeding all cause mortality (WHO deathrates) ; capping background deaths to ensure background deaths >= 0
DEBUG [2023-12-04 15:45:06] at t=2003.5 10 age groups with HIV TB deaths exceeding all cause mortality (WHO deathrates) ; capping background deaths to ensure background deaths >= 0
DEBUG [2023-12-04 15:45:06] at t=2004 11 age groups with HIV TB deaths exceeding all cause mortality (WHO deathrates) ; capping background deaths to ensure background deaths >= 0
DEBUG [2023-12-04 15:45:06] at t=2004.5 10 age groups with HIV TB deaths exceeding all cause mortality (WHO deathrates) ; capping background deaths to ensure background deaths >= 0
DEBUG [2023-12-04 15:45:06] at t=2005 12 age groups with HIV TB deaths exceeding all cause mortality (WHO deathrates) ; capping background deaths to ensure background deaths >= 0
DEBUG [2023-12-04 15:45:06] at t=2005.5 10 age groups with HIV TB deaths exceeding all cause mortality (WHO deathrates) ; capping background deaths to ensure background deaths >= 0
DEBUG [2023-12-04 15:45:06] at t=2006 12 age groups with HIV TB deaths exceeding all cause mortality (WHO deathrates) ; capping background deaths to ensure background deaths >= 0
DEBUG [2023-12-04 15:45:06] at t=2006.5 11 age groups with HIV TB deaths exceeding all cause mortality (WHO deathrates) ; capping background deaths to ensure background deaths >= 0
DEBUG [2023-12-04 15:45:06] at t=2007 12 age groups with HIV TB deaths exceeding all cause mortality (WHO deathrates) ; capping background deaths to ensure background deaths >= 0
DEBUG [2023-12-04 15:45:06] at t=2007.5 13 age groups with HIV TB deaths exceeding all cause mortality (WHO deathrates) ; capping background deaths to ensure background deaths >= 0
DEBUG [2023-12-04 15:45:06] at t=2008 13 age groups with HIV TB deaths exceeding all cause mortality (WHO deathrates) ; capping background deaths to ensure background deaths >= 0
DEBUG [2023-12-04 15:45:06] at t=2008.5 12 age groups with HIV TB deaths exceeding all cause mortality (WHO deathrates) ; capping background deaths to ensure background deaths >= 0
DEBUG [2023-12-04 15:45:06] at t=2009 13 age groups with HIV TB deaths exceeding all cause mortality (WHO deathrates) ; capping background deaths to ensure background deaths >= 0
DEBUG [2023-12-04 15:45:06] at t=2009.5 18 age groups with HIV TB deaths exceeding all cause mortality (WHO deathrates) ; capping background deaths to ensure background deaths >= 0
DEBUG [2023-12-04 15:45:06] at t=2010 17 age groups with HIV TB deaths exceeding all cause mortality (WHO deathrates) ; capping background deaths to ensure background deaths >= 0
DEBUG [2023-12-04 15:45:06] at t=2010.5 20 age groups with HIV TB deaths exceeding all cause mortality (WHO deathrates) ; capping background deaths to ensure background deaths >= 0
DEBUG [2023-12-04 15:45:06] at t=2011 20 age groups with HIV TB deaths exceeding all cause mortality (WHO deathrates) ; capping background deaths to ensure background deaths >= 0
DEBUG [2023-12-04 15:45:06] at t=2011.5 20 age groups with HIV TB deaths exceeding all cause mortality (WHO deathrates) ; capping background deaths to ensure background deaths >= 0
DEBUG [2023-12-04 15:45:06] at t=2012 21 age groups with HIV TB deaths exceeding all cause mortality (WHO deathrates) ; capping background deaths to ensure background deaths >= 0
DEBUG [2023-12-04 15:45:06] at t=2012.5 21 age groups with HIV TB deaths exceeding all cause mortality (WHO deathrates) ; capping background deaths to ensure background deaths >= 0
DEBUG [2023-12-04 15:45:06] at t=2013 21 age groups with HIV TB deaths exceeding all cause mortality (WHO deathrates) ; capping background deaths to ensure background deaths >= 0
DEBUG [2023-12-04 15:45:06] at t=2013.5 21 age groups with HIV TB deaths exceeding all cause mortality (WHO deathrates) ; capping background deaths to ensure background deaths >= 0
DEBUG [2023-12-04 15:45:06] at t=2014 21 age groups with HIV TB deaths exceeding all cause mortality (WHO deathrates) ; capping background deaths to ensure background deaths >= 0
DEBUG [2023-12-04 15:45:06] at t=2014.5 20 age groups with HIV TB deaths exceeding all cause mortality (WHO deathrates) ; capping background deaths to ensure background deaths >= 0
DEBUG [2023-12-04 15:45:06] at t=2015 20 age groups with HIV TB deaths exceeding all cause mortality (WHO deathrates) ; capping background deaths to ensure background deaths >= 0
DEBUG [2023-12-04 15:45:06] at t=2015.5 18 age groups with HIV TB deaths exceeding all cause mortality (WHO deathrates) ; capping background deaths to ensure background deaths >= 0
DEBUG [2023-12-04 15:45:06] at t=2016 18 age groups with HIV TB deaths exceeding all cause mortality (WHO deathrates) ; capping background deaths to ensure background deaths >= 0
DEBUG [2023-12-04 15:45:06] at t=2016.5 15 age groups with HIV TB deaths exceeding all cause mortality (WHO deathrates) ; capping background deaths to ensure background deaths >= 0
DEBUG [2023-12-04 15:45:06] at t=2017 16 age groups with HIV TB deaths exceeding all cause mortality (WHO deathrates) ; capping background deaths to ensure background deaths >= 0
DEBUG [2023-12-04 15:45:06] at t=2017.5 12 age groups with HIV TB deaths exceeding all cause mortality (WHO deathrates) ; capping background deaths to ensure background deaths >= 0
DEBUG [2023-12-04 15:45:06] at t=2018 13 age groups with HIV TB deaths exceeding all cause mortality (WHO deathrates) ; capping background deaths to ensure background deaths >= 0
DEBUG [2023-12-04 15:45:06] at t=2018.5 10 age groups with HIV TB deaths exceeding all cause mortality (WHO deathrates) ; capping background deaths to ensure background deaths >= 0
DEBUG [2023-12-04 15:45:06] at t=2019 10 age groups with HIV TB deaths exceeding all cause mortality (WHO deathrates) ; capping background deaths to ensure background deaths >= 0
DEBUG [2023-12-04 15:45:06] at t=2019.5 9 age groups with HIV TB deaths exceeding all cause mortality (WHO deathrates) ; capping background deaths to ensure background deaths >= 0
DEBUG [2023-12-04 15:45:06] at t=2020 10 age groups with HIV TB deaths exceeding all cause mortality (WHO deathrates) ; capping background deaths to ensure background deaths >= 0
DEBUG [2023-12-04 15:45:06] at t=2020.5 7 age groups with HIV TB deaths exceeding all cause mortality (WHO deathrates) ; capping background deaths to ensure background deaths >= 0
DEBUG [2023-12-04 15:45:06] at t=2021 8 age groups with HIV TB deaths exceeding all cause mortality (WHO deathrates) ; capping background deaths to ensure background deaths >= 0
DEBUG [2023-12-04 15:45:06] at t=2021.5 6 age groups with HIV TB deaths exceeding all cause mortality (WHO deathrates) ; capping background deaths to ensure background deaths >= 0
DEBUG [2023-12-04 15:45:06] at t=2022 7 age groups with HIV TB deaths exceeding all cause mortality (WHO deathrates) ; capping background deaths to ensure background deaths >= 0
DEBUG [2023-12-04 15:45:06] at t=2022.5 5 age groups with HIV TB deaths exceeding all cause mortality (WHO deathrates) ; capping background deaths to ensure background deaths >= 0
DEBUG [2023-12-04 15:45:07] at t=2023 5 age groups with HIV TB deaths exceeding all cause mortality (WHO deathrates) ; capping background deaths to ensure background deaths >= 0
DEBUG [2023-12-04 15:45:07] at t=2023.5 4 age groups with HIV TB deaths exceeding all cause mortality (WHO deathrates) ; capping background deaths to ensure background deaths >= 0
DEBUG [2023-12-04 15:45:07] at t=2024 4 age groups with HIV TB deaths exceeding all cause mortality (WHO deathrates) ; capping background deaths to ensure background deaths >= 0
DEBUG [2023-12-04 15:45:07] at t=2024.5 2 age groups with HIV TB deaths exceeding all cause mortality (WHO deathrates) ; capping background deaths to ensure background deaths >= 0
DEBUG [2023-12-04 15:45:07] at t=2025 3 age groups with HIV TB deaths exceeding all cause mortality (WHO deathrates) ; capping background deaths to ensure background deaths >= 0
DEBUG [2023-12-04 15:45:07] at t=2025.5 2 age groups with HIV TB deaths exceeding all cause mortality (WHO deathrates) ; capping background deaths to ensure background deaths >= 0
DEBUG [2023-12-04 15:45:07] at t=2026 2 age groups with HIV TB deaths exceeding all cause mortality (WHO deathrates) ; capping background deaths to ensure background deaths >= 0
DEBUG [2023-12-04 15:45:07] at t=2026.5 1 age groups with HIV TB deaths exceeding all cause mortality (WHO deathrates) ; capping background deaths to ensure background deaths >= 0
DEBUG [2023-12-04 15:45:07] at t=2027 2 age groups with HIV TB deaths exceeding all cause mortality (WHO deathrates) ; capping background deaths to ensure background deaths >= 0
DEBUG [2023-12-04 15:45:07] at t=2027.5 1 age groups with HIV TB deaths exceeding all cause mortality (WHO deathrates) ; capping background deaths to ensure background deaths >= 0
DEBUG [2023-12-04 15:45:07] at t=2028 1 age groups with HIV TB deaths exceeding all cause mortality (WHO deathrates) ; capping background deaths to ensure background deaths >= 0
DEBUG [2023-12-04 15:45:07] at t=2029 1 age groups with HIV TB deaths exceeding all cause mortality (WHO deathrates) ; capping background deaths to ensure background deaths >= 0
DEBUG [2023-12-04 15:45:07] successful call of demography.from.model.run()
DEBUG [2023-12-04 15:45:23] successful result of read.model()
DEBUG [2023-12-04 15:45:35] successful result of init.var.parameters.and.matrices()
WARN  [2023-12-04 15:53:08]  ntimesteps = 8199 in 00:07:32 elapsed (00:07:30 cpu) which may be excessive ; please reconsider parameter values
DEBUG [2023-12-04 15:53:10] successful result of run.deSolve()
WARN  [2023-12-04 15:53:12]  at t = 1981.5 119 state variables < 0 and >  -1e-04  reset to 0 after simulation run and before processing output
ERROR [2023-12-04 15:53:12]  at t = 1981.5 state variables < min.value.for.state.var : state = never-low-risk1-HIVu2-Ds ; age group = 16; value = -0.000254312
ERROR [2023-12-04 15:53:12]  at t = 1981.5 state variables < min.value.for.state.var : state = never-high-risk1-HIVu2-Ds ; age group = 16; value = -0.000148133
ERROR [2023-12-04 15:53:12]  at t = 1981.5 state variables < min.value.for.state.var : state = never-low-risk1-HIVu2-Ds ; age group = 17; value = -0.000223169
ERROR [2023-12-04 15:53:12]  at t = 1981.5 state variables < min.value.for.state.var : state = never-high-risk1-HIVu2-Ds ; age group = 17; value = -0.000128915
ERROR [2023-12-04 15:53:12]  at t = 1981.5 state variables < min.value.for.state.var : state = never-low-risk1-HIVu2-Ds ; age group = 18; value = -0.00019046
ERROR [2023-12-04 15:53:12]  at t = 1981.5 state variables < min.value.for.state.var : state = never-high-risk1-HIVu2-Ds ; age group = 18; value = -0.000108197
ERROR [2023-12-04 15:53:12]  at t = 1981.5 state variables < min.value.for.state.var : state = never-low-risk1-HIVu2-Ds ; age group = 19; value = -0.000162556
ERROR [2023-12-04 15:53:12]  at t = 1981.5 state variables < min.value.for.state.var : state = never-low-risk1-HIVu2-Ds ; age group = 20; value = -0.000149822
ERROR [2023-12-04 15:53:12]  at t = 1981.5 state variables < min.value.for.state.var : state = never-low-risk1-HIVu2-Ds ; age group = 21; value = -0.000152213
WARN  [2023-12-04 15:53:13]  at t = 2009.5 2 state variables < 0 and >  -1e-04  reset to 0 after simulation run and before processing output
ERROR [2023-12-04 15:53:13]  at t = 2011.5 state variables < min.value.for.state.var : state = never-low-risk1-ARTn2-Ds ; age group = 15; value = -0.000208145
ERROR [2023-12-04 15:53:13]  at t = 2011.5 state variables < min.value.for.state.var : state = never-high-risk1-ARTn2-Ds ; age group = 15; value = -0.000300807
DEBUG [2023-12-04 15:53:20] successful generation of stocks output from generate.prevalence.output()
DEBUG [2023-12-04 15:53:20] successful call of demography.from.model.run()
DEBUG [2023-12-04 15:55:10] successful result of read.model()
DEBUG [2023-12-04 15:55:18] successful result of init.var.parameters.and.matrices()
WARN  [2023-12-04 16:00:23]  ntimesteps = 8388 in 00:05:05 elapsed (00:05:03 cpu) which may be excessive ; please reconsider parameter values
DEBUG [2023-12-04 16:00:25] successful result of run.deSolve()
WARN  [2023-12-04 16:00:26]  at t = 1982 77 state variables < 0 and >  -1e-04  reset to 0 after simulation run and before processing output
ERROR [2023-12-04 16:00:26]  at t = 1982 state variables < min.value.for.state.var : state = never-low-risk1-HIVu2-Ds ; age group = 16; value = -0.000299416
ERROR [2023-12-04 16:00:26]  at t = 1982 state variables < min.value.for.state.var : state = never-high-risk1-HIVu2-Ds ; age group = 16; value = -0.000145416
ERROR [2023-12-04 16:00:26]  at t = 1982 state variables < min.value.for.state.var : state = never-low-risk1-HIVu2-Ds ; age group = 17; value = -0.00026112
ERROR [2023-12-04 16:00:26]  at t = 1982 state variables < min.value.for.state.var : state = never-high-risk1-HIVu2-Ds ; age group = 17; value = -0.000123441
ERROR [2023-12-04 16:00:26]  at t = 1982 state variables < min.value.for.state.var : state = never-low-risk1-HIVu2-Ds ; age group = 18; value = -0.000219756
ERROR [2023-12-04 16:00:26]  at t = 1982 state variables < min.value.for.state.var : state = never-low-risk1-HIVu2-Ds ; age group = 19; value = -0.000184239
ERROR [2023-12-04 16:00:26]  at t = 1982 state variables < min.value.for.state.var : state = never-low-risk1-HIVu2-Ds ; age group = 20; value = -0.000220675
ERROR [2023-12-04 16:00:26]  at t = 1982 state variables < min.value.for.state.var : state = never-high-risk1-HIVu2-Ds ; age group = 20; value = -0.000125839
ERROR [2023-12-04 16:00:26]  at t = 1982 state variables < min.value.for.state.var : state = never-low-risk1-HIVu2-Ds ; age group = 21; value = -0.000176322
DEBUG [2023-12-04 16:00:33] successful generation of stocks output from generate.prevalence.output()
DEBUG [2023-12-04 16:00:33] successful call of demography.from.model.run()
DEBUG [2023-12-04 16:01:35] successful result of read.model()
DEBUG [2023-12-04 16:01:46] successful result of init.var.parameters.and.matrices()
WARN  [2023-12-04 16:05:56]  ntimesteps = 7663 in 00:04:09 elapsed (00:04:05 cpu) which may be excessive ; please reconsider parameter values
DEBUG [2023-12-04 16:05:59] successful result of run.deSolve()
WARN  [2023-12-04 16:05:59]  at t = 1981.5 6 state variables < 0 and >  -1e-04  reset to 0 after simulation run and before processing output
ERROR [2023-12-04 16:06:00]  at t = 2009.5 state variables < min.value.for.state.var : state = never-low-risk1-ARTn2-Ds ; age group = 15; value = -0.000157715
ERROR [2023-12-04 16:06:00]  at t = 2009.5 state variables < min.value.for.state.var : state = never-high-risk1-ARTn2-Ds ; age group = 15; value = -0.000216049
DEBUG [2023-12-04 16:06:06] successful generation of stocks output from generate.prevalence.output()
DEBUG [2023-12-04 16:06:06] at t=1988 2 age groups with HIV TB deaths exceeding all cause mortality (WHO deathrates) ; capping background deaths to ensure background deaths >= 0
DEBUG [2023-12-04 16:06:06] at t=1988.5 2 age groups with HIV TB deaths exceeding all cause mortality (WHO deathrates) ; capping background deaths to ensure background deaths >= 0
DEBUG [2023-12-04 16:06:06] at t=1989 2 age groups with HIV TB deaths exceeding all cause mortality (WHO deathrates) ; capping background deaths to ensure background deaths >= 0
DEBUG [2023-12-04 16:06:06] at t=1989.5 7 age groups with HIV TB deaths exceeding all cause mortality (WHO deathrates) ; capping background deaths to ensure background deaths >= 0
DEBUG [2023-12-04 16:06:06] at t=1990 8 age groups with HIV TB deaths exceeding all cause mortality (WHO deathrates) ; capping background deaths to ensure background deaths >= 0
DEBUG [2023-12-04 16:06:06] at t=1990.5 7 age groups with HIV TB deaths exceeding all cause mortality (WHO deathrates) ; capping background deaths to ensure background deaths >= 0
DEBUG [2023-12-04 16:06:06] at t=1991 9 age groups with HIV TB deaths exceeding all cause mortality (WHO deathrates) ; capping background deaths to ensure background deaths >= 0
DEBUG [2023-12-04 16:06:06] at t=1991.5 12 age groups with HIV TB deaths exceeding all cause mortality (WHO deathrates) ; capping background deaths to ensure background deaths >= 0
DEBUG [2023-12-04 16:06:06] at t=1992 13 age groups with HIV TB deaths exceeding all cause mortality (WHO deathrates) ; capping background deaths to ensure background deaths >= 0
DEBUG [2023-12-04 16:06:06] at t=1992.5 12 age groups with HIV TB deaths exceeding all cause mortality (WHO deathrates) ; capping background deaths to ensure background deaths >= 0
DEBUG [2023-12-04 16:06:06] at t=1993 13 age groups with HIV TB deaths exceeding all cause mortality (WHO deathrates) ; capping background deaths to ensure background deaths >= 0
DEBUG [2023-12-04 16:06:06] at t=1993.5 15 age groups with HIV TB deaths exceeding all cause mortality (WHO deathrates) ; capping background deaths to ensure background deaths >= 0
DEBUG [2023-12-04 16:06:06] at t=1994 15 age groups with HIV TB deaths exceeding all cause mortality (WHO deathrates) ; capping background deaths to ensure background deaths >= 0
DEBUG [2023-12-04 16:06:06] at t=1994.5 15 age groups with HIV TB deaths exceeding all cause mortality (WHO deathrates) ; capping background deaths to ensure background deaths >= 0
DEBUG [2023-12-04 16:06:06] at t=1995 16 age groups with HIV TB deaths exceeding all cause mortality (WHO deathrates) ; capping background deaths to ensure background deaths >= 0
DEBUG [2023-12-04 16:06:07] at t=1995.5 15 age groups with HIV TB deaths exceeding all cause mortality (WHO deathrates) ; capping background deaths to ensure background deaths >= 0
DEBUG [2023-12-04 16:06:07] at t=1996 16 age groups with HIV TB deaths exceeding all cause mortality (WHO deathrates) ; capping background deaths to ensure background deaths >= 0
DEBUG [2023-12-04 16:06:07] at t=1996.5 15 age groups with HIV TB deaths exceeding all cause mortality (WHO deathrates) ; capping background deaths to ensure background deaths >= 0
DEBUG [2023-12-04 16:06:07] at t=1997 16 age groups with HIV TB deaths exceeding all cause mortality (WHO deathrates) ; capping background deaths to ensure background deaths >= 0
DEBUG [2023-12-04 16:06:07] at t=1997.5 16 age groups with HIV TB deaths exceeding all cause mortality (WHO deathrates) ; capping background deaths to ensure background deaths >= 0
DEBUG [2023-12-04 16:06:07] at t=1998 17 age groups with HIV TB deaths exceeding all cause mortality (WHO deathrates) ; capping background deaths to ensure background deaths >= 0
DEBUG [2023-12-04 16:06:07] at t=1998.5 16 age groups with HIV TB deaths exceeding all cause mortality (WHO deathrates) ; capping background deaths to ensure background deaths >= 0
DEBUG [2023-12-04 16:06:07] at t=1999 17 age groups with HIV TB deaths exceeding all cause mortality (WHO deathrates) ; capping background deaths to ensure background deaths >= 0
DEBUG [2023-12-04 16:06:07] at t=1999.5 13 age groups with HIV TB deaths exceeding all cause mortality (WHO deathrates) ; capping background deaths to ensure background deaths >= 0
DEBUG [2023-12-04 16:06:07] at t=2000 15 age groups with HIV TB deaths exceeding all cause mortality (WHO deathrates) ; capping background deaths to ensure background deaths >= 0
DEBUG [2023-12-04 16:06:07] at t=2000.5 12 age groups with HIV TB deaths exceeding all cause mortality (WHO deathrates) ; capping background deaths to ensure background deaths >= 0
DEBUG [2023-12-04 16:06:07] at t=2001 13 age groups with HIV TB deaths exceeding all cause mortality (WHO deathrates) ; capping background deaths to ensure background deaths >= 0
DEBUG [2023-12-04 16:06:07] at t=2001.5 12 age groups with HIV TB deaths exceeding all cause mortality (WHO deathrates) ; capping background deaths to ensure background deaths >= 0
DEBUG [2023-12-04 16:06:07] at t=2002 13 age groups with HIV TB deaths exceeding all cause mortality (WHO deathrates) ; capping background deaths to ensure background deaths >= 0
DEBUG [2023-12-04 16:06:07] at t=2002.5 11 age groups with HIV TB deaths exceeding all cause mortality (WHO deathrates) ; capping background deaths to ensure background deaths >= 0
DEBUG [2023-12-04 16:06:07] at t=2003 12 age groups with HIV TB deaths exceeding all cause mortality (WHO deathrates) ; capping background deaths to ensure background deaths >= 0
DEBUG [2023-12-04 16:06:07] at t=2003.5 10 age groups with HIV TB deaths exceeding all cause mortality (WHO deathrates) ; capping background deaths to ensure background deaths >= 0
DEBUG [2023-12-04 16:06:07] at t=2004 11 age groups with HIV TB deaths exceeding all cause mortality (WHO deathrates) ; capping background deaths to ensure background deaths >= 0
DEBUG [2023-12-04 16:06:07] at t=2004.5 10 age groups with HIV TB deaths exceeding all cause mortality (WHO deathrates) ; capping background deaths to ensure background deaths >= 0
DEBUG [2023-12-04 16:06:07] at t=2005 12 age groups with HIV TB deaths exceeding all cause mortality (WHO deathrates) ; capping background deaths to ensure background deaths >= 0
DEBUG [2023-12-04 16:06:07] at t=2005.5 10 age groups with HIV TB deaths exceeding all cause mortality (WHO deathrates) ; capping background deaths to ensure background deaths >= 0
DEBUG [2023-12-04 16:06:07] at t=2006 12 age groups with HIV TB deaths exceeding all cause mortality (WHO deathrates) ; capping background deaths to ensure background deaths >= 0
DEBUG [2023-12-04 16:06:07] at t=2006.5 11 age groups with HIV TB deaths exceeding all cause mortality (WHO deathrates) ; capping background deaths to ensure background deaths >= 0
DEBUG [2023-12-04 16:06:07] at t=2007 11 age groups with HIV TB deaths exceeding all cause mortality (WHO deathrates) ; capping background deaths to ensure background deaths >= 0
DEBUG [2023-12-04 16:06:07] at t=2007.5 12 age groups with HIV TB deaths exceeding all cause mortality (WHO deathrates) ; capping background deaths to ensure background deaths >= 0
DEBUG [2023-12-04 16:06:07] at t=2008 12 age groups with HIV TB deaths exceeding all cause mortality (WHO deathrates) ; capping background deaths to ensure background deaths >= 0
DEBUG [2023-12-04 16:06:07] at t=2008.5 12 age groups with HIV TB deaths exceeding all cause mortality (WHO deathrates) ; capping background deaths to ensure background deaths >= 0
DEBUG [2023-12-04 16:06:07] at t=2009 11 age groups with HIV TB deaths exceeding all cause mortality (WHO deathrates) ; capping background deaths to ensure background deaths >= 0
DEBUG [2023-12-04 16:06:07] at t=2009.5 14 age groups with HIV TB deaths exceeding all cause mortality (WHO deathrates) ; capping background deaths to ensure background deaths >= 0
DEBUG [2023-12-04 16:06:07] at t=2010 15 age groups with HIV TB deaths exceeding all cause mortality (WHO deathrates) ; capping background deaths to ensure background deaths >= 0
DEBUG [2023-12-04 16:06:07] at t=2010.5 20 age groups with HIV TB deaths exceeding all cause mortality (WHO deathrates) ; capping background deaths to ensure background deaths >= 0
DEBUG [2023-12-04 16:06:07] at t=2011 19 age groups with HIV TB deaths exceeding all cause mortality (WHO deathrates) ; capping background deaths to ensure background deaths >= 0
DEBUG [2023-12-04 16:06:07] at t=2011.5 20 age groups with HIV TB deaths exceeding all cause mortality (WHO deathrates) ; capping background deaths to ensure background deaths >= 0
DEBUG [2023-12-04 16:06:07] at t=2012 20 age groups with HIV TB deaths exceeding all cause mortality (WHO deathrates) ; capping background deaths to ensure background deaths >= 0
DEBUG [2023-12-04 16:06:07] at t=2012.5 20 age groups with HIV TB deaths exceeding all cause mortality (WHO deathrates) ; capping background deaths to ensure background deaths >= 0
DEBUG [2023-12-04 16:06:07] at t=2013 20 age groups with HIV TB deaths exceeding all cause mortality (WHO deathrates) ; capping background deaths to ensure background deaths >= 0
DEBUG [2023-12-04 16:06:07] at t=2013.5 21 age groups with HIV TB deaths exceeding all cause mortality (WHO deathrates) ; capping background deaths to ensure background deaths >= 0
DEBUG [2023-12-04 16:06:07] at t=2014 20 age groups with HIV TB deaths exceeding all cause mortality (WHO deathrates) ; capping background deaths to ensure background deaths >= 0
DEBUG [2023-12-04 16:06:07] at t=2014.5 19 age groups with HIV TB deaths exceeding all cause mortality (WHO deathrates) ; capping background deaths to ensure background deaths >= 0
DEBUG [2023-12-04 16:06:07] at t=2015 19 age groups with HIV TB deaths exceeding all cause mortality (WHO deathrates) ; capping background deaths to ensure background deaths >= 0
DEBUG [2023-12-04 16:06:07] at t=2015.5 17 age groups with HIV TB deaths exceeding all cause mortality (WHO deathrates) ; capping background deaths to ensure background deaths >= 0
DEBUG [2023-12-04 16:06:07] at t=2016 17 age groups with HIV TB deaths exceeding all cause mortality (WHO deathrates) ; capping background deaths to ensure background deaths >= 0
DEBUG [2023-12-04 16:06:07] at t=2016.5 14 age groups with HIV TB deaths exceeding all cause mortality (WHO deathrates) ; capping background deaths to ensure background deaths >= 0
DEBUG [2023-12-04 16:06:07] at t=2017 15 age groups with HIV TB deaths exceeding all cause mortality (WHO deathrates) ; capping background deaths to ensure background deaths >= 0
DEBUG [2023-12-04 16:06:07] at t=2017.5 12 age groups with HIV TB deaths exceeding all cause mortality (WHO deathrates) ; capping background deaths to ensure background deaths >= 0
DEBUG [2023-12-04 16:06:07] at t=2018 12 age groups with HIV TB deaths exceeding all cause mortality (WHO deathrates) ; capping background deaths to ensure background deaths >= 0
DEBUG [2023-12-04 16:06:07] at t=2018.5 10 age groups with HIV TB deaths exceeding all cause mortality (WHO deathrates) ; capping background deaths to ensure background deaths >= 0
DEBUG [2023-12-04 16:06:07] at t=2019 9 age groups with HIV TB deaths exceeding all cause mortality (WHO deathrates) ; capping background deaths to ensure background deaths >= 0
DEBUG [2023-12-04 16:06:07] at t=2019.5 9 age groups with HIV TB deaths exceeding all cause mortality (WHO deathrates) ; capping background deaths to ensure background deaths >= 0
DEBUG [2023-12-04 16:06:07] at t=2020 8 age groups with HIV TB deaths exceeding all cause mortality (WHO deathrates) ; capping background deaths to ensure background deaths >= 0
DEBUG [2023-12-04 16:06:07] at t=2020.5 7 age groups with HIV TB deaths exceeding all cause mortality (WHO deathrates) ; capping background deaths to ensure background deaths >= 0
DEBUG [2023-12-04 16:06:07] at t=2021 8 age groups with HIV TB deaths exceeding all cause mortality (WHO deathrates) ; capping background deaths to ensure background deaths >= 0
DEBUG [2023-12-04 16:06:07] at t=2021.5 6 age groups with HIV TB deaths exceeding all cause mortality (WHO deathrates) ; capping background deaths to ensure background deaths >= 0
DEBUG [2023-12-04 16:06:07] at t=2022 6 age groups with HIV TB deaths exceeding all cause mortality (WHO deathrates) ; capping background deaths to ensure background deaths >= 0
DEBUG [2023-12-04 16:06:07] at t=2022.5 5 age groups with HIV TB deaths exceeding all cause mortality (WHO deathrates) ; capping background deaths to ensure background deaths >= 0
DEBUG [2023-12-04 16:06:07] at t=2023 5 age groups with HIV TB deaths exceeding all cause mortality (WHO deathrates) ; capping background deaths to ensure background deaths >= 0
DEBUG [2023-12-04 16:06:07] at t=2023.5 4 age groups with HIV TB deaths exceeding all cause mortality (WHO deathrates) ; capping background deaths to ensure background deaths >= 0
DEBUG [2023-12-04 16:06:07] at t=2024 4 age groups with HIV TB deaths exceeding all cause mortality (WHO deathrates) ; capping background deaths to ensure background deaths >= 0
DEBUG [2023-12-04 16:06:07] at t=2024.5 2 age groups with HIV TB deaths exceeding all cause mortality (WHO deathrates) ; capping background deaths to ensure background deaths >= 0
DEBUG [2023-12-04 16:06:07] at t=2025 2 age groups with HIV TB deaths exceeding all cause mortality (WHO deathrates) ; capping background deaths to ensure background deaths >= 0
DEBUG [2023-12-04 16:06:07] at t=2025.5 2 age groups with HIV TB deaths exceeding all cause mortality (WHO deathrates) ; capping background deaths to ensure background deaths >= 0
DEBUG [2023-12-04 16:06:07] at t=2026 2 age groups with HIV TB deaths exceeding all cause mortality (WHO deathrates) ; capping background deaths to ensure background deaths >= 0
DEBUG [2023-12-04 16:06:07] at t=2026.5 1 age groups with HIV TB deaths exceeding all cause mortality (WHO deathrates) ; capping background deaths to ensure background deaths >= 0
DEBUG [2023-12-04 16:06:07] at t=2027 1 age groups with HIV TB deaths exceeding all cause mortality (WHO deathrates) ; capping background deaths to ensure background deaths >= 0
DEBUG [2023-12-04 16:06:07] at t=2027.5 1 age groups with HIV TB deaths exceeding all cause mortality (WHO deathrates) ; capping background deaths to ensure background deaths >= 0
DEBUG [2023-12-04 16:06:07] at t=2028 1 age groups with HIV TB deaths exceeding all cause mortality (WHO deathrates) ; capping background deaths to ensure background deaths >= 0
DEBUG [2023-12-04 16:06:07] successful call of demography.from.model.run()
DEBUG [2023-12-04 16:06:22] successful result of read.model()
DEBUG [2023-12-04 16:06:35] successful result of init.var.parameters.and.matrices()
WARN  [2023-12-04 16:14:19]  ntimesteps = 8193 in 00:07:42 elapsed (00:07:41 cpu) which may be excessive ; please reconsider parameter values
DEBUG [2023-12-04 16:14:22] successful result of run.deSolve()
WARN  [2023-12-04 16:14:24]  at t = 1981.5 6 state variables < 0 and >  -1e-04  reset to 0 after simulation run and before processing output
ERROR [2023-12-04 16:14:24]  at t = 2009.5 state variables < min.value.for.state.var : state = never-low-risk1-ARTn2-Ds ; age group = 15; value = -0.000157715
ERROR [2023-12-04 16:14:24]  at t = 2009.5 state variables < min.value.for.state.var : state = never-high-risk1-ARTn2-Ds ; age group = 15; value = -0.000216049
DEBUG [2023-12-04 16:14:31] successful generation of stocks output from generate.prevalence.output()
DEBUG [2023-12-04 16:14:31] successful call of demography.from.model.run()
DEBUG [2023-12-04 16:16:27] successful result of read.model()
DEBUG [2023-12-04 16:16:35] successful result of init.var.parameters.and.matrices()
WARN  [2023-12-04 16:21:39]  ntimesteps = 8373 in 00:05:04 elapsed (00:05:02 cpu) which may be excessive ; please reconsider parameter values
DEBUG [2023-12-04 16:21:41] successful result of run.deSolve()
WARN  [2023-12-04 16:21:41]  at t = 1982 12 state variables < 0 and >  -1e-04  reset to 0 after simulation run and before processing output
DEBUG [2023-12-04 16:21:47] successful generation of stocks output from generate.prevalence.output()
DEBUG [2023-12-04 16:21:47] successful call of demography.from.model.run()
DEBUG [2023-12-04 16:22:52] successful result of read.model()
DEBUG [2023-12-04 16:23:03] successful result of init.var.parameters.and.matrices()
WARN  [2023-12-04 16:27:11]  ntimesteps = 7724 in 00:04:08 elapsed (00:04:07 cpu) which may be excessive ; please reconsider parameter values
DEBUG [2023-12-04 16:27:14] successful result of run.deSolve()
WARN  [2023-12-04 16:27:16]  at t = 1981 2 state variables < 0 and >  -1e-04  reset to 0 after simulation run and before processing output
WARN  [2023-12-04 16:27:16]  at t = 1981.5 65 state variables < 0 and >  -1e-04  reset to 0 after simulation run and before processing output
ERROR [2023-12-04 16:27:16]  at t = 1981.5 state variables < min.value.for.state.var : state = never-low-risk1-HIVu2-Ds ; age group = 16; value = -0.000119716
ERROR [2023-12-04 16:27:16]  at t = 1981.5 state variables < min.value.for.state.var : state = never-low-risk1-HIVu2-Ds ; age group = 17; value = -0.000102151
DEBUG [2023-12-04 16:27:23] successful generation of stocks output from generate.prevalence.output()
DEBUG [2023-12-04 16:27:23] at t=1988 2 age groups with HIV TB deaths exceeding all cause mortality (WHO deathrates) ; capping background deaths to ensure background deaths >= 0
DEBUG [2023-12-04 16:27:23] at t=1988.5 2 age groups with HIV TB deaths exceeding all cause mortality (WHO deathrates) ; capping background deaths to ensure background deaths >= 0
DEBUG [2023-12-04 16:27:23] at t=1989 2 age groups with HIV TB deaths exceeding all cause mortality (WHO deathrates) ; capping background deaths to ensure background deaths >= 0
DEBUG [2023-12-04 16:27:23] at t=1989.5 7 age groups with HIV TB deaths exceeding all cause mortality (WHO deathrates) ; capping background deaths to ensure background deaths >= 0
DEBUG [2023-12-04 16:27:23] at t=1990 8 age groups with HIV TB deaths exceeding all cause mortality (WHO deathrates) ; capping background deaths to ensure background deaths >= 0
DEBUG [2023-12-04 16:27:23] at t=1990.5 7 age groups with HIV TB deaths exceeding all cause mortality (WHO deathrates) ; capping background deaths to ensure background deaths >= 0
DEBUG [2023-12-04 16:27:23] at t=1991 9 age groups with HIV TB deaths exceeding all cause mortality (WHO deathrates) ; capping background deaths to ensure background deaths >= 0
DEBUG [2023-12-04 16:27:23] at t=1991.5 11 age groups with HIV TB deaths exceeding all cause mortality (WHO deathrates) ; capping background deaths to ensure background deaths >= 0
DEBUG [2023-12-04 16:27:23] at t=1992 13 age groups with HIV TB deaths exceeding all cause mortality (WHO deathrates) ; capping background deaths to ensure background deaths >= 0
DEBUG [2023-12-04 16:27:23] at t=1992.5 12 age groups with HIV TB deaths exceeding all cause mortality (WHO deathrates) ; capping background deaths to ensure background deaths >= 0
DEBUG [2023-12-04 16:27:23] at t=1993 13 age groups with HIV TB deaths exceeding all cause mortality (WHO deathrates) ; capping background deaths to ensure background deaths >= 0
DEBUG [2023-12-04 16:27:23] at t=1993.5 14 age groups with HIV TB deaths exceeding all cause mortality (WHO deathrates) ; capping background deaths to ensure background deaths >= 0
DEBUG [2023-12-04 16:27:23] at t=1994 15 age groups with HIV TB deaths exceeding all cause mortality (WHO deathrates) ; capping background deaths to ensure background deaths >= 0
DEBUG [2023-12-04 16:27:23] at t=1994.5 15 age groups with HIV TB deaths exceeding all cause mortality (WHO deathrates) ; capping background deaths to ensure background deaths >= 0
DEBUG [2023-12-04 16:27:23] at t=1995 15 age groups with HIV TB deaths exceeding all cause mortality (WHO deathrates) ; capping background deaths to ensure background deaths >= 0
DEBUG [2023-12-04 16:27:23] at t=1995.5 15 age groups with HIV TB deaths exceeding all cause mortality (WHO deathrates) ; capping background deaths to ensure background deaths >= 0
DEBUG [2023-12-04 16:27:23] at t=1996 16 age groups with HIV TB deaths exceeding all cause mortality (WHO deathrates) ; capping background deaths to ensure background deaths >= 0
DEBUG [2023-12-04 16:27:23] at t=1996.5 15 age groups with HIV TB deaths exceeding all cause mortality (WHO deathrates) ; capping background deaths to ensure background deaths >= 0
DEBUG [2023-12-04 16:27:23] at t=1997 16 age groups with HIV TB deaths exceeding all cause mortality (WHO deathrates) ; capping background deaths to ensure background deaths >= 0
DEBUG [2023-12-04 16:27:23] at t=1997.5 16 age groups with HIV TB deaths exceeding all cause mortality (WHO deathrates) ; capping background deaths to ensure background deaths >= 0
DEBUG [2023-12-04 16:27:23] at t=1998 16 age groups with HIV TB deaths exceeding all cause mortality (WHO deathrates) ; capping background deaths to ensure background deaths >= 0
DEBUG [2023-12-04 16:27:23] at t=1998.5 15 age groups with HIV TB deaths exceeding all cause mortality (WHO deathrates) ; capping background deaths to ensure background deaths >= 0
DEBUG [2023-12-04 16:27:23] at t=1999 17 age groups with HIV TB deaths exceeding all cause mortality (WHO deathrates) ; capping background deaths to ensure background deaths >= 0
DEBUG [2023-12-04 16:27:23] at t=1999.5 13 age groups with HIV TB deaths exceeding all cause mortality (WHO deathrates) ; capping background deaths to ensure background deaths >= 0
DEBUG [2023-12-04 16:27:23] at t=2000 15 age groups with HIV TB deaths exceeding all cause mortality (WHO deathrates) ; capping background deaths to ensure background deaths >= 0
DEBUG [2023-12-04 16:27:23] at t=2000.5 12 age groups with HIV TB deaths exceeding all cause mortality (WHO deathrates) ; capping background deaths to ensure background deaths >= 0
DEBUG [2023-12-04 16:27:23] at t=2001 13 age groups with HIV TB deaths exceeding all cause mortality (WHO deathrates) ; capping background deaths to ensure background deaths >= 0
DEBUG [2023-12-04 16:27:23] at t=2001.5 12 age groups with HIV TB deaths exceeding all cause mortality (WHO deathrates) ; capping background deaths to ensure background deaths >= 0
DEBUG [2023-12-04 16:27:23] at t=2002 13 age groups with HIV TB deaths exceeding all cause mortality (WHO deathrates) ; capping background deaths to ensure background deaths >= 0
DEBUG [2023-12-04 16:27:23] at t=2002.5 11 age groups with HIV TB deaths exceeding all cause mortality (WHO deathrates) ; capping background deaths to ensure background deaths >= 0
DEBUG [2023-12-04 16:27:23] at t=2003 12 age groups with HIV TB deaths exceeding all cause mortality (WHO deathrates) ; capping background deaths to ensure background deaths >= 0
DEBUG [2023-12-04 16:27:23] at t=2003.5 9 age groups with HIV TB deaths exceeding all cause mortality (WHO deathrates) ; capping background deaths to ensure background deaths >= 0
DEBUG [2023-12-04 16:27:23] at t=2004 11 age groups with HIV TB deaths exceeding all cause mortality (WHO deathrates) ; capping background deaths to ensure background deaths >= 0
DEBUG [2023-12-04 16:27:23] at t=2004.5 10 age groups with HIV TB deaths exceeding all cause mortality (WHO deathrates) ; capping background deaths to ensure background deaths >= 0
DEBUG [2023-12-04 16:27:23] at t=2005 11 age groups with HIV TB deaths exceeding all cause mortality (WHO deathrates) ; capping background deaths to ensure background deaths >= 0
DEBUG [2023-12-04 16:27:23] at t=2005.5 10 age groups with HIV TB deaths exceeding all cause mortality (WHO deathrates) ; capping background deaths to ensure background deaths >= 0
DEBUG [2023-12-04 16:27:23] at t=2006 11 age groups with HIV TB deaths exceeding all cause mortality (WHO deathrates) ; capping background deaths to ensure background deaths >= 0
DEBUG [2023-12-04 16:27:23] at t=2006.5 10 age groups with HIV TB deaths exceeding all cause mortality (WHO deathrates) ; capping background deaths to ensure background deaths >= 0
DEBUG [2023-12-04 16:27:23] at t=2007 11 age groups with HIV TB deaths exceeding all cause mortality (WHO deathrates) ; capping background deaths to ensure background deaths >= 0
DEBUG [2023-12-04 16:27:23] at t=2007.5 12 age groups with HIV TB deaths exceeding all cause mortality (WHO deathrates) ; capping background deaths to ensure background deaths >= 0
DEBUG [2023-12-04 16:27:23] at t=2008 12 age groups with HIV TB deaths exceeding all cause mortality (WHO deathrates) ; capping background deaths to ensure background deaths >= 0
DEBUG [2023-12-04 16:27:23] at t=2008.5 12 age groups with HIV TB deaths exceeding all cause mortality (WHO deathrates) ; capping background deaths to ensure background deaths >= 0
DEBUG [2023-12-04 16:27:23] at t=2009 11 age groups with HIV TB deaths exceeding all cause mortality (WHO deathrates) ; capping background deaths to ensure background deaths >= 0
DEBUG [2023-12-04 16:27:23] at t=2009.5 13 age groups with HIV TB deaths exceeding all cause mortality (WHO deathrates) ; capping background deaths to ensure background deaths >= 0
DEBUG [2023-12-04 16:27:23] at t=2010 13 age groups with HIV TB deaths exceeding all cause mortality (WHO deathrates) ; capping background deaths to ensure background deaths >= 0
DEBUG [2023-12-04 16:27:23] at t=2010.5 20 age groups with HIV TB deaths exceeding all cause mortality (WHO deathrates) ; capping background deaths to ensure background deaths >= 0
DEBUG [2023-12-04 16:27:23] at t=2011 19 age groups with HIV TB deaths exceeding all cause mortality (WHO deathrates) ; capping background deaths to ensure background deaths >= 0
DEBUG [2023-12-04 16:27:23] at t=2011.5 20 age groups with HIV TB deaths exceeding all cause mortality (WHO deathrates) ; capping background deaths to ensure background deaths >= 0
DEBUG [2023-12-04 16:27:23] at t=2012 21 age groups with HIV TB deaths exceeding all cause mortality (WHO deathrates) ; capping background deaths to ensure background deaths >= 0
DEBUG [2023-12-04 16:27:23] at t=2012.5 20 age groups with HIV TB deaths exceeding all cause mortality (WHO deathrates) ; capping background deaths to ensure background deaths >= 0
DEBUG [2023-12-04 16:27:23] at t=2013 20 age groups with HIV TB deaths exceeding all cause mortality (WHO deathrates) ; capping background deaths to ensure background deaths >= 0
DEBUG [2023-12-04 16:27:23] at t=2013.5 21 age groups with HIV TB deaths exceeding all cause mortality (WHO deathrates) ; capping background deaths to ensure background deaths >= 0
DEBUG [2023-12-04 16:27:23] at t=2014 20 age groups with HIV TB deaths exceeding all cause mortality (WHO deathrates) ; capping background deaths to ensure background deaths >= 0
DEBUG [2023-12-04 16:27:23] at t=2014.5 19 age groups with HIV TB deaths exceeding all cause mortality (WHO deathrates) ; capping background deaths to ensure background deaths >= 0
DEBUG [2023-12-04 16:27:23] at t=2015 19 age groups with HIV TB deaths exceeding all cause mortality (WHO deathrates) ; capping background deaths to ensure background deaths >= 0
DEBUG [2023-12-04 16:27:23] at t=2015.5 17 age groups with HIV TB deaths exceeding all cause mortality (WHO deathrates) ; capping background deaths to ensure background deaths >= 0
DEBUG [2023-12-04 16:27:23] at t=2016 17 age groups with HIV TB deaths exceeding all cause mortality (WHO deathrates) ; capping background deaths to ensure background deaths >= 0
DEBUG [2023-12-04 16:27:23] at t=2016.5 14 age groups with HIV TB deaths exceeding all cause mortality (WHO deathrates) ; capping background deaths to ensure background deaths >= 0
DEBUG [2023-12-04 16:27:23] at t=2017 15 age groups with HIV TB deaths exceeding all cause mortality (WHO deathrates) ; capping background deaths to ensure background deaths >= 0
DEBUG [2023-12-04 16:27:23] at t=2017.5 12 age groups with HIV TB deaths exceeding all cause mortality (WHO deathrates) ; capping background deaths to ensure background deaths >= 0
DEBUG [2023-12-04 16:27:23] at t=2018 12 age groups with HIV TB deaths exceeding all cause mortality (WHO deathrates) ; capping background deaths to ensure background deaths >= 0
DEBUG [2023-12-04 16:27:23] at t=2018.5 10 age groups with HIV TB deaths exceeding all cause mortality (WHO deathrates) ; capping background deaths to ensure background deaths >= 0
DEBUG [2023-12-04 16:27:23] at t=2019 9 age groups with HIV TB deaths exceeding all cause mortality (WHO deathrates) ; capping background deaths to ensure background deaths >= 0
DEBUG [2023-12-04 16:27:23] at t=2019.5 9 age groups with HIV TB deaths exceeding all cause mortality (WHO deathrates) ; capping background deaths to ensure background deaths >= 0
DEBUG [2023-12-04 16:27:23] at t=2020 8 age groups with HIV TB deaths exceeding all cause mortality (WHO deathrates) ; capping background deaths to ensure background deaths >= 0
DEBUG [2023-12-04 16:27:23] at t=2020.5 7 age groups with HIV TB deaths exceeding all cause mortality (WHO deathrates) ; capping background deaths to ensure background deaths >= 0
DEBUG [2023-12-04 16:27:23] at t=2021 8 age groups with HIV TB deaths exceeding all cause mortality (WHO deathrates) ; capping background deaths to ensure background deaths >= 0
DEBUG [2023-12-04 16:27:23] at t=2021.5 6 age groups with HIV TB deaths exceeding all cause mortality (WHO deathrates) ; capping background deaths to ensure background deaths >= 0
DEBUG [2023-12-04 16:27:23] at t=2022 6 age groups with HIV TB deaths exceeding all cause mortality (WHO deathrates) ; capping background deaths to ensure background deaths >= 0
DEBUG [2023-12-04 16:27:23] at t=2022.5 5 age groups with HIV TB deaths exceeding all cause mortality (WHO deathrates) ; capping background deaths to ensure background deaths >= 0
DEBUG [2023-12-04 16:27:23] at t=2023 5 age groups with HIV TB deaths exceeding all cause mortality (WHO deathrates) ; capping background deaths to ensure background deaths >= 0
DEBUG [2023-12-04 16:27:23] at t=2023.5 4 age groups with HIV TB deaths exceeding all cause mortality (WHO deathrates) ; capping background deaths to ensure background deaths >= 0
DEBUG [2023-12-04 16:27:23] at t=2024 3 age groups with HIV TB deaths exceeding all cause mortality (WHO deathrates) ; capping background deaths to ensure background deaths >= 0
DEBUG [2023-12-04 16:27:23] at t=2024.5 2 age groups with HIV TB deaths exceeding all cause mortality (WHO deathrates) ; capping background deaths to ensure background deaths >= 0
DEBUG [2023-12-04 16:27:23] at t=2025 2 age groups with HIV TB deaths exceeding all cause mortality (WHO deathrates) ; capping background deaths to ensure background deaths >= 0
DEBUG [2023-12-04 16:27:23] at t=2025.5 2 age groups with HIV TB deaths exceeding all cause mortality (WHO deathrates) ; capping background deaths to ensure background deaths >= 0
DEBUG [2023-12-04 16:27:23] at t=2026 2 age groups with HIV TB deaths exceeding all cause mortality (WHO deathrates) ; capping background deaths to ensure background deaths >= 0
DEBUG [2023-12-04 16:27:23] at t=2026.5 1 age groups with HIV TB deaths exceeding all cause mortality (WHO deathrates) ; capping background deaths to ensure background deaths >= 0
DEBUG [2023-12-04 16:27:23] at t=2027 1 age groups with HIV TB deaths exceeding all cause mortality (WHO deathrates) ; capping background deaths to ensure background deaths >= 0
DEBUG [2023-12-04 16:27:23] at t=2027.5 1 age groups with HIV TB deaths exceeding all cause mortality (WHO deathrates) ; capping background deaths to ensure background deaths >= 0
DEBUG [2023-12-04 16:27:23] at t=2028 1 age groups with HIV TB deaths exceeding all cause mortality (WHO deathrates) ; capping background deaths to ensure background deaths >= 0
DEBUG [2023-12-04 16:27:24] successful call of demography.from.model.run()
DEBUG [2023-12-04 16:27:38] successful result of read.model()
DEBUG [2023-12-04 16:27:52] successful result of init.var.parameters.and.matrices()
WARN  [2023-12-04 16:35:28]  ntimesteps = 8218 in 00:07:36 elapsed (00:07:34 cpu) which may be excessive ; please reconsider parameter values
DEBUG [2023-12-04 16:35:30] successful result of run.deSolve()
WARN  [2023-12-04 16:35:31]  at t = 1981 2 state variables < 0 and >  -1e-04  reset to 0 after simulation run and before processing output
WARN  [2023-12-04 16:35:31]  at t = 1981.5 65 state variables < 0 and >  -1e-04  reset to 0 after simulation run and before processing output
ERROR [2023-12-04 16:35:31]  at t = 1981.5 state variables < min.value.for.state.var : state = never-low-risk1-HIVu2-Ds ; age group = 16; value = -0.000119716
ERROR [2023-12-04 16:35:31]  at t = 1981.5 state variables < min.value.for.state.var : state = never-low-risk1-HIVu2-Ds ; age group = 17; value = -0.000102151
DEBUG [2023-12-04 16:35:38] successful generation of stocks output from generate.prevalence.output()
DEBUG [2023-12-04 16:35:38] successful call of demography.from.model.run()
DEBUG [2023-12-04 16:37:30] successful result of read.model()
DEBUG [2023-12-04 16:37:38] successful result of init.var.parameters.and.matrices()
WARN  [2023-12-04 16:42:43]  ntimesteps = 8436 in 00:05:05 elapsed (00:05:04 cpu) which may be excessive ; please reconsider parameter values
DEBUG [2023-12-04 16:42:45] successful result of run.deSolve()
WARN  [2023-12-04 16:42:46]  at t = 1981.5 6 state variables < 0 and >  -1e-04  reset to 0 after simulation run and before processing output
DEBUG [2023-12-04 16:42:52] successful generation of stocks output from generate.prevalence.output()
DEBUG [2023-12-04 16:42:52] successful call of demography.from.model.run()
